【登录信息】
*3e138f82f46bd6eeb41b5912a3fb4edd*
`登陆天数: 1天 / 1308天
等级: 126
石头: 2441
呼符: 48
体力: 167.95666666666668 / 137
友情点: 0 / 1025505`
_2023-08-23 13:10:18_
--------
*01054c2267c91a9ae9c99dd2ac2bdadf*
`登陆天数: 1天 / 1371天
等级: 133
石头: 10
呼符: 35
体力: 5767.57 / 139
友情点: 0 / 127507570`
*連続ログイン1日目
※ログインが途切れるか、7日到達すると
1日目から再開されます*
`フレンドポイント X 2000
8月交換券(2023) X 1
`*サーヴァント・サマー・フェスティバル2023！開幕記念 ログインボーナス*
*開催期間中、1日1回 最大21回ログインボーナスをプレゼント！*
`黄金の果実 X 1
`_2023-08-23 13:10:27_
--------
*3d6949021dc3c9c6374093e2ca92d22d*
`登陆天数: 95天 / 1316天
等级: 127
石头: 2797
呼符: 1
体力: 166.17666666666668 / 137
友情点: 0 / 1039445`
_2023-08-23 13:10:36_
--------
