【登录信息】
*3e138f82f46bd6eeb41b5912a3fb4edd*
`登陆天数: 6天 / 1313天
等级: 126
石头: 2441
呼符: 48
体力: 1396.8133333333333 / 137
友情点: 0 / 1025505`
*連続ログイン6日目
※ログインが途切れるか、7日到達すると
1日目から再開されます*
`聖晶石 X 2
8月交換券(2023) X 1
`*サーヴァント・サマー・フェスティバル2023！開幕記念 ログインボーナス*
*開催期間中、1日1回 最大21回ログインボーナスをプレゼント！*
`黄金の果実 X 1
`_2023-08-27 19:34:35_
--------
*01054c2267c91a9ae9c99dd2ac2bdadf*
`登陆天数: 6天 / 1376天
等级: 133
石头: 10
呼符: 35
体力: 6996.426666666666 / 139
友情点: 0 / 127507570`
*連続ログイン6日目
※ログインが途切れるか、7日到達すると
1日目から再開されます*
`聖晶石 X 2
8月交換券(2023) X 1
`*サーヴァント・サマー・フェスティバル2023！開幕記念 ログインボーナス*
*開催期間中、1日1回 最大21回ログインボーナスをプレゼント！*
`白銀の果実 X 1
`_2023-08-27 19:34:44_
--------
*3d6949021dc3c9c6374093e2ca92d22d*
`登陆天数: 100天 / 1321天
等级: 127
石头: 2797
呼符: 1
体力: 1395.03 / 137
友情点: 0 / 1039445`
*連続ログイン2日目
※ログインが途切れるか、7日到達すると
1日目から再開されます*
`聖晶石 X 1
8月交換券(2023) X 1
`*サーヴァント・サマー・フェスティバル2023！開幕記念 ログインボーナス*
*開催期間中、1日1回 最大21回ログインボーナスをプレゼント！*
`白銀の果実 X 1
`_2023-08-27 19:34:52_
--------
