【登录信息】
*3e138f82f46bd6eeb41b5912a3fb4edd*
`登陆天数: 40天 / 1429天
等级: 126
石头: 1846
呼符: 7
体力: 651.3566666666667 / 137
友情点: 0 / 1038215`
*連続ログイン5日目
※ログインが途切れるか、7日到達すると
1日目から再開されます*
`叡智の業火 X 2
1月交換券(2024) X 1
`*2024年お正月キャンペーン　三が日限定ログインボーナス*
*開催期間中、三が日限定のログインボーナスをプレゼント！*
`叡智の業火 X 30
QP X 10000000
`_2023-12-31 19:32:42_
--------
*01054c2267c91a9ae9c99dd2ac2bdadf*
`登陆天数: 40天 / 1492天
等级: 133
石头: 319
呼符: 52
体力: 654.0333333333333 / 139
友情点: 0 / 127543570`
*連続ログイン5日目
※ログインが途切れるか、7日到達すると
1日目から再開されます*
`叡智の業火 X 2
1月交換券(2024) X 1
`*2024年お正月キャンペーン　三が日限定ログインボーナス*
*開催期間中、三が日限定のログインボーナスをプレゼント！*
`叡智の業火 X 30
QP X 10000000
`_2023-12-31 19:32:50_
--------
*3d6949021dc3c9c6374093e2ca92d22d*
`登陆天数: 40天 / 1437天
等级: 128
石头: 613
呼符: 26
体力: 207.50333333333333 / 137
友情点: 0 / 991665`
*連続ログイン5日目
※ログインが途切れるか、7日到達すると
1日目から再開されます*
`叡智の業火 X 2
1月交換券(2024) X 1
`*2024年お正月キャンペーン　三が日限定ログインボーナス*
*開催期間中、三が日限定のログインボーナスをプレゼント！*
`叡智の業火 X 30
QP X 10000000
`_2023-12-31 19:32:58_
--------
*f86567cb94d07022b955f38c237ef97b*
`登陆天数: 40天 / 1104天
等级: 127
石头: 11
呼符: 1
体力: 649.7766666666666 / 137
友情点: 0 / 754510`
*連続ログイン5日目
※ログインが途切れるか、7日到達すると
1日目から再開されます*
`叡智の業火 X 2
1月交換券(2024) X 1
`*2024年お正月キャンペーン　三が日限定ログインボーナス*
*開催期間中、三が日限定のログインボーナスをプレゼント！*
`叡智の業火 X 30
QP X 10000000
`_2023-12-31 19:33:06_
--------
*4782f4f90c2933454c63e17e1a16feab*
`登陆天数: 40天 / 1384天
等级: 125
石头: 353
呼符: 30
体力: 647.8466666666667 / 137
友情点: 0 / 1061740`
*連続ログイン5日目
※ログインが途切れるか、7日到達すると
1日目から再開されます*
`叡智の業火 X 2
1月交換券(2024) X 1
`*2024年お正月キャンペーン　三が日限定ログインボーナス*
*開催期間中、三が日限定のログインボーナスをプレゼント！*
`叡智の業火 X 30
QP X 10000000
`_2023-12-31 19:33:15_
--------
