【登录信息】
*3e138f82f46bd6eeb41b5912a3fb4edd*
`登陆天数: 41天 / 1430天
等级: 126
石头: 1846
呼符: 7
体力: 939.37 / 137
友情点: 0 / 1038215`
*連続ログイン6日目
※ログインが途切れるか、7日到達すると
1日目から再開されます*
`聖晶石 X 2
1月交換券(2024) X 1
`*2024年お正月キャンペーン　三が日限定ログインボーナス*
*開催期間中、三が日限定のログインボーナスをプレゼント！*
`伝承結晶 X 1
`_2024-01-01 19:32:47_
--------
*01054c2267c91a9ae9c99dd2ac2bdadf*
`登陆天数: 41天 / 1493天
等级: 133
石头: 319
呼符: 52
体力: 942.0466666666666 / 139
友情点: 0 / 127543570`
*連続ログイン6日目
※ログインが途切れるか、7日到達すると
1日目から再開されます*
`聖晶石 X 2
1月交換券(2024) X 1
`*2024年お正月キャンペーン　三が日限定ログインボーナス*
*開催期間中、三が日限定のログインボーナスをプレゼント！*
`伝承結晶 X 1
`_2024-01-01 19:32:54_
--------
*3d6949021dc3c9c6374093e2ca92d22d*
`登陆天数: 41天 / 1438天
等级: 128
石头: 613
呼符: 26
体力: 495.51666666666665 / 137
友情点: 0 / 991665`
*連続ログイン6日目
※ログインが途切れるか、7日到達すると
1日目から再開されます*
`聖晶石 X 2
1月交換券(2024) X 1
`*2024年お正月キャンペーン　三が日限定ログインボーナス*
*開催期間中、三が日限定のログインボーナスをプレゼント！*
`伝承結晶 X 1
`_2024-01-01 19:33:02_
--------
*f86567cb94d07022b955f38c237ef97b*
`登陆天数: 41天 / 1105天
等级: 127
石头: 11
呼符: 1
体力: 937.79 / 137
友情点: 0 / 754510`
*連続ログイン6日目
※ログインが途切れるか、7日到達すると
1日目から再開されます*
`聖晶石 X 2
1月交換券(2024) X 1
`*2024年お正月キャンペーン　三が日限定ログインボーナス*
*開催期間中、三が日限定のログインボーナスをプレゼント！*
`伝承結晶 X 1
`_2024-01-01 19:33:10_
--------
*4782f4f90c2933454c63e17e1a16feab*
`登陆天数: 41天 / 1385天
等级: 125
石头: 353
呼符: 30
体力: 935.86 / 137
友情点: 0 / 1061740`
*連続ログイン6日目
※ログインが途切れるか、7日到達すると
1日目から再開されます*
`聖晶石 X 2
1月交換券(2024) X 1
`*2024年お正月キャンペーン　三が日限定ログインボーナス*
*開催期間中、三が日限定のログインボーナスをプレゼント！*
`伝承結晶 X 1
`_2024-01-01 19:33:19_
--------
