【登录信息】
*3e138f82f46bd6eeb41b5912a3fb4edd*
`登陆天数: 42天 / 1431天
等级: 126
石头: 1846
呼符: 7
体力: 1227.3866666666668 / 137
友情点: 0 / 1038215`
*連続ログイン7日間到達おめでとうございます！
明日は1日目からリスタートされます。*
`獣の足跡 X 1
呼符 X 1
1月交換券(2024) X 1
`*2024年お正月キャンペーン　三が日限定ログインボーナス*
*開催期間中、三が日限定のログインボーナスをプレゼント！*
`聖杯 X 1
`_2024-01-02 19:32:51_
--------
*01054c2267c91a9ae9c99dd2ac2bdadf*
`登陆天数: 42天 / 1494天
等级: 133
石头: 319
呼符: 52
体力: 1230.0633333333333 / 139
友情点: 0 / 127543570`
*連続ログイン7日間到達おめでとうございます！
明日は1日目からリスタートされます。*
`獣の足跡 X 1
呼符 X 1
1月交換券(2024) X 1
`*2024年お正月キャンペーン　三が日限定ログインボーナス*
*開催期間中、三が日限定のログインボーナスをプレゼント！*
`聖杯 X 1
`_2024-01-02 19:32:59_
--------
*3d6949021dc3c9c6374093e2ca92d22d*
`登陆天数: 42天 / 1439天
等级: 128
石头: 613
呼符: 26
体力: 783.5333333333333 / 137
友情点: 0 / 991665`
*連続ログイン7日間到達おめでとうございます！
明日は1日目からリスタートされます。*
`獣の足跡 X 1
呼符 X 1
1月交換券(2024) X 1
`*2024年お正月キャンペーン　三が日限定ログインボーナス*
*開催期間中、三が日限定のログインボーナスをプレゼント！*
`聖杯 X 1
`_2024-01-02 19:33:08_
--------
*f86567cb94d07022b955f38c237ef97b*
`登陆天数: 42天 / 1106天
等级: 127
石头: 11
呼符: 1
体力: 1225.8066666666666 / 137
友情点: 0 / 754510`
*連続ログイン7日間到達おめでとうございます！
明日は1日目からリスタートされます。*
`獣の足跡 X 1
呼符 X 1
1月交換券(2024) X 1
`*2024年お正月キャンペーン　三が日限定ログインボーナス*
*開催期間中、三が日限定のログインボーナスをプレゼント！*
`聖杯 X 1
`_2024-01-02 19:33:16_
--------
*4782f4f90c2933454c63e17e1a16feab*
`登陆天数: 42天 / 1386天
等级: 125
石头: 353
呼符: 30
体力: 1223.8766666666668 / 137
友情点: 0 / 1061740`
*連続ログイン7日間到達おめでとうございます！
明日は1日目からリスタートされます。*
`獣の足跡 X 1
呼符 X 1
1月交換券(2024) X 1
`*2024年お正月キャンペーン　三が日限定ログインボーナス*
*開催期間中、三が日限定のログインボーナスをプレゼント！*
`聖杯 X 1
`_2024-01-02 19:33:23_
--------
