【登录信息】
*3e138f82f46bd6eeb41b5912a3fb4edd*
`登陆天数: 43天 / 1432天
等级: 126
石头: 1846
呼符: 7
体力: 1515.3366666666666 / 137
友情点: 0 / 1038215`
*連続ログイン1日目
※ログインが途切れるか、7日到達すると
1日目から再開されます*
`フレンドポイント X 2000
1月交換券(2024) X 1
`*2024年お正月キャンペーン 10万リポスト達成プレゼント*
*開催期間中、初回ログインでお正月限定概念礼装&2024万QPをプレゼント！*
`ドラゴン・ダンス X 1
QP X 20240000
`_2024-01-03 19:32:37_
--------
*01054c2267c91a9ae9c99dd2ac2bdadf*
`登陆天数: 43天 / 1495天
等级: 133
石头: 319
呼符: 52
体力: 1518.0133333333333 / 139
友情点: 0 / 127543570`
*連続ログイン1日目
※ログインが途切れるか、7日到達すると
1日目から再開されます*
`フレンドポイント X 2000
1月交換券(2024) X 1
`*2024年お正月キャンペーン 10万リポスト達成プレゼント*
*開催期間中、初回ログインでお正月限定概念礼装&2024万QPをプレゼント！*
`ドラゴン・ダンス X 1
QP X 20240000
`_2024-01-03 19:32:45_
--------
*3d6949021dc3c9c6374093e2ca92d22d*
`登陆天数: 43天 / 1440天
等级: 128
石头: 613
呼符: 26
体力: 1071.4833333333333 / 137
友情点: 0 / 991665`
*連続ログイン1日目
※ログインが途切れるか、7日到達すると
1日目から再開されます*
`フレンドポイント X 2000
1月交換券(2024) X 1
`*2024年お正月キャンペーン 10万リポスト達成プレゼント*
*開催期間中、初回ログインでお正月限定概念礼装&2024万QPをプレゼント！*
`ドラゴン・ダンス X 1
QP X 20240000
`_2024-01-03 19:32:53_
--------
*f86567cb94d07022b955f38c237ef97b*
`登陆天数: 43天 / 1107天
等级: 127
石头: 11
呼符: 1
体力: 1513.7566666666667 / 137
友情点: 0 / 754510`
*連続ログイン1日目
※ログインが途切れるか、7日到達すると
1日目から再開されます*
`フレンドポイント X 2000
1月交換券(2024) X 1
`*2024年お正月キャンペーン 10万リポスト達成プレゼント*
*開催期間中、初回ログインでお正月限定概念礼装&2024万QPをプレゼント！*
`ドラゴン・ダンス X 1
QP X 20240000
`_2024-01-03 19:33:01_
--------
*4782f4f90c2933454c63e17e1a16feab*
`登陆天数: 43天 / 1387天
等级: 125
石头: 353
呼符: 30
体力: 1511.8266666666666 / 137
友情点: 0 / 1061740`
*連続ログイン1日目
※ログインが途切れるか、7日到達すると
1日目から再開されます*
`フレンドポイント X 2000
1月交換券(2024) X 1
`*2024年お正月キャンペーン 10万リポスト達成プレゼント*
*開催期間中、初回ログインでお正月限定概念礼装&2024万QPをプレゼント！*
`ドラゴン・ダンス X 1
QP X 20240000
`_2024-01-03 19:33:09_
--------
