【登录信息】
*3e138f82f46bd6eeb41b5912a3fb4edd*
`登陆天数: 44天 / 1433天
等级: 126
石头: 1899
呼符: 10
体力: 58.04333333333334 / 137
友情点: 0 / 1040480`
*連続ログイン2日目
※ログインが途切れるか、7日到達すると
1日目から再開されます*
`聖晶石 X 1
1月交換券(2024) X 1
`_2024-01-04 19:32:45_
--------
*01054c2267c91a9ae9c99dd2ac2bdadf*
`登陆天数: 44天 / 1496天
等级: 133
石头: 319
呼符: 52
体力: 1806.04 / 139
友情点: 0 / 127543570`
*連続ログイン2日目
※ログインが途切れるか、7日到達すると
1日目から再開されます*
`聖晶石 X 1
1月交換券(2024) X 1
`_2024-01-04 19:32:53_
--------
*3d6949021dc3c9c6374093e2ca92d22d*
`登陆天数: 44天 / 1441天
等级: 128
石头: 665
呼符: 29
体力: 49.870000000000005 / 137
友情点: 0 / 993905`
*連続ログイン2日目
※ログインが途切れるか、7日到達すると
1日目から再開されます*
`聖晶石 X 1
1月交換券(2024) X 1
`_2024-01-04 19:33:01_
--------
*f86567cb94d07022b955f38c237ef97b*
`登陆天数: 44天 / 1108天
等级: 127
石头: 63
呼符: 4
体力: 53.93333333333334 / 137
友情点: 0 / 756810`
*連続ログイン2日目
※ログインが途切れるか、7日到達すると
1日目から再開されます*
`聖晶石 X 1
1月交換券(2024) X 1
`_2024-01-04 19:33:09_
--------
*4782f4f90c2933454c63e17e1a16feab*
`登陆天数: 44天 / 1388天
等级: 125
石头: 353
呼符: 30
体力: 1799.8566666666666 / 137
友情点: 0 / 1061740`
*連続ログイン2日目
※ログインが途切れるか、7日到達すると
1日目から再開されます*
`聖晶石 X 1
1月交換券(2024) X 1
`_2024-01-04 19:33:17_
--------
