【登录信息】
*3e138f82f46bd6eeb41b5912a3fb4edd*
`登陆天数: 45天 / 1434天
等级: 126
石头: 1899
呼符: 10
体力: 61.58666666666667 / 137
友情点: 0 / 1040520`
*連続ログイン3日目
※ログインが途切れるか、7日到達すると
1日目から再開されます*
`叡智の業火 X 1
1月交換券(2024) X 1
`_2024-01-05 19:32:53_
--------
*01054c2267c91a9ae9c99dd2ac2bdadf*
`登陆天数: 45天 / 1497天
等级: 133
石头: 319
呼符: 52
体力: 2094.0666666666666 / 139
友情点: 0 / 127543570`
*連続ログイン3日目
※ログインが途切れるか、7日到達すると
1日目から再開されます*
`叡智の業火 X 1
1月交換券(2024) X 1
`_2024-01-05 19:33:01_
--------
*3d6949021dc3c9c6374093e2ca92d22d*
`登陆天数: 45天 / 1442天
等级: 128
石头: 665
呼符: 29
体力: 60.263333333333335 / 137
友情点: 0 / 993945`
*連続ログイン3日目
※ログインが途切れるか、7日到達すると
1日目から再開されます*
`叡智の業火 X 1
1月交換券(2024) X 1
`_2024-01-05 19:33:09_
--------
*f86567cb94d07022b955f38c237ef97b*
`登陆天数: 45天 / 1109天
等级: 127
石头: 63
呼符: 4
体力: 60.25333333333333 / 137
友情点: 0 / 756910`
*連続ログイン3日目
※ログインが途切れるか、7日到達すると
1日目から再開されます*
`叡智の業火 X 1
1月交換券(2024) X 1
`_2024-01-05 19:33:17_
--------
*4782f4f90c2933454c63e17e1a16feab*
`登陆天数: 45天 / 1389天
等级: 125
石头: 353
呼符: 30
体力: 2087.883333333333 / 137
友情点: 0 / 1061740`
*連続ログイン3日目
※ログインが途切れるか、7日到達すると
1日目から再開されます*
`叡智の業火 X 1
1月交換券(2024) X 1
`_2024-01-05 19:33:25_
--------
