【登录信息】
*3e138f82f46bd6eeb41b5912a3fb4edd*
`登陆天数: 46天 / 1435天
等级: 126
石头: 1903
呼符: 15
体力: 174.28666666666666 / 137
友情点: 0 / 1036560`
*連続ログイン4日目
※ログインが途切れるか、7日到達すると
1日目から再開されます*
`聖晶石 X 1
1月交換券(2024) X 1
`_2024-01-06 19:32:46_
--------
*01054c2267c91a9ae9c99dd2ac2bdadf*
`登陆天数: 46天 / 1498天
等级: 133
石头: 319
呼符: 52
体力: 2382.0433333333335 / 139
友情点: 0 / 127543570`
*連続ログイン4日目
※ログインが途切れるか、7日到達すると
1日目から再開されます*
`聖晶石 X 1
1月交換券(2024) X 1
`_2024-01-06 19:32:53_
--------
*3d6949021dc3c9c6374093e2ca92d22d*
`登陆天数: 46天 / 1443天
等级: 128
石头: 669
呼符: 34
体力: 148.40666666666667 / 137
友情点: 0 / 989985`
*連続ログイン4日目
※ログインが途切れるか、7日到達すると
1日目から再開されます*
`聖晶石 X 1
1月交換券(2024) X 1
`_2024-01-06 19:33:01_
--------
*f86567cb94d07022b955f38c237ef97b*
`登陆天数: 46天 / 1110天
等级: 127
石头: 66
呼符: 9
体力: 171.99333333333334 / 137
友情点: 0 / 753010`
*連続ログイン4日目
※ログインが途切れるか、7日到達すると
1日目から再開されます*
`聖晶石 X 1
1月交換券(2024) X 1
`_2024-01-06 19:33:09_
--------
*4782f4f90c2933454c63e17e1a16feab*
`登陆天数: 46天 / 1390天
等级: 125
石头: 353
呼符: 30
体力: 2375.8566666666666 / 137
友情点: 0 / 1061740`
*連続ログイン4日目
※ログインが途切れるか、7日到達すると
1日目から再開されます*
`聖晶石 X 1
1月交換券(2024) X 1
`_2024-01-06 19:33:17_
--------
