【登录信息】
*3e138f82f46bd6eeb41b5912a3fb4edd*
`登陆天数: 47天 / 1436天
等级: 126
石头: 1903
呼符: 15
体力: 462.29333333333335 / 137
友情点: 0 / 1036560`
*連続ログイン5日目
※ログインが途切れるか、7日到達すると
1日目から再開されます*
`叡智の業火 X 2
1月交換券(2024) X 1
`_2024-01-07 19:32:48_
--------
*01054c2267c91a9ae9c99dd2ac2bdadf*
`登陆天数: 47天 / 1499天
等级: 133
石头: 319
呼符: 52
体力: 2670.0533333333333 / 139
友情点: 0 / 127543570`
*連続ログイン5日目
※ログインが途切れるか、7日到達すると
1日目から再開されます*
`叡智の業火 X 2
1月交換券(2024) X 1
`_2024-01-07 19:32:56_
--------
*3d6949021dc3c9c6374093e2ca92d22d*
`登陆天数: 47天 / 1444天
等级: 128
石头: 669
呼符: 34
体力: 436.4166666666667 / 137
友情点: 0 / 989985`
*連続ログイン5日目
※ログインが途切れるか、7日到達すると
1日目から再開されます*
`叡智の業火 X 2
1月交換券(2024) X 1
`_2024-01-07 19:33:04_
--------
*f86567cb94d07022b955f38c237ef97b*
`登陆天数: 47天 / 1111天
等级: 127
石头: 66
呼符: 9
体力: 460.00333333333333 / 137
友情点: 0 / 753010`
*連続ログイン5日目
※ログインが途切れるか、7日到達すると
1日目から再開されます*
`叡智の業火 X 2
1月交換券(2024) X 1
`_2024-01-07 19:33:12_
--------
*4782f4f90c2933454c63e17e1a16feab*
`登陆天数: 47天 / 1391天
等级: 125
石头: 353
呼符: 30
体力: 2663.866666666667 / 137
友情点: 0 / 1061740`
*連続ログイン5日目
※ログインが途切れるか、7日到達すると
1日目から再開されます*
`叡智の業火 X 2
1月交換券(2024) X 1
`_2024-01-07 19:33:20_
--------
