【登录信息】
*3e138f82f46bd6eeb41b5912a3fb4edd*
`登陆天数: 48天 / 1437天
等级: 127
石头: 1903
呼符: 15
体力: 115.06 / 137
友情点: 0 / 1036710`
_2024-01-09 09:37:18_
--------
*01054c2267c91a9ae9c99dd2ac2bdadf*
`登陆天数: 48天 / 1500天
等级: 133
石头: 319
呼符: 52
体力: 3126.95 / 139
友情点: 0 / 127543570`
_2024-01-09 09:37:26_
--------
*3d6949021dc3c9c6374093e2ca92d22d*
`登陆天数: 48天 / 1445天
等级: 128
石头: 669
呼符: 34
体力: 241.51666666666665 / 137
友情点: 0 / 990015`
_2024-01-09 09:37:34_
--------
*f86567cb94d07022b955f38c237ef97b*
`登陆天数: 48天 / 1112天
等级: 127
石头: 66
呼符: 9
体力: 243.07 / 137
友情点: 0 / 753085`
_2024-01-09 09:37:41_
--------
*4782f4f90c2933454c63e17e1a16feab*
`登陆天数: 48天 / 1392天
等级: 125
石头: 353
呼符: 30
体力: 3120.7633333333333 / 137
友情点: 0 / 1061740`
_2024-01-09 09:37:49_
--------
