【登录信息】
*3e138f82f46bd6eeb41b5912a3fb4edd*
`登陆天数: 49天 / 1438天
等级: 127
石头: 1903
呼符: 15
体力: 154.12 / 137
友情点: 0 / 1036785`
*連続ログイン7日間到達おめでとうございます！
明日は1日目からリスタートされます。*
`獣の足跡 X 1
呼符 X 1
1月交換券(2024) X 1
`_2024-01-09 19:32:36_
--------
*01054c2267c91a9ae9c99dd2ac2bdadf*
`登陆天数: 49天 / 1501天
等级: 133
石头: 319
呼符: 52
体力: 3246.01 / 139
友情点: 0 / 127543570`
*連続ログイン7日間到達おめでとうございます！
明日は1日目からリスタートされます。*
`獣の足跡 X 1
呼符 X 1
1月交換券(2024) X 1
`_2024-01-09 19:32:44_
--------
*3d6949021dc3c9c6374093e2ca92d22d*
`登陆天数: 49天 / 1446天
等级: 128
石头: 682
呼符: 34
体力: 132.46 / 137
友情点: 0 / 990045`
*連続ログイン7日間到達おめでとうございます！
明日は1日目からリスタートされます。*
`獣の足跡 X 1
呼符 X 1
1月交換券(2024) X 1
`_2024-01-09 19:32:52_
--------
*f86567cb94d07022b955f38c237ef97b*
`登陆天数: 49天 / 1113天
等级: 127
石头: 80
呼符: 9
体力: 133.75 / 137
友情点: 0 / 753160`
*連続ログイン7日間到達おめでとうございます！
明日は1日目からリスタートされます。*
`獣の足跡 X 1
呼符 X 1
1月交換券(2024) X 1
`_2024-01-09 19:32:59_
--------
*4782f4f90c2933454c63e17e1a16feab*
`登陆天数: 49天 / 1393天
等级: 125
石头: 353
呼符: 30
体力: 3239.8233333333333 / 137
友情点: 0 / 1061740`
*連続ログイン7日間到達おめでとうございます！
明日は1日目からリスタートされます。*
`獣の足跡 X 1
呼符 X 1
1月交換券(2024) X 1
`_2024-01-09 19:33:07_
--------
