【登录信息】
*3e138f82f46bd6eeb41b5912a3fb4edd*
`登陆天数: 52天 / 1441天
等级: 127
石头: 1903
呼符: 15
体力: 1018.16 / 137
友情点: 0 / 1036785`
*連続ログイン3日目
※ログインが途切れるか、7日到達すると
1日目から再開されます*
`叡智の業火 X 1
1月交換券(2024) X 1
`*「FGO カルデア・サテライトステーション 2023-2024」宮崎会場開催直前 ログインボーナス*
*開催期間中、1日1回 最大3回 ログインボーナスをプレゼント！*
`黄金の果実 X 1
`_2024-01-12 19:32:47_
--------
*01054c2267c91a9ae9c99dd2ac2bdadf*
`登陆天数: 52天 / 1504天
等级: 133
石头: 319
呼符: 52
体力: 4110.05 / 139
友情点: 0 / 127543570`
*連続ログイン3日目
※ログインが途切れるか、7日到達すると
1日目から再開されます*
`叡智の業火 X 1
1月交換券(2024) X 1
`*「FGO カルデア・サテライトステーション 2023-2024」宮崎会場開催直前 ログインボーナス*
*開催期間中、1日1回 最大3回 ログインボーナスをプレゼント！*
`黄金の果実 X 1
`_2024-01-12 19:32:55_
--------
*3d6949021dc3c9c6374093e2ca92d22d*
`登陆天数: 52天 / 1449天
等级: 128
石头: 682
呼符: 34
体力: 996.5033333333333 / 137
友情点: 0 / 990045`
*連続ログイン3日目
※ログインが途切れるか、7日到達すると
1日目から再開されます*
`叡智の業火 X 1
1月交換券(2024) X 1
`*「FGO カルデア・サテライトステーション 2023-2024」宮崎会場開催直前 ログインボーナス*
*開催期間中、1日1回 最大3回 ログインボーナスをプレゼント！*
`黄金の果実 X 1
`_2024-01-12 19:33:04_
--------
*f86567cb94d07022b955f38c237ef97b*
`登陆天数: 52天 / 1116天
等级: 127
石头: 80
呼符: 9
体力: 997.7933333333333 / 137
友情点: 0 / 753160`
*連続ログイン3日目
※ログインが途切れるか、7日到達すると
1日目から再開されます*
`叡智の業火 X 1
1月交換券(2024) X 1
`*「FGO カルデア・サテライトステーション 2023-2024」宮崎会場開催直前 ログインボーナス*
*開催期間中、1日1回 最大3回 ログインボーナスをプレゼント！*
`黄金の果実 X 1
`_2024-01-12 19:33:13_
--------
*4782f4f90c2933454c63e17e1a16feab*
`登陆天数: 52天 / 1396天
等级: 125
石头: 353
呼符: 30
体力: 4103.87 / 137
友情点: 0 / 1061740`
*連続ログイン3日目
※ログインが途切れるか、7日到達すると
1日目から再開されます*
`叡智の業火 X 1
1月交換券(2024) X 1
`*「FGO カルデア・サテライトステーション 2023-2024」宮崎会場開催直前 ログインボーナス*
*開催期間中、1日1回 最大3回 ログインボーナスをプレゼント！*
`黄金の果実 X 1
`_2024-01-12 19:33:21_
--------
