【登录信息】
*3e138f82f46bd6eeb41b5912a3fb4edd*
`登陆天数: 53天 / 1442天
等级: 127
石头: 1903
呼符: 15
体力: 1306.11 / 137
友情点: 0 / 1036785`
*連続ログイン4日目
※ログインが途切れるか、7日到達すると
1日目から再開されます*
`聖晶石 X 1
1月交換券(2024) X 1
`*「FGO カルデア・サテライトステーション 2023-2024」宮崎会場開催記念 3万リポスト達成プレゼント*
*開催期間中、初回ログインで「聖晶石×6」をプレゼント！*
`聖晶石 X 6
`_2024-01-13 19:32:32_
--------
*01054c2267c91a9ae9c99dd2ac2bdadf*
`登陆天数: 53天 / 1505天
等级: 133
石头: 319
呼符: 52
体力: 4398.0 / 139
友情点: 0 / 127543570`
*連続ログイン4日目
※ログインが途切れるか、7日到達すると
1日目から再開されます*
`聖晶石 X 1
1月交換券(2024) X 1
`*「FGO カルデア・サテライトステーション 2023-2024」宮崎会場開催記念 3万リポスト達成プレゼント*
*開催期間中、初回ログインで「聖晶石×6」をプレゼント！*
`聖晶石 X 6
`_2024-01-13 19:32:40_
--------
*3d6949021dc3c9c6374093e2ca92d22d*
`登陆天数: 53天 / 1450天
等级: 128
石头: 682
呼符: 34
体力: 1284.45 / 137
友情点: 0 / 990045`
*連続ログイン4日目
※ログインが途切れるか、7日到達すると
1日目から再開されます*
`聖晶石 X 1
1月交換券(2024) X 1
`*「FGO カルデア・サテライトステーション 2023-2024」宮崎会場開催記念 3万リポスト達成プレゼント*
*開催期間中、初回ログインで「聖晶石×6」をプレゼント！*
`聖晶石 X 6
`_2024-01-13 19:32:48_
--------
*f86567cb94d07022b955f38c237ef97b*
`登陆天数: 53天 / 1117天
等级: 127
石头: 80
呼符: 9
体力: 1285.74 / 137
友情点: 0 / 753160`
*連続ログイン4日目
※ログインが途切れるか、7日到達すると
1日目から再開されます*
`聖晶石 X 1
1月交換券(2024) X 1
`*「FGO カルデア・サテライトステーション 2023-2024」宮崎会場開催記念 3万リポスト達成プレゼント*
*開催期間中、初回ログインで「聖晶石×6」をプレゼント！*
`聖晶石 X 6
`_2024-01-13 19:32:56_
--------
*4782f4f90c2933454c63e17e1a16feab*
`登陆天数: 53天 / 1397天
等级: 125
石头: 353
呼符: 30
体力: 4391.8133333333335 / 137
友情点: 0 / 1061740`
*連続ログイン4日目
※ログインが途切れるか、7日到達すると
1日目から再開されます*
`聖晶石 X 1
1月交換券(2024) X 1
`*「FGO カルデア・サテライトステーション 2023-2024」宮崎会場開催記念 3万リポスト達成プレゼント*
*開催期間中、初回ログインで「聖晶石×6」をプレゼント！*
`聖晶石 X 6
`_2024-01-13 19:33:05_
--------
