【登录信息】
*3e138f82f46bd6eeb41b5912a3fb4edd*
`登陆天数: 54天 / 1443天
等级: 127
石头: 1903
呼符: 15
体力: 1594.14 / 137
友情点: 0 / 1036785`
*連続ログイン5日目
※ログインが途切れるか、7日到達すると
1日目から再開されます*
`叡智の業火 X 2
1月交換券(2024) X 1
`*Fate/Samurai Remnant×Fate/Grand Order
コラボレーションイベント
開幕直前特別ログインボーナス*
*開催期間中、1日1回 最大7回ログインボーナスをプレゼント！*
`聖晶石 X 1
`_2024-01-14 19:32:41_
--------
*01054c2267c91a9ae9c99dd2ac2bdadf*
`登陆天数: 54天 / 1506天
等级: 133
石头: 319
呼符: 52
体力: 4686.03 / 139
友情点: 0 / 127543570`
*連続ログイン5日目
※ログインが途切れるか、7日到達すると
1日目から再開されます*
`叡智の業火 X 2
1月交換券(2024) X 1
`*Fate/Samurai Remnant×Fate/Grand Order
コラボレーションイベント
開幕直前特別ログインボーナス*
*開催期間中、1日1回 最大7回ログインボーナスをプレゼント！*
`聖晶石 X 1
`_2024-01-14 19:32:49_
--------
*3d6949021dc3c9c6374093e2ca92d22d*
`登陆天数: 54天 / 1451天
等级: 128
石头: 682
呼符: 34
体力: 1572.48 / 137
友情点: 0 / 990045`
*連続ログイン5日目
※ログインが途切れるか、7日到達すると
1日目から再開されます*
`叡智の業火 X 2
1月交換券(2024) X 1
`*Fate/Samurai Remnant×Fate/Grand Order
コラボレーションイベント
開幕直前特別ログインボーナス*
*開催期間中、1日1回 最大7回ログインボーナスをプレゼント！*
`聖晶石 X 1
`_2024-01-14 19:32:57_
--------
*f86567cb94d07022b955f38c237ef97b*
`登陆天数: 54天 / 1118天
等级: 127
石头: 80
呼符: 9
体力: 1573.77 / 137
友情点: 0 / 753160`
*連続ログイン5日目
※ログインが途切れるか、7日到達すると
1日目から再開されます*
`叡智の業火 X 2
1月交換券(2024) X 1
`*Fate/Samurai Remnant×Fate/Grand Order
コラボレーションイベント
開幕直前特別ログインボーナス*
*開催期間中、1日1回 最大7回ログインボーナスをプレゼント！*
`聖晶石 X 1
`_2024-01-14 19:33:05_
--------
*4782f4f90c2933454c63e17e1a16feab*
`登陆天数: 54天 / 1398天
等级: 125
石头: 353
呼符: 30
体力: 4679.843333333333 / 137
友情点: 0 / 1061740`
*連続ログイン5日目
※ログインが途切れるか、7日到達すると
1日目から再開されます*
`叡智の業火 X 2
1月交換券(2024) X 1
`*Fate/Samurai Remnant×Fate/Grand Order
コラボレーションイベント
開幕直前特別ログインボーナス*
*開催期間中、1日1回 最大7回ログインボーナスをプレゼント！*
`聖晶石 X 1
`_2024-01-14 19:33:13_
--------
