【登录信息】
*3e138f82f46bd6eeb41b5912a3fb4edd*
`登陆天数: 55天 / 1444天
等级: 127
石头: 1903
呼符: 15
体力: 1882.1933333333334 / 137
友情点: 0 / 1036785`
*連続ログイン6日目
※ログインが途切れるか、7日到達すると
1日目から再開されます*
`聖晶石 X 2
1月交換券(2024) X 1
`*Fate/Samurai Remnant×Fate/Grand Order
コラボレーションイベント
開幕直前特別ログインボーナス*
*開催期間中、1日1回 最大7回ログインボーナスをプレゼント！*
`QP X 2000000
聖晶石 X 1
`_2024-01-15 19:32:57_
--------
*01054c2267c91a9ae9c99dd2ac2bdadf*
`登陆天数: 55天 / 1507天
等级: 133
石头: 319
呼符: 52
体力: 4974.083333333333 / 139
友情点: 0 / 127543570`
*連続ログイン6日目
※ログインが途切れるか、7日到達すると
1日目から再開されます*
`聖晶石 X 2
1月交換券(2024) X 1
`*Fate/Samurai Remnant×Fate/Grand Order
コラボレーションイベント
開幕直前特別ログインボーナス*
*開催期間中、1日1回 最大7回ログインボーナスをプレゼント！*
`QP X 2000000
聖晶石 X 1
`_2024-01-15 19:33:05_
--------
*3d6949021dc3c9c6374093e2ca92d22d*
`登陆天数: 55天 / 1452天
等级: 128
石头: 682
呼符: 34
体力: 1860.5333333333333 / 137
友情点: 0 / 990045`
*連続ログイン6日目
※ログインが途切れるか、7日到達すると
1日目から再開されます*
`聖晶石 X 2
1月交換券(2024) X 1
`*Fate/Samurai Remnant×Fate/Grand Order
コラボレーションイベント
開幕直前特別ログインボーナス*
*開催期間中、1日1回 最大7回ログインボーナスをプレゼント！*
`QP X 2000000
聖晶石 X 1
`_2024-01-15 19:33:13_
--------
*f86567cb94d07022b955f38c237ef97b*
`登陆天数: 55天 / 1119天
等级: 127
石头: 80
呼符: 9
体力: 1861.8233333333333 / 137
友情点: 0 / 753160`
*連続ログイン6日目
※ログインが途切れるか、7日到達すると
1日目から再開されます*
`聖晶石 X 2
1月交換券(2024) X 1
`*Fate/Samurai Remnant×Fate/Grand Order
コラボレーションイベント
開幕直前特別ログインボーナス*
*開催期間中、1日1回 最大7回ログインボーナスをプレゼント！*
`QP X 2000000
聖晶石 X 1
`_2024-01-15 19:33:21_
--------
*4782f4f90c2933454c63e17e1a16feab*
`登陆天数: 55天 / 1399天
等级: 125
石头: 353
呼符: 30
体力: 4967.8966666666665 / 137
友情点: 0 / 1061740`
*連続ログイン6日目
※ログインが途切れるか、7日到達すると
1日目から再開されます*
`聖晶石 X 2
1月交換券(2024) X 1
`*Fate/Samurai Remnant×Fate/Grand Order
コラボレーションイベント
開幕直前特別ログインボーナス*
*開催期間中、1日1回 最大7回ログインボーナスをプレゼント！*
`QP X 2000000
聖晶石 X 1
`_2024-01-15 19:33:29_
--------
