【登录信息】
*3e138f82f46bd6eeb41b5912a3fb4edd*
`登陆天数: 57天 / 1446天
等级: 127
石头: 1903
呼符: 15
体力: 2458.1833333333334 / 137
友情点: 0 / 1036785`
*連続ログイン1日目
※ログインが途切れるか、7日到達すると
1日目から再開されます*
`フレンドポイント X 2000
1月交換券(2024) X 1
`*Fate/Samurai Remnant×Fate/Grand Order
コラボレーションイベント
開幕直前特別ログインボーナス*
*開催期間中、1日1回 最大7回ログインボーナスをプレゼント！*
`英霊結晶・星のフォウくん X 5
聖晶石 X 1
`_2024-01-17 19:32:54_
--------
*01054c2267c91a9ae9c99dd2ac2bdadf*
`登陆天数: 57天 / 1509天
等级: 133
石头: 319
呼符: 52
体力: 5550.073333333334 / 139
友情点: 0 / 127543570`
*連続ログイン1日目
※ログインが途切れるか、7日到達すると
1日目から再開されます*
`フレンドポイント X 2000
1月交換券(2024) X 1
`*Fate/Samurai Remnant×Fate/Grand Order
コラボレーションイベント
開幕直前特別ログインボーナス*
*開催期間中、1日1回 最大7回ログインボーナスをプレゼント！*
`英霊結晶・星のフォウくん X 5
聖晶石 X 1
`_2024-01-17 19:33:02_
--------
*3d6949021dc3c9c6374093e2ca92d22d*
`登陆天数: 57天 / 1454天
等级: 128
石头: 682
呼符: 34
体力: 2436.5233333333335 / 137
友情点: 0 / 990045`
*連続ログイン1日目
※ログインが途切れるか、7日到達すると
1日目から再開されます*
`フレンドポイント X 2000
1月交換券(2024) X 1
`*Fate/Samurai Remnant×Fate/Grand Order
コラボレーションイベント
開幕直前特別ログインボーナス*
*開催期間中、1日1回 最大7回ログインボーナスをプレゼント！*
`英霊結晶・星のフォウくん X 5
聖晶石 X 1
`_2024-01-17 19:33:11_
--------
*f86567cb94d07022b955f38c237ef97b*
`登陆天数: 57天 / 1121天
等级: 127
石头: 80
呼符: 9
体力: 2437.8133333333335 / 137
友情点: 0 / 753160`
*連続ログイン1日目
※ログインが途切れるか、7日到達すると
1日目から再開されます*
`フレンドポイント X 2000
1月交換券(2024) X 1
`*Fate/Samurai Remnant×Fate/Grand Order
コラボレーションイベント
開幕直前特別ログインボーナス*
*開催期間中、1日1回 最大7回ログインボーナスをプレゼント！*
`英霊結晶・星のフォウくん X 5
聖晶石 X 1
`_2024-01-17 19:33:19_
--------
*4782f4f90c2933454c63e17e1a16feab*
`登陆天数: 57天 / 1401天
等级: 125
石头: 353
呼符: 30
体力: 5543.886666666666 / 137
友情点: 0 / 1061740`
*連続ログイン1日目
※ログインが途切れるか、7日到達すると
1日目から再開されます*
`フレンドポイント X 2000
1月交換券(2024) X 1
`*Fate/Samurai Remnant×Fate/Grand Order
コラボレーションイベント
開幕直前特別ログインボーナス*
*開催期間中、1日1回 最大7回ログインボーナスをプレゼント！*
`英霊結晶・星のフォウくん X 5
聖晶石 X 1
`_2024-01-17 19:33:27_
--------
