【登录信息】
*3e138f82f46bd6eeb41b5912a3fb4edd*
`登陆天数: 59天 / 1448天
等级: 127
石头: 1951
呼符: 17
体力: 180.81666666666666 / 137
友情点: 0 / 1040815`
*連続ログイン3日目
※ログインが途切れるか、7日到達すると
1日目から再開されます*
`叡智の業火 X 1
1月交換券(2024) X 1
`*Fate/Samurai Remnant×Fate/Grand Order
コラボレーションイベント
開幕直前特別ログインボーナス*
*開催期間中、1日1回 最大7回ログインボーナスをプレゼント！*
`聖晶石 X 1
マナプリズム X 50
`_2024-01-19 19:33:00_
--------
*01054c2267c91a9ae9c99dd2ac2bdadf*
`登陆天数: 59天 / 1511天
等级: 133
石头: 319
呼符: 52
体力: 6126.096666666666 / 139
友情点: 0 / 127543570`
*連続ログイン3日目
※ログインが途切れるか、7日到達すると
1日目から再開されます*
`叡智の業火 X 1
1月交換券(2024) X 1
`*Fate/Samurai Remnant×Fate/Grand Order
コラボレーションイベント
開幕直前特別ログインボーナス*
*開催期間中、1日1回 最大7回ログインボーナスをプレゼント！*
`聖晶石 X 1
マナプリズム X 50
`_2024-01-19 19:33:09_
--------
*3d6949021dc3c9c6374093e2ca92d22d*
`登陆天数: 59天 / 1456天
等级: 128
石头: 747
呼符: 36
体力: 178.80333333333334 / 137
友情点: 0 / 994075`
*連続ログイン3日目
※ログインが途切れるか、7日到達すると
1日目から再開されます*
`叡智の業火 X 1
1月交換券(2024) X 1
`*Fate/Samurai Remnant×Fate/Grand Order
コラボレーションイベント
開幕直前特別ログインボーナス*
*開催期間中、1日1回 最大7回ログインボーナスをプレゼント！*
`聖晶石 X 1
マナプリズム X 50
`_2024-01-19 19:33:17_
--------
*f86567cb94d07022b955f38c237ef97b*
`登陆天数: 59天 / 1123天
等级: 127
石头: 115
呼符: 11
体力: 184.64333333333332 / 137
友情点: 0 / 757235`
*連続ログイン3日目
※ログインが途切れるか、7日到達すると
1日目から再開されます*
`叡智の業火 X 1
1月交換券(2024) X 1
`*Fate/Samurai Remnant×Fate/Grand Order
コラボレーションイベント
開幕直前特別ログインボーナス*
*開催期間中、1日1回 最大7回ログインボーナスをプレゼント！*
`聖晶石 X 1
マナプリズム X 50
`_2024-01-19 19:33:26_
--------
*4782f4f90c2933454c63e17e1a16feab*
`登陆天数: 59天 / 1403天
等级: 125
石头: 353
呼符: 30
体力: 6119.913333333333 / 137
友情点: 0 / 1061740`
*連続ログイン3日目
※ログインが途切れるか、7日到達すると
1日目から再開されます*
`叡智の業火 X 1
1月交換券(2024) X 1
`*Fate/Samurai Remnant×Fate/Grand Order
コラボレーションイベント
開幕直前特別ログインボーナス*
*開催期間中、1日1回 最大7回ログインボーナスをプレゼント！*
`聖晶石 X 1
マナプリズム X 50
`_2024-01-19 19:33:34_
--------
