【登录信息】
*3e138f82f46bd6eeb41b5912a3fb4edd*
`登陆天数: 61天 / 1450天
等级: 127
石头: 1951
呼符: 17
体力: 396.6166666666667 / 137
友情点: 0 / 1040845`
*連続ログイン5日目
※ログインが途切れるか、7日到達すると
1日目から再開されます*
`叡智の業火 X 2
1月交換券(2024) X 1
`*盈月剣風帖開幕記念 ログインボーナス*
*開催期間中、1日1回 最大21回ログインボーナスをプレゼント！*
`白銀の果実 X 1
`_2024-01-21 19:32:33_
--------
*01054c2267c91a9ae9c99dd2ac2bdadf*
`登陆天数: 61天 / 1513天
等级: 133
石头: 319
呼符: 52
体力: 6702.003333333333 / 139
友情点: 0 / 127543570`
*連続ログイン5日目
※ログインが途切れるか、7日到達すると
1日目から再開されます*
`叡智の業火 X 2
1月交換券(2024) X 1
`*盈月剣風帖開幕記念 ログインボーナス*
*開催期間中、1日1回 最大21回ログインボーナスをプレゼント！*
`白銀の果実 X 1
`_2024-01-21 19:32:41_
--------
*3d6949021dc3c9c6374093e2ca92d22d*
`登陆天数: 61天 / 1458天
等级: 128
石头: 747
呼符: 36
体力: 398.35333333333335 / 137
友情点: 0 / 994105`
*連続ログイン5日目
※ログインが途切れるか、7日到達すると
1日目から再開されます*
`叡智の業火 X 2
1月交換券(2024) X 1
`*盈月剣風帖開幕記念 ログインボーナス*
*開催期間中、1日1回 最大21回ログインボーナスをプレゼント！*
`白銀の果実 X 1
`_2024-01-21 19:32:49_
--------
*f86567cb94d07022b955f38c237ef97b*
`登陆天数: 61天 / 1125天
等级: 127
石头: 116
呼符: 11
体力: 400.3066666666667 / 137
友情点: 0 / 757280`
*連続ログイン5日目
※ログインが途切れるか、7日到達すると
1日目から再開されます*
`叡智の業火 X 2
1月交換券(2024) X 1
`*盈月剣風帖開幕記念 ログインボーナス*
*開催期間中、1日1回 最大21回ログインボーナスをプレゼント！*
`白銀の果実 X 1
`_2024-01-21 19:32:57_
--------
*4782f4f90c2933454c63e17e1a16feab*
`登陆天数: 61天 / 1405天
等级: 125
石头: 353
呼符: 30
体力: 6695.82 / 137
友情点: 0 / 1061740`
*連続ログイン5日目
※ログインが途切れるか、7日到達すると
1日目から再開されます*
`叡智の業火 X 2
1月交換券(2024) X 1
`*盈月剣風帖開幕記念 ログインボーナス*
*開催期間中、1日1回 最大21回ログインボーナスをプレゼント！*
`白銀の果実 X 1
`_2024-01-21 19:33:06_
--------
