【登录信息】
*3e138f82f46bd6eeb41b5912a3fb4edd*
`登陆天数: 62天 / 1451天
等级: 127
石头: 1951
呼符: 17
体力: 684.6666666666666 / 137
友情点: 0 / 1040845`
*連続ログイン6日目
※ログインが途切れるか、7日到達すると
1日目から再開されます*
`聖晶石 X 2
1月交換券(2024) X 1
`*リリース3100日突破キャンペーン 初回ログインボーナス*
*開催期間中、初回ログインで「聖晶石×10」をプレゼント！*
`聖晶石 X 10
`_2024-01-22 19:32:47_
--------
*01054c2267c91a9ae9c99dd2ac2bdadf*
`登陆天数: 62天 / 1514天
等级: 133
石头: 319
呼符: 52
体力: 6990.05 / 139
友情点: 0 / 127543570`
*連続ログイン6日目
※ログインが途切れるか、7日到達すると
1日目から再開されます*
`聖晶石 X 2
1月交換券(2024) X 1
`*リリース3100日突破キャンペーン 初回ログインボーナス*
*開催期間中、初回ログインで「聖晶石×10」をプレゼント！*
`聖晶石 X 10
`_2024-01-22 19:32:55_
--------
*3d6949021dc3c9c6374093e2ca92d22d*
`登陆天数: 62天 / 1459天
等级: 128
石头: 747
呼符: 36
体力: 686.4 / 137
友情点: 0 / 994105`
*連続ログイン6日目
※ログインが途切れるか、7日到達すると
1日目から再開されます*
`聖晶石 X 2
1月交換券(2024) X 1
`*リリース3100日突破キャンペーン 初回ログインボーナス*
*開催期間中、初回ログインで「聖晶石×10」をプレゼント！*
`聖晶石 X 10
`_2024-01-22 19:33:03_
--------
*f86567cb94d07022b955f38c237ef97b*
`登陆天数: 62天 / 1126天
等级: 127
石头: 116
呼符: 11
体力: 688.3533333333334 / 137
友情点: 0 / 757280`
*連続ログイン6日目
※ログインが途切れるか、7日到達すると
1日目から再開されます*
`聖晶石 X 2
1月交換券(2024) X 1
`*リリース3100日突破キャンペーン 初回ログインボーナス*
*開催期間中、初回ログインで「聖晶石×10」をプレゼント！*
`聖晶石 X 10
`_2024-01-22 19:33:11_
--------
*4782f4f90c2933454c63e17e1a16feab*
`登陆天数: 62天 / 1406天
等级: 125
石头: 353
呼符: 30
体力: 6983.863333333334 / 137
友情点: 0 / 1061740`
*連続ログイン6日目
※ログインが途切れるか、7日到達すると
1日目から再開されます*
`聖晶石 X 2
1月交換券(2024) X 1
`*リリース3100日突破キャンペーン 初回ログインボーナス*
*開催期間中、初回ログインで「聖晶石×10」をプレゼント！*
`聖晶石 X 10
`_2024-01-22 19:33:19_
--------
