【登录信息】
*3e138f82f46bd6eeb41b5912a3fb4edd*
`登陆天数: 75天 / 1590天
等级: 128
石头: 1603
呼符: 53
体力: 29830.79 / 137
友情点: 0 / 1073665`
*連続ログイン5日目
※ログインが途切れるか、7日到達すると
1日目から再開されます*
`叡智の業火 X 2
8月交換券(2024) X 1
`*使用期限付コンティニューアイテムプレゼント！*
*開催期間中、1日1回 最大7回 コンティニューアイテム「霊脈石」をプレゼント！*
`霊脈石 X 1
`_2024-08-03 19:34:14_
--------
*01054c2267c91a9ae9c99dd2ac2bdadf*
`登陆天数: 75天 / 1653天
等级: 133
石头: 9
呼符: 88
体力: 4908.6033333333335 / 139
友情点: 0 / 127566005`
*連続ログイン5日目
※ログインが途切れるか、7日到達すると
1日目から再開されます*
`叡智の業火 X 2
8月交換券(2024) X 1
`*使用期限付コンティニューアイテムプレゼント！*
*開催期間中、1日1回 最大7回 コンティニューアイテム「霊脈石」をプレゼント！*
`霊脈石 X 1
`_2024-08-03 19:34:22_
--------
*3d6949021dc3c9c6374093e2ca92d22d*
`登陆天数: 75天 / 1598天
等级: 129
石头: 1160
呼符: 54
体力: 21080.316666666666 / 138
友情点: 0 / 1036470`
*連続ログイン5日目
※ログインが途切れるか、7日到達すると
1日目から再開されます*
`叡智の業火 X 2
8月交換券(2024) X 1
`*使用期限付コンティニューアイテムプレゼント！*
*開催期間中、1日1回 最大7回 コンティニューアイテム「霊脈石」をプレゼント！*
`霊脈石 X 1
`_2024-08-03 19:34:30_
--------
*f86567cb94d07022b955f38c237ef97b*
`登陆天数: 75天 / 1266天
等级: 129
石头: 561
呼符: 49
体力: 1824.49 / 138
友情点: 0 / 805575`
*連続ログイン5日目
※ログインが途切れるか、7日到達すると
1日目から再開されます*
`叡智の業火 X 2
8月交換券(2024) X 1
`*使用期限付コンティニューアイテムプレゼント！*
*開催期間中、1日1回 最大7回 コンティニューアイテム「霊脈石」をプレゼント！*
`霊脈石 X 1
`_2024-08-03 19:34:39_
--------
*4782f4f90c2933454c63e17e1a16feab*
`登陆天数: 75天 / 1545天
等级: 127
石头: 878
呼符: 67
体力: 21080.28 / 137
友情点: 0 / 1112385`
*連続ログイン5日目
※ログインが途切れるか、7日到達すると
1日目から再開されます*
`叡智の業火 X 2
8月交換券(2024) X 1
`*使用期限付コンティニューアイテムプレゼント！*
*開催期間中、1日1回 最大7回 コンティニューアイテム「霊脈石」をプレゼント！*
`霊脈石 X 1
`_2024-08-03 19:34:47_
--------
*1205ae6adcbe9c4926a74330d0c7f526*
`登陆天数: 75天 / 1590天
等级: 130
石头: 1141
呼符: 25
体力: 1820.0566666666666 / 138
友情点: 0 / 904105`
*連続ログイン5日目
※ログインが途切れるか、7日到達すると
1日目から再開されます*
`叡智の業火 X 2
8月交換券(2024) X 1
`*使用期限付コンティニューアイテムプレゼント！*
*開催期間中、1日1回 最大7回 コンティニューアイテム「霊脈石」をプレゼント！*
`霊脈石 X 1
`_2024-08-03 19:34:55_
--------
*f5bdb6967d9a17d5d5d22c803ecc3a3c*
`登陆天数: 75天 / 1638天
等级: 131
石头: 745
呼符: 41
体力: 1828.9033333333334 / 138
友情点: 0 / 1249905`
*連続ログイン5日目
※ログインが途切れるか、7日到達すると
1日目から再開されます*
`叡智の業火 X 2
8月交換券(2024) X 1
`*使用期限付コンティニューアイテムプレゼント！*
*開催期間中、1日1回 最大7回 コンティニューアイテム「霊脈石」をプレゼント！*
`霊脈石 X 1
`_2024-08-03 19:35:04_
--------
