【登录信息】
*3e138f82f46bd6eeb41b5912a3fb4edd*
`登陆天数: 76天 / 1591天
等级: 128
石头: 1603
呼符: 53
体力: 30118.87 / 137
友情点: 0 / 1073665`
*連続ログイン6日目
※ログインが途切れるか、7日到達すると
1日目から再開されます*
`聖晶石 X 2
8月交換券(2024) X 1
`*「FGO Expo ～Fate/Grand Order Fes. 2024 9th Anniversary～」配信番組連動キャンペーン報酬プレゼント*
*開催期間中、初回ログインで「聖晶石×100」をプレゼント！*
`聖晶石 X 100
`_2024-08-04 19:34:38_
--------
*01054c2267c91a9ae9c99dd2ac2bdadf*
`登陆天数: 76天 / 1654天
等级: 133
石头: 9
呼符: 88
体力: 5196.683333333333 / 139
友情点: 0 / 127566005`
*連続ログイン6日目
※ログインが途切れるか、7日到達すると
1日目から再開されます*
`聖晶石 X 2
8月交換券(2024) X 1
`*「FGO Expo ～Fate/Grand Order Fes. 2024 9th Anniversary～」配信番組連動キャンペーン報酬プレゼント*
*開催期間中、初回ログインで「聖晶石×100」をプレゼント！*
`聖晶石 X 100
`_2024-08-04 19:34:46_
--------
*3d6949021dc3c9c6374093e2ca92d22d*
`登陆天数: 76天 / 1599天
等级: 129
石头: 1160
呼符: 54
体力: 21368.396666666667 / 138
友情点: 0 / 1036470`
*連続ログイン6日目
※ログインが途切れるか、7日到達すると
1日目から再開されます*
`聖晶石 X 2
8月交換券(2024) X 1
`*「FGO Expo ～Fate/Grand Order Fes. 2024 9th Anniversary～」配信番組連動キャンペーン報酬プレゼント*
*開催期間中、初回ログインで「聖晶石×100」をプレゼント！*
`聖晶石 X 100
`_2024-08-04 19:34:54_
--------
*f86567cb94d07022b955f38c237ef97b*
`登陆天数: 76天 / 1267天
等级: 129
石头: 561
呼符: 49
体力: 2112.5699999999997 / 138
友情点: 0 / 805575`
*連続ログイン6日目
※ログインが途切れるか、7日到達すると
1日目から再開されます*
`聖晶石 X 2
8月交換券(2024) X 1
`*「FGO Expo ～Fate/Grand Order Fes. 2024 9th Anniversary～」配信番組連動キャンペーン報酬プレゼント*
*開催期間中、初回ログインで「聖晶石×100」をプレゼント！*
`聖晶石 X 100
`_2024-08-04 19:35:03_
--------
*4782f4f90c2933454c63e17e1a16feab*
`登陆天数: 76天 / 1546天
等级: 127
石头: 878
呼符: 67
体力: 21368.36 / 137
友情点: 0 / 1112385`
*連続ログイン6日目
※ログインが途切れるか、7日到達すると
1日目から再開されます*
`聖晶石 X 2
8月交換券(2024) X 1
`*「FGO Expo ～Fate/Grand Order Fes. 2024 9th Anniversary～」配信番組連動キャンペーン報酬プレゼント*
*開催期間中、初回ログインで「聖晶石×100」をプレゼント！*
`聖晶石 X 100
`_2024-08-04 19:35:11_
--------
*1205ae6adcbe9c4926a74330d0c7f526*
`登陆天数: 76天 / 1591天
等级: 130
石头: 1141
呼符: 25
体力: 2108.1366666666668 / 138
友情点: 0 / 904105`
*連続ログイン6日目
※ログインが途切れるか、7日到達すると
1日目から再開されます*
`聖晶石 X 2
8月交換券(2024) X 1
`*「FGO Expo ～Fate/Grand Order Fes. 2024 9th Anniversary～」配信番組連動キャンペーン報酬プレゼント*
*開催期間中、初回ログインで「聖晶石×100」をプレゼント！*
`聖晶石 X 100
`_2024-08-04 19:35:20_
--------
*f5bdb6967d9a17d5d5d22c803ecc3a3c*
`登陆天数: 76天 / 1639天
等级: 131
石头: 745
呼符: 41
体力: 2116.9833333333336 / 138
友情点: 0 / 1249905`
*連続ログイン6日目
※ログインが途切れるか、7日到達すると
1日目から再開されます*
`聖晶石 X 2
8月交換券(2024) X 1
`*「FGO Expo ～Fate/Grand Order Fes. 2024 9th Anniversary～」配信番組連動キャンペーン報酬プレゼント*
*開催期間中、初回ログインで「聖晶石×100」をプレゼント！*
`聖晶石 X 100
`_2024-08-04 19:35:28_
--------
