【登录信息】
*3e138f82f46bd6eeb41b5912a3fb4edd*
`登陆天数: 77天 / 1592天
等级: 128
石头: 1603
呼符: 53
体力: 30406.92 / 137
友情点: 0 / 1073665`
*連続ログイン7日間到達おめでとうございます！
明日は1日目からリスタートされます。*
`獣の足跡 X 1
呼符 X 1
8月交換券(2024) X 1
`*9周年記念特別回数ログインボーナス*
*開催期間中、1日1回 最大10回 回数ログインボーナスをプレゼント！*
`QP X 3000000
フレンドポイント X 100000
獣の足跡 X 3
`_2024-08-05 19:34:53_
--------
*01054c2267c91a9ae9c99dd2ac2bdadf*
`登陆天数: 77天 / 1655天
等级: 133
石头: 9
呼符: 88
体力: 5484.736666666667 / 139
友情点: 0 / 127566005`
*連続ログイン7日間到達おめでとうございます！
明日は1日目からリスタートされます。*
`獣の足跡 X 1
呼符 X 1
8月交換券(2024) X 1
`*9周年記念特別回数ログインボーナス*
*開催期間中、1日1回 最大10回 回数ログインボーナスをプレゼント！*
`QP X 3000000
フレンドポイント X 100000
獣の足跡 X 3
`_2024-08-05 19:35:02_
--------
*3d6949021dc3c9c6374093e2ca92d22d*
`登陆天数: 77天 / 1600天
等级: 129
石头: 1160
呼符: 54
体力: 21656.45 / 138
友情点: 0 / 1036470`
*連続ログイン7日間到達おめでとうございます！
明日は1日目からリスタートされます。*
`獣の足跡 X 1
呼符 X 1
8月交換券(2024) X 1
`*9周年記念特別回数ログインボーナス*
*開催期間中、1日1回 最大10回 回数ログインボーナスをプレゼント！*
`QP X 3000000
フレンドポイント X 100000
獣の足跡 X 3
`_2024-08-05 19:35:10_
--------
*f86567cb94d07022b955f38c237ef97b*
`登陆天数: 77天 / 1268天
等级: 129
石头: 561
呼符: 49
体力: 2400.62 / 138
友情点: 0 / 805575`
*連続ログイン7日間到達おめでとうございます！
明日は1日目からリスタートされます。*
`獣の足跡 X 1
呼符 X 1
8月交換券(2024) X 1
`*9周年記念特別回数ログインボーナス*
*開催期間中、1日1回 最大10回 回数ログインボーナスをプレゼント！*
`QP X 3000000
フレンドポイント X 100000
獣の足跡 X 3
`_2024-08-05 19:35:18_
--------
*4782f4f90c2933454c63e17e1a16feab*
`登陆天数: 77天 / 1547天
等级: 127
石头: 878
呼符: 67
体力: 21656.41 / 137
友情点: 0 / 1112385`
*連続ログイン7日間到達おめでとうございます！
明日は1日目からリスタートされます。*
`獣の足跡 X 1
呼符 X 1
8月交換券(2024) X 1
`*9周年記念特別回数ログインボーナス*
*開催期間中、1日1回 最大10回 回数ログインボーナスをプレゼント！*
`QP X 3000000
フレンドポイント X 100000
獣の足跡 X 3
`_2024-08-05 19:35:26_
--------
*1205ae6adcbe9c4926a74330d0c7f526*
`登陆天数: 77天 / 1592天
等级: 130
石头: 1141
呼符: 25
体力: 2396.1866666666665 / 138
友情点: 0 / 904105`
*連続ログイン7日間到達おめでとうございます！
明日は1日目からリスタートされます。*
`獣の足跡 X 1
呼符 X 1
8月交換券(2024) X 1
`*9周年記念特別回数ログインボーナス*
*開催期間中、1日1回 最大10回 回数ログインボーナスをプレゼント！*
`QP X 3000000
フレンドポイント X 100000
獣の足跡 X 3
`_2024-08-05 19:35:35_
--------
*f5bdb6967d9a17d5d5d22c803ecc3a3c*
`登陆天数: 77天 / 1640天
等级: 131
石头: 745
呼符: 41
体力: 2405.0333333333333 / 138
友情点: 0 / 1249905`
*連続ログイン7日間到達おめでとうございます！
明日は1日目からリスタートされます。*
`獣の足跡 X 1
呼符 X 1
8月交換券(2024) X 1
`*9周年記念特別回数ログインボーナス*
*開催期間中、1日1回 最大10回 回数ログインボーナスをプレゼント！*
`QP X 3000000
フレンドポイント X 100000
獣の足跡 X 3
`_2024-08-05 19:35:43_
--------
