【登录信息】
*3e138f82f46bd6eeb41b5912a3fb4edd*
`登陆天数: 78天 / 1593天
等级: 128
石头: 1603
呼符: 53
体力: 30694.93666666667 / 137
友情点: 0 / 1073665`
*連続ログイン1日目
※ログインが途切れるか、7日到達すると
1日目から再開されます*
`フレンドポイント X 2000
8月交換券(2024) X 1
`*ショートアニメ「FGO 藤丸立香はわからない」Season2公開記念 特別ログインボーナス*
*開催期間中、初回ログインで「限定概念礼装×1」をプレゼント！*
`「FGO 藤丸立香はわからない」Season2 X 1
`_2024-08-06 19:34:57_
--------
*01054c2267c91a9ae9c99dd2ac2bdadf*
`登陆天数: 78天 / 1656天
等级: 133
石头: 9
呼符: 88
体力: 5772.75 / 139
友情点: 0 / 127566005`
*連続ログイン1日目
※ログインが途切れるか、7日到達すると
1日目から再開されます*
`フレンドポイント X 2000
8月交換券(2024) X 1
`*ショートアニメ「FGO 藤丸立香はわからない」Season2公開記念 特別ログインボーナス*
*開催期間中、初回ログインで「限定概念礼装×1」をプレゼント！*
`「FGO 藤丸立香はわからない」Season2 X 1
`_2024-08-06 19:35:06_
--------
*3d6949021dc3c9c6374093e2ca92d22d*
`登陆天数: 78天 / 1601天
等级: 129
石头: 1160
呼符: 54
体力: 21944.463333333333 / 138
友情点: 0 / 1036470`
*連続ログイン1日目
※ログインが途切れるか、7日到達すると
1日目から再開されます*
`フレンドポイント X 2000
8月交換券(2024) X 1
`*ショートアニメ「FGO 藤丸立香はわからない」Season2公開記念 特別ログインボーナス*
*開催期間中、初回ログインで「限定概念礼装×1」をプレゼント！*
`「FGO 藤丸立香はわからない」Season2 X 1
`_2024-08-06 19:35:14_
--------
*f86567cb94d07022b955f38c237ef97b*
`登陆天数: 78天 / 1269天
等级: 129
石头: 561
呼符: 49
体力: 2688.633333333333 / 138
友情点: 0 / 805575`
*連続ログイン1日目
※ログインが途切れるか、7日到達すると
1日目から再開されます*
`フレンドポイント X 2000
8月交換券(2024) X 1
`*ショートアニメ「FGO 藤丸立香はわからない」Season2公開記念 特別ログインボーナス*
*開催期間中、初回ログインで「限定概念礼装×1」をプレゼント！*
`「FGO 藤丸立香はわからない」Season2 X 1
`_2024-08-06 19:35:23_
--------
*4782f4f90c2933454c63e17e1a16feab*
`登陆天数: 78天 / 1548天
等级: 127
石头: 878
呼符: 67
体力: 21944.423333333332 / 137
友情点: 0 / 1112385`
*連続ログイン1日目
※ログインが途切れるか、7日到達すると
1日目から再開されます*
`フレンドポイント X 2000
8月交換券(2024) X 1
`*ショートアニメ「FGO 藤丸立香はわからない」Season2公開記念 特別ログインボーナス*
*開催期間中、初回ログインで「限定概念礼装×1」をプレゼント！*
`「FGO 藤丸立香はわからない」Season2 X 1
`_2024-08-06 19:35:31_
--------
*1205ae6adcbe9c4926a74330d0c7f526*
`登陆天数: 78天 / 1593天
等级: 130
石头: 1141
呼符: 25
体力: 2684.2033333333334 / 138
友情点: 0 / 904105`
*連続ログイン1日目
※ログインが途切れるか、7日到達すると
1日目から再開されます*
`フレンドポイント X 2000
8月交換券(2024) X 1
`*ショートアニメ「FGO 藤丸立香はわからない」Season2公開記念 特別ログインボーナス*
*開催期間中、初回ログインで「限定概念礼装×1」をプレゼント！*
`「FGO 藤丸立香はわからない」Season2 X 1
`_2024-08-06 19:35:39_
--------
*f5bdb6967d9a17d5d5d22c803ecc3a3c*
`登陆天数: 78天 / 1641天
等级: 131
石头: 745
呼符: 41
体力: 2693.0466666666666 / 138
友情点: 0 / 1249905`
*連続ログイン1日目
※ログインが途切れるか、7日到達すると
1日目から再開されます*
`フレンドポイント X 2000
8月交換券(2024) X 1
`*ショートアニメ「FGO 藤丸立香はわからない」Season2公開記念 特別ログインボーナス*
*開催期間中、初回ログインで「限定概念礼装×1」をプレゼント！*
`「FGO 藤丸立香はわからない」Season2 X 1
`_2024-08-06 19:35:47_
--------
