【登录信息】
*3e138f82f46bd6eeb41b5912a3fb4edd*
`登陆天数: 86天 / 1601天
等级: 128
石头: 1998
呼符: 57
体力: 2172.576666666667 / 137
友情点: 0 / 1217665`
*連続ログイン2日目
※ログインが途切れるか、7日到達すると
1日目から再開されます*
`聖晶石 X 1
8月交換券(2024) X 1
`*FGOカルデア放送局 ライト版 ～水着イベント2024～ 放送記念 初回ログインボーナス*
*開催期間中、初回ログインで「聖晶石×14」をプレゼント！*
`聖晶石 X 14
`_2024-08-14 19:35:22_
--------
*01054c2267c91a9ae9c99dd2ac2bdadf*
`登陆天数: 86天 / 1664天
等级: 133
石头: 447
呼符: 91
体力: 2175.1933333333336 / 139
友情点: 0 / 127708005`
*連続ログイン2日目
※ログインが途切れるか、7日到達すると
1日目から再開されます*
`聖晶石 X 1
8月交換券(2024) X 1
`*FGOカルデア放送局 ライト版 ～水着イベント2024～ 放送記念 初回ログインボーナス*
*開催期間中、初回ログインで「聖晶石×14」をプレゼント！*
`聖晶石 X 14
`_2024-08-14 19:35:30_
--------
*3d6949021dc3c9c6374093e2ca92d22d*
`登陆天数: 86天 / 1609天
等级: 129
石头: 1597
呼符: 56
体力: 2171.6466666666665 / 138
友情点: 0 / 1176470`
*連続ログイン2日目
※ログインが途切れるか、7日到達すると
1日目から再開されます*
`聖晶石 X 1
8月交換券(2024) X 1
`*FGOカルデア放送局 ライト版 ～水着イベント2024～ 放送記念 初回ログインボーナス*
*開催期間中、初回ログインで「聖晶石×14」をプレゼント！*
`聖晶石 X 14
`_2024-08-14 19:35:38_
--------
*f86567cb94d07022b955f38c237ef97b*
`登陆天数: 86天 / 1277天
等级: 129
石头: 943
呼符: 51
体力: 2172.84 / 138
友情点: 0 / 945575`
*連続ログイン2日目
※ログインが途切れるか、7日到達すると
1日目から再開されます*
`聖晶石 X 1
8月交換券(2024) X 1
`*FGOカルデア放送局 ライト版 ～水着イベント2024～ 放送記念 初回ログインボーナス*
*開催期間中、初回ログインで「聖晶石×14」をプレゼント！*
`聖晶石 X 14
`_2024-08-14 19:35:46_
--------
*4782f4f90c2933454c63e17e1a16feab*
`登陆天数: 86天 / 1556天
等级: 127
石头: 1250
呼符: 69
体力: 2171.08 / 137
友情点: 0 / 1252385`
*連続ログイン2日目
※ログインが途切れるか、7日到達すると
1日目から再開されます*
`聖晶石 X 1
8月交換券(2024) X 1
`*FGOカルデア放送局 ライト版 ～水着イベント2024～ 放送記念 初回ログインボーナス*
*開催期間中、初回ログインで「聖晶石×14」をプレゼント！*
`聖晶石 X 14
`_2024-08-14 19:35:54_
--------
*1205ae6adcbe9c4926a74330d0c7f526*
`登陆天数: 86天 / 1601天
等级: 130
石头: 1567
呼符: 27
体力: 2172.4933333333333 / 138
友情点: 0 / 1044105`
*連続ログイン2日目
※ログインが途切れるか、7日到達すると
1日目から再開されます*
`聖晶石 X 1
8月交換券(2024) X 1
`*FGOカルデア放送局 ライト版 ～水着イベント2024～ 放送記念 初回ログインボーナス*
*開催期間中、初回ログインで「聖晶石×14」をプレゼント！*
`聖晶石 X 14
`_2024-08-14 19:36:02_
--------
*f5bdb6967d9a17d5d5d22c803ecc3a3c*
`登陆天数: 86天 / 1649天
等级: 131
石头: 1162
呼符: 43
体力: 2173.3166666666666 / 138
友情点: 0 / 1389905`
*連続ログイン2日目
※ログインが途切れるか、7日到達すると
1日目から再開されます*
`聖晶石 X 1
8月交換券(2024) X 1
`*FGOカルデア放送局 ライト版 ～水着イベント2024～ 放送記念 初回ログインボーナス*
*開催期間中、初回ログインで「聖晶石×14」をプレゼント！*
`聖晶石 X 14
`_2024-08-14 19:36:10_
--------
