【登录信息】
*3e138f82f46bd6eeb41b5912a3fb4edd*
`登陆天数: 87天 / 1602天
等级: 128
石头: 1998
呼符: 57
体力: 2460.5233333333335 / 137
友情点: 0 / 1217665`
*連続ログイン3日目
※ログインが途切れるか、7日到達すると
1日目から再開されます*
`叡智の業火 X 1
8月交換券(2024) X 1
`*ＢＢプレゼンツ☆セレブサマー・エクスペリエンス！ 開幕記念 ログインボーナス*
*開催期間中、1日1回 最大78回 ログインボーナスをプレゼント！*
`白銀の果実 X 1
`_2024-08-15 19:35:06_
--------
*01054c2267c91a9ae9c99dd2ac2bdadf*
`登陆天数: 87天 / 1665天
等级: 133
石头: 447
呼符: 91
体力: 2463.14 / 139
友情点: 0 / 127708005`
*連続ログイン3日目
※ログインが途切れるか、7日到達すると
1日目から再開されます*
`叡智の業火 X 1
8月交換券(2024) X 1
`*ＢＢプレゼンツ☆セレブサマー・エクスペリエンス！ 開幕記念 ログインボーナス*
*開催期間中、1日1回 最大78回 ログインボーナスをプレゼント！*
`白銀の果実 X 1
`_2024-08-15 19:35:14_
--------
*3d6949021dc3c9c6374093e2ca92d22d*
`登陆天数: 87天 / 1610天
等级: 129
石头: 1597
呼符: 56
体力: 2459.59 / 138
友情点: 0 / 1176470`
*連続ログイン3日目
※ログインが途切れるか、7日到達すると
1日目から再開されます*
`叡智の業火 X 1
8月交換券(2024) X 1
`*ＢＢプレゼンツ☆セレブサマー・エクスペリエンス！ 開幕記念 ログインボーナス*
*開催期間中、1日1回 最大78回 ログインボーナスをプレゼント！*
`白銀の果実 X 1
`_2024-08-15 19:35:22_
--------
*f86567cb94d07022b955f38c237ef97b*
`登陆天数: 87天 / 1278天
等级: 129
石头: 943
呼符: 51
体力: 2460.7833333333333 / 138
友情点: 0 / 945575`
*連続ログイン3日目
※ログインが途切れるか、7日到達すると
1日目から再開されます*
`叡智の業火 X 1
8月交換券(2024) X 1
`*ＢＢプレゼンツ☆セレブサマー・エクスペリエンス！ 開幕記念 ログインボーナス*
*開催期間中、1日1回 最大78回 ログインボーナスをプレゼント！*
`白銀の果実 X 1
`_2024-08-15 19:35:30_
--------
*4782f4f90c2933454c63e17e1a16feab*
`登陆天数: 87天 / 1557天
等级: 127
石头: 1250
呼符: 69
体力: 2459.0266666666666 / 137
友情点: 0 / 1252385`
*連続ログイン3日目
※ログインが途切れるか、7日到達すると
1日目から再開されます*
`叡智の業火 X 1
8月交換券(2024) X 1
`*ＢＢプレゼンツ☆セレブサマー・エクスペリエンス！ 開幕記念 ログインボーナス*
*開催期間中、1日1回 最大78回 ログインボーナスをプレゼント！*
`白銀の果実 X 1
`_2024-08-15 19:35:38_
--------
*1205ae6adcbe9c4926a74330d0c7f526*
`登陆天数: 87天 / 1602天
等级: 130
石头: 1567
呼符: 27
体力: 2460.44 / 138
友情点: 0 / 1044105`
*連続ログイン3日目
※ログインが途切れるか、7日到達すると
1日目から再開されます*
`叡智の業火 X 1
8月交換券(2024) X 1
`*ＢＢプレゼンツ☆セレブサマー・エクスペリエンス！ 開幕記念 ログインボーナス*
*開催期間中、1日1回 最大78回 ログインボーナスをプレゼント！*
`白銀の果実 X 1
`_2024-08-15 19:35:45_
--------
*f5bdb6967d9a17d5d5d22c803ecc3a3c*
`登陆天数: 87天 / 1650天
等级: 131
石头: 1162
呼符: 43
体力: 2461.2566666666667 / 138
友情点: 0 / 1389905`
*連続ログイン3日目
※ログインが途切れるか、7日到達すると
1日目から再開されます*
`叡智の業火 X 1
8月交換券(2024) X 1
`*ＢＢプレゼンツ☆セレブサマー・エクスペリエンス！ 開幕記念 ログインボーナス*
*開催期間中、1日1回 最大78回 ログインボーナスをプレゼント！*
`白銀の果実 X 1
`_2024-08-15 19:35:53_
--------
