【登录信息】
*3e138f82f46bd6eeb41b5912a3fb4edd*
`登陆天数: 1天 / 1516天
等级: 128
石头: 2291
呼符: 42
体力: 8771.04 / 137
友情点: 0 / 1067665`
_2024-05-22 16:35:29_
--------
*01054c2267c91a9ae9c99dd2ac2bdadf*
`登陆天数: 1天 / 1579天
等级: 133
石头: 735
呼符: 76
体力: 21.476666666666674 / 139
友情点: 0 / 127573945`
_2024-05-22 16:35:38_
--------
*3d6949021dc3c9c6374093e2ca92d22d*
`登陆天数: 1天 / 1524天
等级: 129
石头: 1035
呼符: 41
体力: 20.566666666666663 / 138
友情点: 0 / 1018470`
_2024-05-22 16:35:46_
--------
*f86567cb94d07022b955f38c237ef97b*
`登陆天数: 1天 / 1192天
等级: 129
石头: 426
呼符: 36
体力: 8770.923333333334 / 138
友情点: 0 / 787545`
_2024-05-22 16:35:54_
--------
*4782f4f90c2933454c63e17e1a16feab*
`登陆天数: 1天 / 1471天
等级: 127
石头: 773
呼符: 54
体力: 20.53 / 137
友情点: 0 / 1094385`
_2024-05-22 16:36:02_
--------
*1205ae6adcbe9c4926a74330d0c7f526*
`登陆天数: 1天 / 1516天
等级: 130
石头: 2256
呼符: 12
体力: 21.700000000000003 / 138
友情点: 0 / 950015`
_2024-05-22 16:36:10_
--------
*f5bdb6967d9a17d5d5d22c803ecc3a3c*
`登陆天数: 1天 / 1564天
等级: 131
石头: 620
呼符: 28
体力: 20.400000000000006 / 138
友情点: 0 / 1231830`
_2024-05-22 16:36:19_
--------
