【登录信息】
*3e138f82f46bd6eeb41b5912a3fb4edd*
`登陆天数: 8天 / 1523天
等级: 128
石头: 2291
呼符: 42
体力: 10535.03 / 137
友情点: 0 / 1067665`
*連続ログイン1日目
※ログインが途切れるか、7日到達すると
1日目から再開されます*
`フレンドポイント X 2000
5月交換券(2024) X 1
`*カルデア・サマーアドベンチャー！ アンケート復刻版 開幕記念 ログインボーナス*
*開催期間中、1日1回 最大21回 ログインボーナスをプレゼント！*
`黄金の果実 X 1
`_2024-05-28 19:35:25_
--------
*01054c2267c91a9ae9c99dd2ac2bdadf*
`登陆天数: 8天 / 1586天
等级: 133
石头: 735
呼符: 76
体力: 1785.4666666666667 / 139
友情点: 0 / 127573945`
*連続ログイン1日目
※ログインが途切れるか、7日到達すると
1日目から再開されます*
`フレンドポイント X 2000
5月交換券(2024) X 1
`*カルデア・サマーアドベンチャー！ アンケート復刻版 開幕記念 ログインボーナス*
*開催期間中、1日1回 最大21回 ログインボーナスをプレゼント！*
`黄金の果実 X 1
`_2024-05-28 19:35:34_
--------
*3d6949021dc3c9c6374093e2ca92d22d*
`登陆天数: 8天 / 1531天
等级: 129
石头: 1035
呼符: 41
体力: 1784.5566666666666 / 138
友情点: 0 / 1018470`
*連続ログイン1日目
※ログインが途切れるか、7日到達すると
1日目から再開されます*
`フレンドポイント X 2000
5月交換券(2024) X 1
`*カルデア・サマーアドベンチャー！ アンケート復刻版 開幕記念 ログインボーナス*
*開催期間中、1日1回 最大21回 ログインボーナスをプレゼント！*
`黄金の果実 X 1
`_2024-05-28 19:35:42_
--------
*f86567cb94d07022b955f38c237ef97b*
`登陆天数: 8天 / 1199天
等级: 129
石头: 426
呼符: 36
体力: 10534.91 / 138
友情点: 0 / 787545`
*連続ログイン1日目
※ログインが途切れるか、7日到達すると
1日目から再開されます*
`フレンドポイント X 2000
5月交換券(2024) X 1
`*カルデア・サマーアドベンチャー！ アンケート復刻版 開幕記念 ログインボーナス*
*開催期間中、1日1回 最大21回 ログインボーナスをプレゼント！*
`黄金の果実 X 1
`_2024-05-28 19:35:51_
--------
*4782f4f90c2933454c63e17e1a16feab*
`登陆天数: 8天 / 1478天
等级: 127
石头: 773
呼符: 54
体力: 1784.5166666666667 / 137
友情点: 0 / 1094385`
*連続ログイン1日目
※ログインが途切れるか、7日到達すると
1日目から再開されます*
`フレンドポイント X 2000
5月交換券(2024) X 1
`*カルデア・サマーアドベンチャー！ アンケート復刻版 開幕記念 ログインボーナス*
*開催期間中、1日1回 最大21回 ログインボーナスをプレゼント！*
`黄金の果実 X 1
`_2024-05-28 19:35:59_
--------
*1205ae6adcbe9c4926a74330d0c7f526*
`登陆天数: 8天 / 1523天
等级: 130
石头: 2256
呼符: 12
体力: 1785.69 / 138
友情点: 0 / 950015`
*連続ログイン1日目
※ログインが途切れるか、7日到達すると
1日目から再開されます*
`フレンドポイント X 2000
5月交換券(2024) X 1
`*カルデア・サマーアドベンチャー！ アンケート復刻版 開幕記念 ログインボーナス*
*開催期間中、1日1回 最大21回 ログインボーナスをプレゼント！*
`黄金の果実 X 1
`_2024-05-28 19:36:07_
--------
*f5bdb6967d9a17d5d5d22c803ecc3a3c*
`登陆天数: 8天 / 1571天
等级: 131
石头: 620
呼符: 28
体力: 1784.3866666666668 / 138
友情点: 0 / 1231830`
*連続ログイン1日目
※ログインが途切れるか、7日到達すると
1日目から再開されます*
`フレンドポイント X 2000
5月交換券(2024) X 1
`*カルデア・サマーアドベンチャー！ アンケート復刻版 開幕記念 ログインボーナス*
*開催期間中、1日1回 最大21回 ログインボーナスをプレゼント！*
`黄金の果実 X 1
`_2024-05-28 19:36:15_
--------
