【登录信息】
*3e138f82f46bd6eeb41b5912a3fb4edd*
`登陆天数: 169天 / 1684天
等级: 128
石头: 1998
呼符: 57
体力: 26076.79 / 137
友情点: 0 / 1217665`
*連続ログイン1日目
※ログインが途切れるか、7日到達すると
1日目から再開されます*
`フレンドポイント X 2000
11月交換券(2024) X 1
`*秋の戦力増強キャンペーン特別ログインボーナス！*
*開催期間中、1日1回 最大7回 ログインボーナスをプレゼント！*
`QP X 3000000
`_2024-11-05 19:36:26_
--------
*01054c2267c91a9ae9c99dd2ac2bdadf*
`登陆天数: 169天 / 1747天
等级: 133
石头: 447
呼符: 91
体力: 26079.41 / 139
友情点: 0 / 127708005`
*連続ログイン1日目
※ログインが途切れるか、7日到達すると
1日目から再開されます*
`フレンドポイント X 2000
11月交換券(2024) X 1
`*秋の戦力増強キャンペーン特別ログインボーナス！*
*開催期間中、1日1回 最大7回 ログインボーナスをプレゼント！*
`QP X 3000000
`_2024-11-05 19:36:34_
--------
*3d6949021dc3c9c6374093e2ca92d22d*
`登陆天数: 169天 / 1692天
等级: 129
石头: 1597
呼符: 56
体力: 26075.863333333335 / 138
友情点: 0 / 1176470`
*連続ログイン1日目
※ログインが途切れるか、7日到達すると
1日目から再開されます*
`フレンドポイント X 2000
11月交換券(2024) X 1
`*秋の戦力増強キャンペーン特別ログインボーナス！*
*開催期間中、1日1回 最大7回 ログインボーナスをプレゼント！*
`QP X 3000000
`_2024-11-05 19:36:43_
--------
*f86567cb94d07022b955f38c237ef97b*
`登陆天数: 169天 / 1360天
等级: 129
石头: 943
呼符: 51
体力: 26077.056666666667 / 138
友情点: 0 / 945575`
*連続ログイン1日目
※ログインが途切れるか、7日到達すると
1日目から再開されます*
`フレンドポイント X 2000
11月交換券(2024) X 1
`*秋の戦力増強キャンペーン特別ログインボーナス！*
*開催期間中、1日1回 最大7回 ログインボーナスをプレゼント！*
`QP X 3000000
`_2024-11-05 19:36:51_
--------
*4782f4f90c2933454c63e17e1a16feab*
`登陆天数: 169天 / 1639天
等级: 127
石头: 1250
呼符: 69
体力: 26075.3 / 137
友情点: 0 / 1252385`
*連続ログイン1日目
※ログインが途切れるか、7日到達すると
1日目から再開されます*
`フレンドポイント X 2000
11月交換券(2024) X 1
`*秋の戦力増強キャンペーン特別ログインボーナス！*
*開催期間中、1日1回 最大7回 ログインボーナスをプレゼント！*
`QP X 3000000
`_2024-11-05 19:36:59_
--------
*1205ae6adcbe9c4926a74330d0c7f526*
`登陆天数: 169天 / 1684天
等级: 130
石头: 1567
呼符: 27
体力: 26076.716666666667 / 138
友情点: 0 / 1044105`
*連続ログイン1日目
※ログインが途切れるか、7日到達すると
1日目から再開されます*
`フレンドポイント X 2000
11月交換券(2024) X 1
`*秋の戦力増強キャンペーン特別ログインボーナス！*
*開催期間中、1日1回 最大7回 ログインボーナスをプレゼント！*
`QP X 3000000
`_2024-11-05 19:37:07_
--------
*f5bdb6967d9a17d5d5d22c803ecc3a3c*
`登陆天数: 169天 / 1732天
等级: 131
石头: 1162
呼符: 43
体力: 26077.536666666667 / 138
友情点: 0 / 1389905`
*連続ログイン1日目
※ログインが途切れるか、7日到達すると
1日目から再開されます*
`フレンドポイント X 2000
11月交換券(2024) X 1
`*秋の戦力増強キャンペーン特別ログインボーナス！*
*開催期間中、1日1回 最大7回 ログインボーナスをプレゼント！*
`QP X 3000000
`_2024-11-05 19:37:16_
--------
