【登录信息】
*3e138f82f46bd6eeb41b5912a3fb4edd*
`登陆天数: 176天 / 1691天
等级: 128
石头: 2264
呼符: 81
体力: 73.95333333333333 / 137
友情点: 0 / 1243665`
*連続ログイン1日目
※ログインが途切れるか、7日到達すると
1日目から再開されます*
`フレンドポイント X 2000
11月交換券(2024) X 1
`*「ぶち壊せ！ ミステリーハウス・クラフターズ ～星の鉱員と日の出の翼～」開幕直前特別ログインボーナス*
*開催期間中、1日1回 最大7回 ログインボーナスをプレゼント！*
`聖晶石 X 2
`_2024-11-12 19:35:24_
--------
*01054c2267c91a9ae9c99dd2ac2bdadf*
`登陆天数: 176天 / 1754天
等级: 133
石头: 713
呼符: 115
体力: 28095.206666666665 / 139
友情点: 0 / 127734005`
*連続ログイン1日目
※ログインが途切れるか、7日到達すると
1日目から再開されます*
`フレンドポイント X 2000
11月交換券(2024) X 1
`*「ぶち壊せ！ ミステリーハウス・クラフターズ ～星の鉱員と日の出の翼～」開幕直前特別ログインボーナス*
*開催期間中、1日1回 最大7回 ログインボーナスをプレゼント！*
`聖晶石 X 2
`_2024-11-12 19:35:33_
--------
*3d6949021dc3c9c6374093e2ca92d22d*
`登陆天数: 176天 / 1699天
等级: 129
石头: 1833
呼符: 80
体力: 71.59 / 138
友情点: 0 / 1202470`
*連続ログイン1日目
※ログインが途切れるか、7日到達すると
1日目から再開されます*
`フレンドポイント X 2000
11月交換券(2024) X 1
`*「ぶち壊せ！ ミステリーハウス・クラフターズ ～星の鉱員と日の出の翼～」開幕直前特別ログインボーナス*
*開催期間中、1日1回 最大7回 ログインボーナスをプレゼント！*
`聖晶石 X 2
`_2024-11-12 19:35:41_
--------
*f86567cb94d07022b955f38c237ef97b*
`登陆天数: 176天 / 1367天
等级: 129
石头: 1209
呼符: 75
体力: 74.03333333333333 / 138
友情点: 0 / 971575`
*連続ログイン1日目
※ログインが途切れるか、7日到達すると
1日目から再開されます*
`フレンドポイント X 2000
11月交換券(2024) X 1
`*「ぶち壊せ！ ミステリーハウス・クラフターズ ～星の鉱員と日の出の翼～」開幕直前特別ログインボーナス*
*開催期間中、1日1回 最大7回 ログインボーナスをプレゼント！*
`聖晶石 X 2
`_2024-11-12 19:35:49_
--------
*4782f4f90c2933454c63e17e1a16feab*
`登陆天数: 176天 / 1646天
等级: 127
石头: 1516
呼符: 93
体力: 71.17 / 137
友情点: 0 / 1278385`
*連続ログイン1日目
※ログインが途切れるか、7日到達すると
1日目から再開されます*
`フレンドポイント X 2000
11月交換券(2024) X 1
`*「ぶち壊せ！ ミステリーハウス・クラフターズ ～星の鉱員と日の出の翼～」開幕直前特別ログインボーナス*
*開催期間中、1日1回 最大7回 ログインボーナスをプレゼント！*
`聖晶石 X 2
`_2024-11-12 19:35:58_
--------
*1205ae6adcbe9c4926a74330d0c7f526*
`登陆天数: 176天 / 1691天
等级: 130
石头: 1833
呼符: 51
体力: 73.19333333333333 / 138
友情点: 0 / 1070105`
*連続ログイン1日目
※ログインが途切れるか、7日到達すると
1日目から再開されます*
`フレンドポイント X 2000
11月交換券(2024) X 1
`*「ぶち壊せ！ ミステリーハウス・クラフターズ ～星の鉱員と日の出の翼～」開幕直前特別ログインボーナス*
*開催期間中、1日1回 最大7回 ログインボーナスをプレゼント！*
`聖晶石 X 2
`_2024-11-12 19:36:06_
--------
*f5bdb6967d9a17d5d5d22c803ecc3a3c*
`登陆天数: 176天 / 1739天
等级: 131
石头: 1428
呼符: 67
体力: 28093.33 / 138
友情点: 0 / 1415905`
*連続ログイン1日目
※ログインが途切れるか、7日到達すると
1日目から再開されます*
`フレンドポイント X 2000
11月交換券(2024) X 1
`*「ぶち壊せ！ ミステリーハウス・クラフターズ ～星の鉱員と日の出の翼～」開幕直前特別ログインボーナス*
*開催期間中、1日1回 最大7回 ログインボーナスをプレゼント！*
`聖晶石 X 2
`_2024-11-12 19:36:15_
--------
