【登录信息】
*3e138f82f46bd6eeb41b5912a3fb4edd*
`登陆天数: 177天 / 1692天
等级: 128
石头: 2264
呼符: 81
体力: 362.00333333333333 / 137
友情点: 0 / 1243665`
*連続ログイン2日目
※ログインが途切れるか、7日到達すると
1日目から再開されます*
`聖晶石 X 1
11月交換券(2024) X 1
`_2024-11-13 19:35:40_
--------
*01054c2267c91a9ae9c99dd2ac2bdadf*
`登陆天数: 177天 / 1755天
等级: 133
石头: 713
呼符: 115
体力: 28383.256666666668 / 139
友情点: 0 / 127734005`
*連続ログイン2日目
※ログインが途切れるか、7日到達すると
1日目から再開されます*
`聖晶石 X 1
11月交換券(2024) X 1
`_2024-11-13 19:35:48_
--------
*3d6949021dc3c9c6374093e2ca92d22d*
`登陆天数: 177天 / 1700天
等级: 129
石头: 1833
呼符: 80
体力: 359.64 / 138
友情点: 0 / 1202470`
*連続ログイン2日目
※ログインが途切れるか、7日到達すると
1日目から再開されます*
`聖晶石 X 1
11月交換券(2024) X 1
`_2024-11-13 19:35:56_
--------
*f86567cb94d07022b955f38c237ef97b*
`登陆天数: 177天 / 1368天
等级: 129
石头: 1209
呼符: 75
体力: 362.08333333333337 / 138
友情点: 0 / 971575`
*連続ログイン2日目
※ログインが途切れるか、7日到達すると
1日目から再開されます*
`聖晶石 X 1
11月交換券(2024) X 1
`_2024-11-13 19:36:04_
--------
*4782f4f90c2933454c63e17e1a16feab*
`登陆天数: 177天 / 1647天
等级: 127
石头: 1516
呼符: 93
体力: 359.2166666666667 / 137
友情点: 0 / 1278385`
*連続ログイン2日目
※ログインが途切れるか、7日到達すると
1日目から再開されます*
`聖晶石 X 1
11月交換券(2024) X 1
`_2024-11-13 19:36:12_
--------
*1205ae6adcbe9c4926a74330d0c7f526*
`登陆天数: 177天 / 1692天
等级: 130
石头: 1833
呼符: 51
体力: 361.24 / 138
友情点: 0 / 1070105`
*連続ログイン2日目
※ログインが途切れるか、7日到達すると
1日目から再開されます*
`聖晶石 X 1
11月交換券(2024) X 1
`_2024-11-13 19:36:20_
--------
*f5bdb6967d9a17d5d5d22c803ecc3a3c*
`登陆天数: 177天 / 1740天
等级: 131
石头: 1428
呼符: 67
体力: 28381.376666666667 / 138
友情点: 0 / 1415905`
*連続ログイン2日目
※ログインが途切れるか、7日到達すると
1日目から再開されます*
`聖晶石 X 1
11月交換券(2024) X 1
`_2024-11-13 19:36:28_
--------
