【登录信息】
*3e138f82f46bd6eeb41b5912a3fb4edd*
`登陆天数: 180天 / 1695天
等级: 128
石头: 2264
呼符: 81
体力: 1226.6333333333334 / 137
友情点: 0 / 1243665`
*連続ログイン5日目
※ログインが途切れるか、7日到達すると
1日目から再開されます*
`叡智の業火 X 2
11月交換券(2024) X 1
`_2024-11-16 19:38:49_
--------
*01054c2267c91a9ae9c99dd2ac2bdadf*
`登陆天数: 180天 / 1758天
等级: 133
石头: 713
呼符: 115
体力: 29247.886666666665 / 139
友情点: 0 / 127734005`
*連続ログイン5日目
※ログインが途切れるか、7日到達すると
1日目から再開されます*
`叡智の業火 X 2
11月交換券(2024) X 1
`_2024-11-16 19:38:57_
--------
*3d6949021dc3c9c6374093e2ca92d22d*
`登陆天数: 180天 / 1703天
等级: 129
石头: 1833
呼符: 80
体力: 1224.27 / 138
友情点: 0 / 1202470`
*連続ログイン5日目
※ログインが途切れるか、7日到達すると
1日目から再開されます*
`叡智の業火 X 2
11月交換券(2024) X 1
`_2024-11-16 19:39:05_
--------
*f86567cb94d07022b955f38c237ef97b*
`登陆天数: 180天 / 1371天
等级: 129
石头: 1209
呼符: 75
体力: 1226.7133333333334 / 138
友情点: 0 / 971575`
*連続ログイン5日目
※ログインが途切れるか、7日到達すると
1日目から再開されます*
`叡智の業火 X 2
11月交換券(2024) X 1
`_2024-11-16 19:39:13_
--------
*4782f4f90c2933454c63e17e1a16feab*
`登陆天数: 180天 / 1650天
等级: 127
石头: 1516
呼符: 93
体力: 1223.8466666666666 / 137
友情点: 0 / 1278385`
*連続ログイン5日目
※ログインが途切れるか、7日到達すると
1日目から再開されます*
`叡智の業火 X 2
11月交換券(2024) X 1
`_2024-11-16 19:39:21_
--------
*1205ae6adcbe9c4926a74330d0c7f526*
`登陆天数: 180天 / 1695天
等级: 130
石头: 1833
呼符: 51
体力: 1225.87 / 138
友情点: 0 / 1070105`
*連続ログイン5日目
※ログインが途切れるか、7日到達すると
1日目から再開されます*
`叡智の業火 X 2
11月交換券(2024) X 1
`_2024-11-16 19:39:29_
--------
*f5bdb6967d9a17d5d5d22c803ecc3a3c*
`登陆天数: 180天 / 1743天
等级: 131
石头: 1428
呼符: 67
体力: 29246.006666666668 / 138
友情点: 0 / 1415905`
*連続ログイン5日目
※ログインが途切れるか、7日到達すると
1日目から再開されます*
`叡智の業火 X 2
11月交換券(2024) X 1
`_2024-11-16 19:39:37_
--------
