【登录信息】
*3e138f82f46bd6eeb41b5912a3fb4edd*
`登陆天数: 183天 / 1698天
等级: 128
石头: 2264
呼符: 81
体力: 2090.7666666666664 / 137
友情点: 0 / 1243665`
*連続ログイン1日目
※ログインが途切れるか、7日到達すると
1日目から再開されます*
`フレンドポイント X 2000
11月交換券(2024) X 1
`_2024-11-19 19:39:29_
--------
*01054c2267c91a9ae9c99dd2ac2bdadf*
`登陆天数: 183天 / 1761天
等级: 133
石头: 713
呼符: 115
体力: 30112.02 / 139
友情点: 0 / 127734005`
*連続ログイン1日目
※ログインが途切れるか、7日到達すると
1日目から再開されます*
`フレンドポイント X 2000
11月交換券(2024) X 1
`_2024-11-19 19:39:37_
--------
*3d6949021dc3c9c6374093e2ca92d22d*
`登陆天数: 183天 / 1706天
等级: 129
石头: 1833
呼符: 80
体力: 2088.4033333333336 / 138
友情点: 0 / 1202470`
*連続ログイン1日目
※ログインが途切れるか、7日到達すると
1日目から再開されます*
`フレンドポイント X 2000
11月交換券(2024) X 1
`_2024-11-19 19:39:45_
--------
*f86567cb94d07022b955f38c237ef97b*
`登陆天数: 183天 / 1374天
等级: 129
石头: 1209
呼符: 75
体力: 2090.8466666666664 / 138
友情点: 0 / 971575`
*連続ログイン1日目
※ログインが途切れるか、7日到達すると
1日目から再開されます*
`フレンドポイント X 2000
11月交換券(2024) X 1
`_2024-11-19 19:39:53_
--------
*4782f4f90c2933454c63e17e1a16feab*
`登陆天数: 183天 / 1653天
等级: 127
石头: 1516
呼符: 93
体力: 2087.98 / 137
友情点: 0 / 1278385`
*連続ログイン1日目
※ログインが途切れるか、7日到達すると
1日目から再開されます*
`フレンドポイント X 2000
11月交換券(2024) X 1
`_2024-11-19 19:40:02_
--------
*1205ae6adcbe9c4926a74330d0c7f526*
`登陆天数: 183天 / 1698天
等级: 130
石头: 1833
呼符: 51
体力: 2090.0066666666667 / 138
友情点: 0 / 1070105`
*連続ログイン1日目
※ログインが途切れるか、7日到達すると
1日目から再開されます*
`フレンドポイント X 2000
11月交換券(2024) X 1
`_2024-11-19 19:40:10_
--------
*f5bdb6967d9a17d5d5d22c803ecc3a3c*
`登陆天数: 183天 / 1746天
等级: 131
石头: 1428
呼符: 67
体力: 30110.143333333333 / 138
友情点: 0 / 1415905`
*連続ログイン1日目
※ログインが途切れるか、7日到達すると
1日目から再開されます*
`フレンドポイント X 2000
11月交換券(2024) X 1
`_2024-11-19 19:40:18_
--------
