【登录信息】
*3e138f82f46bd6eeb41b5912a3fb4edd*
`登陆天数: 185天 / 1700天
等级: 128
石头: 2264
呼符: 81
体力: 2666.76 / 137
友情点: 0 / 1243665`
*連続ログイン3日目
※ログインが途切れるか、7日到達すると
1日目から再開されます*
`叡智の業火 X 1
11月交換券(2024) X 1
`_2024-11-21 19:39:27_
--------
*01054c2267c91a9ae9c99dd2ac2bdadf*
`登陆天数: 185天 / 1763天
等级: 133
石头: 713
呼符: 115
体力: 30688.013333333332 / 139
友情点: 0 / 127734005`
*連続ログイン3日目
※ログインが途切れるか、7日到達すると
1日目から再開されます*
`叡智の業火 X 1
11月交換券(2024) X 1
`_2024-11-21 19:39:35_
--------
*3d6949021dc3c9c6374093e2ca92d22d*
`登陆天数: 185天 / 1708天
等级: 129
石头: 1833
呼符: 80
体力: 2664.4 / 138
友情点: 0 / 1202470`
*連続ログイン3日目
※ログインが途切れるか、7日到達すると
1日目から再開されます*
`叡智の業火 X 1
11月交換券(2024) X 1
`_2024-11-21 19:39:44_
--------
*f86567cb94d07022b955f38c237ef97b*
`登陆天数: 185天 / 1376天
等级: 129
石头: 1209
呼符: 75
体力: 2666.8433333333332 / 138
友情点: 0 / 971575`
*連続ログイン3日目
※ログインが途切れるか、7日到達すると
1日目から再開されます*
`叡智の業火 X 1
11月交換券(2024) X 1
`_2024-11-21 19:39:52_
--------
*4782f4f90c2933454c63e17e1a16feab*
`登陆天数: 185天 / 1655天
等级: 127
石头: 1516
呼符: 93
体力: 2663.9766666666665 / 137
友情点: 0 / 1278385`
*連続ログイン3日目
※ログインが途切れるか、7日到達すると
1日目から再開されます*
`叡智の業火 X 1
11月交換券(2024) X 1
`_2024-11-21 19:40:00_
--------
*1205ae6adcbe9c4926a74330d0c7f526*
`登陆天数: 185天 / 1700天
等级: 130
石头: 1833
呼符: 51
体力: 2666.0 / 138
友情点: 0 / 1070105`
*連続ログイン3日目
※ログインが途切れるか、7日到達すると
1日目から再開されます*
`叡智の業火 X 1
11月交換券(2024) X 1
`_2024-11-21 19:40:08_
--------
*f5bdb6967d9a17d5d5d22c803ecc3a3c*
`登陆天数: 185天 / 1748天
等级: 131
石头: 1428
呼符: 67
体力: 30686.136666666665 / 138
友情点: 0 / 1415905`
*連続ログイン3日目
※ログインが途切れるか、7日到達すると
1日目から再開されます*
`叡智の業火 X 1
11月交換券(2024) X 1
`_2024-11-21 19:40:16_
--------
