【登录信息】
*3e138f82f46bd6eeb41b5912a3fb4edd*
`登陆天数: 187天 / 1702天
等级: 128
石头: 2264
呼符: 81
体力: 3242.8033333333333 / 137
友情点: 0 / 1243665`
*連続ログイン5日目
※ログインが途切れるか、7日到達すると
1日目から再開されます*
`叡智の業火 X 2
11月交換券(2024) X 1
`_2024-11-23 19:39:40_
--------
*01054c2267c91a9ae9c99dd2ac2bdadf*
`登陆天数: 187天 / 1765天
等级: 133
石头: 713
呼符: 115
体力: 31264.056666666667 / 139
友情点: 0 / 127734005`
*連続ログイン5日目
※ログインが途切れるか、7日到達すると
1日目から再開されます*
`叡智の業火 X 2
11月交換券(2024) X 1
`_2024-11-23 19:39:48_
--------
*3d6949021dc3c9c6374093e2ca92d22d*
`登陆天数: 187天 / 1710天
等级: 129
石头: 1833
呼符: 80
体力: 3240.44 / 138
友情点: 0 / 1202470`
*連続ログイン5日目
※ログインが途切れるか、7日到達すると
1日目から再開されます*
`叡智の業火 X 2
11月交換券(2024) X 1
`_2024-11-23 19:39:56_
--------
*f86567cb94d07022b955f38c237ef97b*
`登陆天数: 187天 / 1378天
等级: 129
石头: 1209
呼符: 75
体力: 3242.8866666666668 / 138
友情点: 0 / 971575`
*連続ログイン5日目
※ログインが途切れるか、7日到達すると
1日目から再開されます*
`叡智の業火 X 2
11月交換券(2024) X 1
`_2024-11-23 19:40:05_
--------
*4782f4f90c2933454c63e17e1a16feab*
`登陆天数: 187天 / 1657天
等级: 127
石头: 1516
呼符: 93
体力: 3240.02 / 137
友情点: 0 / 1278385`
*連続ログイン5日目
※ログインが途切れるか、7日到達すると
1日目から再開されます*
`叡智の業火 X 2
11月交換券(2024) X 1
`_2024-11-23 19:40:13_
--------
*1205ae6adcbe9c4926a74330d0c7f526*
`登陆天数: 187天 / 1702天
等级: 130
石头: 1833
呼符: 51
体力: 3242.0433333333335 / 138
友情点: 0 / 1070105`
*連続ログイン5日目
※ログインが途切れるか、7日到達すると
1日目から再開されます*
`叡智の業火 X 2
11月交換券(2024) X 1
`_2024-11-23 19:40:21_
--------
*f5bdb6967d9a17d5d5d22c803ecc3a3c*
`登陆天数: 187天 / 1750天
等级: 131
石头: 1428
呼符: 67
体力: 31262.18 / 138
友情点: 0 / 1415905`
*連続ログイン5日目
※ログインが途切れるか、7日到達すると
1日目から再開されます*
`叡智の業火 X 2
11月交換券(2024) X 1
`_2024-11-23 19:40:29_
--------
