【登录信息】
*3e138f82f46bd6eeb41b5912a3fb4edd*
`登陆天数: 26天 / 1490天
等级: 127
石头: 2149
呼符: 32
体力: 172.51666666666665 / 137
友情点: 0 / 1053930`
*連続ログイン5日目
※ログインが途切れるか、7日到達すると
1日目から再開されます*
`叡智の業火 X 2
4月交換券(2024) X 1
`*「Fate/Dream Striker」リリース記念 初回ログインボーナス*
*開催期間中、初回ログインで「聖晶石×10」をプレゼント！*
`聖晶石 X 10
`_2024-03-31 19:33:54_
--------
*01054c2267c91a9ae9c99dd2ac2bdadf*
`登陆天数: 26天 / 1553天
等级: 133
石头: 597
呼符: 65
体力: 176.04333333333335 / 139
友情点: 0 / 127561970`
*連続ログイン5日目
※ログインが途切れるか、7日到達すると
1日目から再開されます*
`叡智の業火 X 2
4月交換券(2024) X 1
`*「Fate/Dream Striker」リリース記念 初回ログインボーナス*
*開催期間中、初回ログインで「聖晶石×10」をプレゼント！*
`聖晶石 X 10
`_2024-03-31 19:34:02_
--------
*3d6949021dc3c9c6374093e2ca92d22d*
`登陆天数: 26天 / 1498天
等级: 129
石头: 885
呼符: 29
体力: 191.08333333333334 / 138
友情点: 0 / 1005310`
*連続ログイン5日目
※ログインが途切れるか、7日到達すると
1日目から再開されます*
`叡智の業火 X 2
4月交換券(2024) X 1
`*「Fate/Dream Striker」リリース記念 初回ログインボーナス*
*開催期間中、初回ログインで「聖晶石×10」をプレゼント！*
`聖晶石 X 10
`_2024-03-31 19:34:11_
--------
*f86567cb94d07022b955f38c237ef97b*
`登陆天数: 26天 / 1166天
等级: 128
石头: 320
呼符: 25
体力: 174.17000000000002 / 137
友情点: 0 / 772855`
*連続ログイン5日目
※ログインが途切れるか、7日到達すると
1日目から再開されます*
`叡智の業火 X 2
4月交換券(2024) X 1
`*「Fate/Dream Striker」リリース記念 初回ログインボーナス*
*開催期間中、初回ログインで「聖晶石×10」をプレゼント！*
`聖晶石 X 10
`_2024-03-31 19:34:20_
--------
*4782f4f90c2933454c63e17e1a16feab*
`登陆天数: 26天 / 1445天
等级: 126
石头: 629
呼符: 42
体力: 174.19666666666666 / 137
友情点: 0 / 1078915`
*連続ログイン5日目
※ログインが途切れるか、7日到達すると
1日目から再開されます*
`叡智の業火 X 2
4月交換券(2024) X 1
`*「Fate/Dream Striker」リリース記念 初回ログインボーナス*
*開催期間中、初回ログインで「聖晶石×10」をプレゼント！*
`聖晶石 X 10
`_2024-03-31 19:34:28_
--------
