【登录信息】
*3e138f82f46bd6eeb41b5912a3fb4edd*
`登陆天数: 27天 / 1491天
等级: 127
石头: 2155
呼符: 32
体力: 104.83666666666667 / 137
友情点: 0 / 1053990`
*連続ログイン6日目
※ログインが途切れるか、7日到達すると
1日目から再開されます*
`聖晶石 X 2
4月交換券(2024) X 1
`*Fate/Grand Order 春の新米マスター応援キャンペーン2024！
特別ログインボーナス*
*開催期間中、1日1回 最大7回 回数ログインボーナスをプレゼント！*
`聖晶石 X 1
`_2024-04-01 19:34:59_
--------
*01054c2267c91a9ae9c99dd2ac2bdadf*
`登陆天数: 27天 / 1554天
等级: 133
石头: 648
呼符: 71
体力: 104.16666666666666 / 139
友情点: 0 / 127562030`
*連続ログイン6日目
※ログインが途切れるか、7日到達すると
1日目から再開されます*
`聖晶石 X 2
4月交換券(2024) X 1
`*Fate/Grand Order 春の新米マスター応援キャンペーン2024！
特別ログインボーナス*
*開催期間中、1日1回 最大7回 回数ログインボーナスをプレゼント！*
`聖晶石 X 1
`_2024-04-01 19:35:07_
--------
*3d6949021dc3c9c6374093e2ca92d22d*
`登陆天数: 27天 / 1499天
等级: 129
石头: 891
呼符: 29
体力: 104.41666666666666 / 138
友情点: 0 / 1005370`
*連続ログイン6日目
※ログインが途切れるか、7日到達すると
1日目から再開されます*
`聖晶石 X 2
4月交換券(2024) X 1
`*Fate/Grand Order 春の新米マスター応援キャンペーン2024！
特別ログインボーナス*
*開催期間中、1日1回 最大7回 回数ログインボーナスをプレゼント！*
`聖晶石 X 1
`_2024-04-01 19:35:16_
--------
*f86567cb94d07022b955f38c237ef97b*
`登陆天数: 27天 / 1167天
等级: 128
石头: 326
呼符: 25
体力: 103.58666666666667 / 137
友情点: 0 / 772915`
*連続ログイン6日目
※ログインが途切れるか、7日到達すると
1日目から再開されます*
`聖晶石 X 2
4月交換券(2024) X 1
`*Fate/Grand Order 春の新米マスター応援キャンペーン2024！
特別ログインボーナス*
*開催期間中、1日1回 最大7回 回数ログインボーナスをプレゼント！*
`聖晶石 X 1
`_2024-04-01 19:35:24_
--------
*4782f4f90c2933454c63e17e1a16feab*
`登陆天数: 27天 / 1446天
等级: 126
石头: 635
呼符: 42
体力: 99.97999999999999 / 137
友情点: 0 / 1079185`
*連続ログイン6日目
※ログインが途切れるか、7日到達すると
1日目から再開されます*
`聖晶石 X 2
4月交換券(2024) X 1
`*Fate/Grand Order 春の新米マスター応援キャンペーン2024！
特別ログインボーナス*
*開催期間中、1日1回 最大7回 回数ログインボーナスをプレゼント！*
`聖晶石 X 1
`_2024-04-01 19:35:33_
--------
