【登录信息】
*3e138f82f46bd6eeb41b5912a3fb4edd*
`登陆天数: 28天 / 1492天
等级: 127
石头: 2155
呼符: 32
体力: 59.66 / 137
友情点: 0 / 1054170`
*連続ログイン7日間到達おめでとうございます！
明日は1日目からリスタートされます。*
`獣の足跡 X 1
呼符 X 1
4月交換券(2024) X 1
`*Fate/Grand Order 春の新米マスター応援キャンペーン2024！
特別ログインボーナス*
*開催期間中、1日1回 最大7回 回数ログインボーナスをプレゼント！*
`聖晶石 X 1
`_2024-04-02 19:34:43_
--------
*01054c2267c91a9ae9c99dd2ac2bdadf*
`登陆天数: 28天 / 1555天
等级: 133
石头: 650
呼符: 71
体力: 62.91333333333333 / 139
友情点: 0 / 127562270`
*連続ログイン7日間到達おめでとうございます！
明日は1日目からリスタートされます。*
`獣の足跡 X 1
呼符 X 1
4月交換券(2024) X 1
`*Fate/Grand Order 春の新米マスター応援キャンペーン2024！
特別ログインボーナス*
*開催期間中、1日1回 最大7回 回数ログインボーナスをプレゼント！*
`聖晶石 X 1
`_2024-04-02 19:34:51_
--------
*3d6949021dc3c9c6374093e2ca92d22d*
`登陆天数: 28天 / 1500天
等级: 129
石头: 923
呼符: 31
体力: 62.04333333333334 / 138
友情点: 0 / 1007490`
*連続ログイン7日間到達おめでとうございます！
明日は1日目からリスタートされます。*
`獣の足跡 X 1
呼符 X 1
4月交換券(2024) X 1
`*Fate/Grand Order 春の新米マスター応援キャンペーン2024！
特別ログインボーナス*
*開催期間中、1日1回 最大7回 回数ログインボーナスをプレゼント！*
`聖晶石 X 1
`_2024-04-02 19:35:00_
--------
*f86567cb94d07022b955f38c237ef97b*
`登陆天数: 28天 / 1168天
等级: 128
石头: 326
呼符: 25
体力: 62.28 / 137
友情点: 0 / 773035`
*連続ログイン7日間到達おめでとうございます！
明日は1日目からリスタートされます。*
`獣の足跡 X 1
呼符 X 1
4月交換券(2024) X 1
`*Fate/Grand Order 春の新米マスター応援キャンペーン2024！
特別ログインボーナス*
*開催期間中、1日1回 最大7回 回数ログインボーナスをプレゼント！*
`聖晶石 X 1
`_2024-04-02 19:35:08_
--------
*4782f4f90c2933454c63e17e1a16feab*
`登陆天数: 28天 / 1447天
等级: 126
石头: 635
呼符: 42
体力: 191.79666666666668 / 137
友情点: 0 / 1079455`
*連続ログイン7日間到達おめでとうございます！
明日は1日目からリスタートされます。*
`獣の足跡 X 1
呼符 X 1
4月交換券(2024) X 1
`*Fate/Grand Order 春の新米マスター応援キャンペーン2024！
特別ログインボーナス*
*開催期間中、1日1回 最大7回 回数ログインボーナスをプレゼント！*
`聖晶石 X 1
`_2024-04-02 19:35:16_
--------
