【登录信息】
*3e138f82f46bd6eeb41b5912a3fb4edd*
`登陆天数: 29天 / 1493天
等级: 127
石头: 2185
呼符: 39
体力: 11.86333333333333 / 137
友情点: 0 / 1056390`
_2024-04-04 07:29:28_
--------
*01054c2267c91a9ae9c99dd2ac2bdadf*
`登陆天数: 29天 / 1556天
等级: 133
石头: 669
呼符: 72
体力: 12.626666666666665 / 139
友情点: 0 / 127564470`
_2024-04-04 07:29:36_
--------
*3d6949021dc3c9c6374093e2ca92d22d*
`登陆天数: 29天 / 1501天
等级: 129
石头: 923
呼符: 31
体力: 331.34333333333336 / 138
友情点: 0 / 1007550`
*連続ログイン1日目
※ログインが途切れるか、7日到達すると
1日目から再開されます*
`フレンドポイント X 2000
4月交換券(2024) X 1
`*日替りログインボーナス*
*開催期間中、1日1回 2週間日替りでログインボーナスをプレゼント！*
`聖晶石 X 1
巡霊の葉 X 50
`_2024-04-04 07:29:44_
--------
*f86567cb94d07022b955f38c237ef97b*
`登陆天数: 29天 / 1169天
等级: 128
石头: 357
呼符: 33
体力: 28.11 / 137
友情点: 0 / 775215`
_2024-04-04 07:29:53_
--------
*4782f4f90c2933454c63e17e1a16feab*
`登陆天数: 29天 / 1448天
等级: 126
石头: 680
呼符: 51
体力: 24.60666666666667 / 137
友情点: 0 / 1083995`
_2024-04-04 07:30:01_
--------
