【登录信息】
*3e138f82f46bd6eeb41b5912a3fb4edd*
`登陆天数: 30天 / 1494天
等级: 127
石头: 2185
呼符: 39
体力: 157.05666666666667 / 137
友情点: 0 / 1056390`
*連続ログイン2日目
※ログインが途切れるか、7日到達すると
1日目から再開されます*
`聖晶石 X 1
4月交換券(2024) X 1
`*日替りログインボーナス*
*開催期間中、1日1回 2週間日替りでログインボーナスをプレゼント！*
`巡霊の葉 X 30
`_2024-04-04 19:35:25_
--------
*01054c2267c91a9ae9c99dd2ac2bdadf*
`登陆天数: 30天 / 1557天
等级: 133
石头: 671
呼符: 72
体力: 47.81666666666666 / 139
友情点: 0 / 127564570`
*連続ログイン2日目
※ログインが途切れるか、7日到達すると
1日目から再開されます*
`聖晶石 X 1
4月交換券(2024) X 1
`*日替りログインボーナス*
*開催期間中、1日1回 2週間日替りでログインボーナスをプレゼント！*
`巡霊の葉 X 30
`_2024-04-04 19:35:33_
--------
*3d6949021dc3c9c6374093e2ca92d22d*
`登陆天数: 30天 / 1502天
等级: 129
石头: 923
呼符: 31
体力: 476.5366666666667 / 138
友情点: 0 / 1007550`
*連続ログイン2日目
※ログインが途切れるか、7日到達すると
1日目から再開されます*
`聖晶石 X 1
4月交換券(2024) X 1
`*日替りログインボーナス*
*開催期間中、1日1回 2週間日替りでログインボーナスをプレゼント！*
`巡霊の葉 X 30
`_2024-04-04 19:35:42_
--------
*f86567cb94d07022b955f38c237ef97b*
`登陆天数: 30天 / 1170天
等级: 128
石头: 357
呼符: 33
体力: 173.3 / 137
友情点: 0 / 775215`
*連続ログイン2日目
※ログインが途切れるか、7日到達すると
1日目から再開されます*
`聖晶石 X 1
4月交換券(2024) X 1
`*日替りログインボーナス*
*開催期間中、1日1回 2週間日替りでログインボーナスをプレゼント！*
`巡霊の葉 X 30
`_2024-04-04 19:35:50_
--------
*4782f4f90c2933454c63e17e1a16feab*
`登陆天数: 30天 / 1449天
等级: 126
石头: 680
呼符: 51
体力: 169.8 / 137
友情点: 0 / 1083995`
*連続ログイン2日目
※ログインが途切れるか、7日到達すると
1日目から再開されます*
`聖晶石 X 1
4月交換券(2024) X 1
`*日替りログインボーナス*
*開催期間中、1日1回 2週間日替りでログインボーナスをプレゼント！*
`巡霊の葉 X 30
`_2024-04-04 19:35:59_
--------
