【登录信息】
*3e138f82f46bd6eeb41b5912a3fb4edd*
`登陆天数: 31天 / 1495天
等级: 127
石头: 2185
呼符: 39
体力: 78.68666666666667 / 137
友情点: 0 / 1056525`
*連続ログイン3日目
※ログインが途切れるか、7日到達すると
1日目から再開されます*
`叡智の業火 X 1
4月交換券(2024) X 1
`*日替りログインボーナス*
*開催期間中、1日1回 2週間日替りでログインボーナスをプレゼント！*
`巡霊の葉 X 30
`_2024-04-05 19:35:16_
--------
*01054c2267c91a9ae9c99dd2ac2bdadf*
`登陆天数: 31天 / 1558天
等级: 133
石头: 672
呼符: 73
体力: 62.150000000000006 / 139
友情点: 0 / 127564725`
*連続ログイン3日目
※ログインが途切れるか、7日到達すると
1日目から再開されます*
`叡智の業火 X 1
4月交換券(2024) X 1
`*日替りログインボーナス*
*開催期間中、1日1回 2週間日替りでログインボーナスをプレゼント！*
`巡霊の葉 X 30
`_2024-04-05 19:35:24_
--------
*3d6949021dc3c9c6374093e2ca92d22d*
`登陆天数: 31天 / 1503天
等级: 129
石头: 969
呼符: 38
体力: 63.91333333333333 / 138
友情点: 0 / 1009650`
*連続ログイン3日目
※ログインが途切れるか、7日到達すると
1日目から再開されます*
`叡智の業火 X 1
4月交換券(2024) X 1
`*日替りログインボーナス*
*開催期間中、1日1回 2週間日替りでログインボーナスをプレゼント！*
`巡霊の葉 X 30
`_2024-04-05 19:35:32_
--------
*f86567cb94d07022b955f38c237ef97b*
`登陆天数: 31天 / 1171天
等级: 128
石头: 357
呼符: 33
体力: 71.09333333333333 / 137
友情点: 0 / 775335`
*連続ログイン3日目
※ログインが途切れるか、7日到達すると
1日目から再開されます*
`叡智の業火 X 1
4月交換券(2024) X 1
`*日替りログインボーナス*
*開催期間中、1日1回 2週間日替りでログインボーナスをプレゼント！*
`巡霊の葉 X 30
`_2024-04-05 19:35:40_
--------
*4782f4f90c2933454c63e17e1a16feab*
`登陆天数: 31天 / 1450天
等级: 126
石头: 680
呼符: 51
体力: 64.78 / 137
友情点: 0 / 1084305`
*連続ログイン3日目
※ログインが途切れるか、7日到達すると
1日目から再開されます*
`叡智の業火 X 1
4月交換券(2024) X 1
`*日替りログインボーナス*
*開催期間中、1日1回 2週間日替りでログインボーナスをプレゼント！*
`巡霊の葉 X 30
`_2024-04-05 19:35:48_
--------
