【登录信息】
*3e138f82f46bd6eeb41b5912a3fb4edd*
`登陆天数: 32天 / 1496天
等级: 127
石头: 2185
呼符: 39
体力: 55.376666666666665 / 137
友情点: 0 / 1056595`
*連続ログイン4日目
※ログインが途切れるか、7日到達すると
1日目から再開されます*
`聖晶石 X 1
4月交換券(2024) X 1
`*日替りログインボーナス*
*開催期間中、1日1回 2週間日替りでログインボーナスをプレゼント！*
`聖晶石 X 1
巡霊の葉 X 80
`_2024-04-06 19:34:33_
--------
*01054c2267c91a9ae9c99dd2ac2bdadf*
`登陆天数: 32天 / 1559天
等级: 133
石头: 672
呼符: 73
体力: 55.53666666666666 / 139
友情点: 0 / 127564795`
*連続ログイン4日目
※ログインが途切れるか、7日到達すると
1日目から再開されます*
`聖晶石 X 1
4月交換券(2024) X 1
`*日替りログインボーナス*
*開催期間中、1日1回 2週間日替りでログインボーナスをプレゼント！*
`聖晶石 X 1
巡霊の葉 X 80
`_2024-04-06 19:34:41_
--------
*3d6949021dc3c9c6374093e2ca92d22d*
`登陆天数: 32天 / 1504天
等级: 129
石头: 969
呼符: 38
体力: 54.58666666666667 / 138
友情点: 0 / 1009720`
*連続ログイン4日目
※ログインが途切れるか、7日到達すると
1日目から再開されます*
`聖晶石 X 1
4月交換券(2024) X 1
`*日替りログインボーナス*
*開催期間中、1日1回 2週間日替りでログインボーナスをプレゼント！*
`聖晶石 X 1
巡霊の葉 X 80
`_2024-04-06 19:34:50_
--------
*f86567cb94d07022b955f38c237ef97b*
`登陆天数: 32天 / 1172天
等级: 128
石头: 357
呼符: 33
体力: 53.620000000000005 / 137
友情点: 0 / 775405`
*連続ログイン4日目
※ログインが途切れるか、7日到達すると
1日目から再開されます*
`聖晶石 X 1
4月交換券(2024) X 1
`*日替りログインボーナス*
*開催期間中、1日1回 2週間日替りでログインボーナスをプレゼント！*
`聖晶石 X 1
巡霊の葉 X 80
`_2024-04-06 19:34:58_
--------
*4782f4f90c2933454c63e17e1a16feab*
`登陆天数: 32天 / 1451天
等级: 126
石头: 680
呼符: 51
体力: 55.49333333333334 / 137
友情点: 0 / 1084480`
*連続ログイン4日目
※ログインが途切れるか、7日到達すると
1日目から再開されます*
`聖晶石 X 1
4月交換券(2024) X 1
`*日替りログインボーナス*
*開催期間中、1日1回 2週間日替りでログインボーナスをプレゼント！*
`聖晶石 X 1
巡霊の葉 X 80
`_2024-04-06 19:35:07_
--------
