【登录信息】
*3e138f82f46bd6eeb41b5912a3fb4edd*
`登陆天数: 33天 / 1497天
等级: 127
石头: 2187
呼符: 39
体力: 65.56666666666666 / 137
友情点: 0 / 1056665`
*連続ログイン5日目
※ログインが途切れるか、7日到達すると
1日目から再開されます*
`叡智の業火 X 2
4月交換券(2024) X 1
`*日替りログインボーナス*
*開催期間中、1日1回 2週間日替りでログインボーナスをプレゼント！*
`巡霊の葉 X 30
`_2024-04-07 19:34:01_
--------
*01054c2267c91a9ae9c99dd2ac2bdadf*
`登陆天数: 33天 / 1560天
等级: 133
石头: 672
呼符: 73
体力: 71.93666666666667 / 139
友情点: 0 / 127565055`
*連続ログイン5日目
※ログインが途切れるか、7日到達すると
1日目から再開されます*
`叡智の業火 X 2
4月交換券(2024) X 1
`*日替りログインボーナス*
*開催期間中、1日1回 2週間日替りでログインボーナスをプレゼント！*
`巡霊の葉 X 30
`_2024-04-07 19:34:09_
--------
*3d6949021dc3c9c6374093e2ca92d22d*
`登陆天数: 33天 / 1505天
等级: 129
石头: 969
呼符: 38
体力: 64.88666666666667 / 138
友情点: 0 / 1009780`
*連続ログイン5日目
※ログインが途切れるか、7日到達すると
1日目から再開されます*
`叡智の業火 X 2
4月交換券(2024) X 1
`*日替りログインボーナス*
*開催期間中、1日1回 2週間日替りでログインボーナスをプレゼント！*
`巡霊の葉 X 30
`_2024-04-07 19:34:17_
--------
*f86567cb94d07022b955f38c237ef97b*
`登陆天数: 33天 / 1173天
等级: 128
石头: 359
呼符: 33
体力: 64.99 / 137
友情点: 0 / 775475`
*連続ログイン5日目
※ログインが途切れるか、7日到達すると
1日目から再開されます*
`叡智の業火 X 2
4月交換券(2024) X 1
`*日替りログインボーナス*
*開催期間中、1日1回 2週間日替りでログインボーナスをプレゼント！*
`巡霊の葉 X 30
`_2024-04-07 19:34:25_
--------
*4782f4f90c2933454c63e17e1a16feab*
`登陆天数: 33天 / 1452天
等级: 126
石头: 682
呼符: 51
体力: 76.67666666666668 / 137
友情点: 0 / 1084680`
*連続ログイン5日目
※ログインが途切れるか、7日到達すると
1日目から再開されます*
`叡智の業火 X 2
4月交換券(2024) X 1
`*日替りログインボーナス*
*開催期間中、1日1回 2週間日替りでログインボーナスをプレゼント！*
`巡霊の葉 X 30
`_2024-04-07 19:34:33_
--------
