【登录信息】
*3e138f82f46bd6eeb41b5912a3fb4edd*
`登陆天数: 34天 / 1498天
等级: 127
石头: 2191
呼符: 39
体力: 190.88666666666666 / 137
友情点: 0 / 1056725`
*連続ログイン6日目
※ログインが途切れるか、7日到達すると
1日目から再開されます*
`聖晶石 X 2
4月交換券(2024) X 1
`*日替りログインボーナス*
*開催期間中、1日1回 2週間日替りでログインボーナスをプレゼント！*
`巡霊の葉 X 30
`_2024-04-08 19:34:42_
--------
*01054c2267c91a9ae9c99dd2ac2bdadf*
`登陆天数: 34天 / 1561天
等级: 133
石头: 672
呼符: 73
体力: 54.790000000000006 / 139
友情点: 0 / 127565185`
*連続ログイン6日目
※ログインが途切れるか、7日到達すると
1日目から再開されます*
`聖晶石 X 2
4月交換券(2024) X 1
`*日替りログインボーナス*
*開催期間中、1日1回 2週間日替りでログインボーナスをプレゼント！*
`巡霊の葉 X 30
`_2024-04-08 19:34:50_
--------
*3d6949021dc3c9c6374093e2ca92d22d*
`登陆天数: 34天 / 1506天
等级: 129
石头: 969
呼符: 38
体力: 187.81333333333333 / 138
友情点: 0 / 1009840`
*連続ログイン6日目
※ログインが途切れるか、7日到達すると
1日目から再開されます*
`聖晶石 X 2
4月交換券(2024) X 1
`*日替りログインボーナス*
*開催期間中、1日1回 2週間日替りでログインボーナスをプレゼント！*
`巡霊の葉 X 30
`_2024-04-08 19:34:58_
--------
*f86567cb94d07022b955f38c237ef97b*
`登陆天数: 34天 / 1174天
等级: 128
石头: 359
呼符: 33
体力: 55.75333333333333 / 137
友情点: 0 / 775595`
*連続ログイン6日目
※ログインが途切れるか、7日到達すると
1日目から再開されます*
`聖晶石 X 2
4月交換券(2024) X 1
`*日替りログインボーナス*
*開催期間中、1日1回 2週間日替りでログインボーナスをプレゼント！*
`巡霊の葉 X 30
`_2024-04-08 19:35:06_
--------
*4782f4f90c2933454c63e17e1a16feab*
`登陆天数: 34天 / 1453天
等级: 126
石头: 686
呼符: 51
体力: 184.97666666666666 / 137
友情点: 0 / 1084930`
*連続ログイン6日目
※ログインが途切れるか、7日到達すると
1日目から再開されます*
`聖晶石 X 2
4月交換券(2024) X 1
`*日替りログインボーナス*
*開催期間中、1日1回 2週間日替りでログインボーナスをプレゼント！*
`巡霊の葉 X 30
`_2024-04-08 19:35:13_
--------
