【登录信息】
*3e138f82f46bd6eeb41b5912a3fb4edd*
`登陆天数: 35天 / 1499天
等级: 127
石头: 2194
呼符: 39
体力: 53.63333333333334 / 137
友情点: 0 / 1056815`
*連続ログイン7日間到達おめでとうございます！
明日は1日目からリスタートされます。*
`獣の足跡 X 1
呼符 X 1
4月交換券(2024) X 1
`*日替りログインボーナス*
*開催期間中、1日1回 2週間日替りでログインボーナスをプレゼント！*
`聖晶石 X 3
巡霊の葉 X 50
`_2024-04-09 19:34:05_
--------
*01054c2267c91a9ae9c99dd2ac2bdadf*
`登陆天数: 35天 / 1562天
等级: 133
石头: 672
呼符: 73
体力: 56.31 / 139
友情点: 0 / 127565315`
*連続ログイン7日間到達おめでとうございます！
明日は1日目からリスタートされます。*
`獣の足跡 X 1
呼符 X 1
4月交換券(2024) X 1
`*日替りログインボーナス*
*開催期間中、1日1回 2週間日替りでログインボーナスをプレゼント！*
`聖晶石 X 3
巡霊の葉 X 50
`_2024-04-09 19:34:14_
--------
*3d6949021dc3c9c6374093e2ca92d22d*
`登陆天数: 35天 / 1507天
等级: 129
石头: 969
呼符: 38
体力: 57.50666666666666 / 138
友情点: 0 / 1009930`
*連続ログイン7日間到達おめでとうございます！
明日は1日目からリスタートされます。*
`獣の足跡 X 1
呼符 X 1
4月交換券(2024) X 1
`*日替りログインボーナス*
*開催期間中、1日1回 2週間日替りでログインボーナスをプレゼント！*
`聖晶石 X 3
巡霊の葉 X 50
`_2024-04-09 19:34:23_
--------
*f86567cb94d07022b955f38c237ef97b*
`登陆天数: 35天 / 1175天
等级: 128
石头: 359
呼符: 33
体力: 50.33333333333333 / 137
友情点: 0 / 775715`
*連続ログイン7日間到達おめでとうございます！
明日は1日目からリスタートされます。*
`獣の足跡 X 1
呼符 X 1
4月交換券(2024) X 1
`*日替りログインボーナス*
*開催期間中、1日1回 2週間日替りでログインボーナスをプレゼント！*
`聖晶石 X 3
巡霊の葉 X 50
`_2024-04-09 19:34:32_
--------
*4782f4f90c2933454c63e17e1a16feab*
`登陆天数: 35天 / 1454天
等级: 126
石头: 686
呼符: 51
体力: 53.74666666666667 / 137
友情点: 0 / 1085155`
*連続ログイン7日間到達おめでとうございます！
明日は1日目からリスタートされます。*
`獣の足跡 X 1
呼符 X 1
4月交換券(2024) X 1
`*日替りログインボーナス*
*開催期間中、1日1回 2週間日替りでログインボーナスをプレゼント！*
`聖晶石 X 3
巡霊の葉 X 50
`_2024-04-09 19:34:40_
--------
