【登录信息】
*3e138f82f46bd6eeb41b5912a3fb4edd*
`登陆天数: 36天 / 1500天
等级: 127
石头: 2205
呼符: 40
体力: 71.34333333333333 / 137
友情点: 0 / 1056875`
*連続ログイン1日目
※ログインが途切れるか、7日到達すると
1日目から再開されます*
`フレンドポイント X 2000
4月交換券(2024) X 1
`*日替りログインボーナス*
*開催期間中、1日1回 2週間日替りでログインボーナスをプレゼント！*
`聖晶石 X 1
巡霊の葉 X 50
`_2024-04-10 19:33:59_
--------
*01054c2267c91a9ae9c99dd2ac2bdadf*
`登陆天数: 36天 / 1563天
等级: 133
石头: 682
呼符: 74
体力: 70.53 / 139
友情点: 0 / 127565375`
*連続ログイン1日目
※ログインが途切れるか、7日到達すると
1日目から再開されます*
`フレンドポイント X 2000
4月交換券(2024) X 1
`*日替りログインボーナス*
*開催期間中、1日1回 2週間日替りでログインボーナスをプレゼント！*
`聖晶石 X 1
巡霊の葉 X 50
`_2024-04-10 19:34:07_
--------
*3d6949021dc3c9c6374093e2ca92d22d*
`登陆天数: 36天 / 1508天
等级: 129
石头: 979
呼符: 39
体力: 69.56 / 138
友情点: 0 / 1009990`
*連続ログイン1日目
※ログインが途切れるか、7日到達すると
1日目から再開されます*
`フレンドポイント X 2000
4月交換券(2024) X 1
`*日替りログインボーナス*
*開催期間中、1日1回 2週間日替りでログインボーナスをプレゼント！*
`聖晶石 X 1
巡霊の葉 X 50
`_2024-04-10 19:34:16_
--------
*f86567cb94d07022b955f38c237ef97b*
`登陆天数: 36天 / 1176天
等级: 128
石头: 370
呼符: 34
体力: 68.59666666666666 / 137
友情点: 0 / 775775`
*連続ログイン1日目
※ログインが途切れるか、7日到達すると
1日目から再開されます*
`フレンドポイント X 2000
4月交換券(2024) X 1
`*日替りログインボーナス*
*開催期間中、1日1回 2週間日替りでログインボーナスをプレゼント！*
`聖晶石 X 1
巡霊の葉 X 50
`_2024-04-10 19:34:25_
--------
*4782f4f90c2933454c63e17e1a16feab*
`登陆天数: 36天 / 1455天
等级: 126
石头: 727
呼符: 52
体力: 71.47 / 137
友情点: 0 / 1085305`
*連続ログイン1日目
※ログインが途切れるか、7日到達すると
1日目から再開されます*
`フレンドポイント X 2000
4月交換券(2024) X 1
`*日替りログインボーナス*
*開催期間中、1日1回 2週間日替りでログインボーナスをプレゼント！*
`聖晶石 X 1
巡霊の葉 X 50
`_2024-04-10 19:34:33_
--------
