【登录信息】
*3e138f82f46bd6eeb41b5912a3fb4edd*
`登陆天数: 37天 / 1501天
等级: 128
石头: 2209
呼符: 40
体力: 71.08666666666667 / 137
友情点: 0 / 1059365`
*連続ログイン2日目
※ログインが途切れるか、7日到達すると
1日目から再開されます*
`聖晶石 X 1
4月交換券(2024) X 1
`*日替りログインボーナス*
*開催期間中、1日1回 2週間日替りでログインボーナスをプレゼント！*
`巡霊の葉 X 30
`_2024-04-11 19:34:56_
--------
*01054c2267c91a9ae9c99dd2ac2bdadf*
`登陆天数: 37天 / 1564天
等级: 133
石头: 682
呼符: 74
体力: 51.55666666666667 / 139
友情点: 0 / 127565515`
*連続ログイン2日目
※ログインが途切れるか、7日到達すると
1日目から再開されます*
`聖晶石 X 1
4月交換券(2024) X 1
`*日替りログインボーナス*
*開催期間中、1日1回 2週間日替りでログインボーナスをプレゼント！*
`巡霊の葉 X 30
`_2024-04-11 19:35:05_
--------
*3d6949021dc3c9c6374093e2ca92d22d*
`登陆天数: 37天 / 1509天
等级: 129
石头: 979
呼符: 39
体力: 55.57666666666667 / 138
友情点: 0 / 1010090`
*連続ログイン2日目
※ログインが途切れるか、7日到達すると
1日目から再開されます*
`聖晶石 X 1
4月交換券(2024) X 1
`*日替りログインボーナス*
*開催期間中、1日1回 2週間日替りでログインボーナスをプレゼント！*
`巡霊の葉 X 30
`_2024-04-11 19:35:13_
--------
*f86567cb94d07022b955f38c237ef97b*
`登陆天数: 37天 / 1177天
等级: 128
石头: 375
呼符: 34
体力: 45.64333333333333 / 137
友情点: 0 / 778075`
*連続ログイン2日目
※ログインが途切れるか、7日到達すると
1日目から再開されます*
`聖晶石 X 1
4月交換券(2024) X 1
`*日替りログインボーナス*
*開催期間中、1日1回 2週間日替りでログインボーナスをプレゼント！*
`巡霊の葉 X 30
`_2024-04-11 19:35:22_
--------
*4782f4f90c2933454c63e17e1a16feab*
`登陆天数: 37天 / 1456天
等级: 126
石头: 727
呼符: 52
体力: 56.260000000000005 / 137
友情点: 0 / 1085455`
*連続ログイン2日目
※ログインが途切れるか、7日到達すると
1日目から再開されます*
`聖晶石 X 1
4月交換券(2024) X 1
`*日替りログインボーナス*
*開催期間中、1日1回 2週間日替りでログインボーナスをプレゼント！*
`巡霊の葉 X 30
`_2024-04-11 19:35:30_
--------
