【登录信息】
*3e138f82f46bd6eeb41b5912a3fb4edd*
`登陆天数: 38天 / 1502天
等级: 128
石头: 2209
呼符: 40
体力: 94.50666666666666 / 137
友情点: 0 / 1059395`
*連続ログイン3日目
※ログインが途切れるか、7日到達すると
1日目から再開されます*
`叡智の業火 X 1
4月交換券(2024) X 1
`*日替りログインボーナス*
*開催期間中、1日1回 2週間日替りでログインボーナスをプレゼント！*
`巡霊の葉 X 30
`_2024-04-12 19:34:18_
--------
*01054c2267c91a9ae9c99dd2ac2bdadf*
`登陆天数: 38天 / 1565天
等级: 133
石头: 685
呼符: 74
体力: 80.77000000000001 / 139
友情点: 0 / 127565575`
*連続ログイン3日目
※ログインが途切れるか、7日到達すると
1日目から再開されます*
`叡智の業火 X 1
4月交換券(2024) X 1
`*日替りログインボーナス*
*開催期間中、1日1回 2週間日替りでログインボーナスをプレゼント！*
`巡霊の葉 X 30
`_2024-04-12 19:34:26_
--------
*3d6949021dc3c9c6374093e2ca92d22d*
`登陆天数: 38天 / 1510天
等级: 129
石头: 985
呼符: 39
体力: 80.16 / 138
友情点: 0 / 1010150`
*連続ログイン3日目
※ログインが途切れるか、7日到達すると
1日目から再開されます*
`叡智の業火 X 1
4月交換券(2024) X 1
`*日替りログインボーナス*
*開催期間中、1日1回 2週間日替りでログインボーナスをプレゼント！*
`巡霊の葉 X 30
`_2024-04-12 19:34:34_
--------
*f86567cb94d07022b955f38c237ef97b*
`登陆天数: 38天 / 1178天
等级: 128
石头: 375
呼符: 34
体力: 79.10666666666667 / 137
友情点: 0 / 778135`
*連続ログイン3日目
※ログインが途切れるか、7日到達すると
1日目から再開されます*
`叡智の業火 X 1
4月交換券(2024) X 1
`*日替りログインボーナス*
*開催期間中、1日1回 2週間日替りでログインボーナスをプレゼント！*
`巡霊の葉 X 30
`_2024-04-12 19:34:42_
--------
*4782f4f90c2933454c63e17e1a16feab*
`登陆天数: 38天 / 1457天
等级: 126
石头: 727
呼符: 52
体力: 94.62 / 137
友情点: 0 / 1085500`
*連続ログイン3日目
※ログインが途切れるか、7日到達すると
1日目から再開されます*
`叡智の業火 X 1
4月交換券(2024) X 1
`*日替りログインボーナス*
*開催期間中、1日1回 2週間日替りでログインボーナスをプレゼント！*
`巡霊の葉 X 30
`_2024-04-12 19:34:51_
--------
