【登录信息】
*3e138f82f46bd6eeb41b5912a3fb4edd*
`登陆天数: 39天 / 1503天
等级: 128
石头: 2209
呼符: 40
体力: 169.47333333333333 / 137
友情点: 0 / 1059425`
*連続ログイン4日目
※ログインが途切れるか、7日到達すると
1日目から再開されます*
`聖晶石 X 1
4月交換券(2024) X 1
`*日替りログインボーナス*
*開催期間中、1日1回 2週間日替りでログインボーナスをプレゼント！*
`聖晶石 X 1
巡霊の葉 X 80
`_2024-04-13 19:35:21_
--------
*01054c2267c91a9ae9c99dd2ac2bdadf*
`登陆天数: 39天 / 1566天
等级: 133
石头: 689
呼符: 74
体力: 169.34333333333333 / 139
友情点: 0 / 127565605`
*連続ログイン4日目
※ログインが途切れるか、7日到達すると
1日目から再開されます*
`聖晶石 X 1
4月交換券(2024) X 1
`*日替りログインボーナス*
*開催期間中、1日1回 2週間日替りでログインボーナスをプレゼント！*
`聖晶石 X 1
巡霊の葉 X 80
`_2024-04-13 19:35:30_
--------
*3d6949021dc3c9c6374093e2ca92d22d*
`登陆天数: 39天 / 1511天
等级: 129
石头: 989
呼符: 39
体力: 168.37666666666667 / 138
友情点: 0 / 1010180`
*連続ログイン4日目
※ログインが途切れるか、7日到達すると
1日目から再開されます*
`聖晶石 X 1
4月交換券(2024) X 1
`*日替りログインボーナス*
*開催期間中、1日1回 2週間日替りでログインボーナスをプレゼント！*
`聖晶石 X 1
巡霊の葉 X 80
`_2024-04-13 19:35:38_
--------
*f86567cb94d07022b955f38c237ef97b*
`登陆天数: 39天 / 1179天
等级: 128
石头: 375
呼符: 34
体力: 167.4 / 137
友情点: 0 / 778165`
*連続ログイン4日目
※ログインが途切れるか、7日到達すると
1日目から再開されます*
`聖晶石 X 1
4月交換券(2024) X 1
`*日替りログインボーナス*
*開催期間中、1日1回 2週間日替りでログインボーナスをプレゼント！*
`聖晶石 X 1
巡霊の葉 X 80
`_2024-04-13 19:35:46_
--------
*4782f4f90c2933454c63e17e1a16feab*
`登陆天数: 39天 / 1458天
等级: 126
石头: 727
呼符: 52
体力: 169.66333333333333 / 137
友情点: 0 / 1085575`
*連続ログイン4日目
※ログインが途切れるか、7日到達すると
1日目から再開されます*
`聖晶石 X 1
4月交換券(2024) X 1
`*日替りログインボーナス*
*開催期間中、1日1回 2週間日替りでログインボーナスをプレゼント！*
`聖晶石 X 1
巡霊の葉 X 80
`_2024-04-13 19:35:55_
--------
