【登录信息】
*3e138f82f46bd6eeb41b5912a3fb4edd*
`登陆天数: 40天 / 1504天
等级: 128
石头: 2209
呼符: 40
体力: 186.02333333333334 / 137
友情点: 0 / 1059455`
*連続ログイン5日目
※ログインが途切れるか、7日到達すると
1日目から再開されます*
`叡智の業火 X 2
4月交換券(2024) X 1
`*日替りログインボーナス*
*開催期間中、1日1回 2週間日替りでログインボーナスをプレゼント！*
`巡霊の葉 X 30
`_2024-04-14 23:00:56_
--------
*01054c2267c91a9ae9c99dd2ac2bdadf*
`登陆天数: 40天 / 1567天
等级: 133
石头: 689
呼符: 74
体力: 185.91666666666666 / 139
友情点: 0 / 127565635`
*連続ログイン5日目
※ログインが途切れるか、7日到達すると
1日目から再開されます*
`叡智の業火 X 2
4月交換券(2024) X 1
`*日替りログインボーナス*
*開催期間中、1日1回 2週間日替りでログインボーナスをプレゼント！*
`巡霊の葉 X 30
`_2024-04-14 23:01:04_
--------
*3d6949021dc3c9c6374093e2ca92d22d*
`登陆天数: 40天 / 1512天
等级: 129
石头: 989
呼符: 39
体力: 184.94333333333333 / 138
友情点: 0 / 1010210`
*連続ログイン5日目
※ログインが途切れるか、7日到達すると
1日目から再開されます*
`叡智の業火 X 2
4月交換券(2024) X 1
`*日替りログインボーナス*
*開催期間中、1日1回 2週間日替りでログインボーナスをプレゼント！*
`巡霊の葉 X 30
`_2024-04-14 23:01:12_
--------
*f86567cb94d07022b955f38c237ef97b*
`登陆天数: 40天 / 1180天
等级: 129
石头: 380
呼符: 34
体力: 155.6 / 138
友情点: 0 / 779275`
*連続ログイン5日目
※ログインが途切れるか、7日到達すると
1日目から再開されます*
`叡智の業火 X 2
4月交換券(2024) X 1
`*日替りログインボーナス*
*開催期間中、1日1回 2週間日替りでログインボーナスをプレゼント！*
`巡霊の葉 X 30
`_2024-04-14 23:01:20_
--------
*4782f4f90c2933454c63e17e1a16feab*
`登陆天数: 40天 / 1459天
等级: 126
石头: 727
呼符: 52
体力: 185.87333333333333 / 137
友情点: 0 / 1085650`
*連続ログイン5日目
※ログインが途切れるか、7日到達すると
1日目から再開されます*
`叡智の業火 X 2
4月交換券(2024) X 1
`*日替りログインボーナス*
*開催期間中、1日1回 2週間日替りでログインボーナスをプレゼント！*
`巡霊の葉 X 30
`_2024-04-14 23:01:28_
--------
