【登录信息】
*3e138f82f46bd6eeb41b5912a3fb4edd*
`登陆天数: 41天 / 1505天
等级: 128
石头: 2209
呼符: 40
体力: 200.98333333333335 / 137
友情点: 0 / 1059485`
*連続ログイン6日目
※ログインが途切れるか、7日到達すると
1日目から再開されます*
`聖晶石 X 2
4月交換券(2024) X 1
`*日替りログインボーナス*
*開催期間中、1日1回 2週間日替りでログインボーナスをプレゼント！*
`巡霊の葉 X 30
`_2024-04-15 19:34:45_
--------
*01054c2267c91a9ae9c99dd2ac2bdadf*
`登陆天数: 41天 / 1568天
等级: 133
石头: 689
呼符: 74
体力: 180.76333333333332 / 139
友情点: 0 / 127565705`
*連続ログイン6日目
※ログインが途切れるか、7日到達すると
1日目から再開されます*
`聖晶石 X 2
4月交換券(2024) X 1
`*日替りログインボーナス*
*開催期間中、1日1回 2週間日替りでログインボーナスをプレゼント！*
`巡霊の葉 X 30
`_2024-04-15 19:34:54_
--------
*3d6949021dc3c9c6374093e2ca92d22d*
`登陆天数: 41天 / 1513天
等级: 129
石头: 989
呼符: 39
体力: 199.55333333333334 / 138
友情点: 0 / 1010240`
*連続ログイン6日目
※ログインが途切れるか、7日到達すると
1日目から再開されます*
`聖晶石 X 2
4月交換券(2024) X 1
`*日替りログインボーナス*
*開催期間中、1日1回 2週間日替りでログインボーナスをプレゼント！*
`巡霊の葉 X 30
`_2024-04-15 19:35:03_
--------
*f86567cb94d07022b955f38c237ef97b*
`登陆天数: 41天 / 1181天
等级: 129
石头: 380
呼符: 34
体力: 199.6 / 138
友情点: 0 / 779305`
*連続ログイン6日目
※ログインが途切れるか、7日到達すると
1日目から再開されます*
`聖晶石 X 2
4月交換券(2024) X 1
`*日替りログインボーナス*
*開催期間中、1日1回 2週間日替りでログインボーナスをプレゼント！*
`巡霊の葉 X 30
`_2024-04-15 19:35:11_
--------
*4782f4f90c2933454c63e17e1a16feab*
`登陆天数: 41天 / 1460天
等级: 126
石头: 727
呼符: 52
体力: 201.35666666666668 / 137
友情点: 0 / 1085875`
*連続ログイン6日目
※ログインが途切れるか、7日到達すると
1日目から再開されます*
`聖晶石 X 2
4月交換券(2024) X 1
`*日替りログインボーナス*
*開催期間中、1日1回 2週間日替りでログインボーナスをプレゼント！*
`巡霊の葉 X 30
`_2024-04-15 19:35:20_
--------
