【登录信息】
*3e138f82f46bd6eeb41b5912a3fb4edd*
`登陆天数: 42天 / 1506天
等级: 128
石头: 2250
呼符: 40
体力: 101.63 / 137
友情点: 0 / 1061515`
*連続ログイン7日間到達おめでとうございます！
明日は1日目からリスタートされます。*
`獣の足跡 X 1
呼符 X 1
4月交換券(2024) X 1
`*日替りログインボーナス*
*開催期間中、1日1回 2週間日替りでログインボーナスをプレゼント！*
`聖晶石 X 3
巡霊の葉 X 50
`_2024-04-16 19:34:22_
--------
*01054c2267c91a9ae9c99dd2ac2bdadf*
`登陆天数: 42天 / 1569天
等级: 133
石头: 700
呼符: 74
体力: 102.07333333333332 / 139
友情点: 0 / 127567735`
*連続ログイン7日間到達おめでとうございます！
明日は1日目からリスタートされます。*
`獣の足跡 X 1
呼符 X 1
4月交換券(2024) X 1
`*日替りログインボーナス*
*開催期間中、1日1回 2週間日替りでログインボーナスをプレゼント！*
`聖晶石 X 3
巡霊の葉 X 50
`_2024-04-16 19:34:30_
--------
*3d6949021dc3c9c6374093e2ca92d22d*
`登陆天数: 42天 / 1514天
等级: 129
石头: 1000
呼符: 39
体力: 101.14333333333333 / 138
友情点: 0 / 1012270`
*連続ログイン7日間到達おめでとうございます！
明日は1日目からリスタートされます。*
`獣の足跡 X 1
呼符 X 1
4月交換券(2024) X 1
`*日替りログインボーナス*
*開催期間中、1日1回 2週間日替りでログインボーナスをプレゼント！*
`聖晶石 X 3
巡霊の葉 X 50
`_2024-04-16 19:34:38_
--------
*f86567cb94d07022b955f38c237ef97b*
`登陆天数: 42天 / 1182天
等级: 129
石头: 391
呼符: 34
体力: 102.65333333333334 / 138
友情点: 0 / 781335`
*連続ログイン7日間到達おめでとうございます！
明日は1日目からリスタートされます。*
`獣の足跡 X 1
呼符 X 1
4月交換券(2024) X 1
`*日替りログインボーナス*
*開催期間中、1日1回 2週間日替りでログインボーナスをプレゼント！*
`聖晶石 X 3
巡霊の葉 X 50
`_2024-04-16 19:34:47_
--------
*4782f4f90c2933454c63e17e1a16feab*
`登陆天数: 42天 / 1461天
等级: 126
石头: 738
呼符: 52
体力: 101.72666666666666 / 137
友情点: 0 / 1087950`
*連続ログイン7日間到達おめでとうございます！
明日は1日目からリスタートされます。*
`獣の足跡 X 1
呼符 X 1
4月交換券(2024) X 1
`*日替りログインボーナス*
*開催期間中、1日1回 2週間日替りでログインボーナスをプレゼント！*
`聖晶石 X 3
巡霊の葉 X 50
`_2024-04-16 19:34:54_
--------
