【登录信息】
*3e138f82f46bd6eeb41b5912a3fb4edd*
`登陆天数: 43天 / 1507天
等级: 128
石头: 2250
呼符: 40
体力: 134.45666666666668 / 137
友情点: 0 / 1061545`
*連続ログイン1日目
※ログインが途切れるか、7日到達すると
1日目から再開されます*
`フレンドポイント X 2000
4月交換券(2024) X 1
`*魔法使いの夜×Fate/Grand Orderコラボレーションイベント
開幕直前特別ログインボーナス*
*開催期間中、1日1回 最大7回 ログインボーナスをプレゼント！*
`黄金の果実 X 1
`_2024-04-17 19:34:47_
--------
*01054c2267c91a9ae9c99dd2ac2bdadf*
`登陆天数: 43天 / 1570天
等级: 133
石头: 700
呼符: 74
体力: 134.83333333333334 / 139
友情点: 0 / 127567765`
*連続ログイン1日目
※ログインが途切れるか、7日到達すると
1日目から再開されます*
`フレンドポイント X 2000
4月交換券(2024) X 1
`*魔法使いの夜×Fate/Grand Orderコラボレーションイベント
開幕直前特別ログインボーナス*
*開催期間中、1日1回 最大7回 ログインボーナスをプレゼント！*
`黄金の果実 X 1
`_2024-04-17 19:34:55_
--------
*3d6949021dc3c9c6374093e2ca92d22d*
`登陆天数: 43天 / 1515天
等级: 129
石头: 1000
呼符: 39
体力: 133.86333333333334 / 138
友情点: 0 / 1012310`
*連続ログイン1日目
※ログインが途切れるか、7日到達すると
1日目から再開されます*
`フレンドポイント X 2000
4月交換券(2024) X 1
`*魔法使いの夜×Fate/Grand Orderコラボレーションイベント
開幕直前特別ログインボーナス*
*開催期間中、1日1回 最大7回 ログインボーナスをプレゼント！*
`黄金の果実 X 1
`_2024-04-17 19:35:03_
--------
*f86567cb94d07022b955f38c237ef97b*
`登陆天数: 43天 / 1183天
等级: 129
石头: 391
呼符: 34
体力: 135.51666666666668 / 138
友情点: 0 / 781365`
*連続ログイン1日目
※ログインが途切れるか、7日到達すると
1日目から再開されます*
`フレンドポイント X 2000
4月交換券(2024) X 1
`*魔法使いの夜×Fate/Grand Orderコラボレーションイベント
開幕直前特別ログインボーナス*
*開催期間中、1日1回 最大7回 ログインボーナスをプレゼント！*
`黄金の果実 X 1
`_2024-04-17 19:35:11_
--------
*4782f4f90c2933454c63e17e1a16feab*
`登陆天数: 43天 / 1462天
等级: 126
石头: 738
呼符: 52
体力: 134.57333333333332 / 137
友情点: 0 / 1088025`
*連続ログイン1日目
※ログインが途切れるか、7日到達すると
1日目から再開されます*
`フレンドポイント X 2000
4月交換券(2024) X 1
`*魔法使いの夜×Fate/Grand Orderコラボレーションイベント
開幕直前特別ログインボーナス*
*開催期間中、1日1回 最大7回 ログインボーナスをプレゼント！*
`黄金の果実 X 1
`_2024-04-17 19:35:19_
--------
