【登录信息】
*3e138f82f46bd6eeb41b5912a3fb4edd*
`登陆天数: 44天 / 1508天
等级: 128
石头: 2256
呼符: 40
体力: 187.16 / 137
友情点: 0 / 1061575`
*連続ログイン2日目
※ログインが途切れるか、7日到達すると
1日目から再開されます*
`聖晶石 X 1
4月交換券(2024) X 1
`*魔法使いの夜×Fate/Grand Orderコラボレーションイベント
開幕直前特別ログインボーナス*
*開催期間中、1日1回 最大7回 ログインボーナスをプレゼント！*
`QP X 2000000
`_2024-04-18 19:34:04_
--------
*01054c2267c91a9ae9c99dd2ac2bdadf*
`登陆天数: 44天 / 1571天
等级: 133
石头: 700
呼符: 74
体力: 187.26666666666665 / 139
友情点: 0 / 127567815`
*連続ログイン2日目
※ログインが途切れるか、7日到達すると
1日目から再開されます*
`聖晶石 X 1
4月交換券(2024) X 1
`*魔法使いの夜×Fate/Grand Orderコラボレーションイベント
開幕直前特別ログインボーナス*
*開催期間中、1日1回 最大7回 ログインボーナスをプレゼント！*
`QP X 2000000
`_2024-04-18 19:34:12_
--------
*3d6949021dc3c9c6374093e2ca92d22d*
`登陆天数: 44天 / 1516天
等级: 129
石头: 1000
呼符: 39
体力: 186.32 / 138
友情点: 0 / 1012360`
*連続ログイン2日目
※ログインが途切れるか、7日到達すると
1日目から再開されます*
`聖晶石 X 1
4月交換券(2024) X 1
`*魔法使いの夜×Fate/Grand Orderコラボレーションイベント
開幕直前特別ログインボーナス*
*開催期間中、1日1回 最大7回 ログインボーナスをプレゼント！*
`QP X 2000000
`_2024-04-18 19:34:20_
--------
*f86567cb94d07022b955f38c237ef97b*
`登陆天数: 44天 / 1184天
等级: 129
石头: 391
呼符: 34
体力: 188.23 / 138
友情点: 0 / 781415`
*連続ログイン2日目
※ログインが途切れるか、7日到達すると
1日目から再開されます*
`聖晶石 X 1
4月交換券(2024) X 1
`*魔法使いの夜×Fate/Grand Orderコラボレーションイベント
開幕直前特別ログインボーナス*
*開催期間中、1日1回 最大7回 ログインボーナスをプレゼント！*
`QP X 2000000
`_2024-04-18 19:34:28_
--------
*4782f4f90c2933454c63e17e1a16feab*
`登陆天数: 44天 / 1463天
等级: 126
石头: 738
呼符: 52
体力: 187.25333333333333 / 137
友情点: 0 / 1088100`
*連続ログイン2日目
※ログインが途切れるか、7日到達すると
1日目から再開されます*
`聖晶石 X 1
4月交換券(2024) X 1
`*魔法使いの夜×Fate/Grand Orderコラボレーションイベント
開幕直前特別ログインボーナス*
*開催期間中、1日1回 最大7回 ログインボーナスをプレゼント！*
`QP X 2000000
`_2024-04-18 19:34:36_
--------
