【登录信息】
*3e138f82f46bd6eeb41b5912a3fb4edd*
`登陆天数: 45天 / 1509天
等级: 128
石头: 2256
呼符: 40
体力: 169.06 / 137
友情点: 0 / 1061605`
*連続ログイン3日目
※ログインが途切れるか、7日到達すると
1日目から再開されます*
`叡智の業火 X 1
4月交換券(2024) X 1
`*魔法使いの夜×Fate/Grand Orderコラボレーションイベント
開幕直前特別ログインボーナス*
*開催期間中、1日1回 最大7回 ログインボーナスをプレゼント！*
`聖晶石 X 1
`_2024-04-19 19:34:15_
--------
*01054c2267c91a9ae9c99dd2ac2bdadf*
`登陆天数: 45天 / 1572天
等级: 133
石头: 700
呼符: 74
体力: 89.26666666666667 / 139
友情点: 0 / 127567875`
*連続ログイン3日目
※ログインが途切れるか、7日到達すると
1日目から再開されます*
`叡智の業火 X 1
4月交換券(2024) X 1
`*魔法使いの夜×Fate/Grand Orderコラボレーションイベント
開幕直前特別ログインボーナス*
*開催期間中、1日1回 最大7回 ログインボーナスをプレゼント！*
`聖晶石 X 1
`_2024-04-19 19:34:22_
--------
*3d6949021dc3c9c6374093e2ca92d22d*
`登陆天数: 45天 / 1517天
等级: 129
石头: 1000
呼符: 39
体力: 168.29666666666668 / 138
友情点: 0 / 1012410`
*連続ログイン3日目
※ログインが途切れるか、7日到達すると
1日目から再開されます*
`叡智の業火 X 1
4月交換券(2024) X 1
`*魔法使いの夜×Fate/Grand Orderコラボレーションイベント
開幕直前特別ログインボーナス*
*開催期間中、1日1回 最大7回 ログインボーナスをプレゼント！*
`聖晶石 X 1
`_2024-04-19 19:34:30_
--------
*f86567cb94d07022b955f38c237ef97b*
`登陆天数: 45天 / 1185天
等级: 129
石头: 391
呼符: 34
体力: 170.17666666666668 / 138
友情点: 0 / 781475`
*連続ログイン3日目
※ログインが途切れるか、7日到達すると
1日目から再開されます*
`叡智の業火 X 1
4月交換券(2024) X 1
`*魔法使いの夜×Fate/Grand Orderコラボレーションイベント
開幕直前特別ログインボーナス*
*開催期間中、1日1回 最大7回 ログインボーナスをプレゼント！*
`聖晶石 X 1
`_2024-04-19 19:34:38_
--------
*4782f4f90c2933454c63e17e1a16feab*
`登陆天数: 45天 / 1464天
等级: 126
石头: 738
呼符: 52
体力: 169.32 / 137
友情点: 0 / 1088175`
*連続ログイン3日目
※ログインが途切れるか、7日到達すると
1日目から再開されます*
`叡智の業火 X 1
4月交換券(2024) X 1
`*魔法使いの夜×Fate/Grand Orderコラボレーションイベント
開幕直前特別ログインボーナス*
*開催期間中、1日1回 最大7回 ログインボーナスをプレゼント！*
`聖晶石 X 1
`_2024-04-19 19:34:46_
--------
