【登录信息】
*3e138f82f46bd6eeb41b5912a3fb4edd*
`登陆天数: 46天 / 1510天
等级: 128
石头: 2256
呼符: 40
体力: 457.27 / 137
友情点: 0 / 1061605`
*連続ログイン4日目
※ログインが途切れるか、7日到達すると
1日目から再開されます*
`聖晶石 X 1
4月交換券(2024) X 1
`*魔法使いの夜×Fate/Grand Orderコラボレーションイベント
開幕直前特別ログインボーナス*
*開催期間中、1日1回 最大7回 ログインボーナスをプレゼント！*
`英霊結晶・星のフォウくん X 5
`_2024-04-20 19:35:17_
--------
*01054c2267c91a9ae9c99dd2ac2bdadf*
`登陆天数: 46天 / 1573天
等级: 133
石头: 700
呼符: 74
体力: 377.4766666666667 / 139
友情点: 0 / 127567875`
*連続ログイン4日目
※ログインが途切れるか、7日到達すると
1日目から再開されます*
`聖晶石 X 1
4月交換券(2024) X 1
`*魔法使いの夜×Fate/Grand Orderコラボレーションイベント
開幕直前特別ログインボーナス*
*開催期間中、1日1回 最大7回 ログインボーナスをプレゼント！*
`英霊結晶・星のフォウくん X 5
`_2024-04-20 19:35:25_
--------
*3d6949021dc3c9c6374093e2ca92d22d*
`登陆天数: 46天 / 1518天
等级: 129
石头: 1000
呼符: 39
体力: 456.50666666666666 / 138
友情点: 0 / 1012410`
*連続ログイン4日目
※ログインが途切れるか、7日到達すると
1日目から再開されます*
`聖晶石 X 1
4月交換券(2024) X 1
`*魔法使いの夜×Fate/Grand Orderコラボレーションイベント
開幕直前特別ログインボーナス*
*開催期間中、1日1回 最大7回 ログインボーナスをプレゼント！*
`英霊結晶・星のフォウくん X 5
`_2024-04-20 19:35:33_
--------
*f86567cb94d07022b955f38c237ef97b*
`登陆天数: 46天 / 1186天
等级: 129
石头: 391
呼符: 34
体力: 458.38666666666666 / 138
友情点: 0 / 781475`
*連続ログイン4日目
※ログインが途切れるか、7日到達すると
1日目から再開されます*
`聖晶石 X 1
4月交換券(2024) X 1
`*魔法使いの夜×Fate/Grand Orderコラボレーションイベント
開幕直前特別ログインボーナス*
*開催期間中、1日1回 最大7回 ログインボーナスをプレゼント！*
`英霊結晶・星のフォウくん X 5
`_2024-04-20 19:35:41_
--------
*4782f4f90c2933454c63e17e1a16feab*
`登陆天数: 46天 / 1465天
等级: 126
石头: 738
呼符: 52
体力: 457.52666666666664 / 137
友情点: 0 / 1088175`
*連続ログイン4日目
※ログインが途切れるか、7日到達すると
1日目から再開されます*
`聖晶石 X 1
4月交換券(2024) X 1
`*魔法使いの夜×Fate/Grand Orderコラボレーションイベント
開幕直前特別ログインボーナス*
*開催期間中、1日1回 最大7回 ログインボーナスをプレゼント！*
`英霊結晶・星のフォウくん X 5
`_2024-04-20 19:35:49_
--------
