【登录信息】
*3e138f82f46bd6eeb41b5912a3fb4edd*
`登陆天数: 47天 / 1511天
等级: 128
石头: 2256
呼符: 40
体力: 28.00333333333333 / 137
友情点: 0 / 1061665`
_2024-04-22 08:00:19_
--------
*01054c2267c91a9ae9c99dd2ac2bdadf*
`登陆天数: 47天 / 1574天
等级: 133
石头: 700
呼符: 74
体力: 25.14333333333333 / 139
友情点: 0 / 127567945`
_2024-04-22 08:00:27_
--------
*3d6949021dc3c9c6374093e2ca92d22d*
`登陆天数: 47天 / 1519天
等级: 129
石头: 1000
呼符: 39
体力: 25.409999999999997 / 138
友情点: 0 / 1012470`
_2024-04-22 08:00:34_
--------
*f86567cb94d07022b955f38c237ef97b*
`登陆天数: 47天 / 1187天
等级: 129
石头: 391
呼符: 34
体力: 27.879999999999995 / 138
友情点: 0 / 781545`
_2024-04-22 08:00:42_
--------
*4782f4f90c2933454c63e17e1a16feab*
`登陆天数: 47天 / 1466天
等级: 127
石头: 738
呼符: 52
体力: 29.28666666666666 / 137
友情点: 0 / 1088385`
_2024-04-22 08:00:50_
--------
