【登录信息】
*3e138f82f46bd6eeb41b5912a3fb4edd*
`登陆天数: 48天 / 1512天
等级: 128
石头: 2256
呼符: 40
体力: 166.95333333333332 / 137
友情点: 0 / 1061665`
*連続ログイン6日目
※ログインが途切れるか、7日到達すると
1日目から再開されます*
`聖晶石 X 2
4月交換券(2024) X 1
`*魔法使いの夜×Fate/Grand Orderコラボレーションイベント
開幕直前特別ログインボーナス*
*開催期間中、1日1回 最大7回 ログインボーナスをプレゼント！*
`聖晶石 X 1
`_2024-04-22 19:35:03_
--------
*01054c2267c91a9ae9c99dd2ac2bdadf*
`登陆天数: 48天 / 1575天
等级: 133
石头: 700
呼符: 74
体力: 164.09666666666666 / 139
友情点: 0 / 127567945`
*連続ログイン6日目
※ログインが途切れるか、7日到達すると
1日目から再開されます*
`聖晶石 X 2
4月交換券(2024) X 1
`*魔法使いの夜×Fate/Grand Orderコラボレーションイベント
開幕直前特別ログインボーナス*
*開催期間中、1日1回 最大7回 ログインボーナスをプレゼント！*
`聖晶石 X 1
`_2024-04-22 19:35:12_
--------
*3d6949021dc3c9c6374093e2ca92d22d*
`登陆天数: 48天 / 1520天
等级: 129
石头: 1000
呼符: 39
体力: 164.36333333333334 / 138
友情点: 0 / 1012470`
*連続ログイン6日目
※ログインが途切れるか、7日到達すると
1日目から再開されます*
`聖晶石 X 2
4月交換券(2024) X 1
`*魔法使いの夜×Fate/Grand Orderコラボレーションイベント
開幕直前特別ログインボーナス*
*開催期間中、1日1回 最大7回 ログインボーナスをプレゼント！*
`聖晶石 X 1
`_2024-04-22 19:35:20_
--------
*f86567cb94d07022b955f38c237ef97b*
`登陆天数: 48天 / 1188天
等级: 129
石头: 391
呼符: 34
体力: 166.83666666666667 / 138
友情点: 0 / 781545`
*連続ログイン6日目
※ログインが途切れるか、7日到達すると
1日目から再開されます*
`聖晶石 X 2
4月交換券(2024) X 1
`*魔法使いの夜×Fate/Grand Orderコラボレーションイベント
開幕直前特別ログインボーナス*
*開催期間中、1日1回 最大7回 ログインボーナスをプレゼント！*
`聖晶石 X 1
`_2024-04-22 19:35:28_
--------
*4782f4f90c2933454c63e17e1a16feab*
`登陆天数: 48天 / 1467天
等级: 127
石头: 738
呼符: 52
体力: 168.24333333333334 / 137
友情点: 0 / 1088385`
*連続ログイン6日目
※ログインが途切れるか、7日到達すると
1日目から再開されます*
`聖晶石 X 2
4月交換券(2024) X 1
`*魔法使いの夜×Fate/Grand Orderコラボレーションイベント
開幕直前特別ログインボーナス*
*開催期間中、1日1回 最大7回 ログインボーナスをプレゼント！*
`聖晶石 X 1
`_2024-04-22 19:35:37_
--------
*1205ae6adcbe9c4926a74330d0c7f526*
`登陆天数: 214天 / 1512天
等级: 130
石头: 2220
呼符: 10
体力: 170.59 / 138
友情点: 0 / 946015`
*連続ログイン4日目
※ログインが途切れるか、7日到達すると
1日目から再開されます*
`聖晶石 X 1
4月交換券(2024) X 1
`*魔法使いの夜×Fate/Grand Orderコラボレーションイベント
開幕直前特別ログインボーナス*
*開催期間中、1日1回 最大7回 ログインボーナスをプレゼント！*
`聖晶石 X 1
`_2024-04-22 19:35:45_
--------
*f5bdb6967d9a17d5d5d22c803ecc3a3c*
`登陆天数: 27天 / 1560天
等级: 131
石头: 585
呼符: 26
体力: 161.93333333333334 / 138
友情点: 80 / 1224710`
*連続ログイン6日目
※ログインが途切れるか、7日到達すると
1日目から再開されます*
`聖晶石 X 2
4月交換券(2024) X 1
`*魔法使いの夜×Fate/Grand Orderコラボレーションイベント
開幕直前特別ログインボーナス*
*開催期間中、1日1回 最大7回 ログインボーナスをプレゼント！*
`聖晶石 X 1
`_2024-04-22 19:35:53_
--------
