【登录信息】
*3e138f82f46bd6eeb41b5912a3fb4edd*
`登陆天数: 49天 / 1513天
等级: 128
石头: 2256
呼符: 40
体力: 455.24333333333334 / 137
友情点: 0 / 1061665`
*連続ログイン7日間到達おめでとうございます！
明日は1日目からリスタートされます。*
`獣の足跡 X 1
呼符 X 1
4月交換券(2024) X 1
`_2024-04-23 19:36:30_
--------
*01054c2267c91a9ae9c99dd2ac2bdadf*
`登陆天数: 49天 / 1576天
等级: 133
石头: 700
呼符: 74
体力: 452.3833333333333 / 139
友情点: 0 / 127567945`
*連続ログイン7日間到達おめでとうございます！
明日は1日目からリスタートされます。*
`獣の足跡 X 1
呼符 X 1
4月交換券(2024) X 1
`_2024-04-23 19:36:38_
--------
*3d6949021dc3c9c6374093e2ca92d22d*
`登陆天数: 49天 / 1521天
等级: 129
石头: 1000
呼符: 39
体力: 452.6533333333333 / 138
友情点: 0 / 1012470`
*連続ログイン7日間到達おめでとうございます！
明日は1日目からリスタートされます。*
`獣の足跡 X 1
呼符 X 1
4月交換券(2024) X 1
`_2024-04-23 19:36:47_
--------
*f86567cb94d07022b955f38c237ef97b*
`登陆天数: 49天 / 1189天
等级: 129
石头: 391
呼符: 34
体力: 455.12666666666667 / 138
友情点: 0 / 781545`
*連続ログイン7日間到達おめでとうございます！
明日は1日目からリスタートされます。*
`獣の足跡 X 1
呼符 X 1
4月交換券(2024) X 1
`_2024-04-23 19:36:55_
--------
*4782f4f90c2933454c63e17e1a16feab*
`登陆天数: 49天 / 1468天
等级: 127
石头: 738
呼符: 52
体力: 456.5366666666667 / 137
友情点: 0 / 1088385`
*連続ログイン7日間到達おめでとうございます！
明日は1日目からリスタートされます。*
`獣の足跡 X 1
呼符 X 1
4月交換券(2024) X 1
`_2024-04-23 19:37:04_
--------
*1205ae6adcbe9c4926a74330d0c7f526*
`登陆天数: 215天 / 1513天
等级: 130
石头: 2220
呼符: 10
体力: 458.88 / 138
友情点: 0 / 946015`
*連続ログイン5日目
※ログインが途切れるか、7日到達すると
1日目から再開されます*
`叡智の業火 X 2
4月交換券(2024) X 1
`_2024-04-23 19:37:12_
--------
*f5bdb6967d9a17d5d5d22c803ecc3a3c*
`登陆天数: 28天 / 1561天
等级: 131
石头: 585
呼符: 26
体力: 450.22333333333336 / 138
友情点: 20 / 1224730`
*連続ログイン7日間到達おめでとうございます！
明日は1日目からリスタートされます。*
`獣の足跡 X 1
呼符 X 1
4月交換券(2024) X 1
`_2024-04-23 19:37:20_
--------
