【登录信息】
*3e138f82f46bd6eeb41b5912a3fb4edd*
`登陆天数: 50天 / 1514天
等级: 128
石头: 2256
呼符: 40
体力: 743.0633333333334 / 137
友情点: 0 / 1061665`
*連続ログイン1日目
※ログインが途切れるか、7日到達すると
1日目から再開されます*
`フレンドポイント X 2000
4月交換券(2024) X 1
`_2024-04-24 19:35:36_
--------
*01054c2267c91a9ae9c99dd2ac2bdadf*
`登陆天数: 50天 / 1577天
等级: 133
石头: 700
呼符: 74
体力: 740.2066666666667 / 139
友情点: 0 / 127567945`
*連続ログイン1日目
※ログインが途切れるか、7日到達すると
1日目から再開されます*
`フレンドポイント X 2000
4月交換券(2024) X 1
`_2024-04-24 19:35:45_
--------
*3d6949021dc3c9c6374093e2ca92d22d*
`登陆天数: 50天 / 1522天
等级: 129
石头: 1000
呼符: 39
体力: 740.4733333333334 / 138
友情点: 0 / 1012470`
*連続ログイン1日目
※ログインが途切れるか、7日到達すると
1日目から再開されます*
`フレンドポイント X 2000
4月交換券(2024) X 1
`_2024-04-24 19:35:53_
--------
*f86567cb94d07022b955f38c237ef97b*
`登陆天数: 50天 / 1190天
等级: 129
石头: 391
呼符: 34
体力: 742.95 / 138
友情点: 0 / 781545`
*連続ログイン1日目
※ログインが途切れるか、7日到達すると
1日目から再開されます*
`フレンドポイント X 2000
4月交換券(2024) X 1
`_2024-04-24 19:36:02_
--------
*4782f4f90c2933454c63e17e1a16feab*
`登陆天数: 50天 / 1469天
等级: 127
石头: 738
呼符: 52
体力: 744.3566666666667 / 137
友情点: 0 / 1088385`
*連続ログイン1日目
※ログインが途切れるか、7日到達すると
1日目から再開されます*
`フレンドポイント X 2000
4月交換券(2024) X 1
`_2024-04-24 19:36:10_
--------
*1205ae6adcbe9c4926a74330d0c7f526*
`登陆天数: 216天 / 1514天
等级: 130
石头: 2220
呼符: 10
体力: 746.7033333333334 / 138
友情点: 0 / 946015`
*連続ログイン6日目
※ログインが途切れるか、7日到達すると
1日目から再開されます*
`聖晶石 X 2
4月交換券(2024) X 1
`_2024-04-24 19:36:19_
--------
*f5bdb6967d9a17d5d5d22c803ecc3a3c*
`登陆天数: 29天 / 1562天
等级: 131
石头: 585
呼符: 26
体力: 738.0466666666666 / 138
友情点: 260 / 1224990`
*連続ログイン1日目
※ログインが途切れるか、7日到達すると
1日目から再開されます*
`フレンドポイント X 2000
4月交換券(2024) X 1
`_2024-04-24 19:36:27_
--------
