【登录信息】
*3e138f82f46bd6eeb41b5912a3fb4edd*
`登陆天数: 1天 / 1452天
等级: 127
石头: 2026
呼符: 22
体力: 18.879999999999995 / 137
友情点: 0 / 1042875`
_2024-02-02 15:40:16_
--------
*01054c2267c91a9ae9c99dd2ac2bdadf*
`登陆天数: 1天 / 1515天
等级: 133
石头: 319
呼符: 52
体力: 10111.546666666667 / 139
友情点: 0 / 127543570`
*連続ログイン1日目
※ログインが途切れるか、7日到達すると
1日目から再開されます*
`フレンドポイント X 2000
2月交換券(2024) X 1
`*「Fate/stay night」20周年記念
「Fate/stay night」サーヴァント特別召喚アイテムプレゼント*
*開催期間中、初回ログインで「Fate/stay night 20th記念特別交換チケット」をプレゼント！*
`Fate/stay night 20th記念特別交換チケット X 1
`_2024-02-02 15:40:24_
--------
*3d6949021dc3c9c6374093e2ca92d22d*
`登陆天数: 1天 / 1460天
等级: 128
石头: 747
呼符: 36
体力: 3807.8966666666665 / 137
友情点: 0 / 994105`
*連続ログイン1日目
※ログインが途切れるか、7日到達すると
1日目から再開されます*
`フレンドポイント X 2000
2月交換券(2024) X 1
`*「Fate/stay night」20周年記念
「Fate/stay night」サーヴァント特別召喚アイテムプレゼント*
*開催期間中、初回ログインで「Fate/stay night 20th記念特別交換チケット」をプレゼント！*
`Fate/stay night 20th記念特別交換チケット X 1
`_2024-02-02 15:40:32_
--------
*f86567cb94d07022b955f38c237ef97b*
`登陆天数: 1天 / 1127天
等级: 127
石头: 116
呼符: 11
体力: 3809.85 / 137
友情点: 0 / 757280`
*連続ログイン1日目
※ログインが途切れるか、7日到達すると
1日目から再開されます*
`フレンドポイント X 2000
2月交換券(2024) X 1
`*「Fate/stay night」20周年記念
「Fate/stay night」サーヴァント特別召喚アイテムプレゼント*
*開催期間中、初回ログインで「Fate/stay night 20th記念特別交換チケット」をプレゼント！*
`Fate/stay night 20th記念特別交換チケット X 1
`_2024-02-02 15:40:40_
--------
*4782f4f90c2933454c63e17e1a16feab*
`登陆天数: 1天 / 1407天
等级: 125
石头: 353
呼符: 30
体力: 10105.36 / 137
友情点: 0 / 1061740`
*連続ログイン1日目
※ログインが途切れるか、7日到達すると
1日目から再開されます*
`フレンドポイント X 2000
2月交換券(2024) X 1
`*「Fate/stay night」20周年記念
「Fate/stay night」サーヴァント特別召喚アイテムプレゼント*
*開催期間中、初回ログインで「Fate/stay night 20th記念特別交換チケット」をプレゼント！*
`Fate/stay night 20th記念特別交換チケット X 1
`_2024-02-02 15:40:48_
--------
