【登录信息】
*3e138f82f46bd6eeb41b5912a3fb4edd*
`登陆天数: 2天 / 1453天
等级: 127
石头: 2026
呼符: 22
体力: 65.61 / 137
友情点: 0 / 1042875`
*連続ログイン2日目
※ログインが途切れるか、7日到達すると
1日目から再開されます*
`聖晶石 X 1
2月交換券(2024) X 1
`*日替りログインボーナス*
*開催期間中、1日1回 2週間日替りでログインボーナスをプレゼント！*
`巡霊の葉 X 30
`_2024-02-02 19:33:55_
--------
*01054c2267c91a9ae9c99dd2ac2bdadf*
`登陆天数: 2天 / 1516天
等级: 133
石头: 319
呼符: 52
体力: 10158.276666666667 / 139
友情点: 0 / 127543570`
*連続ログイン2日目
※ログインが途切れるか、7日到達すると
1日目から再開されます*
`聖晶石 X 1
2月交換券(2024) X 1
`*日替りログインボーナス*
*開催期間中、1日1回 2週間日替りでログインボーナスをプレゼント！*
`巡霊の葉 X 30
`_2024-02-02 19:34:03_
--------
*3d6949021dc3c9c6374093e2ca92d22d*
`登陆天数: 2天 / 1461天
等级: 128
石头: 747
呼符: 36
体力: 3854.6266666666666 / 137
友情点: 0 / 994105`
*連続ログイン2日目
※ログインが途切れるか、7日到達すると
1日目から再開されます*
`聖晶石 X 1
2月交換券(2024) X 1
`*日替りログインボーナス*
*開催期間中、1日1回 2週間日替りでログインボーナスをプレゼント！*
`巡霊の葉 X 30
`_2024-02-02 19:34:11_
--------
*f86567cb94d07022b955f38c237ef97b*
`登陆天数: 2天 / 1128天
等级: 127
石头: 160
呼符: 16
体力: 60.019999999999996 / 137
友情点: 0 / 759415`
*連続ログイン2日目
※ログインが途切れるか、7日到達すると
1日目から再開されます*
`聖晶石 X 1
2月交換券(2024) X 1
`*日替りログインボーナス*
*開催期間中、1日1回 2週間日替りでログインボーナスをプレゼント！*
`巡霊の葉 X 30
`_2024-02-02 19:34:20_
--------
*4782f4f90c2933454c63e17e1a16feab*
`登陆天数: 2天 / 1408天
等级: 125
石头: 353
呼符: 30
体力: 10152.093333333334 / 137
友情点: 0 / 1061740`
*連続ログイン2日目
※ログインが途切れるか、7日到達すると
1日目から再開されます*
`聖晶石 X 1
2月交換券(2024) X 1
`*日替りログインボーナス*
*開催期間中、1日1回 2週間日替りでログインボーナスをプレゼント！*
`巡霊の葉 X 30
`_2024-02-02 19:34:28_
--------
