【登录信息】
*3e138f82f46bd6eeb41b5912a3fb4edd*
`登陆天数: 3天 / 1454天
等级: 127
石头: 2026
呼符: 22
体力: 353.61 / 137
友情点: 0 / 1042875`
*連続ログイン3日目
※ログインが途切れるか、7日到達すると
1日目から再開されます*
`叡智の業火 X 1
2月交換券(2024) X 1
`*日替りログインボーナス*
*開催期間中、1日1回 2週間日替りでログインボーナスをプレゼント！*
`巡霊の葉 X 30
`_2024-02-03 19:33:55_
--------
*01054c2267c91a9ae9c99dd2ac2bdadf*
`登陆天数: 3天 / 1517天
等级: 133
石头: 319
呼符: 52
体力: 10446.276666666667 / 139
友情点: 0 / 127543570`
*連続ログイン3日目
※ログインが途切れるか、7日到達すると
1日目から再開されます*
`叡智の業火 X 1
2月交換券(2024) X 1
`*日替りログインボーナス*
*開催期間中、1日1回 2週間日替りでログインボーナスをプレゼント！*
`巡霊の葉 X 30
`_2024-02-03 19:34:03_
--------
*3d6949021dc3c9c6374093e2ca92d22d*
`登陆天数: 3天 / 1462天
等级: 128
石头: 793
呼符: 41
体力: 60.650000000000006 / 137
友情点: 0 / 996165`
*連続ログイン3日目
※ログインが途切れるか、7日到達すると
1日目から再開されます*
`叡智の業火 X 1
2月交換券(2024) X 1
`*日替りログインボーナス*
*開催期間中、1日1回 2週間日替りでログインボーナスをプレゼント！*
`巡霊の葉 X 30
`_2024-02-03 19:34:11_
--------
*f86567cb94d07022b955f38c237ef97b*
`登陆天数: 3天 / 1129天
等级: 127
石头: 160
呼符: 16
体力: 348.02 / 137
友情点: 0 / 759415`
*連続ログイン3日目
※ログインが途切れるか、7日到達すると
1日目から再開されます*
`叡智の業火 X 1
2月交換券(2024) X 1
`*日替りログインボーナス*
*開催期間中、1日1回 2週間日替りでログインボーナスをプレゼント！*
`巡霊の葉 X 30
`_2024-02-03 19:34:20_
--------
*4782f4f90c2933454c63e17e1a16feab*
`登陆天数: 3天 / 1409天
等级: 125
石头: 353
呼符: 30
体力: 10440.093333333334 / 137
友情点: 0 / 1061740`
*連続ログイン3日目
※ログインが途切れるか、7日到達すると
1日目から再開されます*
`叡智の業火 X 1
2月交換券(2024) X 1
`*日替りログインボーナス*
*開催期間中、1日1回 2週間日替りでログインボーナスをプレゼント！*
`巡霊の葉 X 30
`_2024-02-03 19:34:28_
--------
