【登录信息】
*3e138f82f46bd6eeb41b5912a3fb4edd*
`登陆天数: 4天 / 1455天
等级: 127
石头: 2026
呼符: 22
体力: 641.6033333333334 / 137
友情点: 0 / 1042875`
*連続ログイン4日目
※ログインが途切れるか、7日到達すると
1日目から再開されます*
`聖晶石 X 1
2月交換券(2024) X 1
`*日替りログインボーナス*
*開催期間中、1日1回 2週間日替りでログインボーナスをプレゼント！*
`聖晶石 X 1
巡霊の葉 X 80
`_2024-02-04 19:33:53_
--------
*01054c2267c91a9ae9c99dd2ac2bdadf*
`登陆天数: 4天 / 1518天
等级: 133
石头: 319
呼符: 52
体力: 10734.27 / 139
友情点: 0 / 127543570`
*連続ログイン4日目
※ログインが途切れるか、7日到達すると
1日目から再開されます*
`聖晶石 X 1
2月交換券(2024) X 1
`*日替りログインボーナス*
*開催期間中、1日1回 2週間日替りでログインボーナスをプレゼント！*
`聖晶石 X 1
巡霊の葉 X 80
`_2024-02-04 19:34:01_
--------
*3d6949021dc3c9c6374093e2ca92d22d*
`登陆天数: 4天 / 1463天
等级: 128
石头: 793
呼符: 41
体力: 348.64 / 137
友情点: 0 / 996165`
*連続ログイン4日目
※ログインが途切れるか、7日到達すると
1日目から再開されます*
`聖晶石 X 1
2月交換券(2024) X 1
`*日替りログインボーナス*
*開催期間中、1日1回 2週間日替りでログインボーナスをプレゼント！*
`聖晶石 X 1
巡霊の葉 X 80
`_2024-02-04 19:34:09_
--------
*f86567cb94d07022b955f38c237ef97b*
`登陆天数: 4天 / 1130天
等级: 127
石头: 160
呼符: 16
体力: 636.01 / 137
友情点: 0 / 759415`
*連続ログイン4日目
※ログインが途切れるか、7日到達すると
1日目から再開されます*
`聖晶石 X 1
2月交換券(2024) X 1
`*日替りログインボーナス*
*開催期間中、1日1回 2週間日替りでログインボーナスをプレゼント！*
`聖晶石 X 1
巡霊の葉 X 80
`_2024-02-04 19:34:18_
--------
*4782f4f90c2933454c63e17e1a16feab*
`登陆天数: 4天 / 1410天
等级: 125
石头: 353
呼符: 30
体力: 10728.086666666666 / 137
友情点: 0 / 1061740`
*連続ログイン4日目
※ログインが途切れるか、7日到達すると
1日目から再開されます*
`聖晶石 X 1
2月交換券(2024) X 1
`*日替りログインボーナス*
*開催期間中、1日1回 2週間日替りでログインボーナスをプレゼント！*
`聖晶石 X 1
巡霊の葉 X 80
`_2024-02-04 19:34:26_
--------
