【登录信息】
*3e138f82f46bd6eeb41b5912a3fb4edd*
`登陆天数: 5天 / 1456天
等级: 127
石头: 2026
呼符: 22
体力: 929.64 / 137
友情点: 0 / 1042875`
*連続ログイン5日目
※ログインが途切れるか、7日到達すると
1日目から再開されます*
`叡智の業火 X 2
2月交換券(2024) X 1
`*「Fate/stay night」20周年記念特別ログインボーナス*
*開催期間中、1日1回 最大7回ログインボーナスをプレゼント！*
`叡智の猛火 X 20
`_2024-02-05 19:34:04_
--------
*01054c2267c91a9ae9c99dd2ac2bdadf*
`登陆天数: 5天 / 1519天
等级: 133
石头: 319
呼符: 52
体力: 11022.306666666667 / 139
友情点: 0 / 127543570`
*連続ログイン5日目
※ログインが途切れるか、7日到達すると
1日目から再開されます*
`叡智の業火 X 2
2月交換券(2024) X 1
`*「Fate/stay night」20周年記念特別ログインボーナス*
*開催期間中、1日1回 最大7回ログインボーナスをプレゼント！*
`叡智の猛火 X 20
`_2024-02-05 19:34:12_
--------
*3d6949021dc3c9c6374093e2ca92d22d*
`登陆天数: 5天 / 1464天
等级: 128
石头: 793
呼符: 41
体力: 636.6800000000001 / 137
友情点: 0 / 996165`
*連続ログイン5日目
※ログインが途切れるか、7日到達すると
1日目から再開されます*
`叡智の業火 X 2
2月交換券(2024) X 1
`*「Fate/stay night」20周年記念特別ログインボーナス*
*開催期間中、1日1回 最大7回ログインボーナスをプレゼント！*
`叡智の猛火 X 20
`_2024-02-05 19:34:21_
--------
*f86567cb94d07022b955f38c237ef97b*
`登陆天数: 5天 / 1131天
等级: 127
石头: 160
呼符: 16
体力: 924.05 / 137
友情点: 0 / 759415`
*連続ログイン5日目
※ログインが途切れるか、7日到達すると
1日目から再開されます*
`叡智の業火 X 2
2月交換券(2024) X 1
`*「Fate/stay night」20周年記念特別ログインボーナス*
*開催期間中、1日1回 最大7回ログインボーナスをプレゼント！*
`叡智の猛火 X 20
`_2024-02-05 19:34:29_
--------
*4782f4f90c2933454c63e17e1a16feab*
`登陆天数: 5天 / 1411天
等级: 126
石头: 549
呼符: 34
体力: 83.10333333333332 / 137
友情点: 0 / 1070065`
*連続ログイン5日目
※ログインが途切れるか、7日到達すると
1日目から再開されます*
`叡智の業火 X 2
2月交換券(2024) X 1
`*「Fate/stay night」20周年記念特別ログインボーナス*
*開催期間中、1日1回 最大7回ログインボーナスをプレゼント！*
`叡智の猛火 X 20
`_2024-02-05 19:34:37_
--------
