【登录信息】
*3e138f82f46bd6eeb41b5912a3fb4edd*
`登陆天数: 6天 / 1457天
等级: 127
石头: 2026
呼符: 22
体力: 65.65333333333334 / 137
友情点: 0 / 1042960`
*連続ログイン6日目
※ログインが途切れるか、7日到達すると
1日目から再開されます*
`聖晶石 X 2
2月交換券(2024) X 1
`*盈月剣風帖開幕記念 ログインボーナス*
*開催期間中、1日1回 最大21回ログインボーナスをプレゼント！*
`白銀の果実 X 1
`_2024-02-06 19:35:28_
--------
*01054c2267c91a9ae9c99dd2ac2bdadf*
`登陆天数: 6天 / 1520天
等级: 133
石头: 319
呼符: 52
体力: 11310.59 / 139
友情点: 0 / 127543570`
*連続ログイン6日目
※ログインが途切れるか、7日到達すると
1日目から再開されます*
`聖晶石 X 2
2月交換券(2024) X 1
`*盈月剣風帖開幕記念 ログインボーナス*
*開催期間中、1日1回 最大21回ログインボーナスをプレゼント！*
`白銀の果実 X 1
`_2024-02-06 19:35:36_
--------
*3d6949021dc3c9c6374093e2ca92d22d*
`登陆天数: 6天 / 1465天
等级: 128
石头: 793
呼符: 41
体力: 67.60666666666667 / 137
友情点: 0 / 996225`
*連続ログイン6日目
※ログインが途切れるか、7日到達すると
1日目から再開されます*
`聖晶石 X 2
2月交換券(2024) X 1
`*盈月剣風帖開幕記念 ログインボーナス*
*開催期間中、1日1回 最大21回ログインボーナスをプレゼント！*
`白銀の果実 X 1
`_2024-02-06 19:35:45_
--------
*f86567cb94d07022b955f38c237ef97b*
`登陆天数: 6天 / 1132天
等级: 127
石头: 160
呼符: 16
体力: 67.73 / 137
友情点: 0 / 759565`
*連続ログイン6日目
※ログインが途切れるか、7日到達すると
1日目から再開されます*
`聖晶石 X 2
2月交換券(2024) X 1
`*盈月剣風帖開幕記念 ログインボーナス*
*開催期間中、1日1回 最大21回ログインボーナスをプレゼント！*
`白銀の果実 X 1
`_2024-02-06 19:35:53_
--------
*4782f4f90c2933454c63e17e1a16feab*
`登陆天数: 6天 / 1412天
等级: 126
石头: 549
呼符: 34
体力: 371.3833333333333 / 137
友情点: 0 / 1070065`
*連続ログイン6日目
※ログインが途切れるか、7日到達すると
1日目から再開されます*
`聖晶石 X 2
2月交換券(2024) X 1
`*盈月剣風帖開幕記念 ログインボーナス*
*開催期間中、1日1回 最大21回ログインボーナスをプレゼント！*
`白銀の果実 X 1
`_2024-02-06 19:36:01_
--------
