【登录信息】
*3e138f82f46bd6eeb41b5912a3fb4edd*
`登陆天数: 7天 / 1458天
等级: 127
石头: 2026
呼符: 22
体力: 132.42666666666668 / 137
友情点: 0 / 1043050`
*連続ログイン7日間到達おめでとうございます！
明日は1日目からリスタートされます。*
`獣の足跡 X 1
呼符 X 1
2月交換券(2024) X 1
`*日替りログインボーナス*
*開催期間中、1日1回 2週間日替りでログインボーナスをプレゼント！*
`聖晶石 X 3
巡霊の葉 X 50
`_2024-02-07 19:33:55_
--------
*01054c2267c91a9ae9c99dd2ac2bdadf*
`登陆天数: 7天 / 1521天
等级: 133
石头: 319
呼符: 52
体力: 11598.28 / 139
友情点: 0 / 127543570`
*連続ログイン7日間到達おめでとうございます！
明日は1日目からリスタートされます。*
`獣の足跡 X 1
呼符 X 1
2月交換券(2024) X 1
`*日替りログインボーナス*
*開催期間中、1日1回 2週間日替りでログインボーナスをプレゼント！*
`聖晶石 X 3
巡霊の葉 X 50
`_2024-02-07 19:34:04_
--------
*3d6949021dc3c9c6374093e2ca92d22d*
`登陆天数: 7天 / 1466天
等级: 128
石头: 793
呼符: 41
体力: 128.73333333333332 / 137
友情点: 0 / 996285`
*連続ログイン7日間到達おめでとうございます！
明日は1日目からリスタートされます。*
`獣の足跡 X 1
呼符 X 1
2月交換券(2024) X 1
`*日替りログインボーナス*
*開催期間中、1日1回 2週間日替りでログインボーナスをプレゼント！*
`聖晶石 X 3
巡霊の葉 X 50
`_2024-02-07 19:34:12_
--------
*f86567cb94d07022b955f38c237ef97b*
`登陆天数: 7天 / 1133天
等级: 127
石头: 160
呼符: 16
体力: 130.61666666666667 / 137
友情点: 0 / 759685`
*連続ログイン7日間到達おめでとうございます！
明日は1日目からリスタートされます。*
`獣の足跡 X 1
呼符 X 1
2月交換券(2024) X 1
`*日替りログインボーナス*
*開催期間中、1日1回 2週間日替りでログインボーナスをプレゼント！*
`聖晶石 X 3
巡霊の葉 X 50
`_2024-02-07 19:34:20_
--------
*4782f4f90c2933454c63e17e1a16feab*
`登陆天数: 7天 / 1413天
等级: 126
石头: 549
呼符: 34
体力: 659.0733333333334 / 137
友情点: 0 / 1070065`
*連続ログイン7日間到達おめでとうございます！
明日は1日目からリスタートされます。*
`獣の足跡 X 1
呼符 X 1
2月交換券(2024) X 1
`*日替りログインボーナス*
*開催期間中、1日1回 2週間日替りでログインボーナスをプレゼント！*
`聖晶石 X 3
巡霊の葉 X 50
`_2024-02-07 19:34:28_
--------
