【登录信息】
*3e138f82f46bd6eeb41b5912a3fb4edd*
`登陆天数: 10天 / 1461天
等级: 127
石头: 2056
呼符: 23
体力: 173.87 / 137
友情点: 0 / 1045240`
*連続ログイン3日目
※ログインが途切れるか、7日到達すると
1日目から再開されます*
`叡智の業火 X 1
2月交換券(2024) X 1
`*日替りログインボーナス*
*開催期間中、1日1回 2週間日替りでログインボーナスをプレゼント！*
`巡霊の葉 X 30
`_2024-02-10 19:34:44_
--------
*01054c2267c91a9ae9c99dd2ac2bdadf*
`登陆天数: 10天 / 1524天
等级: 133
石头: 319
呼符: 52
体力: 12462.443333333333 / 139
友情点: 0 / 127543570`
*連続ログイン3日目
※ログインが途切れるか、7日到達すると
1日目から再開されます*
`叡智の業火 X 1
2月交換券(2024) X 1
`*日替りログインボーナス*
*開催期間中、1日1回 2週間日替りでログインボーナスをプレゼント！*
`巡霊の葉 X 30
`_2024-02-10 19:34:53_
--------
*3d6949021dc3c9c6374093e2ca92d22d*
`登陆天数: 10天 / 1469天
等级: 128
石头: 793
呼符: 41
体力: 189.21666666666667 / 137
友情点: 0 / 996465`
*連続ログイン3日目
※ログインが途切れるか、7日到達すると
1日目から再開されます*
`叡智の業火 X 1
2月交換券(2024) X 1
`*日替りログインボーナス*
*開催期間中、1日1回 2週間日替りでログインボーナスをプレゼント！*
`巡霊の葉 X 30
`_2024-02-10 19:35:01_
--------
*f86567cb94d07022b955f38c237ef97b*
`登陆天数: 10天 / 1136天
等级: 127
石头: 190
呼符: 17
体力: 172.86666666666667 / 137
友情点: 0 / 761950`
*連続ログイン3日目
※ログインが途切れるか、7日到達すると
1日目から再開されます*
`叡智の業火 X 1
2月交換券(2024) X 1
`*日替りログインボーナス*
*開催期間中、1日1回 2週間日替りでログインボーナスをプレゼント！*
`巡霊の葉 X 30
`_2024-02-10 19:35:10_
--------
*4782f4f90c2933454c63e17e1a16feab*
`登陆天数: 10天 / 1416天
等级: 126
石头: 549
呼符: 34
体力: 1523.24 / 137
友情点: 0 / 1070065`
*連続ログイン3日目
※ログインが途切れるか、7日到達すると
1日目から再開されます*
`叡智の業火 X 1
2月交換券(2024) X 1
`*日替りログインボーナス*
*開催期間中、1日1回 2週間日替りでログインボーナスをプレゼント！*
`巡霊の葉 X 30
`_2024-02-10 19:35:18_
--------
