【登录信息】
*3e138f82f46bd6eeb41b5912a3fb4edd*
`登陆天数: 11天 / 1462天
等级: 127
石头: 2056
呼符: 23
体力: 186.35 / 137
友情点: 0 / 1045300`
*連続ログイン4日目
※ログインが途切れるか、7日到達すると
1日目から再開されます*
`聖晶石 X 1
2月交換券(2024) X 1
`*「FGO カルデア・サテライトステーション 2023-2024」新潟会場開催記念 3万リポスト達成プレゼント*
*開催期間中、初回ログインで「聖晶石×6」をプレゼント！*
`聖晶石 X 6
`_2024-02-11 19:33:57_
--------
*01054c2267c91a9ae9c99dd2ac2bdadf*
`登陆天数: 11天 / 1525天
等级: 133
石头: 319
呼符: 52
体力: 12750.286666666667 / 139
友情点: 0 / 127543570`
*連続ログイン4日目
※ログインが途切れるか、7日到達すると
1日目から再開されます*
`聖晶石 X 1
2月交換券(2024) X 1
`*「FGO カルデア・サテライトステーション 2023-2024」新潟会場開催記念 3万リポスト達成プレゼント*
*開催期間中、初回ログインで「聖晶石×6」をプレゼント！*
`聖晶石 X 6
`_2024-02-11 19:34:06_
--------
*3d6949021dc3c9c6374093e2ca92d22d*
`登陆天数: 11天 / 1470天
等级: 128
石头: 793
呼符: 41
体力: 184.05 / 137
友情点: 0 / 996525`
*連続ログイン4日目
※ログインが途切れるか、7日到達すると
1日目から再開されます*
`聖晶石 X 1
2月交換券(2024) X 1
`*「FGO カルデア・サテライトステーション 2023-2024」新潟会場開催記念 3万リポスト達成プレゼント*
*開催期間中、初回ログインで「聖晶石×6」をプレゼント！*
`聖晶石 X 6
`_2024-02-11 19:34:14_
--------
*f86567cb94d07022b955f38c237ef97b*
`登陆天数: 11天 / 1137天
等级: 127
石头: 190
呼符: 17
体力: 186.58666666666667 / 137
友情点: 0 / 762020`
*連続ログイン4日目
※ログインが途切れるか、7日到達すると
1日目から再開されます*
`聖晶石 X 1
2月交換券(2024) X 1
`*「FGO カルデア・サテライトステーション 2023-2024」新潟会場開催記念 3万リポスト達成プレゼント*
*開催期間中、初回ログインで「聖晶石×6」をプレゼント！*
`聖晶石 X 6
`_2024-02-11 19:34:23_
--------
*4782f4f90c2933454c63e17e1a16feab*
`登陆天数: 11天 / 1417天
等级: 126
石头: 549
呼符: 34
体力: 1811.0866666666666 / 137
友情点: 0 / 1070065`
*連続ログイン4日目
※ログインが途切れるか、7日到達すると
1日目から再開されます*
`聖晶石 X 1
2月交換券(2024) X 1
`*「FGO カルデア・サテライトステーション 2023-2024」新潟会場開催記念 3万リポスト達成プレゼント*
*開催期間中、初回ログインで「聖晶石×6」をプレゼント！*
`聖晶石 X 6
`_2024-02-11 19:34:32_
--------
