【登录信息】
*3e138f82f46bd6eeb41b5912a3fb4edd*
`登陆天数: 12天 / 1463天
等级: 127
石头: 2056
呼符: 23
体力: 474.56333333333333 / 137
友情点: 0 / 1045300`
*連続ログイン5日目
※ログインが途切れるか、7日到達すると
1日目から再開されます*
`叡智の業火 X 2
2月交換券(2024) X 1
`*日替りログインボーナス*
*開催期間中、1日1回 2週間日替りでログインボーナスをプレゼント！*
`巡霊の葉 X 30
`_2024-02-12 19:35:01_
--------
*01054c2267c91a9ae9c99dd2ac2bdadf*
`登陆天数: 12天 / 1526天
等级: 133
石头: 319
呼符: 52
体力: 13038.496666666666 / 139
友情点: 0 / 127543570`
*連続ログイン5日目
※ログインが途切れるか、7日到達すると
1日目から再開されます*
`叡智の業火 X 2
2月交換券(2024) X 1
`*日替りログインボーナス*
*開催期間中、1日1回 2週間日替りでログインボーナスをプレゼント！*
`巡霊の葉 X 30
`_2024-02-12 19:35:09_
--------
*3d6949021dc3c9c6374093e2ca92d22d*
`登陆天数: 12天 / 1471天
等级: 128
石头: 793
呼符: 41
体力: 472.26 / 137
友情点: 0 / 996525`
*連続ログイン5日目
※ログインが途切れるか、7日到達すると
1日目から再開されます*
`叡智の業火 X 2
2月交換券(2024) X 1
`*日替りログインボーナス*
*開催期間中、1日1回 2週間日替りでログインボーナスをプレゼント！*
`巡霊の葉 X 30
`_2024-02-12 19:35:17_
--------
*f86567cb94d07022b955f38c237ef97b*
`登陆天数: 12天 / 1138天
等级: 128
石头: 190
呼符: 17
体力: 146.83333333333334 / 137
友情点: 0 / 762315`
*連続ログイン5日目
※ログインが途切れるか、7日到達すると
1日目から再開されます*
`叡智の業火 X 2
2月交換券(2024) X 1
`*日替りログインボーナス*
*開催期間中、1日1回 2週間日替りでログインボーナスをプレゼント！*
`巡霊の葉 X 30
`_2024-02-12 19:35:25_
--------
*4782f4f90c2933454c63e17e1a16feab*
`登陆天数: 12天 / 1418天
等级: 126
石头: 549
呼符: 34
体力: 2099.29 / 137
友情点: 0 / 1070065`
*連続ログイン5日目
※ログインが途切れるか、7日到達すると
1日目から再開されます*
`叡智の業火 X 2
2月交換券(2024) X 1
`*日替りログインボーナス*
*開催期間中、1日1回 2週間日替りでログインボーナスをプレゼント！*
`巡霊の葉 X 30
`_2024-02-12 19:35:33_
--------
