【登录信息】
*3e138f82f46bd6eeb41b5912a3fb4edd*
`登陆天数: 13天 / 1464天
等级: 127
石头: 2056
呼符: 23
体力: 762.5433333333333 / 137
友情点: 0 / 1045300`
*連続ログイン6日目
※ログインが途切れるか、7日到達すると
1日目から再開されます*
`聖晶石 X 2
2月交換券(2024) X 1
`*日替りログインボーナス*
*開催期間中、1日1回 2週間日替りでログインボーナスをプレゼント！*
`巡霊の葉 X 30
`_2024-02-13 19:34:56_
--------
*01054c2267c91a9ae9c99dd2ac2bdadf*
`登陆天数: 13天 / 1527天
等级: 133
石头: 319
呼符: 52
体力: 13326.476666666667 / 139
友情点: 0 / 127543570`
*連続ログイン6日目
※ログインが途切れるか、7日到達すると
1日目から再開されます*
`聖晶石 X 2
2月交換券(2024) X 1
`*バレンタイン2024
開幕直前特別ログインボーナス*
*開催期間中、1日1回 最大7回ログインボーナスをプレゼント！*
`マナプリズム X 50
`_2024-02-13 19:35:04_
--------
*3d6949021dc3c9c6374093e2ca92d22d*
`登陆天数: 13天 / 1472天
等级: 128
石头: 793
呼符: 41
体力: 760.24 / 137
友情点: 0 / 996525`
*連続ログイン6日目
※ログインが途切れるか、7日到達すると
1日目から再開されます*
`聖晶石 X 2
2月交換券(2024) X 1
`*日替りログインボーナス*
*開催期間中、1日1回 2週間日替りでログインボーナスをプレゼント！*
`巡霊の葉 X 30
`_2024-02-13 19:35:11_
--------
*f86567cb94d07022b955f38c237ef97b*
`登陆天数: 13天 / 1139天
等级: 128
石头: 190
呼符: 17
体力: 434.81333333333333 / 137
友情点: 0 / 762315`
*連続ログイン6日目
※ログインが途切れるか、7日到達すると
1日目から再開されます*
`聖晶石 X 2
2月交換券(2024) X 1
`*日替りログインボーナス*
*開催期間中、1日1回 2週間日替りでログインボーナスをプレゼント！*
`巡霊の葉 X 30
`_2024-02-13 19:35:20_
--------
*4782f4f90c2933454c63e17e1a16feab*
`登陆天数: 13天 / 1419天
等级: 126
石头: 549
呼符: 34
体力: 2387.27 / 137
友情点: 0 / 1070065`
*連続ログイン6日目
※ログインが途切れるか、7日到達すると
1日目から再開されます*
`聖晶石 X 2
2月交換券(2024) X 1
`*バレンタイン2024
開幕直前特別ログインボーナス*
*開催期間中、1日1回 最大7回ログインボーナスをプレゼント！*
`マナプリズム X 50
`_2024-02-13 19:35:27_
--------
