【登录信息】
*3e138f82f46bd6eeb41b5912a3fb4edd*
`登陆天数: 44天 / 1559天
等级: 128
石头: 2308
呼符: 47
体力: 21004.683333333334 / 137
友情点: 0 / 1071665`
_2024-07-04 04:03:42_
--------
*01054c2267c91a9ae9c99dd2ac2bdadf*
`登陆天数: 44天 / 1622天
等级: 133
石头: 735
呼符: 76
体力: 12255.12 / 139
友情点: 0 / 127573945`
_2024-07-04 04:03:50_
--------
*3d6949021dc3c9c6374093e2ca92d22d*
`登陆天数: 44天 / 1567天
等级: 129
石头: 1035
呼符: 41
体力: 12254.213333333333 / 138
友情点: 0 / 1018470`
_2024-07-04 04:03:59_
--------
*f86567cb94d07022b955f38c237ef97b*
`登陆天数: 44天 / 1235天
等级: 129
石头: 426
呼符: 36
体力: 21004.566666666666 / 138
友情点: 0 / 787545`
_2024-07-04 04:04:07_
--------
*4782f4f90c2933454c63e17e1a16feab*
`登陆天数: 44天 / 1514天
等级: 127
石头: 773
呼符: 54
体力: 12254.17 / 137
友情点: 0 / 1094385`
_2024-07-04 04:04:15_
--------
*1205ae6adcbe9c4926a74330d0c7f526*
`登陆天数: 44天 / 1559天
等级: 130
石头: 2256
呼符: 12
体力: 12255.34 / 138
友情点: 0 / 950015`
_2024-07-04 04:04:23_
--------
*f5bdb6967d9a17d5d5d22c803ecc3a3c*
`登陆天数: 44天 / 1607天
等级: 131
石头: 620
呼符: 28
体力: 12254.036666666667 / 138
友情点: 0 / 1231830`
_2024-07-04 04:04:31_
--------
