【登录信息】
*3e138f82f46bd6eeb41b5912a3fb4edd*
`登陆天数: 49天 / 1564天
等级: 128
石头: 2308
呼符: 47
体力: 22342.846666666668 / 137
友情点: 0 / 1071665`
*連続ログイン7日間到達おめでとうございます！
明日は1日目からリスタートされます。*
`獣の足跡 X 1
呼符 X 1
7月交換券(2024) X 1
`*踊るドラゴン・キャッスル！ ～深海の姫君とふたつの宝玉～ 開幕記念 ログインボーナス*
*開催期間中、1日1回 最大21回 ログインボーナスをプレゼント！*
`白銀の果実 X 1
`_2024-07-08 19:34:32_
--------
*01054c2267c91a9ae9c99dd2ac2bdadf*
`登陆天数: 49天 / 1627天
等级: 133
石头: 735
呼符: 76
体力: 13593.283333333333 / 139
友情点: 0 / 127573945`
*連続ログイン7日間到達おめでとうございます！
明日は1日目からリスタートされます。*
`獣の足跡 X 1
呼符 X 1
7月交換券(2024) X 1
`*踊るドラゴン・キャッスル！ ～深海の姫君とふたつの宝玉～ 開幕記念 ログインボーナス*
*開催期間中、1日1回 最大21回 ログインボーナスをプレゼント！*
`白銀の果実 X 1
`_2024-07-08 19:34:40_
--------
*3d6949021dc3c9c6374093e2ca92d22d*
`登陆天数: 49天 / 1572天
等级: 129
石头: 1035
呼符: 41
体力: 13592.373333333333 / 138
友情点: 0 / 1018470`
*連続ログイン7日間到達おめでとうございます！
明日は1日目からリスタートされます。*
`獣の足跡 X 1
呼符 X 1
7月交換券(2024) X 1
`*踊るドラゴン・キャッスル！ ～深海の姫君とふたつの宝玉～ 開幕記念 ログインボーナス*
*開催期間中、1日1回 最大21回 ログインボーナスをプレゼント！*
`白銀の果実 X 1
`_2024-07-08 19:34:47_
--------
*f86567cb94d07022b955f38c237ef97b*
`登陆天数: 49天 / 1240天
等级: 129
石头: 426
呼符: 36
体力: 22342.726666666666 / 138
友情点: 0 / 787545`
*連続ログイン7日間到達おめでとうございます！
明日は1日目からリスタートされます。*
`獣の足跡 X 1
呼符 X 1
7月交換券(2024) X 1
`*踊るドラゴン・キャッスル！ ～深海の姫君とふたつの宝玉～ 開幕記念 ログインボーナス*
*開催期間中、1日1回 最大21回 ログインボーナスをプレゼント！*
`白銀の果実 X 1
`_2024-07-08 19:34:55_
--------
*4782f4f90c2933454c63e17e1a16feab*
`登陆天数: 49天 / 1519天
等级: 127
石头: 773
呼符: 54
体力: 13592.333333333334 / 137
友情点: 0 / 1094385`
*連続ログイン7日間到達おめでとうございます！
明日は1日目からリスタートされます。*
`獣の足跡 X 1
呼符 X 1
7月交換券(2024) X 1
`*踊るドラゴン・キャッスル！ ～深海の姫君とふたつの宝玉～ 開幕記念 ログインボーナス*
*開催期間中、1日1回 最大21回 ログインボーナスをプレゼント！*
`白銀の果実 X 1
`_2024-07-08 19:35:04_
--------
*1205ae6adcbe9c4926a74330d0c7f526*
`登陆天数: 49天 / 1564天
等级: 130
石头: 2256
呼符: 12
体力: 13593.503333333334 / 138
友情点: 0 / 950015`
*連続ログイン7日間到達おめでとうございます！
明日は1日目からリスタートされます。*
`獣の足跡 X 1
呼符 X 1
7月交換券(2024) X 1
`*踊るドラゴン・キャッスル！ ～深海の姫君とふたつの宝玉～ 開幕記念 ログインボーナス*
*開催期間中、1日1回 最大21回 ログインボーナスをプレゼント！*
`白銀の果実 X 1
`_2024-07-08 19:35:11_
--------
*f5bdb6967d9a17d5d5d22c803ecc3a3c*
`登陆天数: 49天 / 1612天
等级: 131
石头: 620
呼符: 28
体力: 13592.2 / 138
友情点: 0 / 1231830`
*連続ログイン7日間到達おめでとうございます！
明日は1日目からリスタートされます。*
`獣の足跡 X 1
呼符 X 1
7月交換券(2024) X 1
`*踊るドラゴン・キャッスル！ ～深海の姫君とふたつの宝玉～ 開幕記念 ログインボーナス*
*開催期間中、1日1回 最大21回 ログインボーナスをプレゼント！*
`白銀の果実 X 1
`_2024-07-08 19:35:20_
--------
