【登录信息】
*3e138f82f46bd6eeb41b5912a3fb4edd*
`登陆天数: 50天 / 1565天
等级: 128
石头: 2308
呼符: 47
体力: 22630.926666666666 / 137
友情点: 0 / 1071665`
*連続ログイン1日目
※ログインが途切れるか、7日到達すると
1日目から再開されます*
`フレンドポイント X 2000
7月交換券(2024) X 1
`*踊るドラゴン・キャッスル！ ～深海の姫君とふたつの宝玉～ 開幕記念 ログインボーナス*
*開催期間中、1日1回 最大21回 ログインボーナスをプレゼント！*
`白銀の果実 X 1
`_2024-07-09 19:34:55_
--------
*01054c2267c91a9ae9c99dd2ac2bdadf*
`登陆天数: 50天 / 1628天
等级: 133
石头: 735
呼符: 76
体力: 13881.363333333333 / 139
友情点: 0 / 127573945`
*連続ログイン1日目
※ログインが途切れるか、7日到達すると
1日目から再開されます*
`フレンドポイント X 2000
7月交換券(2024) X 1
`*踊るドラゴン・キャッスル！ ～深海の姫君とふたつの宝玉～ 開幕記念 ログインボーナス*
*開催期間中、1日1回 最大21回 ログインボーナスをプレゼント！*
`白銀の果実 X 1
`_2024-07-09 19:35:03_
--------
*3d6949021dc3c9c6374093e2ca92d22d*
`登陆天数: 50天 / 1573天
等级: 129
石头: 1035
呼符: 41
体力: 13880.453333333333 / 138
友情点: 0 / 1018470`
*連続ログイン1日目
※ログインが途切れるか、7日到達すると
1日目から再開されます*
`フレンドポイント X 2000
7月交換券(2024) X 1
`*踊るドラゴン・キャッスル！ ～深海の姫君とふたつの宝玉～ 開幕記念 ログインボーナス*
*開催期間中、1日1回 最大21回 ログインボーナスをプレゼント！*
`白銀の果実 X 1
`_2024-07-09 19:35:11_
--------
*f86567cb94d07022b955f38c237ef97b*
`登陆天数: 50天 / 1241天
等级: 129
石头: 426
呼符: 36
体力: 22630.806666666667 / 138
友情点: 0 / 787545`
*連続ログイン1日目
※ログインが途切れるか、7日到達すると
1日目から再開されます*
`フレンドポイント X 2000
7月交換券(2024) X 1
`*踊るドラゴン・キャッスル！ ～深海の姫君とふたつの宝玉～ 開幕記念 ログインボーナス*
*開催期間中、1日1回 最大21回 ログインボーナスをプレゼント！*
`白銀の果実 X 1
`_2024-07-09 19:35:19_
--------
*4782f4f90c2933454c63e17e1a16feab*
`登陆天数: 50天 / 1520天
等级: 127
石头: 773
呼符: 54
体力: 13880.413333333334 / 137
友情点: 0 / 1094385`
*連続ログイン1日目
※ログインが途切れるか、7日到達すると
1日目から再開されます*
`フレンドポイント X 2000
7月交換券(2024) X 1
`*踊るドラゴン・キャッスル！ ～深海の姫君とふたつの宝玉～ 開幕記念 ログインボーナス*
*開催期間中、1日1回 最大21回 ログインボーナスをプレゼント！*
`白銀の果実 X 1
`_2024-07-09 19:35:27_
--------
*1205ae6adcbe9c4926a74330d0c7f526*
`登陆天数: 50天 / 1565天
等级: 130
石头: 2256
呼符: 12
体力: 13881.583333333334 / 138
友情点: 0 / 950015`
*連続ログイン1日目
※ログインが途切れるか、7日到達すると
1日目から再開されます*
`フレンドポイント X 2000
7月交換券(2024) X 1
`*踊るドラゴン・キャッスル！ ～深海の姫君とふたつの宝玉～ 開幕記念 ログインボーナス*
*開催期間中、1日1回 最大21回 ログインボーナスをプレゼント！*
`白銀の果実 X 1
`_2024-07-09 19:35:35_
--------
*f5bdb6967d9a17d5d5d22c803ecc3a3c*
`登陆天数: 50天 / 1613天
等级: 131
石头: 620
呼符: 28
体力: 13880.28 / 138
友情点: 0 / 1231830`
*連続ログイン1日目
※ログインが途切れるか、7日到達すると
1日目から再開されます*
`フレンドポイント X 2000
7月交換券(2024) X 1
`*踊るドラゴン・キャッスル！ ～深海の姫君とふたつの宝玉～ 開幕記念 ログインボーナス*
*開催期間中、1日1回 最大21回 ログインボーナスをプレゼント！*
`白銀の果実 X 1
`_2024-07-09 19:35:43_
--------
