【登录信息】
*3e138f82f46bd6eeb41b5912a3fb4edd*
`登陆天数: 51天 / 1566天
等级: 128
石头: 2308
呼符: 47
体力: 22918.896666666667 / 137
友情点: 0 / 1071665`
*連続ログイン2日目
※ログインが途切れるか、7日到達すると
1日目から再開されます*
`聖晶石 X 1
7月交換券(2024) X 1
`*「水着イベント2024」参加条件クリア応援キャンペーン 第2弾
特別ログインボーナス*
*開催期間中、1日1回 最大7回 ログインボーナスをプレゼント！*
`黄金の果実 X 1
`_2024-07-10 19:34:46_
--------
*01054c2267c91a9ae9c99dd2ac2bdadf*
`登陆天数: 51天 / 1629天
等级: 133
石头: 735
呼符: 76
体力: 14169.336666666666 / 139
友情点: 0 / 127573945`
*連続ログイン2日目
※ログインが途切れるか、7日到達すると
1日目から再開されます*
`聖晶石 X 1
7月交換券(2024) X 1
`*「水着イベント2024」参加条件クリア応援キャンペーン 第2弾
特別ログインボーナス*
*開催期間中、1日1回 最大7回 ログインボーナスをプレゼント！*
`黄金の果実 X 1
`_2024-07-10 19:34:55_
--------
*3d6949021dc3c9c6374093e2ca92d22d*
`登陆天数: 51天 / 1574天
等级: 129
石头: 1035
呼符: 41
体力: 14168.43 / 138
友情点: 0 / 1018470`
*連続ログイン2日目
※ログインが途切れるか、7日到達すると
1日目から再開されます*
`聖晶石 X 1
7月交換券(2024) X 1
`*「水着イベント2024」参加条件クリア応援キャンペーン 第2弾
特別ログインボーナス*
*開催期間中、1日1回 最大7回 ログインボーナスをプレゼント！*
`黄金の果実 X 1
`_2024-07-10 19:35:03_
--------
*f86567cb94d07022b955f38c237ef97b*
`登陆天数: 51天 / 1242天
等级: 129
石头: 426
呼符: 36
体力: 22918.783333333333 / 138
友情点: 0 / 787545`
*連続ログイン2日目
※ログインが途切れるか、7日到達すると
1日目から再開されます*
`聖晶石 X 1
7月交換券(2024) X 1
`*「水着イベント2024」参加条件クリア応援キャンペーン 第2弾
特別ログインボーナス*
*開催期間中、1日1回 最大7回 ログインボーナスをプレゼント！*
`黄金の果実 X 1
`_2024-07-10 19:35:12_
--------
*4782f4f90c2933454c63e17e1a16feab*
`登陆天数: 51天 / 1521天
等级: 127
石头: 773
呼符: 54
体力: 14168.39 / 137
友情点: 0 / 1094385`
*連続ログイン2日目
※ログインが途切れるか、7日到達すると
1日目から再開されます*
`聖晶石 X 1
7月交換券(2024) X 1
`*「水着イベント2024」参加条件クリア応援キャンペーン 第2弾
特別ログインボーナス*
*開催期間中、1日1回 最大7回 ログインボーナスをプレゼント！*
`黄金の果実 X 1
`_2024-07-10 19:35:20_
--------
*1205ae6adcbe9c4926a74330d0c7f526*
`登陆天数: 51天 / 1566天
等级: 130
石头: 1106
呼符: 23
体力: 119.21666666666667 / 138
友情点: 0 / 900015`
*連続ログイン2日目
※ログインが途切れるか、7日到達すると
1日目から再開されます*
`聖晶石 X 1
7月交換券(2024) X 1
`*「水着イベント2024」参加条件クリア応援キャンペーン 第2弾
特別ログインボーナス*
*開催期間中、1日1回 最大7回 ログインボーナスをプレゼント！*
`黄金の果実 X 1
`_2024-07-10 19:35:29_
--------
*f5bdb6967d9a17d5d5d22c803ecc3a3c*
`登陆天数: 51天 / 1614天
等级: 131
石头: 620
呼符: 28
体力: 14168.26 / 138
友情点: 0 / 1231830`
*連続ログイン2日目
※ログインが途切れるか、7日到達すると
1日目から再開されます*
`聖晶石 X 1
7月交換券(2024) X 1
`*「水着イベント2024」参加条件クリア応援キャンペーン 第2弾
特別ログインボーナス*
*開催期間中、1日1回 最大7回 ログインボーナスをプレゼント！*
`黄金の果実 X 1
`_2024-07-10 19:35:37_
--------
