【登录信息】
*3e138f82f46bd6eeb41b5912a3fb4edd*
`登陆天数: 52天 / 1567天
等级: 128
石头: 2308
呼符: 47
体力: 23207.17 / 137
友情点: 0 / 1071665`
*連続ログイン3日目
※ログインが途切れるか、7日到達すると
1日目から再開されます*
`叡智の業火 X 1
7月交換券(2024) X 1
`*「水着イベント2024」参加条件クリア応援キャンペーン 第2弾
特別ログインボーナス*
*開催期間中、1日1回 最大7回 ログインボーナスをプレゼント！*
`叡智の業火 X 10
`_2024-07-11 19:36:08_
--------
*01054c2267c91a9ae9c99dd2ac2bdadf*
`登陆天数: 52天 / 1630天
等级: 133
石头: 735
呼符: 76
体力: 14457.61 / 139
友情点: 0 / 127573945`
*連続ログイン3日目
※ログインが途切れるか、7日到達すると
1日目から再開されます*
`叡智の業火 X 1
7月交換券(2024) X 1
`*「水着イベント2024」参加条件クリア応援キャンペーン 第2弾
特別ログインボーナス*
*開催期間中、1日1回 最大7回 ログインボーナスをプレゼント！*
`叡智の業火 X 10
`_2024-07-11 19:36:17_
--------
*3d6949021dc3c9c6374093e2ca92d22d*
`登陆天数: 52天 / 1575天
等级: 129
石头: 1035
呼符: 41
体力: 14456.7 / 138
友情点: 0 / 1018470`
*連続ログイン3日目
※ログインが途切れるか、7日到達すると
1日目から再開されます*
`叡智の業火 X 1
7月交換券(2024) X 1
`*「水着イベント2024」参加条件クリア応援キャンペーン 第2弾
特別ログインボーナス*
*開催期間中、1日1回 最大7回 ログインボーナスをプレゼント！*
`叡智の業火 X 10
`_2024-07-11 19:36:25_
--------
*f86567cb94d07022b955f38c237ef97b*
`登陆天数: 52天 / 1243天
等级: 129
石头: 426
呼符: 36
体力: 23207.056666666667 / 138
友情点: 0 / 787545`
*連続ログイン3日目
※ログインが途切れるか、7日到達すると
1日目から再開されます*
`叡智の業火 X 1
7月交換券(2024) X 1
`*「水着イベント2024」参加条件クリア応援キャンペーン 第2弾
特別ログインボーナス*
*開催期間中、1日1回 最大7回 ログインボーナスをプレゼント！*
`叡智の業火 X 10
`_2024-07-11 19:36:34_
--------
*4782f4f90c2933454c63e17e1a16feab*
`登陆天数: 52天 / 1522天
等级: 127
石头: 773
呼符: 54
体力: 14456.66 / 137
友情点: 0 / 1094385`
*連続ログイン3日目
※ログインが途切れるか、7日到達すると
1日目から再開されます*
`叡智の業火 X 1
7月交換券(2024) X 1
`*「水着イベント2024」参加条件クリア応援キャンペーン 第2弾
特別ログインボーナス*
*開催期間中、1日1回 最大7回 ログインボーナスをプレゼント！*
`叡智の業火 X 10
`_2024-07-11 19:36:42_
--------
*1205ae6adcbe9c4926a74330d0c7f526*
`登陆天数: 52天 / 1567天
等级: 130
石头: 1106
呼符: 23
体力: 407.4866666666667 / 138
友情点: 0 / 900015`
*連続ログイン3日目
※ログインが途切れるか、7日到達すると
1日目から再開されます*
`叡智の業火 X 1
7月交換券(2024) X 1
`*「水着イベント2024」参加条件クリア応援キャンペーン 第2弾
特別ログインボーナス*
*開催期間中、1日1回 最大7回 ログインボーナスをプレゼント！*
`叡智の業火 X 10
`_2024-07-11 19:36:50_
--------
*f5bdb6967d9a17d5d5d22c803ecc3a3c*
`登陆天数: 52天 / 1615天
等级: 131
石头: 620
呼符: 28
体力: 14456.53 / 138
友情点: 0 / 1231830`
*連続ログイン3日目
※ログインが途切れるか、7日到達すると
1日目から再開されます*
`叡智の業火 X 1
7月交換券(2024) X 1
`*「水着イベント2024」参加条件クリア応援キャンペーン 第2弾
特別ログインボーナス*
*開催期間中、1日1回 最大7回 ログインボーナスをプレゼント！*
`叡智の業火 X 10
`_2024-07-11 19:36:58_
--------
