【登录信息】
*3e138f82f46bd6eeb41b5912a3fb4edd*
`登陆天数: 53天 / 1568天
等级: 128
石头: 2308
呼符: 47
体力: 23495.006666666668 / 137
友情点: 0 / 1071665`
*連続ログイン4日目
※ログインが途切れるか、7日到達すると
1日目から再開されます*
`聖晶石 X 1
7月交換券(2024) X 1
`*「水着イベント2024」参加条件クリア応援キャンペーン 第2弾
特別ログインボーナス*
*開催期間中、1日1回 最大7回 ログインボーナスをプレゼント！*
`QP X 2000000
`_2024-07-12 19:35:19_
--------
*01054c2267c91a9ae9c99dd2ac2bdadf*
`登陆天数: 53天 / 1631天
等级: 133
石头: 735
呼符: 76
体力: 14745.443333333333 / 139
友情点: 0 / 127573945`
*連続ログイン4日目
※ログインが途切れるか、7日到達すると
1日目から再開されます*
`聖晶石 X 1
7月交換券(2024) X 1
`*「水着イベント2024」参加条件クリア応援キャンペーン 第2弾
特別ログインボーナス*
*開催期間中、1日1回 最大7回 ログインボーナスをプレゼント！*
`QP X 2000000
`_2024-07-12 19:35:27_
--------
*3d6949021dc3c9c6374093e2ca92d22d*
`登陆天数: 53天 / 1576天
等级: 129
石头: 1035
呼符: 41
体力: 14744.533333333333 / 138
友情点: 0 / 1018470`
*連続ログイン4日目
※ログインが途切れるか、7日到達すると
1日目から再開されます*
`聖晶石 X 1
7月交換券(2024) X 1
`*「水着イベント2024」参加条件クリア応援キャンペーン 第2弾
特別ログインボーナス*
*開催期間中、1日1回 最大7回 ログインボーナスをプレゼント！*
`QP X 2000000
`_2024-07-12 19:35:35_
--------
*f86567cb94d07022b955f38c237ef97b*
`登陆天数: 53天 / 1244天
等级: 129
石头: 426
呼符: 36
体力: 23494.886666666665 / 138
友情点: 0 / 787545`
*連続ログイン4日目
※ログインが途切れるか、7日到達すると
1日目から再開されます*
`聖晶石 X 1
7月交換券(2024) X 1
`*「水着イベント2024」参加条件クリア応援キャンペーン 第2弾
特別ログインボーナス*
*開催期間中、1日1回 最大7回 ログインボーナスをプレゼント！*
`QP X 2000000
`_2024-07-12 19:35:43_
--------
*4782f4f90c2933454c63e17e1a16feab*
`登陆天数: 53天 / 1523天
等级: 127
石头: 773
呼符: 54
体力: 14744.493333333334 / 137
友情点: 0 / 1094385`
*連続ログイン4日目
※ログインが途切れるか、7日到達すると
1日目から再開されます*
`聖晶石 X 1
7月交換券(2024) X 1
`*「水着イベント2024」参加条件クリア応援キャンペーン 第2弾
特別ログインボーナス*
*開催期間中、1日1回 最大7回 ログインボーナスをプレゼント！*
`QP X 2000000
`_2024-07-12 19:35:51_
--------
*1205ae6adcbe9c4926a74330d0c7f526*
`登陆天数: 53天 / 1568天
等级: 130
石头: 1106
呼符: 23
体力: 695.3166666666667 / 138
友情点: 0 / 900015`
*連続ログイン4日目
※ログインが途切れるか、7日到達すると
1日目から再開されます*
`聖晶石 X 1
7月交換券(2024) X 1
`*「水着イベント2024」参加条件クリア応援キャンペーン 第2弾
特別ログインボーナス*
*開催期間中、1日1回 最大7回 ログインボーナスをプレゼント！*
`QP X 2000000
`_2024-07-12 19:35:59_
--------
*f5bdb6967d9a17d5d5d22c803ecc3a3c*
`登陆天数: 53天 / 1616天
等级: 131
石头: 620
呼符: 28
体力: 14744.36 / 138
友情点: 0 / 1231830`
*連続ログイン4日目
※ログインが途切れるか、7日到達すると
1日目から再開されます*
`聖晶石 X 1
7月交換券(2024) X 1
`*「水着イベント2024」参加条件クリア応援キャンペーン 第2弾
特別ログインボーナス*
*開催期間中、1日1回 最大7回 ログインボーナスをプレゼント！*
`QP X 2000000
`_2024-07-12 19:36:07_
--------
