【登录信息】
*3e138f82f46bd6eeb41b5912a3fb4edd*
`登陆天数: 56天 / 1571天
等级: 128
石头: 1603
呼符: 53
体力: 24358.92 / 137
友情点: 0 / 1073665`
*連続ログイン7日間到達おめでとうございます！
明日は1日目からリスタートされます。*
`獣の足跡 X 1
呼符 X 1
7月交換券(2024) X 1
`*「水着イベント2024」参加条件クリア応援キャンペーン 第2弾
特別ログインボーナス*
*開催期間中、1日1回 最大7回 ログインボーナスをプレゼント！*
`英霊結晶・太陽のフォウくん X 10
`_2024-07-15 19:34:53_
--------
*01054c2267c91a9ae9c99dd2ac2bdadf*
`登陆天数: 56天 / 1634天
等级: 133
石头: 735
呼符: 76
体力: 15609.356666666667 / 139
友情点: 0 / 127573945`
*連続ログイン7日間到達おめでとうございます！
明日は1日目からリスタートされます。*
`獣の足跡 X 1
呼符 X 1
7月交換券(2024) X 1
`*「水着イベント2024」参加条件クリア応援キャンペーン 第2弾
特別ログインボーナス*
*開催期間中、1日1回 最大7回 ログインボーナスをプレゼント！*
`英霊結晶・太陽のフォウくん X 10
`_2024-07-15 19:35:01_
--------
*3d6949021dc3c9c6374093e2ca92d22d*
`登陆天数: 56天 / 1579天
等级: 129
石头: 1035
呼符: 41
体力: 15608.446666666667 / 138
友情点: 0 / 1018470`
*連続ログイン7日間到達おめでとうございます！
明日は1日目からリスタートされます。*
`獣の足跡 X 1
呼符 X 1
7月交換券(2024) X 1
`*「水着イベント2024」参加条件クリア応援キャンペーン 第2弾
特別ログインボーナス*
*開催期間中、1日1回 最大7回 ログインボーナスをプレゼント！*
`英霊結晶・太陽のフォウくん X 10
`_2024-07-15 19:35:09_
--------
*f86567cb94d07022b955f38c237ef97b*
`登陆天数: 56天 / 1247天
等级: 129
石头: 426
呼符: 36
体力: 24358.8 / 138
友情点: 0 / 787545`
*連続ログイン7日間到達おめでとうございます！
明日は1日目からリスタートされます。*
`獣の足跡 X 1
呼符 X 1
7月交換券(2024) X 1
`*「水着イベント2024」参加条件クリア応援キャンペーン 第2弾
特別ログインボーナス*
*開催期間中、1日1回 最大7回 ログインボーナスをプレゼント！*
`英霊結晶・太陽のフォウくん X 10
`_2024-07-15 19:35:17_
--------
*4782f4f90c2933454c63e17e1a16feab*
`登陆天数: 56天 / 1526天
等级: 127
石头: 773
呼符: 54
体力: 15608.406666666666 / 137
友情点: 0 / 1094385`
*連続ログイン7日間到達おめでとうございます！
明日は1日目からリスタートされます。*
`獣の足跡 X 1
呼符 X 1
7月交換券(2024) X 1
`*「水着イベント2024」参加条件クリア応援キャンペーン 第2弾
特別ログインボーナス*
*開催期間中、1日1回 最大7回 ログインボーナスをプレゼント！*
`英霊結晶・太陽のフォウくん X 10
`_2024-07-15 19:35:25_
--------
*1205ae6adcbe9c4926a74330d0c7f526*
`登陆天数: 56天 / 1571天
等级: 130
石头: 1106
呼符: 23
体力: 1559.23 / 138
友情点: 0 / 900015`
*連続ログイン7日間到達おめでとうございます！
明日は1日目からリスタートされます。*
`獣の足跡 X 1
呼符 X 1
7月交換券(2024) X 1
`*「水着イベント2024」参加条件クリア応援キャンペーン 第2弾
特別ログインボーナス*
*開催期間中、1日1回 最大7回 ログインボーナスをプレゼント！*
`英霊結晶・太陽のフォウくん X 10
`_2024-07-15 19:35:33_
--------
*f5bdb6967d9a17d5d5d22c803ecc3a3c*
`登陆天数: 56天 / 1619天
等级: 131
石头: 620
呼符: 28
体力: 15608.273333333333 / 138
友情点: 0 / 1231830`
*連続ログイン7日間到達おめでとうございます！
明日は1日目からリスタートされます。*
`獣の足跡 X 1
呼符 X 1
7月交換券(2024) X 1
`*「水着イベント2024」参加条件クリア応援キャンペーン 第2弾
特別ログインボーナス*
*開催期間中、1日1回 最大7回 ログインボーナスをプレゼント！*
`英霊結晶・太陽のフォウくん X 10
`_2024-07-15 19:35:41_
--------
