【登录信息】
*3e138f82f46bd6eeb41b5912a3fb4edd*
`登陆天数: 62天 / 1577天
等级: 128
石头: 1603
呼符: 53
体力: 26086.916666666668 / 137
友情点: 0 / 1073665`
*連続ログイン6日目
※ログインが途切れるか、7日到達すると
1日目から再開されます*
`聖晶石 X 2
7月交換券(2024) X 1
`*使用期限付コンティニューアイテムプレゼント！*
*開催期間中、1日1回 最大7回 コンティニューアイテム「霊脈石」をプレゼント！*
`霊脈石 X 1
`_2024-07-21 19:34:52_
--------
*01054c2267c91a9ae9c99dd2ac2bdadf*
`登陆天数: 62天 / 1640天
等级: 133
石头: 9
呼符: 88
体力: 1164.73 / 139
友情点: 0 / 127566005`
*連続ログイン6日目
※ログインが途切れるか、7日到達すると
1日目から再開されます*
`聖晶石 X 2
7月交換券(2024) X 1
`*使用期限付コンティニューアイテムプレゼント！*
*開催期間中、1日1回 最大7回 コンティニューアイテム「霊脈石」をプレゼント！*
`霊脈石 X 1
`_2024-07-21 19:35:00_
--------
*3d6949021dc3c9c6374093e2ca92d22d*
`登陆天数: 62天 / 1585天
等级: 129
石头: 1035
呼符: 41
体力: 17336.443333333333 / 138
友情点: 0 / 1018470`
*連続ログイン6日目
※ログインが途切れるか、7日到達すると
1日目から再開されます*
`聖晶石 X 2
7月交換券(2024) X 1
`*使用期限付コンティニューアイテムプレゼント！*
*開催期間中、1日1回 最大7回 コンティニューアイテム「霊脈石」をプレゼント！*
`霊脈石 X 1
`_2024-07-21 19:35:08_
--------
*f86567cb94d07022b955f38c237ef97b*
`登陆天数: 62天 / 1253天
等级: 129
石头: 426
呼符: 36
体力: 26086.796666666665 / 138
友情点: 0 / 787545`
*連続ログイン6日目
※ログインが途切れるか、7日到達すると
1日目から再開されます*
`聖晶石 X 2
7月交換券(2024) X 1
`*使用期限付コンティニューアイテムプレゼント！*
*開催期間中、1日1回 最大7回 コンティニューアイテム「霊脈石」をプレゼント！*
`霊脈石 X 1
`_2024-07-21 19:35:16_
--------
*4782f4f90c2933454c63e17e1a16feab*
`登陆天数: 62天 / 1532天
等级: 127
石头: 773
呼符: 54
体力: 17336.403333333332 / 137
友情点: 0 / 1094385`
*連続ログイン6日目
※ログインが途切れるか、7日到達すると
1日目から再開されます*
`聖晶石 X 2
7月交換券(2024) X 1
`*使用期限付コンティニューアイテムプレゼント！*
*開催期間中、1日1回 最大7回 コンティニューアイテム「霊脈石」をプレゼント！*
`霊脈石 X 1
`_2024-07-21 19:35:25_
--------
*1205ae6adcbe9c4926a74330d0c7f526*
`登陆天数: 62天 / 1577天
等级: 130
石头: 1125
呼符: 24
体力: 1163.7933333333333 / 138
友情点: 0 / 902075`
*連続ログイン6日目
※ログインが途切れるか、7日到達すると
1日目から再開されます*
`聖晶石 X 2
7月交換券(2024) X 1
`*使用期限付コンティニューアイテムプレゼント！*
*開催期間中、1日1回 最大7回 コンティニューアイテム「霊脈石」をプレゼント！*
`霊脈石 X 1
`_2024-07-21 19:35:32_
--------
*f5bdb6967d9a17d5d5d22c803ecc3a3c*
`登陆天数: 62天 / 1625天
等级: 131
石头: 620
呼符: 28
体力: 17336.27 / 138
友情点: 0 / 1231830`
*連続ログイン6日目
※ログインが途切れるか、7日到達すると
1日目から再開されます*
`聖晶石 X 2
7月交換券(2024) X 1
`*使用期限付コンティニューアイテムプレゼント！*
*開催期間中、1日1回 最大7回 コンティニューアイテム「霊脈石」をプレゼント！*
`霊脈石 X 1
`_2024-07-21 19:35:40_
--------
