【登录信息】
*3e138f82f46bd6eeb41b5912a3fb4edd*
`登陆天数: 66天 / 1581天
等级: 128
石头: 1603
呼符: 53
体力: 27238.75 / 137
友情点: 0 / 1073665`
*連続ログイン3日目
※ログインが途切れるか、7日到達すると
1日目から再開されます*
`叡智の業火 X 1
7月交換券(2024) X 1
`*ハンティングクエスト 第14弾
特別ログインボーナス*
*開催期間中、1日1回 最大7回 ログインボーナスをプレゼント！*
`黄金の果実 X 1
`_2024-07-25 19:34:02_
--------
*01054c2267c91a9ae9c99dd2ac2bdadf*
`登陆天数: 66天 / 1644天
等级: 133
石头: 9
呼符: 88
体力: 2316.5633333333335 / 139
友情点: 0 / 127566005`
*連続ログイン3日目
※ログインが途切れるか、7日到達すると
1日目から再開されます*
`叡智の業火 X 1
7月交換券(2024) X 1
`*ハンティングクエスト 第14弾
特別ログインボーナス*
*開催期間中、1日1回 最大7回 ログインボーナスをプレゼント！*
`黄金の果実 X 1
`_2024-07-25 19:34:10_
--------
*3d6949021dc3c9c6374093e2ca92d22d*
`登陆天数: 66天 / 1589天
等级: 129
石头: 1035
呼符: 41
体力: 18488.28 / 138
友情点: 0 / 1018470`
*連続ログイン3日目
※ログインが途切れるか、7日到達すると
1日目から再開されます*
`叡智の業火 X 1
7月交換券(2024) X 1
`*ハンティングクエスト 第14弾
特別ログインボーナス*
*開催期間中、1日1回 最大7回 ログインボーナスをプレゼント！*
`黄金の果実 X 1
`_2024-07-25 19:34:19_
--------
*f86567cb94d07022b955f38c237ef97b*
`登陆天数: 66天 / 1257天
等级: 129
石头: 426
呼符: 36
体力: 27238.63 / 138
友情点: 0 / 787545`
*連続ログイン3日目
※ログインが途切れるか、7日到達すると
1日目から再開されます*
`叡智の業火 X 1
7月交換券(2024) X 1
`*ハンティングクエスト 第14弾
特別ログインボーナス*
*開催期間中、1日1回 最大7回 ログインボーナスをプレゼント！*
`黄金の果実 X 1
`_2024-07-25 19:34:27_
--------
*4782f4f90c2933454c63e17e1a16feab*
`登陆天数: 66天 / 1536天
等级: 127
石头: 773
呼符: 54
体力: 18488.236666666668 / 137
友情点: 0 / 1094385`
*連続ログイン3日目
※ログインが途切れるか、7日到達すると
1日目から再開されます*
`叡智の業火 X 1
7月交換券(2024) X 1
`*ハンティングクエスト 第14弾
特別ログインボーナス*
*開催期間中、1日1回 最大7回 ログインボーナスをプレゼント！*
`黄金の果実 X 1
`_2024-07-25 19:34:35_
--------
*1205ae6adcbe9c4926a74330d0c7f526*
`登陆天数: 66天 / 1581天
等级: 130
石头: 1125
呼符: 24
体力: 2315.6266666666666 / 138
友情点: 0 / 902075`
*連続ログイン3日目
※ログインが途切れるか、7日到達すると
1日目から再開されます*
`叡智の業火 X 1
7月交換券(2024) X 1
`*ハンティングクエスト 第14弾
特別ログインボーナス*
*開催期間中、1日1回 最大7回 ログインボーナスをプレゼント！*
`黄金の果実 X 1
`_2024-07-25 19:34:42_
--------
*f5bdb6967d9a17d5d5d22c803ecc3a3c*
`登陆天数: 66天 / 1629天
等级: 131
石头: 620
呼符: 28
体力: 18488.103333333333 / 138
友情点: 0 / 1231830`
*連続ログイン3日目
※ログインが途切れるか、7日到達すると
1日目から再開されます*
`叡智の業火 X 1
7月交換券(2024) X 1
`*ハンティングクエスト 第14弾
特別ログインボーナス*
*開催期間中、1日1回 最大7回 ログインボーナスをプレゼント！*
`黄金の果実 X 1
`_2024-07-25 19:34:50_
--------
