【登录信息】
*3e138f82f46bd6eeb41b5912a3fb4edd*
`登陆天数: 67天 / 1582天
等级: 128
石头: 1603
呼符: 53
体力: 27526.873333333333 / 137
友情点: 0 / 1073665`
*連続ログイン4日目
※ログインが途切れるか、7日到達すると
1日目から再開されます*
`聖晶石 X 1
7月交換券(2024) X 1
`*「FGO Expo ～Fate/Grand Order Fes. 2024 9th Anniversary～」 開催直前カウントダウン ログインボーナス*
*開催期間中、1日1回 9日間日替りでログインボーナスをプレゼント！*
`叡智の業火 X 5
`_2024-07-26 19:34:39_
--------
*01054c2267c91a9ae9c99dd2ac2bdadf*
`登陆天数: 67天 / 1645天
等级: 133
石头: 9
呼符: 88
体力: 2604.6866666666665 / 139
友情点: 0 / 127566005`
*連続ログイン4日目
※ログインが途切れるか、7日到達すると
1日目から再開されます*
`聖晶石 X 1
7月交換券(2024) X 1
`*「FGO Expo ～Fate/Grand Order Fes. 2024 9th Anniversary～」 開催直前カウントダウン ログインボーナス*
*開催期間中、1日1回 9日間日替りでログインボーナスをプレゼント！*
`叡智の業火 X 5
`_2024-07-26 19:34:47_
--------
*3d6949021dc3c9c6374093e2ca92d22d*
`登陆天数: 67天 / 1590天
等级: 129
石头: 1035
呼符: 41
体力: 18776.403333333332 / 138
友情点: 0 / 1018470`
*連続ログイン4日目
※ログインが途切れるか、7日到達すると
1日目から再開されます*
`聖晶石 X 1
7月交換券(2024) X 1
`*「FGO Expo ～Fate/Grand Order Fes. 2024 9th Anniversary～」 開催直前カウントダウン ログインボーナス*
*開催期間中、1日1回 9日間日替りでログインボーナスをプレゼント！*
`叡智の業火 X 5
`_2024-07-26 19:34:56_
--------
*f86567cb94d07022b955f38c237ef97b*
`登陆天数: 67天 / 1258天
等级: 129
石头: 426
呼符: 36
体力: 27526.756666666668 / 138
友情点: 0 / 787545`
*連続ログイン4日目
※ログインが途切れるか、7日到達すると
1日目から再開されます*
`聖晶石 X 1
7月交換券(2024) X 1
`*「FGO Expo ～Fate/Grand Order Fes. 2024 9th Anniversary～」 開催直前カウントダウン ログインボーナス*
*開催期間中、1日1回 9日間日替りでログインボーナスをプレゼント！*
`叡智の業火 X 5
`_2024-07-26 19:35:04_
--------
*4782f4f90c2933454c63e17e1a16feab*
`登陆天数: 67天 / 1537天
等级: 127
石头: 773
呼符: 54
体力: 18776.363333333335 / 137
友情点: 0 / 1094385`
*連続ログイン4日目
※ログインが途切れるか、7日到達すると
1日目から再開されます*
`聖晶石 X 1
7月交換券(2024) X 1
`*「FGO Expo ～Fate/Grand Order Fes. 2024 9th Anniversary～」 開催直前カウントダウン ログインボーナス*
*開催期間中、1日1回 9日間日替りでログインボーナスをプレゼント！*
`叡智の業火 X 5
`_2024-07-26 19:35:12_
--------
*1205ae6adcbe9c4926a74330d0c7f526*
`登陆天数: 67天 / 1582天
等级: 130
石头: 1125
呼符: 24
体力: 2603.7566666666667 / 138
友情点: 0 / 902075`
*連続ログイン4日目
※ログインが途切れるか、7日到達すると
1日目から再開されます*
`聖晶石 X 1
7月交換券(2024) X 1
`*「FGO Expo ～Fate/Grand Order Fes. 2024 9th Anniversary～」 開催直前カウントダウン ログインボーナス*
*開催期間中、1日1回 9日間日替りでログインボーナスをプレゼント！*
`叡智の業火 X 5
`_2024-07-26 19:35:21_
--------
*f5bdb6967d9a17d5d5d22c803ecc3a3c*
`登陆天数: 67天 / 1630天
等级: 131
石头: 620
呼符: 28
体力: 18776.233333333334 / 138
友情点: 0 / 1231830`
*連続ログイン4日目
※ログインが途切れるか、7日到達すると
1日目から再開されます*
`聖晶石 X 1
7月交換券(2024) X 1
`*「FGO Expo ～Fate/Grand Order Fes. 2024 9th Anniversary～」 開催直前カウントダウン ログインボーナス*
*開催期間中、1日1回 9日間日替りでログインボーナスをプレゼント！*
`叡智の業火 X 5
`_2024-07-26 19:35:29_
--------
