【登录信息】
*3e138f82f46bd6eeb41b5912a3fb4edd*
`登陆天数: 69天 / 1584天
等级: 128
石头: 1603
呼符: 53
体力: 28102.773333333334 / 137
友情点: 0 / 1073665`
*連続ログイン6日目
※ログインが途切れるか、7日到達すると
1日目から再開されます*
`聖晶石 X 2
7月交換券(2024) X 1
`*「FGO Expo ～Fate/Grand Order Fes. 2024 9th Anniversary～」 開催直前カウントダウン ログインボーナス*
*開催期間中、1日1回 9日間日替りでログインボーナスをプレゼント！*
`星見のティーポット X 1
`_2024-07-28 19:34:09_
--------
*01054c2267c91a9ae9c99dd2ac2bdadf*
`登陆天数: 69天 / 1647天
等级: 133
石头: 9
呼符: 88
体力: 3180.5866666666666 / 139
友情点: 0 / 127566005`
*連続ログイン6日目
※ログインが途切れるか、7日到達すると
1日目から再開されます*
`聖晶石 X 2
7月交換券(2024) X 1
`*「FGO Expo ～Fate/Grand Order Fes. 2024 9th Anniversary～」 開催直前カウントダウン ログインボーナス*
*開催期間中、1日1回 9日間日替りでログインボーナスをプレゼント！*
`星見のティーポット X 1
`_2024-07-28 19:34:17_
--------
*3d6949021dc3c9c6374093e2ca92d22d*
`登陆天数: 69天 / 1592天
等级: 129
石头: 1160
呼符: 54
体力: 19352.3 / 138
友情点: 0 / 1036470`
*連続ログイン6日目
※ログインが途切れるか、7日到達すると
1日目から再開されます*
`聖晶石 X 2
7月交換券(2024) X 1
`*「FGO Expo ～Fate/Grand Order Fes. 2024 9th Anniversary～」 開催直前カウントダウン ログインボーナス*
*開催期間中、1日1回 9日間日替りでログインボーナスをプレゼント！*
`星見のティーポット X 1
`_2024-07-28 19:34:25_
--------
*f86567cb94d07022b955f38c237ef97b*
`登陆天数: 69天 / 1260天
等级: 129
石头: 561
呼符: 49
体力: 96.46666666666667 / 138
友情点: 0 / 805575`
*連続ログイン6日目
※ログインが途切れるか、7日到達すると
1日目から再開されます*
`聖晶石 X 2
7月交換券(2024) X 1
`*「FGO Expo ～Fate/Grand Order Fes. 2024 9th Anniversary～」 開催直前カウントダウン ログインボーナス*
*開催期間中、1日1回 9日間日替りでログインボーナスをプレゼント！*
`星見のティーポット X 1
`_2024-07-28 19:34:33_
--------
*4782f4f90c2933454c63e17e1a16feab*
`登陆天数: 69天 / 1539天
等级: 127
石头: 878
呼符: 67
体力: 19352.256666666668 / 137
友情点: 0 / 1112385`
*連続ログイン6日目
※ログインが途切れるか、7日到達すると
1日目から再開されます*
`聖晶石 X 2
7月交換券(2024) X 1
`*「FGO Expo ～Fate/Grand Order Fes. 2024 9th Anniversary～」 開催直前カウントダウン ログインボーナス*
*開催期間中、1日1回 9日間日替りでログインボーナスをプレゼント！*
`星見のティーポット X 1
`_2024-07-28 19:34:41_
--------
*1205ae6adcbe9c4926a74330d0c7f526*
`登陆天数: 69天 / 1584天
等级: 130
石头: 1141
呼符: 25
体力: 92.03333333333333 / 138
友情点: 0 / 904105`
*連続ログイン6日目
※ログインが途切れるか、7日到達すると
1日目から再開されます*
`聖晶石 X 2
7月交換券(2024) X 1
`*「FGO Expo ～Fate/Grand Order Fes. 2024 9th Anniversary～」 開催直前カウントダウン ログインボーナス*
*開催期間中、1日1回 9日間日替りでログインボーナスをプレゼント！*
`星見のティーポット X 1
`_2024-07-28 19:34:49_
--------
*f5bdb6967d9a17d5d5d22c803ecc3a3c*
`登陆天数: 69天 / 1632天
等级: 131
石头: 745
呼符: 41
体力: 100.87666666666667 / 138
友情点: 0 / 1249905`
*連続ログイン6日目
※ログインが途切れるか、7日到達すると
1日目から再開されます*
`聖晶石 X 2
7月交換券(2024) X 1
`*「FGO Expo ～Fate/Grand Order Fes. 2024 9th Anniversary～」 開催直前カウントダウン ログインボーナス*
*開催期間中、1日1回 9日間日替りでログインボーナスをプレゼント！*
`星見のティーポット X 1
`_2024-07-28 19:34:56_
--------
