【登录信息】
*3e138f82f46bd6eeb41b5912a3fb4edd*
`登陆天数: 70天 / 1585天
等级: 128
石头: 1603
呼符: 53
体力: 28391.11 / 137
友情点: 0 / 1073665`
*連続ログイン7日間到達おめでとうございます！
明日は1日目からリスタートされます。*
`獣の足跡 X 1
呼符 X 1
7月交換券(2024) X 1
`*「FGO Expo ～Fate/Grand Order Fes. 2024 9th Anniversary～」 開催直前カウントダウン ログインボーナス*
*開催期間中、1日1回 9日間日替りでログインボーナスをプレゼント！*
`叡智の業火 X 10
`_2024-07-29 19:35:50_
--------
*01054c2267c91a9ae9c99dd2ac2bdadf*
`登陆天数: 70天 / 1648天
等级: 133
石头: 9
呼符: 88
体力: 3468.923333333333 / 139
友情点: 0 / 127566005`
*連続ログイン7日間到達おめでとうございます！
明日は1日目からリスタートされます。*
`獣の足跡 X 1
呼符 X 1
7月交換券(2024) X 1
`*「FGO Expo ～Fate/Grand Order Fes. 2024 9th Anniversary～」 開催直前カウントダウン ログインボーナス*
*開催期間中、1日1回 9日間日替りでログインボーナスをプレゼント！*
`叡智の業火 X 10
`_2024-07-29 19:35:58_
--------
*3d6949021dc3c9c6374093e2ca92d22d*
`登陆天数: 70天 / 1593天
等级: 129
石头: 1160
呼符: 54
体力: 19640.636666666665 / 138
友情点: 0 / 1036470`
*連続ログイン7日間到達おめでとうございます！
明日は1日目からリスタートされます。*
`獣の足跡 X 1
呼符 X 1
7月交換券(2024) X 1
`*「FGO Expo ～Fate/Grand Order Fes. 2024 9th Anniversary～」 開催直前カウントダウン ログインボーナス*
*開催期間中、1日1回 9日間日替りでログインボーナスをプレゼント！*
`叡智の業火 X 10
`_2024-07-29 19:36:06_
--------
*f86567cb94d07022b955f38c237ef97b*
`登陆天数: 70天 / 1261天
等级: 129
石头: 561
呼符: 49
体力: 384.8066666666667 / 138
友情点: 0 / 805575`
*連続ログイン7日間到達おめでとうございます！
明日は1日目からリスタートされます。*
`獣の足跡 X 1
呼符 X 1
7月交換券(2024) X 1
`*「FGO Expo ～Fate/Grand Order Fes. 2024 9th Anniversary～」 開催直前カウントダウン ログインボーナス*
*開催期間中、1日1回 9日間日替りでログインボーナスをプレゼント！*
`叡智の業火 X 10
`_2024-07-29 19:36:14_
--------
*4782f4f90c2933454c63e17e1a16feab*
`登陆天数: 70天 / 1540天
等级: 127
石头: 878
呼符: 67
体力: 19640.596666666668 / 137
友情点: 0 / 1112385`
*連続ログイン7日間到達おめでとうございます！
明日は1日目からリスタートされます。*
`獣の足跡 X 1
呼符 X 1
7月交換券(2024) X 1
`*「FGO Expo ～Fate/Grand Order Fes. 2024 9th Anniversary～」 開催直前カウントダウン ログインボーナス*
*開催期間中、1日1回 9日間日替りでログインボーナスをプレゼント！*
`叡智の業火 X 10
`_2024-07-29 19:36:22_
--------
*1205ae6adcbe9c4926a74330d0c7f526*
`登陆天数: 70天 / 1585天
等级: 130
石头: 1141
呼符: 25
体力: 380.37 / 138
友情点: 0 / 904105`
*連続ログイン7日間到達おめでとうございます！
明日は1日目からリスタートされます。*
`獣の足跡 X 1
呼符 X 1
7月交換券(2024) X 1
`*「FGO Expo ～Fate/Grand Order Fes. 2024 9th Anniversary～」 開催直前カウントダウン ログインボーナス*
*開催期間中、1日1回 9日間日替りでログインボーナスをプレゼント！*
`叡智の業火 X 10
`_2024-07-29 19:36:30_
--------
*f5bdb6967d9a17d5d5d22c803ecc3a3c*
`登陆天数: 70天 / 1633天
等级: 131
石头: 745
呼符: 41
体力: 389.2166666666667 / 138
友情点: 0 / 1249905`
*連続ログイン7日間到達おめでとうございます！
明日は1日目からリスタートされます。*
`獣の足跡 X 1
呼符 X 1
7月交換券(2024) X 1
`*「FGO Expo ～Fate/Grand Order Fes. 2024 9th Anniversary～」 開催直前カウントダウン ログインボーナス*
*開催期間中、1日1回 9日間日替りでログインボーナスをプレゼント！*
`叡智の業火 X 10
`_2024-07-29 19:36:38_
--------
