【登录信息】
*3e138f82f46bd6eeb41b5912a3fb4edd*
`登陆天数: 71天 / 1586天
等级: 128
石头: 1603
呼符: 53
体力: 28679.033333333333 / 137
友情点: 0 / 1073665`
*連続ログイン1日目
※ログインが途切れるか、7日到達すると
1日目から再開されます*
`フレンドポイント X 2000
7月交換券(2024) X 1
`*「FGO Expo ～Fate/Grand Order Fes. 2024 9th Anniversary～」 開催直前カウントダウン ログインボーナス*
*開催期間中、1日1回 9日間日替りでログインボーナスをプレゼント！*
`QP X 3000000
`_2024-07-30 19:35:27_
--------
*01054c2267c91a9ae9c99dd2ac2bdadf*
`登陆天数: 71天 / 1649天
等级: 133
石头: 9
呼符: 88
体力: 3756.846666666667 / 139
友情点: 0 / 127566005`
*連続ログイン1日目
※ログインが途切れるか、7日到達すると
1日目から再開されます*
`フレンドポイント X 2000
7月交換券(2024) X 1
`*「FGO Expo ～Fate/Grand Order Fes. 2024 9th Anniversary～」 開催直前カウントダウン ログインボーナス*
*開催期間中、1日1回 9日間日替りでログインボーナスをプレゼント！*
`QP X 3000000
`_2024-07-30 19:35:35_
--------
*3d6949021dc3c9c6374093e2ca92d22d*
`登陆天数: 71天 / 1594天
等级: 129
石头: 1160
呼符: 54
体力: 19928.56 / 138
友情点: 0 / 1036470`
*連続ログイン1日目
※ログインが途切れるか、7日到達すると
1日目から再開されます*
`フレンドポイント X 2000
7月交換券(2024) X 1
`*「FGO Expo ～Fate/Grand Order Fes. 2024 9th Anniversary～」 開催直前カウントダウン ログインボーナス*
*開催期間中、1日1回 9日間日替りでログインボーナスをプレゼント！*
`QP X 3000000
`_2024-07-30 19:35:44_
--------
*f86567cb94d07022b955f38c237ef97b*
`登陆天数: 71天 / 1262天
等级: 129
石头: 561
呼符: 49
体力: 672.73 / 138
友情点: 0 / 805575`
*連続ログイン1日目
※ログインが途切れるか、7日到達すると
1日目から再開されます*
`フレンドポイント X 2000
7月交換券(2024) X 1
`*「FGO Expo ～Fate/Grand Order Fes. 2024 9th Anniversary～」 開催直前カウントダウン ログインボーナス*
*開催期間中、1日1回 9日間日替りでログインボーナスをプレゼント！*
`QP X 3000000
`_2024-07-30 19:35:52_
--------
*4782f4f90c2933454c63e17e1a16feab*
`登陆天数: 71天 / 1541天
等级: 127
石头: 878
呼符: 67
体力: 19928.52 / 137
友情点: 0 / 1112385`
*連続ログイン1日目
※ログインが途切れるか、7日到達すると
1日目から再開されます*
`フレンドポイント X 2000
7月交換券(2024) X 1
`*「FGO Expo ～Fate/Grand Order Fes. 2024 9th Anniversary～」 開催直前カウントダウン ログインボーナス*
*開催期間中、1日1回 9日間日替りでログインボーナスをプレゼント！*
`QP X 3000000
`_2024-07-30 19:35:59_
--------
*1205ae6adcbe9c4926a74330d0c7f526*
`登陆天数: 71天 / 1586天
等级: 130
石头: 1141
呼符: 25
体力: 668.2966666666666 / 138
友情点: 0 / 904105`
*連続ログイン1日目
※ログインが途切れるか、7日到達すると
1日目から再開されます*
`フレンドポイント X 2000
7月交換券(2024) X 1
`*「FGO Expo ～Fate/Grand Order Fes. 2024 9th Anniversary～」 開催直前カウントダウン ログインボーナス*
*開催期間中、1日1回 9日間日替りでログインボーナスをプレゼント！*
`QP X 3000000
`_2024-07-30 19:36:07_
--------
*f5bdb6967d9a17d5d5d22c803ecc3a3c*
`登陆天数: 71天 / 1634天
等级: 131
石头: 745
呼符: 41
体力: 677.14 / 138
友情点: 0 / 1249905`
*連続ログイン1日目
※ログインが途切れるか、7日到達すると
1日目から再開されます*
`フレンドポイント X 2000
7月交換券(2024) X 1
`*「FGO Expo ～Fate/Grand Order Fes. 2024 9th Anniversary～」 開催直前カウントダウン ログインボーナス*
*開催期間中、1日1回 9日間日替りでログインボーナスをプレゼント！*
`QP X 3000000
`_2024-07-30 19:36:15_
--------
