【登录信息】
*3e138f82f46bd6eeb41b5912a3fb4edd*
`登陆天数: 76天 / 1383天
等级: 126
石头: 2300
呼符: 0
体力: 1793.75 / 137
友情点: 0 / 1021015`
*連続ログイン6日目
※ログインが途切れるか、7日到達すると
1日目から再開されます*
`聖晶石 X 2
11月交換券(2023) X 1
`*聖杯戦線 ～白天の城、黒夜の城～開幕記念 ログインボーナス*
*開催期間中、1日1回 最大21回ログインボーナスをプレゼント！*
`白銀の果実 X 1
`_2023-11-05 19:34:21_
--------
*01054c2267c91a9ae9c99dd2ac2bdadf*
`登陆天数: 76天 / 1446天
等级: 133
石头: 30
呼符: 37
体力: 17753.63 / 139
友情点: 0 / 127511570`
*連続ログイン6日目
※ログインが途切れるか、7日到達すると
1日目から再開されます*
`聖晶石 X 2
11月交換券(2023) X 1
`*聖杯戦線 ～白天の城、黒夜の城～開幕記念 ログインボーナス*
*開催期間中、1日1回 最大21回ログインボーナスをプレゼント！*
`白銀の果実 X 1
`_2023-11-05 19:34:29_
--------
*3d6949021dc3c9c6374093e2ca92d22d*
`登陆天数: 170天 / 1391天
等级: 128
石头: 535
呼符: 6
体力: 5501.41 / 137
友情点: 0 / 970465`
*連続ログイン2日目
※ログインが途切れるか、7日到達すると
1日目から再開されます*
`聖晶石 X 1
11月交換券(2023) X 1
`*聖杯戦線 ～白天の城、黒夜の城～開幕記念 ログインボーナス*
*開催期間中、1日1回 最大21回ログインボーナスをプレゼント！*
`白銀の果実 X 1
`_2023-11-05 19:34:37_
--------
*f86567cb94d07022b955f38c237ef97b*
`登陆天数: 79天 / 1058天
等级: 127
石头: 1554
呼符: 29
体力: 1313.8133333333333 / 137
友情点: 0 / 772025`
*連続ログイン2日目
※ログインが途切れるか、7日到達すると
1日目から再開されます*
`聖晶石 X 1
11月交換券(2023) X 1
`*聖杯戦線 ～白天の城、黒夜の城～開幕記念 ログインボーナス*
*開催期間中、1日1回 最大21回ログインボーナスをプレゼント！*
`白銀の果実 X 1
`_2023-11-05 19:34:45_
--------
*4782f4f90c2933454c63e17e1a16feab*
`登陆天数: 63天 / 1338天
等级: 125
石头: 58
呼符: 6
体力: 15739.5 / 137
友情点: 0 / 1032540`
*連続ログイン7日間到達おめでとうございます！
明日は1日目からリスタートされます。*
`獣の足跡 X 1
呼符 X 1
11月交換券(2023) X 1
`*聖杯戦線 ～白天の城、黒夜の城～開幕記念 ログインボーナス*
*開催期間中、1日1回 最大21回ログインボーナスをプレゼント！*
`白銀の果実 X 1
`_2023-11-05 19:34:53_
--------
