【登录信息】
*3e138f82f46bd6eeb41b5912a3fb4edd*
`登陆天数: 77天 / 1384天
等级: 126
石头: 2300
呼符: 0
体力: 2081.79 / 137
友情点: 0 / 1021015`
*連続ログイン7日間到達おめでとうございます！
明日は1日目からリスタートされます。*
`獣の足跡 X 1
呼符 X 1
11月交換券(2023) X 1
`*聖杯戦線 ～白天の城、黒夜の城～開幕記念 ログインボーナス*
*開催期間中、1日1回 最大21回ログインボーナスをプレゼント！*
`白銀の果実 X 1
`_2023-11-06 19:34:32_
--------
*01054c2267c91a9ae9c99dd2ac2bdadf*
`登陆天数: 77天 / 1447天
等级: 133
石头: 30
呼符: 37
体力: 18041.666666666668 / 139
友情点: 0 / 127511570`
*連続ログイン7日間到達おめでとうございます！
明日は1日目からリスタートされます。*
`獣の足跡 X 1
呼符 X 1
11月交換券(2023) X 1
`*聖杯戦線 ～白天の城、黒夜の城～開幕記念 ログインボーナス*
*開催期間中、1日1回 最大21回ログインボーナスをプレゼント！*
`白銀の果実 X 1
`_2023-11-06 19:34:40_
--------
*3d6949021dc3c9c6374093e2ca92d22d*
`登陆天数: 171天 / 1392天
等级: 128
石头: 535
呼符: 6
体力: 5789.446666666667 / 137
友情点: 0 / 970465`
*連続ログイン3日目
※ログインが途切れるか、7日到達すると
1日目から再開されます*
`叡智の業火 X 1
11月交換券(2023) X 1
`*聖杯戦線 ～白天の城、黒夜の城～開幕記念 ログインボーナス*
*開催期間中、1日1回 最大21回ログインボーナスをプレゼント！*
`白銀の果実 X 1
`_2023-11-06 19:34:49_
--------
*f86567cb94d07022b955f38c237ef97b*
`登陆天数: 80天 / 1059天
等级: 127
石头: 1554
呼符: 29
体力: 1601.8566666666666 / 137
友情点: 0 / 772025`
*連続ログイン3日目
※ログインが途切れるか、7日到達すると
1日目から再開されます*
`叡智の業火 X 1
11月交換券(2023) X 1
`*聖杯戦線 ～白天の城、黒夜の城～開幕記念 ログインボーナス*
*開催期間中、1日1回 最大21回ログインボーナスをプレゼント！*
`白銀の果実 X 1
`_2023-11-06 19:34:57_
--------
*4782f4f90c2933454c63e17e1a16feab*
`登陆天数: 64天 / 1339天
等级: 125
石头: 58
呼符: 6
体力: 16027.54 / 137
友情点: 0 / 1032540`
*連続ログイン1日目
※ログインが途切れるか、7日到達すると
1日目から再開されます*
`フレンドポイント X 2000
11月交換券(2023) X 1
`*聖杯戦線 ～白天の城、黒夜の城～開幕記念 ログインボーナス*
*開催期間中、1日1回 最大21回ログインボーナスをプレゼント！*
`白銀の果実 X 1
`_2023-11-06 19:35:06_
--------
