【登录信息】
*3e138f82f46bd6eeb41b5912a3fb4edd*
`登陆天数: 78天 / 1385天
等级: 126
石头: 2300
呼符: 0
体力: 2369.79 / 137
友情点: 0 / 1021015`
*連続ログイン1日目
※ログインが途切れるか、7日到達すると
1日目から再開されます*
`フレンドポイント X 2000
11月交換券(2023) X 1
`*聖杯戦線 ～白天の城、黒夜の城～開幕記念 ログインボーナス*
*開催期間中、1日1回 最大21回ログインボーナスをプレゼント！*
`白銀の果実 X 1
`_2023-11-07 19:34:32_
--------
*01054c2267c91a9ae9c99dd2ac2bdadf*
`登陆天数: 78天 / 1448天
等级: 133
石头: 30
呼符: 37
体力: 18329.666666666668 / 139
友情点: 0 / 127511570`
*連続ログイン1日目
※ログインが途切れるか、7日到達すると
1日目から再開されます*
`フレンドポイント X 2000
11月交換券(2023) X 1
`*聖杯戦線 ～白天の城、黒夜の城～開幕記念 ログインボーナス*
*開催期間中、1日1回 最大21回ログインボーナスをプレゼント！*
`白銀の果実 X 1
`_2023-11-07 19:34:40_
--------
*3d6949021dc3c9c6374093e2ca92d22d*
`登陆天数: 172天 / 1393天
等级: 128
石头: 535
呼符: 6
体力: 6077.446666666667 / 137
友情点: 0 / 970465`
*連続ログイン4日目
※ログインが途切れるか、7日到達すると
1日目から再開されます*
`聖晶石 X 1
11月交換券(2023) X 1
`*聖杯戦線 ～白天の城、黒夜の城～開幕記念 ログインボーナス*
*開催期間中、1日1回 最大21回ログインボーナスをプレゼント！*
`白銀の果実 X 1
`_2023-11-07 19:34:48_
--------
*f86567cb94d07022b955f38c237ef97b*
`登陆天数: 81天 / 1060天
等级: 127
石头: 1554
呼符: 29
体力: 1889.8533333333332 / 137
友情点: 0 / 772025`
*連続ログイン4日目
※ログインが途切れるか、7日到達すると
1日目から再開されます*
`聖晶石 X 1
11月交換券(2023) X 1
`*聖杯戦線 ～白天の城、黒夜の城～開幕記念 ログインボーナス*
*開催期間中、1日1回 最大21回ログインボーナスをプレゼント！*
`白銀の果実 X 1
`_2023-11-07 19:34:56_
--------
*4782f4f90c2933454c63e17e1a16feab*
`登陆天数: 65天 / 1340天
等级: 125
石头: 58
呼符: 6
体力: 16315.536666666667 / 137
友情点: 0 / 1032540`
*連続ログイン2日目
※ログインが途切れるか、7日到達すると
1日目から再開されます*
`聖晶石 X 1
11月交換券(2023) X 1
`*聖杯戦線 ～白天の城、黒夜の城～開幕記念 ログインボーナス*
*開催期間中、1日1回 最大21回ログインボーナスをプレゼント！*
`白銀の果実 X 1
`_2023-11-07 19:35:04_
--------
