【登录信息】
*3e138f82f46bd6eeb41b5912a3fb4edd*
`登陆天数: 1天 / 1390天
等级: 126
石头: 2321
呼符: 12
体力: 25.773333333333326 / 137
友情点: 0 / 1028215`
_2023-11-23 09:14:09_
--------
*01054c2267c91a9ae9c99dd2ac2bdadf*
`登陆天数: 1天 / 1453天
等级: 133
石头: 30
呼符: 37
体力: 22813.6 / 139
友情点: 0 / 127511570`
*連続ログイン1日目
※ログインが途切れるか、7日到達すると
1日目から再開されます*
`フレンドポイント X 2000
11月交換券(2023) X 1
`*日替りログインボーナス*
*開催期間中、1日1回 2週間日替りでログインボーナスをプレゼント！*
`巡霊の葉 X 30
`_2023-11-23 09:14:20_
--------
*3d6949021dc3c9c6374093e2ca92d22d*
`登陆天数: 1天 / 1398天
等级: 128
石头: 608
呼符: 21
体力: 22.673333333333332 / 137
友情点: 0 / 981665`
_2023-11-23 09:14:28_
--------
*f86567cb94d07022b955f38c237ef97b*
`登陆天数: 1天 / 1065天
等级: 127
石头: 1554
呼符: 29
体力: 6373.786666666667 / 137
友情点: 0 / 772025`
*連続ログイン1日目
※ログインが途切れるか、7日到達すると
1日目から再開されます*
`フレンドポイント X 2000
11月交換券(2023) X 1
`*日替りログインボーナス*
*開催期間中、1日1回 2週間日替りでログインボーナスをプレゼント！*
`巡霊の葉 X 30
`_2023-11-23 09:14:36_
--------
*4782f4f90c2933454c63e17e1a16feab*
`登陆天数: 1天 / 1345天
等级: 125
石头: 258
呼符: 25
体力: 20.099999999999994 / 137
友情点: 0 / 1051740`
_2023-11-23 09:14:44_
--------
