【登录信息】
*3e138f82f46bd6eeb41b5912a3fb4edd*
`登陆天数: 7天 / 1396天
等级: 126
石头: 2321
呼符: 12
体力: 1589.5433333333333 / 137
友情点: 0 / 1028215`
*連続ログイン7日間到達おめでとうございます！
明日は1日目からリスタートされます。*
`獣の足跡 X 1
呼符 X 1
11月交換券(2023) X 1
`*日替りログインボーナス*
*開催期間中、1日1回 2週間日替りでログインボーナスをプレゼント！*
`聖晶石 X 3
巡霊の葉 X 50
`_2023-11-28 19:33:04_
--------
*01054c2267c91a9ae9c99dd2ac2bdadf*
`登陆天数: 7天 / 1459天
等级: 133
石头: 30
呼符: 37
体力: 24377.37 / 139
友情点: 0 / 127511570`
*連続ログイン7日間到達おめでとうございます！
明日は1日目からリスタートされます。*
`獣の足跡 X 1
呼符 X 1
11月交換券(2023) X 1
`*日替りログインボーナス*
*開催期間中、1日1回 2週間日替りでログインボーナスをプレゼント！*
`聖晶石 X 3
巡霊の葉 X 50
`_2023-11-28 19:33:11_
--------
*3d6949021dc3c9c6374093e2ca92d22d*
`登陆天数: 7天 / 1404天
等级: 128
石头: 608
呼符: 21
体力: 1586.4433333333334 / 137
友情点: 0 / 981665`
*連続ログイン7日間到達おめでとうございます！
明日は1日目からリスタートされます。*
`獣の足跡 X 1
呼符 X 1
11月交換券(2023) X 1
`*日替りログインボーナス*
*開催期間中、1日1回 2週間日替りでログインボーナスをプレゼント！*
`聖晶石 X 3
巡霊の葉 X 50
`_2023-11-28 19:33:20_
--------
*f86567cb94d07022b955f38c237ef97b*
`登陆天数: 7天 / 1071天
等级: 127
石头: 1554
呼符: 29
体力: 7937.556666666666 / 137
友情点: 0 / 772025`
*連続ログイン7日間到達おめでとうございます！
明日は1日目からリスタートされます。*
`獣の足跡 X 1
呼符 X 1
11月交換券(2023) X 1
`*日替りログインボーナス*
*開催期間中、1日1回 2週間日替りでログインボーナスをプレゼント！*
`聖晶石 X 3
巡霊の葉 X 50
`_2023-11-28 19:33:28_
--------
*4782f4f90c2933454c63e17e1a16feab*
`登陆天数: 7天 / 1351天
等级: 125
石头: 258
呼符: 25
体力: 1583.87 / 137
友情点: 0 / 1051740`
*連続ログイン7日間到達おめでとうございます！
明日は1日目からリスタートされます。*
`獣の足跡 X 1
呼符 X 1
11月交換券(2023) X 1
`*日替りログインボーナス*
*開催期間中、1日1回 2週間日替りでログインボーナスをプレゼント！*
`聖晶石 X 3
巡霊の葉 X 50
`_2023-11-28 19:33:36_
--------
