【登录信息】
*3e138f82f46bd6eeb41b5912a3fb4edd*
`登陆天数: 8天 / 1397天
等级: 126
石头: 2321
呼符: 12
体力: 1877.4633333333334 / 137
友情点: 0 / 1028215`
*連続ログイン1日目
※ログインが途切れるか、7日到達すると
1日目から再開されます*
`フレンドポイント X 2000
11月交換券(2023) X 1
`*2900万DL突破記念 特別回数ログインボーナス*
*開催期間中、1日1回 最大10回 回数ログインボーナスをプレゼント！*
`レアプリズム X 1
`_2023-11-29 19:32:39_
--------
*01054c2267c91a9ae9c99dd2ac2bdadf*
`登陆天数: 8天 / 1460天
等级: 133
石头: 30
呼符: 37
体力: 24665.293333333335 / 139
友情点: 0 / 127511570`
*連続ログイン1日目
※ログインが途切れるか、7日到達すると
1日目から再開されます*
`フレンドポイント X 2000
11月交換券(2023) X 1
`*2900万DL突破記念 特別回数ログインボーナス*
*開催期間中、1日1回 最大10回 回数ログインボーナスをプレゼント！*
`レアプリズム X 1
`_2023-11-29 19:32:48_
--------
*3d6949021dc3c9c6374093e2ca92d22d*
`登陆天数: 8天 / 1405天
等级: 128
石头: 608
呼符: 21
体力: 1874.3666666666666 / 137
友情点: 0 / 981665`
*連続ログイン1日目
※ログインが途切れるか、7日到達すると
1日目から再開されます*
`フレンドポイント X 2000
11月交換券(2023) X 1
`*2900万DL突破記念 特別回数ログインボーナス*
*開催期間中、1日1回 最大10回 回数ログインボーナスをプレゼント！*
`レアプリズム X 1
`_2023-11-29 19:32:56_
--------
*f86567cb94d07022b955f38c237ef97b*
`登陆天数: 8天 / 1072天
等级: 127
石头: 1554
呼符: 29
体力: 8225.48 / 137
友情点: 0 / 772025`
*連続ログイン1日目
※ログインが途切れるか、7日到達すると
1日目から再開されます*
`フレンドポイント X 2000
11月交換券(2023) X 1
`*2900万DL突破記念 特別回数ログインボーナス*
*開催期間中、1日1回 最大10回 回数ログインボーナスをプレゼント！*
`レアプリズム X 1
`_2023-11-29 19:33:04_
--------
*4782f4f90c2933454c63e17e1a16feab*
`登陆天数: 8天 / 1352天
等级: 125
石头: 258
呼符: 25
体力: 1871.7933333333333 / 137
友情点: 0 / 1051740`
*連続ログイン1日目
※ログインが途切れるか、7日到達すると
1日目から再開されます*
`フレンドポイント X 2000
11月交換券(2023) X 1
`*2900万DL突破記念 特別回数ログインボーナス*
*開催期間中、1日1回 最大10回 回数ログインボーナスをプレゼント！*
`レアプリズム X 1
`_2023-11-29 19:33:13_
--------
