【登录信息】
*3e138f82f46bd6eeb41b5912a3fb4edd*
`登陆天数: 12天 / 1401天
等级: 126
石头: 2321
呼符: 12
体力: 3029.4866666666667 / 137
友情点: 0 / 1028215`
*連続ログイン5日目
※ログインが途切れるか、7日到達すると
1日目から再開されます*
`叡智の業火 X 2
12月交換券(2023) X 1
`*日替りログインボーナス*
*開催期間中、1日1回 2週間日替りでログインボーナスをプレゼント！*
`巡霊の葉 X 30
`_2023-12-03 19:32:46_
--------
*01054c2267c91a9ae9c99dd2ac2bdadf*
`登陆天数: 12天 / 1464天
等级: 133
石头: 30
呼符: 37
体力: 25817.31333333333 / 139
友情点: 0 / 127511570`
*連続ログイン5日目
※ログインが途切れるか、7日到達すると
1日目から再開されます*
`叡智の業火 X 2
12月交換券(2023) X 1
`*日替りログインボーナス*
*開催期間中、1日1回 2週間日替りでログインボーナスをプレゼント！*
`巡霊の葉 X 30
`_2023-12-03 19:32:54_
--------
*3d6949021dc3c9c6374093e2ca92d22d*
`登陆天数: 12天 / 1409天
等级: 128
石头: 608
呼符: 21
体力: 3026.3866666666668 / 137
友情点: 0 / 981665`
*連続ログイン5日目
※ログインが途切れるか、7日到達すると
1日目から再開されます*
`叡智の業火 X 2
12月交換券(2023) X 1
`*日替りログインボーナス*
*開催期間中、1日1回 2週間日替りでログインボーナスをプレゼント！*
`巡霊の葉 X 30
`_2023-12-03 19:33:02_
--------
*f86567cb94d07022b955f38c237ef97b*
`登陆天数: 12天 / 1076天
等级: 127
石头: 1554
呼符: 29
体力: 9377.5 / 137
友情点: 0 / 772025`
*連続ログイン5日目
※ログインが途切れるか、7日到達すると
1日目から再開されます*
`叡智の業火 X 2
12月交換券(2023) X 1
`*日替りログインボーナス*
*開催期間中、1日1回 2週間日替りでログインボーナスをプレゼント！*
`巡霊の葉 X 30
`_2023-12-03 19:33:10_
--------
*4782f4f90c2933454c63e17e1a16feab*
`登陆天数: 12天 / 1356天
等级: 125
石头: 258
呼符: 25
体力: 3023.8133333333335 / 137
友情点: 0 / 1051740`
*連続ログイン5日目
※ログインが途切れるか、7日到達すると
1日目から再開されます*
`叡智の業火 X 2
12月交換券(2023) X 1
`*日替りログインボーナス*
*開催期間中、1日1回 2週間日替りでログインボーナスをプレゼント！*
`巡霊の葉 X 30
`_2023-12-03 19:33:18_
--------
