【登录信息】
*3e138f82f46bd6eeb41b5912a3fb4edd*
`登陆天数: 16天 / 1405天
等级: 126
石头: 2321
呼符: 12
体力: 4181.533333333333 / 137
友情点: 0 / 1028215`
*連続ログイン2日目
※ログインが途切れるか、7日到達すると
1日目から再開されます*
`聖晶石 X 1
12月交換券(2023) X 1
`*激走！川中島24時 ぐだぐだ超五稜郭 殺しのサインはM51
開幕記念 ログインボーナス*
*開催期間中、1日1回 最大21回ログインボーナスをプレゼント！*
`白銀の果実 X 1
`_2023-12-07 19:33:00_
--------
*01054c2267c91a9ae9c99dd2ac2bdadf*
`登陆天数: 16天 / 1468天
等级: 133
石头: 30
呼符: 37
体力: 26969.36 / 139
友情点: 0 / 127511570`
*連続ログイン2日目
※ログインが途切れるか、7日到達すると
1日目から再開されます*
`聖晶石 X 1
12月交換券(2023) X 1
`*激走！川中島24時 ぐだぐだ超五稜郭 殺しのサインはM51
開幕記念 ログインボーナス*
*開催期間中、1日1回 最大21回ログインボーナスをプレゼント！*
`白銀の果実 X 1
`_2023-12-07 19:33:08_
--------
*3d6949021dc3c9c6374093e2ca92d22d*
`登陆天数: 16天 / 1413天
等级: 128
石头: 608
呼符: 21
体力: 4178.4366666666665 / 137
友情点: 0 / 981665`
*連続ログイン2日目
※ログインが途切れるか、7日到達すると
1日目から再開されます*
`聖晶石 X 1
12月交換券(2023) X 1
`*激走！川中島24時 ぐだぐだ超五稜郭 殺しのサインはM51
開幕記念 ログインボーナス*
*開催期間中、1日1回 最大21回ログインボーナスをプレゼント！*
`白銀の果実 X 1
`_2023-12-07 19:33:17_
--------
*f86567cb94d07022b955f38c237ef97b*
`登陆天数: 16天 / 1080天
等级: 127
石头: 1554
呼符: 29
体力: 10529.55 / 137
友情点: 0 / 772025`
*連続ログイン2日目
※ログインが途切れるか、7日到達すると
1日目から再開されます*
`聖晶石 X 1
12月交換券(2023) X 1
`*激走！川中島24時 ぐだぐだ超五稜郭 殺しのサインはM51
開幕記念 ログインボーナス*
*開催期間中、1日1回 最大21回ログインボーナスをプレゼント！*
`白銀の果実 X 1
`_2023-12-07 19:33:25_
--------
*4782f4f90c2933454c63e17e1a16feab*
`登陆天数: 16天 / 1360天
等级: 125
石头: 258
呼符: 25
体力: 4175.863333333333 / 137
友情点: 0 / 1051740`
*連続ログイン2日目
※ログインが途切れるか、7日到達すると
1日目から再開されます*
`聖晶石 X 1
12月交換券(2023) X 1
`*激走！川中島24時 ぐだぐだ超五稜郭 殺しのサインはM51
開幕記念 ログインボーナス*
*開催期間中、1日1回 最大21回ログインボーナスをプレゼント！*
`白銀の果実 X 1
`_2023-12-07 19:33:34_
--------
