【登录信息】
*3e138f82f46bd6eeb41b5912a3fb4edd*
`登陆天数: 19天 / 1408天
等级: 126
石头: 2321
呼符: 12
体力: 5045.49 / 137
友情点: 0 / 1028215`
*連続ログイン5日目
※ログインが途切れるか、7日到達すると
1日目から再開されます*
`叡智の業火 X 2
12月交換券(2023) X 1
`*激走！川中島24時 ぐだぐだ超五稜郭 殺しのサインはM51
開幕記念 ログインボーナス*
*開催期間中、1日1回 最大21回ログインボーナスをプレゼント！*
`白銀の果実 X 1
`_2023-12-10 19:32:47_
--------
*01054c2267c91a9ae9c99dd2ac2bdadf*
`登陆天数: 19天 / 1471天
等级: 133
石头: 30
呼符: 37
体力: 27833.316666666666 / 139
友情点: 0 / 127511570`
*連続ログイン5日目
※ログインが途切れるか、7日到達すると
1日目から再開されます*
`叡智の業火 X 2
12月交換券(2023) X 1
`*激走！川中島24時 ぐだぐだ超五稜郭 殺しのサインはM51
開幕記念 ログインボーナス*
*開催期間中、1日1回 最大21回ログインボーナスをプレゼント！*
`白銀の果実 X 1
`_2023-12-10 19:32:55_
--------
*3d6949021dc3c9c6374093e2ca92d22d*
`登陆天数: 19天 / 1416天
等级: 128
石头: 608
呼符: 21
体力: 5042.39 / 137
友情点: 0 / 981665`
*連続ログイン5日目
※ログインが途切れるか、7日到達すると
1日目から再開されます*
`叡智の業火 X 2
12月交換券(2023) X 1
`*激走！川中島24時 ぐだぐだ超五稜郭 殺しのサインはM51
開幕記念 ログインボーナス*
*開催期間中、1日1回 最大21回ログインボーナスをプレゼント！*
`白銀の果実 X 1
`_2023-12-10 19:33:03_
--------
*f86567cb94d07022b955f38c237ef97b*
`登陆天数: 19天 / 1083天
等级: 127
石头: 1554
呼符: 29
体力: 11393.503333333334 / 137
友情点: 0 / 772025`
*連続ログイン5日目
※ログインが途切れるか、7日到達すると
1日目から再開されます*
`叡智の業火 X 2
12月交換券(2023) X 1
`*激走！川中島24時 ぐだぐだ超五稜郭 殺しのサインはM51
開幕記念 ログインボーナス*
*開催期間中、1日1回 最大21回ログインボーナスをプレゼント！*
`白銀の果実 X 1
`_2023-12-10 19:33:11_
--------
*4782f4f90c2933454c63e17e1a16feab*
`登陆天数: 19天 / 1363天
等级: 125
石头: 258
呼符: 25
体力: 5039.816666666667 / 137
友情点: 0 / 1051740`
*連続ログイン5日目
※ログインが途切れるか、7日到達すると
1日目から再開されます*
`叡智の業火 X 2
12月交換券(2023) X 1
`*激走！川中島24時 ぐだぐだ超五稜郭 殺しのサインはM51
開幕記念 ログインボーナス*
*開催期間中、1日1回 最大21回ログインボーナスをプレゼント！*
`白銀の果実 X 1
`_2023-12-10 19:33:19_
--------
