【登录信息】
*3e138f82f46bd6eeb41b5912a3fb4edd*
`登陆天数: 22天 / 1411天
等级: 126
石头: 2321
呼符: 12
体力: 5909.543333333333 / 137
友情点: 0 / 1028215`
*連続ログイン1日目
※ログインが途切れるか、7日到達すると
1日目から再開されます*
`フレンドポイント X 2000
12月交換券(2023) X 1
`*激走！川中島24時 ぐだぐだ超五稜郭 殺しのサインはM51
開幕記念 ログインボーナス*
*開催期間中、1日1回 最大21回ログインボーナスをプレゼント！*
`黄金の果実 X 1
`_2023-12-13 19:33:03_
--------
*01054c2267c91a9ae9c99dd2ac2bdadf*
`登陆天数: 22天 / 1474天
等级: 133
石头: 30
呼符: 37
体力: 28697.37 / 139
友情点: 0 / 127511570`
*連続ログイン1日目
※ログインが途切れるか、7日到達すると
1日目から再開されます*
`フレンドポイント X 2000
12月交換券(2023) X 1
`*激走！川中島24時 ぐだぐだ超五稜郭 殺しのサインはM51
開幕記念 ログインボーナス*
*開催期間中、1日1回 最大21回ログインボーナスをプレゼント！*
`黄金の果実 X 1
`_2023-12-13 19:33:11_
--------
*3d6949021dc3c9c6374093e2ca92d22d*
`登陆天数: 22天 / 1419天
等级: 128
石头: 608
呼符: 21
体力: 5906.443333333334 / 137
友情点: 0 / 981665`
*連続ログイン1日目
※ログインが途切れるか、7日到達すると
1日目から再開されます*
`フレンドポイント X 2000
12月交換券(2023) X 1
`*激走！川中島24時 ぐだぐだ超五稜郭 殺しのサインはM51
開幕記念 ログインボーナス*
*開催期間中、1日1回 最大21回ログインボーナスをプレゼント！*
`黄金の果実 X 1
`_2023-12-13 19:33:19_
--------
*f86567cb94d07022b955f38c237ef97b*
`登陆天数: 22天 / 1086天
等级: 127
石头: 15
呼符: 38
体力: 666.4833333333333 / 137
友情点: 0 / 748510`
*連続ログイン1日目
※ログインが途切れるか、7日到達すると
1日目から再開されます*
`フレンドポイント X 2000
12月交換券(2023) X 1
`*激走！川中島24時 ぐだぐだ超五稜郭 殺しのサインはM51
開幕記念 ログインボーナス*
*開催期間中、1日1回 最大21回ログインボーナスをプレゼント！*
`黄金の果実 X 1
`_2023-12-13 19:33:28_
--------
*4782f4f90c2933454c63e17e1a16feab*
`登陆天数: 22天 / 1366天
等级: 125
石头: 258
呼符: 25
体力: 5903.873333333333 / 137
友情点: 0 / 1051740`
*連続ログイン1日目
※ログインが途切れるか、7日到達すると
1日目から再開されます*
`フレンドポイント X 2000
12月交換券(2023) X 1
`*激走！川中島24時 ぐだぐだ超五稜郭 殺しのサインはM51
開幕記念 ログインボーナス*
*開催期間中、1日1回 最大21回ログインボーナスをプレゼント！*
`黄金の果実 X 1
`_2023-12-13 19:33:36_
--------
