【登录信息】
*3e138f82f46bd6eeb41b5912a3fb4edd*
`登陆天数: 24天 / 1413天
等级: 126
石头: 2321
呼符: 12
体力: 6485.45 / 137
友情点: 0 / 1028215`
*連続ログイン3日目
※ログインが途切れるか、7日到達すると
1日目から再開されます*
`叡智の業火 X 1
12月交換券(2023) X 1
`*激走！川中島24時 ぐだぐだ超五稜郭 殺しのサインはM51
開幕記念 ログインボーナス*
*開催期間中、1日1回 最大21回ログインボーナスをプレゼント！*
`白銀の果実 X 1
`_2023-12-15 19:32:36_
--------
*01054c2267c91a9ae9c99dd2ac2bdadf*
`登陆天数: 24天 / 1476天
等级: 133
石头: 30
呼符: 37
体力: 29273.28 / 139
友情点: 0 / 127511570`
*連続ログイン3日目
※ログインが途切れるか、7日到達すると
1日目から再開されます*
`叡智の業火 X 1
12月交換券(2023) X 1
`*激走！川中島24時 ぐだぐだ超五稜郭 殺しのサインはM51
開幕記念 ログインボーナス*
*開催期間中、1日1回 最大21回ログインボーナスをプレゼント！*
`白銀の果実 X 1
`_2023-12-15 19:32:44_
--------
*3d6949021dc3c9c6374093e2ca92d22d*
`登陆天数: 24天 / 1421天
等级: 128
石头: 608
呼符: 21
体力: 6482.3533333333335 / 137
友情点: 0 / 981665`
*連続ログイン3日目
※ログインが途切れるか、7日到達すると
1日目から再開されます*
`叡智の業火 X 1
12月交換券(2023) X 1
`*激走！川中島24時 ぐだぐだ超五稜郭 殺しのサインはM51
開幕記念 ログインボーナス*
*開催期間中、1日1回 最大21回ログインボーナスをプレゼント！*
`白銀の果実 X 1
`_2023-12-15 19:32:52_
--------
*f86567cb94d07022b955f38c237ef97b*
`登陆天数: 24天 / 1088天
等级: 127
石头: 15
呼符: 38
体力: 1242.3933333333334 / 137
友情点: 0 / 748510`
*連続ログイン3日目
※ログインが途切れるか、7日到達すると
1日目から再開されます*
`叡智の業火 X 1
12月交換券(2023) X 1
`*激走！川中島24時 ぐだぐだ超五稜郭 殺しのサインはM51
開幕記念 ログインボーナス*
*開催期間中、1日1回 最大21回ログインボーナスをプレゼント！*
`白銀の果実 X 1
`_2023-12-15 19:33:01_
--------
*4782f4f90c2933454c63e17e1a16feab*
`登陆天数: 24天 / 1368天
等级: 125
石头: 258
呼符: 25
体力: 6479.783333333334 / 137
友情点: 0 / 1051740`
*連続ログイン3日目
※ログインが途切れるか、7日到達すると
1日目から再開されます*
`叡智の業火 X 1
12月交換券(2023) X 1
`*激走！川中島24時 ぐだぐだ超五稜郭 殺しのサインはM51
開幕記念 ログインボーナス*
*開催期間中、1日1回 最大21回ログインボーナスをプレゼント！*
`白銀の果実 X 1
`_2023-12-15 19:33:09_
--------
