【登录信息】
*3e138f82f46bd6eeb41b5912a3fb4edd*
`登陆天数: 28天 / 1417天
等级: 126
石头: 2321
呼符: 12
体力: 7637.51 / 137
友情点: 0 / 1028215`
*連続ログイン7日間到達おめでとうございます！
明日は1日目からリスタートされます。*
`獣の足跡 X 1
呼符 X 1
12月交換券(2023) X 1
`_2023-12-19 19:32:53_
--------
*01054c2267c91a9ae9c99dd2ac2bdadf*
`登陆天数: 28天 / 1480天
等级: 133
石头: 30
呼符: 37
体力: 30425.336666666666 / 139
友情点: 0 / 127511570`
*連続ログイン7日間到達おめでとうございます！
明日は1日目からリスタートされます。*
`獣の足跡 X 1
呼符 X 1
12月交換券(2023) X 1
`_2023-12-19 19:33:01_
--------
*3d6949021dc3c9c6374093e2ca92d22d*
`登陆天数: 28天 / 1425天
等级: 128
石头: 608
呼符: 21
体力: 7634.41 / 137
友情点: 0 / 981665`
*連続ログイン7日間到達おめでとうございます！
明日は1日目からリスタートされます。*
`獣の足跡 X 1
呼符 X 1
12月交換券(2023) X 1
`_2023-12-19 19:33:09_
--------
*f86567cb94d07022b955f38c237ef97b*
`登陆天数: 28天 / 1092天
等级: 127
石头: 15
呼符: 38
体力: 2394.4466666666667 / 137
友情点: 0 / 748510`
*連続ログイン7日間到達おめでとうございます！
明日は1日目からリスタートされます。*
`獣の足跡 X 1
呼符 X 1
12月交換券(2023) X 1
`_2023-12-19 19:33:17_
--------
*4782f4f90c2933454c63e17e1a16feab*
`登陆天数: 28天 / 1372天
等级: 125
石头: 258
呼符: 25
体力: 7631.836666666667 / 137
友情点: 0 / 1051740`
*連続ログイン7日間到達おめでとうございます！
明日は1日目からリスタートされます。*
`獣の足跡 X 1
呼符 X 1
12月交換券(2023) X 1
`_2023-12-19 19:33:25_
--------
