【登录信息】
*3e138f82f46bd6eeb41b5912a3fb4edd*
`登陆天数: 30天 / 1419天
等级: 126
石头: 2321
呼符: 12
体力: 8213.486666666668 / 137
友情点: 0 / 1028215`
*連続ログイン2日目
※ログインが途切れるか、7日到達すると
1日目から再開されます*
`聖晶石 X 1
12月交換券(2023) X 1
`*雪原のメリー・クリスマス2023 ～7days / 8years Snow Carol～開幕記念 ログインボーナス*
*開催期間中、1日1回 最大10回ログインボーナスをプレゼント！*
`白銀の果実 X 1
`_2023-12-21 19:32:46_
--------
*01054c2267c91a9ae9c99dd2ac2bdadf*
`登陆天数: 30天 / 1482天
等级: 133
石头: 30
呼符: 37
体力: 31001.31333333333 / 139
友情点: 0 / 127511570`
*連続ログイン2日目
※ログインが途切れるか、7日到達すると
1日目から再開されます*
`聖晶石 X 1
12月交換券(2023) X 1
`*雪原のメリー・クリスマス2023 ～7days / 8years Snow Carol～開幕記念 ログインボーナス*
*開催期間中、1日1回 最大10回ログインボーナスをプレゼント！*
`白銀の果実 X 1
`_2023-12-21 19:32:54_
--------
*3d6949021dc3c9c6374093e2ca92d22d*
`登陆天数: 30天 / 1427天
等级: 128
石头: 608
呼符: 21
体力: 8210.386666666665 / 137
友情点: 0 / 981665`
*連続ログイン2日目
※ログインが途切れるか、7日到達すると
1日目から再開されます*
`聖晶石 X 1
12月交換券(2023) X 1
`*雪原のメリー・クリスマス2023 ～7days / 8years Snow Carol～開幕記念 ログインボーナス*
*開催期間中、1日1回 最大10回ログインボーナスをプレゼント！*
`白銀の果実 X 1
`_2023-12-21 19:33:02_
--------
*f86567cb94d07022b955f38c237ef97b*
`登陆天数: 30天 / 1094天
等级: 127
石头: 15
呼符: 38
体力: 2970.42 / 137
友情点: 0 / 748510`
*連続ログイン2日目
※ログインが途切れるか、7日到達すると
1日目から再開されます*
`聖晶石 X 1
12月交換券(2023) X 1
`*雪原のメリー・クリスマス2023 ～7days / 8years Snow Carol～開幕記念 ログインボーナス*
*開催期間中、1日1回 最大10回ログインボーナスをプレゼント！*
`白銀の果実 X 1
`_2023-12-21 19:33:10_
--------
*4782f4f90c2933454c63e17e1a16feab*
`登陆天数: 30天 / 1374天
等级: 125
石头: 258
呼符: 25
体力: 8207.810000000001 / 137
友情点: 0 / 1051740`
*連続ログイン2日目
※ログインが途切れるか、7日到達すると
1日目から再開されます*
`聖晶石 X 1
12月交換券(2023) X 1
`*雪原のメリー・クリスマス2023 ～7days / 8years Snow Carol～開幕記念 ログインボーナス*
*開催期間中、1日1回 最大10回ログインボーナスをプレゼント！*
`白銀の果実 X 1
`_2023-12-21 19:33:18_
--------
