【登录信息】
*3e138f82f46bd6eeb41b5912a3fb4edd*
`登陆天数: 31天 / 1420天
等级: 126
石头: 2321
呼符: 12
体力: 8501.48 / 137
友情点: 0 / 1028215`
*連続ログイン3日目
※ログインが途切れるか、7日到達すると
1日目から再開されます*
`叡智の業火 X 1
12月交換券(2023) X 1
`*雪原のメリー・クリスマス2023 ～7days / 8years Snow Carol～開幕記念 ログインボーナス*
*開催期間中、1日1回 最大10回ログインボーナスをプレゼント！*
`白銀の果実 X 1
`_2023-12-22 19:32:44_
--------
*01054c2267c91a9ae9c99dd2ac2bdadf*
`登陆天数: 31天 / 1483天
等级: 133
石头: 30
呼符: 37
体力: 31289.306666666667 / 139
友情点: 0 / 127511570`
*連続ログイン3日目
※ログインが途切れるか、7日到達すると
1日目から再開されます*
`叡智の業火 X 1
12月交換券(2023) X 1
`*雪原のメリー・クリスマス2023 ～7days / 8years Snow Carol～開幕記念 ログインボーナス*
*開催期間中、1日1回 最大10回ログインボーナスをプレゼント！*
`白銀の果実 X 1
`_2023-12-22 19:32:52_
--------
*3d6949021dc3c9c6374093e2ca92d22d*
`登陆天数: 31天 / 1428天
等级: 128
石头: 608
呼符: 21
体力: 8498.38 / 137
友情点: 0 / 981665`
*連続ログイン3日目
※ログインが途切れるか、7日到達すると
1日目から再開されます*
`叡智の業火 X 1
12月交換券(2023) X 1
`*雪原のメリー・クリスマス2023 ～7days / 8years Snow Carol～開幕記念 ログインボーナス*
*開催期間中、1日1回 最大10回ログインボーナスをプレゼント！*
`白銀の果実 X 1
`_2023-12-22 19:33:00_
--------
*f86567cb94d07022b955f38c237ef97b*
`登陆天数: 31天 / 1095天
等级: 127
石头: 15
呼符: 38
体力: 3258.4166666666665 / 137
友情点: 0 / 748510`
*連続ログイン3日目
※ログインが途切れるか、7日到達すると
1日目から再開されます*
`叡智の業火 X 1
12月交換券(2023) X 1
`*雪原のメリー・クリスマス2023 ～7days / 8years Snow Carol～開幕記念 ログインボーナス*
*開催期間中、1日1回 最大10回ログインボーナスをプレゼント！*
`白銀の果実 X 1
`_2023-12-22 19:33:08_
--------
*4782f4f90c2933454c63e17e1a16feab*
`登陆天数: 31天 / 1375天
等级: 125
石头: 258
呼符: 25
体力: 8495.806666666667 / 137
友情点: 0 / 1051740`
*連続ログイン3日目
※ログインが途切れるか、7日到達すると
1日目から再開されます*
`叡智の業火 X 1
12月交換券(2023) X 1
`*雪原のメリー・クリスマス2023 ～7days / 8years Snow Carol～開幕記念 ログインボーナス*
*開催期間中、1日1回 最大10回ログインボーナスをプレゼント！*
`白銀の果実 X 1
`_2023-12-22 19:33:16_
--------
