【登录信息】
*3e138f82f46bd6eeb41b5912a3fb4edd*
`登陆天数: 33天 / 1422天
等级: 126
石头: 2321
呼符: 12
体力: 9077.44 / 137
友情点: 0 / 1028215`
*連続ログイン5日目
※ログインが途切れるか、7日到達すると
1日目から再開されます*
`叡智の業火 X 2
12月交換券(2023) X 1
`*ネモ〔サンタ〕からのクリスマスプレゼント*
*開催期間中、初回ログインで「聖晶石×10」をプレゼント！*
`聖晶石 X 10
`_2023-12-24 19:32:32_
--------
*01054c2267c91a9ae9c99dd2ac2bdadf*
`登陆天数: 33天 / 1485天
等级: 133
石头: 30
呼符: 37
体力: 31865.266666666666 / 139
友情点: 0 / 127511570`
*連続ログイン5日目
※ログインが途切れるか、7日到達すると
1日目から再開されます*
`叡智の業火 X 2
12月交換券(2023) X 1
`*ネモ〔サンタ〕からのクリスマスプレゼント*
*開催期間中、初回ログインで「聖晶石×10」をプレゼント！*
`聖晶石 X 10
`_2023-12-24 19:32:40_
--------
*3d6949021dc3c9c6374093e2ca92d22d*
`登陆天数: 33天 / 1430天
等级: 128
石头: 608
呼符: 21
体力: 9074.343333333334 / 137
友情点: 0 / 981665`
*連続ログイン5日目
※ログインが途切れるか、7日到達すると
1日目から再開されます*
`叡智の業火 X 2
12月交換券(2023) X 1
`*ネモ〔サンタ〕からのクリスマスプレゼント*
*開催期間中、初回ログインで「聖晶石×10」をプレゼント！*
`聖晶石 X 10
`_2023-12-24 19:32:49_
--------
*f86567cb94d07022b955f38c237ef97b*
`登陆天数: 33天 / 1097天
等级: 127
石头: 15
呼符: 38
体力: 3834.38 / 137
友情点: 0 / 748510`
*連続ログイン5日目
※ログインが途切れるか、7日到達すると
1日目から再開されます*
`叡智の業火 X 2
12月交換券(2023) X 1
`*ネモ〔サンタ〕からのクリスマスプレゼント*
*開催期間中、初回ログインで「聖晶石×10」をプレゼント！*
`聖晶石 X 10
`_2023-12-24 19:32:57_
--------
*4782f4f90c2933454c63e17e1a16feab*
`登陆天数: 33天 / 1377天
等级: 125
石头: 258
呼符: 25
体力: 9071.77 / 137
友情点: 0 / 1051740`
*連続ログイン5日目
※ログインが途切れるか、7日到達すると
1日目から再開されます*
`叡智の業火 X 2
12月交換券(2023) X 1
`*ネモ〔サンタ〕からのクリスマスプレゼント*
*開催期間中、初回ログインで「聖晶石×10」をプレゼント！*
`聖晶石 X 10
`_2023-12-24 19:33:05_
--------
