【登录信息】
*3e138f82f46bd6eeb41b5912a3fb4edd*
`登陆天数: 36天 / 1425天
等级: 126
石头: 2321
呼符: 12
体力: 9941.453333333333 / 137
友情点: 0 / 1028215`
*連続ログイン1日目
※ログインが途切れるか、7日到達すると
1日目から再開されます*
`フレンドポイント X 2000
12月交換券(2023) X 1
`*「FGO カルデア・サテライトステーション 2023-2024」京都会場開催直前 ログインボーナス*
*開催期間中、1日1回 最大3回 ログインボーナスをプレゼント！*
`黄金の果実 X 1
`_2023-12-27 19:32:36_
--------
*01054c2267c91a9ae9c99dd2ac2bdadf*
`登陆天数: 36天 / 1488天
等级: 133
石头: 30
呼符: 37
体力: 32729.28 / 139
友情点: 0 / 127511570`
*連続ログイン1日目
※ログインが途切れるか、7日到達すると
1日目から再開されます*
`フレンドポイント X 2000
12月交換券(2023) X 1
`*「FGO カルデア・サテライトステーション 2023-2024」京都会場開催直前 ログインボーナス*
*開催期間中、1日1回 最大3回 ログインボーナスをプレゼント！*
`黄金の果実 X 1
`_2023-12-27 19:32:44_
--------
*3d6949021dc3c9c6374093e2ca92d22d*
`登陆天数: 36天 / 1433天
等级: 128
石头: 608
呼符: 21
体力: 9938.353333333333 / 137
友情点: 0 / 981665`
*連続ログイン1日目
※ログインが途切れるか、7日到達すると
1日目から再開されます*
`フレンドポイント X 2000
12月交換券(2023) X 1
`*「FGO カルデア・サテライトステーション 2023-2024」京都会場開催直前 ログインボーナス*
*開催期間中、1日1回 最大3回 ログインボーナスをプレゼント！*
`黄金の果実 X 1
`_2023-12-27 19:32:53_
--------
*f86567cb94d07022b955f38c237ef97b*
`登陆天数: 36天 / 1100天
等级: 127
石头: 15
呼符: 38
体力: 4698.39 / 137
友情点: 0 / 748510`
*連続ログイン1日目
※ログインが途切れるか、7日到達すると
1日目から再開されます*
`フレンドポイント X 2000
12月交換券(2023) X 1
`*「FGO カルデア・サテライトステーション 2023-2024」京都会場開催直前 ログインボーナス*
*開催期間中、1日1回 最大3回 ログインボーナスをプレゼント！*
`黄金の果実 X 1
`_2023-12-27 19:33:01_
--------
*4782f4f90c2933454c63e17e1a16feab*
`登陆天数: 36天 / 1380天
等级: 125
石头: 258
呼符: 25
体力: 9935.78 / 137
友情点: 0 / 1051740`
*連続ログイン1日目
※ログインが途切れるか、7日到達すると
1日目から再開されます*
`フレンドポイント X 2000
12月交換券(2023) X 1
`*「FGO カルデア・サテライトステーション 2023-2024」京都会場開催直前 ログインボーナス*
*開催期間中、1日1回 最大3回 ログインボーナスをプレゼント！*
`黄金の果実 X 1
`_2023-12-27 19:33:09_
--------
