【登录信息】
*3e138f82f46bd6eeb41b5912a3fb4edd*
`登陆天数: 38天 / 1427天
等级: 126
石头: 1846
呼符: 7
体力: 75.33666666666667 / 137
友情点: 0 / 1038215`
*連続ログイン3日目
※ログインが途切れるか、7日到達すると
1日目から再開されます*
`叡智の業火 X 1
12月交換券(2023) X 1
`*「FGO カルデア・サテライトステーション 2023-2024」京都会場開催記念 3万リポスト達成プレゼント*
*開催期間中、初回ログインで「聖晶石×6」をプレゼント！*
`聖晶石 X 6
`_2023-12-29 19:32:37_
--------
*01054c2267c91a9ae9c99dd2ac2bdadf*
`登陆天数: 38天 / 1490天
等级: 133
石头: 319
呼符: 52
体力: 78.01666666666667 / 139
友情点: 0 / 127543570`
*連続ログイン3日目
※ログインが途切れるか、7日到達すると
1日目から再開されます*
`叡智の業火 X 1
12月交換券(2023) X 1
`*「FGO カルデア・サテライトステーション 2023-2024」京都会場開催記念 3万リポスト達成プレゼント*
*開催期間中、初回ログインで「聖晶石×6」をプレゼント！*
`聖晶石 X 6
`_2023-12-29 19:32:45_
--------
*3d6949021dc3c9c6374093e2ca92d22d*
`登陆天数: 38天 / 1435天
等级: 128
石头: 703
呼符: 26
体力: 70.87 / 137
友情点: 0 / 991665`
*連続ログイン3日目
※ログインが途切れるか、7日到達すると
1日目から再開されます*
`叡智の業火 X 1
12月交換券(2023) X 1
`*「FGO カルデア・サテライトステーション 2023-2024」京都会場開催記念 3万リポスト達成プレゼント*
*開催期間中、初回ログインで「聖晶石×6」をプレゼント！*
`聖晶石 X 6
`_2023-12-29 19:32:53_
--------
*f86567cb94d07022b955f38c237ef97b*
`登陆天数: 38天 / 1102天
等级: 127
石头: 11
呼符: 1
体力: 73.75999999999999 / 137
友情点: 0 / 754510`
*連続ログイン3日目
※ログインが途切れるか、7日到達すると
1日目から再開されます*
`叡智の業火 X 1
12月交換券(2023) X 1
`*「FGO カルデア・サテライトステーション 2023-2024」京都会場開催記念 3万リポスト達成プレゼント*
*開催期間中、初回ログインで「聖晶石×6」をプレゼント！*
`聖晶石 X 6
`_2023-12-29 19:33:01_
--------
*4782f4f90c2933454c63e17e1a16feab*
`登陆天数: 38天 / 1382天
等级: 125
石头: 353
呼符: 30
体力: 71.83 / 137
友情点: 0 / 1061740`
*連続ログイン3日目
※ログインが途切れるか、7日到達すると
1日目から再開されます*
`叡智の業火 X 1
12月交換券(2023) X 1
`*「FGO カルデア・サテライトステーション 2023-2024」京都会場開催記念 3万リポスト達成プレゼント*
*開催期間中、初回ログインで「聖晶石×6」をプレゼント！*
`聖晶石 X 6
`_2023-12-29 19:33:09_
--------
