【登录信息】
*3e138f82f46bd6eeb41b5912a3fb4edd*
`登陆天数: 39天 / 1428天
等级: 126
石头: 1846
呼符: 7
体力: 363.37333333333333 / 137
友情点: 0 / 1038215`
*連続ログイン4日目
※ログインが途切れるか、7日到達すると
1日目から再開されます*
`聖晶石 X 1
12月交換券(2023) X 1
`*Fate Project 大晦日TVスペシャル2023 放送カウントダウンログインボーナス*
*開催期間中、1日1回 3日間日替りでログインボーナスをプレゼント！*
`黄金の果実 X 1
呼符 X 1
`_2023-12-30 19:32:48_
--------
*01054c2267c91a9ae9c99dd2ac2bdadf*
`登陆天数: 39天 / 1491天
等级: 133
石头: 319
呼符: 52
体力: 366.05 / 139
友情点: 0 / 127543570`
*連続ログイン4日目
※ログインが途切れるか、7日到達すると
1日目から再開されます*
`聖晶石 X 1
12月交換券(2023) X 1
`*Fate Project 大晦日TVスペシャル2023 放送カウントダウンログインボーナス*
*開催期間中、1日1回 3日間日替りでログインボーナスをプレゼント！*
`黄金の果実 X 1
呼符 X 1
`_2023-12-30 19:32:56_
--------
*3d6949021dc3c9c6374093e2ca92d22d*
`登陆天数: 39天 / 1436天
等级: 128
石头: 703
呼符: 26
体力: 358.9033333333333 / 137
友情点: 0 / 991665`
*連続ログイン4日目
※ログインが途切れるか、7日到達すると
1日目から再開されます*
`聖晶石 X 1
12月交換券(2023) X 1
`*Fate Project 大晦日TVスペシャル2023 放送カウントダウンログインボーナス*
*開催期間中、1日1回 3日間日替りでログインボーナスをプレゼント！*
`黄金の果実 X 1
呼符 X 1
`_2023-12-30 19:33:04_
--------
*f86567cb94d07022b955f38c237ef97b*
`登陆天数: 39天 / 1103天
等级: 127
石头: 11
呼符: 1
体力: 361.7933333333333 / 137
友情点: 0 / 754510`
*連続ログイン4日目
※ログインが途切れるか、7日到達すると
1日目から再開されます*
`聖晶石 X 1
12月交換券(2023) X 1
`*Fate Project 大晦日TVスペシャル2023 放送カウントダウンログインボーナス*
*開催期間中、1日1回 3日間日替りでログインボーナスをプレゼント！*
`黄金の果実 X 1
呼符 X 1
`_2023-12-30 19:33:11_
--------
*4782f4f90c2933454c63e17e1a16feab*
`登陆天数: 39天 / 1383天
等级: 125
石头: 353
呼符: 30
体力: 359.86333333333334 / 137
友情点: 0 / 1061740`
*連続ログイン4日目
※ログインが途切れるか、7日到達すると
1日目から再開されます*
`聖晶石 X 1
12月交換券(2023) X 1
`*Fate Project 大晦日TVスペシャル2023 放送カウントダウンログインボーナス*
*開催期間中、1日1回 3日間日替りでログインボーナスをプレゼント！*
`黄金の果実 X 1
呼符 X 1
`_2023-12-30 19:33:20_
--------
