【登录信息】
*3e138f82f46bd6eeb41b5912a3fb4edd*
`登陆天数: 43天 / 1350天
等级: 126
石头: 2452
呼符: 55
体力: 8247.880000000001 / 137
友情点: 0 / 1027505`
*連続ログイン1日目
※ログインが途切れるか、7日到達すると
1日目から再開されます*
`フレンドポイント X 2000
10月交換券(2023) X 1
`*ワンジナ・ワールドツアー！ ～大精霊と巡る世界一周～開幕記念 ログインボーナス*
*開催期間中、1日1回 最大21回ログインボーナスをプレゼント！*
`白銀の果実 X 1
`_2023-10-03 19:34:33_
--------
*01054c2267c91a9ae9c99dd2ac2bdadf*
`登陆天数: 43天 / 1413天
等级: 133
石头: 30
呼符: 37
体力: 8249.67 / 139
友情点: 0 / 127511570`
*連続ログイン1日目
※ログインが途切れるか、7日到達すると
1日目から再開されます*
`フレンドポイント X 2000
10月交換券(2023) X 1
`*ワンジナ・ワールドツアー！ ～大精霊と巡る世界一周～開幕記念 ログインボーナス*
*開催期間中、1日1回 最大21回ログインボーナスをプレゼント！*
`白銀の果実 X 1
`_2023-10-03 19:34:41_
--------
*3d6949021dc3c9c6374093e2ca92d22d*
`登陆天数: 137天 / 1358天
等级: 128
石头: 390
呼符: 1
体力: 6254.673333333333 / 137
友情点: 0 / 958375`
*連続ログイン4日目
※ログインが途切れるか、7日到達すると
1日目から再開されます*
`聖晶石 X 1
10月交換券(2023) X 1
`*ワンジナ・ワールドツアー！ ～大精霊と巡る世界一周～開幕記念 ログインボーナス*
*開催期間中、1日1回 最大21回ログインボーナスをプレゼント！*
`白銀の果実 X 1
`_2023-10-03 19:34:49_
--------
*f86567cb94d07022b955f38c237ef97b*
`登陆天数: 46天 / 1025天
等级: 127
石头: 1354
呼符: 11
体力: 6236.4766666666665 / 137
友情点: 0 / 757775`
*連続ログイン4日目
※ログインが途切れるか、7日到達すると
1日目から再開されます*
`聖晶石 X 1
10月交換券(2023) X 1
`*ワンジナ・ワールドツアー！ ～大精霊と巡る世界一周～開幕記念 ログインボーナス*
*開催期間中、1日1回 最大21回ログインボーナスをプレゼント！*
`白銀の果実 X 1
`_2023-10-03 19:34:57_
--------
*4782f4f90c2933454c63e17e1a16feab*
`登陆天数: 30天 / 1305天
等级: 125
石头: 58
呼符: 6
体力: 6235.54 / 137
友情点: 0 / 1032540`
*連続ログイン2日目
※ログインが途切れるか、7日到達すると
1日目から再開されます*
`聖晶石 X 1
10月交換券(2023) X 1
`*ワンジナ・ワールドツアー！ ～大精霊と巡る世界一周～開幕記念 ログインボーナス*
*開催期間中、1日1回 最大21回ログインボーナスをプレゼント！*
`白銀の果実 X 1
`_2023-10-03 19:35:05_
--------
