【登录信息】
*3e138f82f46bd6eeb41b5912a3fb4edd*
`登陆天数: 48天 / 1355天
等级: 126
石头: 2452
呼符: 55
体力: 9687.843333333334 / 137
友情点: 0 / 1027505`
*連続ログイン6日目
※ログインが途切れるか、7日到達すると
1日目から再開されます*
`聖晶石 X 2
10月交換券(2023) X 1
`*ワンジナ・ワールドツアー！ ～大精霊と巡る世界一周～開幕記念 ログインボーナス*
*開催期間中、1日1回 最大21回ログインボーナスをプレゼント！*
`白銀の果実 X 1
`_2023-10-08 19:34:22_
--------
*01054c2267c91a9ae9c99dd2ac2bdadf*
`登陆天数: 48天 / 1418天
等级: 133
石头: 30
呼符: 37
体力: 9689.636666666667 / 139
友情点: 0 / 127511570`
*連続ログイン6日目
※ログインが途切れるか、7日到達すると
1日目から再開されます*
`聖晶石 X 2
10月交換券(2023) X 1
`*ワンジナ・ワールドツアー！ ～大精霊と巡る世界一周～開幕記念 ログインボーナス*
*開催期間中、1日1回 最大21回ログインボーナスをプレゼント！*
`白銀の果実 X 1
`_2023-10-08 19:34:31_
--------
*3d6949021dc3c9c6374093e2ca92d22d*
`登陆天数: 142天 / 1363天
等级: 128
石头: 390
呼符: 1
体力: 7694.64 / 137
友情点: 0 / 958375`
*連続ログイン2日目
※ログインが途切れるか、7日到達すると
1日目から再開されます*
`聖晶石 X 1
10月交換券(2023) X 1
`*ワンジナ・ワールドツアー！ ～大精霊と巡る世界一周～開幕記念 ログインボーナス*
*開催期間中、1日1回 最大21回ログインボーナスをプレゼント！*
`白銀の果実 X 1
`_2023-10-08 19:34:39_
--------
*f86567cb94d07022b955f38c237ef97b*
`登陆天数: 51天 / 1030天
等级: 127
石头: 1354
呼符: 11
体力: 7676.443333333334 / 137
友情点: 0 / 757775`
*連続ログイン2日目
※ログインが途切れるか、7日到達すると
1日目から再開されます*
`聖晶石 X 1
10月交換券(2023) X 1
`*ワンジナ・ワールドツアー！ ～大精霊と巡る世界一周～開幕記念 ログインボーナス*
*開催期間中、1日1回 最大21回ログインボーナスをプレゼント！*
`白銀の果実 X 1
`_2023-10-08 19:34:47_
--------
*4782f4f90c2933454c63e17e1a16feab*
`登陆天数: 35天 / 1310天
等级: 125
石头: 58
呼符: 6
体力: 7675.506666666667 / 137
友情点: 0 / 1032540`
*連続ログイン7日間到達おめでとうございます！
明日は1日目からリスタートされます。*
`獣の足跡 X 1
呼符 X 1
10月交換券(2023) X 1
`*ワンジナ・ワールドツアー！ ～大精霊と巡る世界一周～開幕記念 ログインボーナス*
*開催期間中、1日1回 最大21回ログインボーナスをプレゼント！*
`白銀の果実 X 1
`_2023-10-08 19:34:55_
--------
