【登录信息】
*3e138f82f46bd6eeb41b5912a3fb4edd*
`登陆天数: 52天 / 1359天
等级: 126
石头: 2452
呼符: 55
体力: 10839.84 / 137
友情点: 0 / 1027505`
*連続ログイン3日目
※ログインが途切れるか、7日到達すると
1日目から再開されます*
`叡智の業火 X 1
10月交換券(2023) X 1
`*日替りログインボーナス*
*開催期間中、1日1回 2週間日替りでログインボーナスをプレゼント！*
`巡霊の葉 X 30
`_2023-10-12 19:34:21_
--------
*01054c2267c91a9ae9c99dd2ac2bdadf*
`登陆天数: 52天 / 1422天
等级: 133
石头: 30
呼符: 37
体力: 10841.633333333333 / 139
友情点: 0 / 127511570`
*連続ログイン3日目
※ログインが途切れるか、7日到達すると
1日目から再開されます*
`叡智の業火 X 1
10月交換券(2023) X 1
`*日替りログインボーナス*
*開催期間中、1日1回 2週間日替りでログインボーナスをプレゼント！*
`巡霊の葉 X 30
`_2023-10-12 19:34:30_
--------
*3d6949021dc3c9c6374093e2ca92d22d*
`登陆天数: 146天 / 1367天
等级: 128
石头: 390
呼符: 1
体力: 8846.636666666667 / 137
友情点: 0 / 958375`
*連続ログイン6日目
※ログインが途切れるか、7日到達すると
1日目から再開されます*
`聖晶石 X 2
10月交換券(2023) X 1
`*日替りログインボーナス*
*開催期間中、1日1回 2週間日替りでログインボーナスをプレゼント！*
`巡霊の葉 X 30
`_2023-10-12 19:34:38_
--------
*f86567cb94d07022b955f38c237ef97b*
`登陆天数: 55天 / 1034天
等级: 127
石头: 1354
呼符: 11
体力: 8828.443333333333 / 137
友情点: 0 / 757775`
*連続ログイン6日目
※ログインが途切れるか、7日到達すると
1日目から再開されます*
`聖晶石 X 2
10月交換券(2023) X 1
`*日替りログインボーナス*
*開催期間中、1日1回 2週間日替りでログインボーナスをプレゼント！*
`巡霊の葉 X 30
`_2023-10-12 19:34:47_
--------
*4782f4f90c2933454c63e17e1a16feab*
`登陆天数: 39天 / 1314天
等级: 125
石头: 58
呼符: 6
体力: 8827.506666666666 / 137
友情点: 0 / 1032540`
*連続ログイン4日目
※ログインが途切れるか、7日到達すると
1日目から再開されます*
`聖晶石 X 1
10月交換券(2023) X 1
`*日替りログインボーナス*
*開催期間中、1日1回 2週間日替りでログインボーナスをプレゼント！*
`巡霊の葉 X 30
`_2023-10-12 19:34:55_
--------
