【登录信息】
*3e138f82f46bd6eeb41b5912a3fb4edd*
`登陆天数: 55天 / 1362天
等级: 126
石头: 2452
呼符: 55
体力: 11703.826666666666 / 137
友情点: 0 / 1027505`
*連続ログイン6日目
※ログインが途切れるか、7日到達すると
1日目から再開されます*
`聖晶石 X 2
10月交換券(2023) X 1
`*日替りログインボーナス*
*開催期間中、1日1回 2週間日替りでログインボーナスをプレゼント！*
`巡霊の葉 X 30
`_2023-10-15 19:34:17_
--------
*01054c2267c91a9ae9c99dd2ac2bdadf*
`登陆天数: 55天 / 1425天
等级: 133
石头: 30
呼符: 37
体力: 11705.616666666667 / 139
友情点: 0 / 127511570`
*連続ログイン6日目
※ログインが途切れるか、7日到達すると
1日目から再開されます*
`聖晶石 X 2
10月交換券(2023) X 1
`*日替りログインボーナス*
*開催期間中、1日1回 2週間日替りでログインボーナスをプレゼント！*
`巡霊の葉 X 30
`_2023-10-15 19:34:26_
--------
*3d6949021dc3c9c6374093e2ca92d22d*
`登陆天数: 149天 / 1370天
等级: 128
石头: 390
呼符: 1
体力: 9710.62 / 137
友情点: 0 / 958375`
*連続ログイン2日目
※ログインが途切れるか、7日到達すると
1日目から再開されます*
`聖晶石 X 1
10月交換券(2023) X 1
`*日替りログインボーナス*
*開催期間中、1日1回 2週間日替りでログインボーナスをプレゼント！*
`巡霊の葉 X 30
`_2023-10-15 19:34:34_
--------
*f86567cb94d07022b955f38c237ef97b*
`登陆天数: 58天 / 1037天
等级: 127
石头: 1354
呼符: 11
体力: 9692.423333333334 / 137
友情点: 0 / 757775`
*連続ログイン2日目
※ログインが途切れるか、7日到達すると
1日目から再開されます*
`聖晶石 X 1
10月交換券(2023) X 1
`*日替りログインボーナス*
*開催期間中、1日1回 2週間日替りでログインボーナスをプレゼント！*
`巡霊の葉 X 30
`_2023-10-15 19:34:42_
--------
*4782f4f90c2933454c63e17e1a16feab*
`登陆天数: 42天 / 1317天
等级: 125
石头: 58
呼符: 6
体力: 9691.486666666666 / 137
友情点: 0 / 1032540`
*連続ログイン7日間到達おめでとうございます！
明日は1日目からリスタートされます。*
`獣の足跡 X 1
呼符 X 1
10月交換券(2023) X 1
`*日替りログインボーナス*
*開催期間中、1日1回 2週間日替りでログインボーナスをプレゼント！*
`巡霊の葉 X 30
`_2023-10-15 19:34:50_
--------
