【登录信息】
*3e138f82f46bd6eeb41b5912a3fb4edd*
`登陆天数: 57天 / 1364天
等级: 126
石头: 2616
呼符: 62
体力: 22.846666666666664 / 137
友情点: 0 / 1041585`
*連続ログイン1日目
※ログインが途切れるか、7日到達すると
1日目から再開されます*
`フレンドポイント X 2000
10月交換券(2023) X 1
`*日替りログインボーナス*
*開催期間中、1日1回 2週間日替りでログインボーナスをプレゼント！*
`聖晶石 X 3
巡霊の葉 X 50
`_2023-10-17 19:34:48_
--------
*01054c2267c91a9ae9c99dd2ac2bdadf*
`登陆天数: 57天 / 1427天
等级: 133
石头: 30
呼符: 37
体力: 12281.72 / 139
友情点: 0 / 127511570`
*連続ログイン1日目
※ログインが途切れるか、7日到達すると
1日目から再開されます*
`フレンドポイント X 2000
10月交換券(2023) X 1
`*日替りログインボーナス*
*開催期間中、1日1回 2週間日替りでログインボーナスをプレゼント！*
`聖晶石 X 3
巡霊の葉 X 50
`_2023-10-17 19:34:57_
--------
*3d6949021dc3c9c6374093e2ca92d22d*
`登陆天数: 151天 / 1372天
等级: 128
石头: 535
呼符: 6
体力: 29.5 / 137
友情点: 0 / 970465`
*連続ログイン4日目
※ログインが途切れるか、7日到達すると
1日目から再開されます*
`聖晶石 X 1
10月交換券(2023) X 1
`*日替りログインボーナス*
*開催期間中、1日1回 2週間日替りでログインボーナスをプレゼント！*
`聖晶石 X 3
巡霊の葉 X 50
`_2023-10-17 19:35:05_
--------
*f86567cb94d07022b955f38c237ef97b*
`登陆天数: 60天 / 1039天
等级: 127
石头: 1464
呼符: 21
体力: 29.150000000000006 / 137
友情点: 0 / 767925`
*連続ログイン4日目
※ログインが途切れるか、7日到達すると
1日目から再開されます*
`聖晶石 X 1
10月交換券(2023) X 1
`*日替りログインボーナス*
*開催期間中、1日1回 2週間日替りでログインボーナスをプレゼント！*
`聖晶石 X 3
巡霊の葉 X 50
`_2023-10-17 19:35:13_
--------
*4782f4f90c2933454c63e17e1a16feab*
`登陆天数: 44天 / 1319天
等级: 125
石头: 58
呼符: 6
体力: 10267.59 / 137
友情点: 0 / 1032540`
*連続ログイン2日目
※ログインが途切れるか、7日到達すると
1日目から再開されます*
`聖晶石 X 1
10月交換券(2023) X 1
`*日替りログインボーナス*
*開催期間中、1日1回 2週間日替りでログインボーナスをプレゼント！*
`聖晶石 X 3
巡霊の葉 X 50
`_2023-10-17 19:35:20_
--------
