【登录信息】
*3e138f82f46bd6eeb41b5912a3fb4edd*
`登陆天数: 58天 / 1365天
等级: 126
石头: 2616
呼符: 62
体力: 310.68333333333334 / 137
友情点: 0 / 1041585`
*連続ログイン2日目
※ログインが途切れるか、7日到達すると
1日目から再開されます*
`聖晶石 X 1
10月交換券(2023) X 1
`*日替りログインボーナス*
*開催期間中、1日1回 2週間日替りでログインボーナスをプレゼント！*
`巡霊の葉 X 30
`_2023-10-18 19:33:59_
--------
*01054c2267c91a9ae9c99dd2ac2bdadf*
`登陆天数: 58天 / 1428天
等级: 133
石头: 30
呼符: 37
体力: 12569.56 / 139
友情点: 0 / 127511570`
*連続ログイン2日目
※ログインが途切れるか、7日到達すると
1日目から再開されます*
`聖晶石 X 1
10月交換券(2023) X 1
`*日替りログインボーナス*
*開催期間中、1日1回 2週間日替りでログインボーナスをプレゼント！*
`巡霊の葉 X 30
`_2023-10-18 19:34:08_
--------
*3d6949021dc3c9c6374093e2ca92d22d*
`登陆天数: 152天 / 1373天
等级: 128
石头: 535
呼符: 6
体力: 317.34333333333336 / 137
友情点: 0 / 970465`
*連続ログイン5日目
※ログインが途切れるか、7日到達すると
1日目から再開されます*
`叡智の業火 X 2
10月交換券(2023) X 1
`*日替りログインボーナス*
*開催期間中、1日1回 2週間日替りでログインボーナスをプレゼント！*
`巡霊の葉 X 30
`_2023-10-18 19:34:17_
--------
*f86567cb94d07022b955f38c237ef97b*
`登陆天数: 61天 / 1040天
等级: 127
石头: 1464
呼符: 21
体力: 316.99333333333334 / 137
友情点: 0 / 767925`
*連続ログイン5日目
※ログインが途切れるか、7日到達すると
1日目から再開されます*
`叡智の業火 X 2
10月交換券(2023) X 1
`*日替りログインボーナス*
*開催期間中、1日1回 2週間日替りでログインボーナスをプレゼント！*
`巡霊の葉 X 30
`_2023-10-18 19:34:25_
--------
*4782f4f90c2933454c63e17e1a16feab*
`登陆天数: 45天 / 1320天
等级: 125
石头: 58
呼符: 6
体力: 10555.433333333332 / 137
友情点: 0 / 1032540`
*連続ログイン3日目
※ログインが途切れるか、7日到達すると
1日目から再開されます*
`叡智の業火 X 1
10月交換券(2023) X 1
`*日替りログインボーナス*
*開催期間中、1日1回 2週間日替りでログインボーナスをプレゼント！*
`巡霊の葉 X 30
`_2023-10-18 19:34:33_
--------
