【登录信息】
*3e138f82f46bd6eeb41b5912a3fb4edd*
`登陆天数: 60天 / 1367天
等级: 126
石头: 2616
呼符: 62
体力: 886.77 / 137
友情点: 0 / 1041585`
*連続ログイン4日目
※ログインが途切れるか、7日到達すると
1日目から再開されます*
`聖晶石 X 1
10月交換券(2023) X 1
`*日替りログインボーナス*
*開催期間中、1日1回 2週間日替りでログインボーナスをプレゼント！*
`聖晶石 X 2
巡霊の葉 X 100
`_2023-10-20 19:34:25_
--------
*01054c2267c91a9ae9c99dd2ac2bdadf*
`登陆天数: 60天 / 1430天
等级: 133
石头: 30
呼符: 37
体力: 13145.643333333333 / 139
友情点: 0 / 127511570`
*連続ログイン4日目
※ログインが途切れるか、7日到達すると
1日目から再開されます*
`聖晶石 X 1
10月交換券(2023) X 1
`*日替りログインボーナス*
*開催期間中、1日1回 2週間日替りでログインボーナスをプレゼント！*
`聖晶石 X 2
巡霊の葉 X 100
`_2023-10-20 19:34:33_
--------
*3d6949021dc3c9c6374093e2ca92d22d*
`登陆天数: 154天 / 1375天
等级: 128
石头: 535
呼符: 6
体力: 893.4233333333333 / 137
友情点: 0 / 970465`
*連続ログイン7日間到達おめでとうございます！
明日は1日目からリスタートされます。*
`獣の足跡 X 1
呼符 X 1
10月交換券(2023) X 1
`*日替りログインボーナス*
*開催期間中、1日1回 2週間日替りでログインボーナスをプレゼント！*
`聖晶石 X 2
巡霊の葉 X 100
`_2023-10-20 19:34:41_
--------
*f86567cb94d07022b955f38c237ef97b*
`登陆天数: 63天 / 1042天
等级: 127
石头: 1464
呼符: 21
体力: 893.0733333333334 / 137
友情点: 0 / 767925`
*連続ログイン7日間到達おめでとうございます！
明日は1日目からリスタートされます。*
`獣の足跡 X 1
呼符 X 1
10月交換券(2023) X 1
`*日替りログインボーナス*
*開催期間中、1日1回 2週間日替りでログインボーナスをプレゼント！*
`聖晶石 X 2
巡霊の葉 X 100
`_2023-10-20 19:34:49_
--------
*4782f4f90c2933454c63e17e1a16feab*
`登陆天数: 47天 / 1322天
等级: 125
石头: 58
呼符: 6
体力: 11131.513333333334 / 137
友情点: 0 / 1032540`
*連続ログイン5日目
※ログインが途切れるか、7日到達すると
1日目から再開されます*
`叡智の業火 X 2
10月交換券(2023) X 1
`*日替りログインボーナス*
*開催期間中、1日1回 2週間日替りでログインボーナスをプレゼント！*
`聖晶石 X 2
巡霊の葉 X 100
`_2023-10-20 19:34:57_
--------
