【登录信息】
*3e138f82f46bd6eeb41b5912a3fb4edd*
`登陆天数: 62天 / 1369天
等级: 126
石头: 2616
呼符: 62
体力: 1462.7866666666666 / 137
友情点: 0 / 1041585`
*連続ログイン6日目
※ログインが途切れるか、7日到達すると
1日目から再開されます*
`聖晶石 X 2
10月交換券(2023) X 1
`*日替りログインボーナス*
*開催期間中、1日1回 2週間日替りでログインボーナスをプレゼント！*
`巡霊の葉 X 30
`_2023-10-22 19:34:30_
--------
*01054c2267c91a9ae9c99dd2ac2bdadf*
`登陆天数: 62天 / 1432天
等级: 133
石头: 30
呼符: 37
体力: 13721.66 / 139
友情点: 0 / 127511570`
*連続ログイン6日目
※ログインが途切れるか、7日到達すると
1日目から再開されます*
`聖晶石 X 2
10月交換券(2023) X 1
`*日替りログインボーナス*
*開催期間中、1日1回 2週間日替りでログインボーナスをプレゼント！*
`巡霊の葉 X 30
`_2023-10-22 19:34:38_
--------
*3d6949021dc3c9c6374093e2ca92d22d*
`登陆天数: 156天 / 1377天
等级: 128
石头: 535
呼符: 6
体力: 1469.44 / 137
友情点: 0 / 970465`
*連続ログイン2日目
※ログインが途切れるか、7日到達すると
1日目から再開されます*
`聖晶石 X 1
10月交換券(2023) X 1
`*日替りログインボーナス*
*開催期間中、1日1回 2週間日替りでログインボーナスをプレゼント！*
`巡霊の葉 X 30
`_2023-10-22 19:34:46_
--------
*f86567cb94d07022b955f38c237ef97b*
`登陆天数: 65天 / 1044天
等级: 127
石头: 1464
呼符: 21
体力: 1469.09 / 137
友情点: 0 / 767925`
*連続ログイン2日目
※ログインが途切れるか、7日到達すると
1日目から再開されます*
`聖晶石 X 1
10月交換券(2023) X 1
`*日替りログインボーナス*
*開催期間中、1日1回 2週間日替りでログインボーナスをプレゼント！*
`巡霊の葉 X 30
`_2023-10-22 19:34:54_
--------
*4782f4f90c2933454c63e17e1a16feab*
`登陆天数: 49天 / 1324天
等级: 125
石头: 58
呼符: 6
体力: 11707.53 / 137
友情点: 0 / 1032540`
*連続ログイン7日間到達おめでとうございます！
明日は1日目からリスタートされます。*
`獣の足跡 X 1
呼符 X 1
10月交換券(2023) X 1
`*日替りログインボーナス*
*開催期間中、1日1回 2週間日替りでログインボーナスをプレゼント！*
`巡霊の葉 X 30
`_2023-10-22 19:35:03_
--------
