【登录信息】
*3e138f82f46bd6eeb41b5912a3fb4edd*
`登陆天数: 63天 / 1370天
等级: 126
石头: 2616
呼符: 62
体力: 1750.7666666666667 / 137
友情点: 0 / 1041585`
*連続ログイン7日間到達おめでとうございます！
明日は1日目からリスタートされます。*
`獣の足跡 X 1
呼符 X 1
10月交換券(2023) X 1
`*日替りログインボーナス*
*開催期間中、1日1回 2週間日替りでログインボーナスをプレゼント！*
`巡霊の葉 X 30
`_2023-10-23 19:34:24_
--------
*01054c2267c91a9ae9c99dd2ac2bdadf*
`登陆天数: 63天 / 1433天
等级: 133
石头: 30
呼符: 37
体力: 14009.643333333333 / 139
友情点: 0 / 127511570`
*連続ログイン7日間到達おめでとうございます！
明日は1日目からリスタートされます。*
`獣の足跡 X 1
呼符 X 1
10月交換券(2023) X 1
`*日替りログインボーナス*
*開催期間中、1日1回 2週間日替りでログインボーナスをプレゼント！*
`巡霊の葉 X 30
`_2023-10-23 19:34:33_
--------
*3d6949021dc3c9c6374093e2ca92d22d*
`登陆天数: 157天 / 1378天
等级: 128
石头: 535
呼符: 6
体力: 1757.4233333333334 / 137
友情点: 0 / 970465`
*連続ログイン3日目
※ログインが途切れるか、7日到達すると
1日目から再開されます*
`叡智の業火 X 1
10月交換券(2023) X 1
`*日替りログインボーナス*
*開催期間中、1日1回 2週間日替りでログインボーナスをプレゼント！*
`巡霊の葉 X 30
`_2023-10-23 19:34:41_
--------
*f86567cb94d07022b955f38c237ef97b*
`登陆天数: 66天 / 1045天
等级: 127
石头: 1464
呼符: 21
体力: 1757.0766666666666 / 137
友情点: 0 / 767925`
*連続ログイン3日目
※ログインが途切れるか、7日到達すると
1日目から再開されます*
`叡智の業火 X 1
10月交換券(2023) X 1
`*日替りログインボーナス*
*開催期間中、1日1回 2週間日替りでログインボーナスをプレゼント！*
`巡霊の葉 X 30
`_2023-10-23 19:34:50_
--------
*4782f4f90c2933454c63e17e1a16feab*
`登陆天数: 50天 / 1325天
等级: 125
石头: 58
呼符: 6
体力: 11995.516666666666 / 137
友情点: 0 / 1032540`
*連続ログイン1日目
※ログインが途切れるか、7日到達すると
1日目から再開されます*
`フレンドポイント X 2000
10月交換券(2023) X 1
`*日替りログインボーナス*
*開催期間中、1日1回 2週間日替りでログインボーナスをプレゼント！*
`巡霊の葉 X 30
`_2023-10-23 19:34:58_
--------
