【登录信息】
*3e138f82f46bd6eeb41b5912a3fb4edd*
`登陆天数: 65天 / 1372天
等级: 126
石头: 2616
呼符: 62
体力: 2326.7433333333333 / 137
友情点: 0 / 1041585`
*連続ログイン2日目
※ログインが途切れるか、7日到達すると
1日目から再開されます*
`聖晶石 X 1
10月交換券(2023) X 1
`*FGO カルデア放送局 ライト版 聖杯戦線 ～白天の城、黒夜の城～放送記念 初回ログインボーナス*
*開催期間中、初回ログインで「聖晶石×14」をプレゼント！*
`聖晶石 X 14
`_2023-10-25 19:34:17_
--------
*01054c2267c91a9ae9c99dd2ac2bdadf*
`登陆天数: 65天 / 1435天
等级: 133
石头: 30
呼符: 37
体力: 14585.616666666667 / 139
友情点: 0 / 127511570`
*連続ログイン2日目
※ログインが途切れるか、7日到達すると
1日目から再開されます*
`聖晶石 X 1
10月交換券(2023) X 1
`*FGO カルデア放送局 ライト版 聖杯戦線 ～白天の城、黒夜の城～放送記念 初回ログインボーナス*
*開催期間中、初回ログインで「聖晶石×14」をプレゼント！*
`聖晶石 X 14
`_2023-10-25 19:34:25_
--------
*3d6949021dc3c9c6374093e2ca92d22d*
`登陆天数: 159天 / 1380天
等级: 128
石头: 535
呼符: 6
体力: 2333.3966666666665 / 137
友情点: 0 / 970465`
*連続ログイン5日目
※ログインが途切れるか、7日到達すると
1日目から再開されます*
`叡智の業火 X 2
10月交換券(2023) X 1
`*FGO カルデア放送局 ライト版 聖杯戦線 ～白天の城、黒夜の城～放送記念 初回ログインボーナス*
*開催期間中、初回ログインで「聖晶石×14」をプレゼント！*
`聖晶石 X 14
`_2023-10-25 19:34:33_
--------
*f86567cb94d07022b955f38c237ef97b*
`登陆天数: 68天 / 1047天
等级: 127
石头: 1464
呼符: 21
体力: 2333.0466666666666 / 137
友情点: 0 / 767925`
*連続ログイン5日目
※ログインが途切れるか、7日到達すると
1日目から再開されます*
`叡智の業火 X 2
10月交換券(2023) X 1
`*FGO カルデア放送局 ライト版 聖杯戦線 ～白天の城、黒夜の城～放送記念 初回ログインボーナス*
*開催期間中、初回ログインで「聖晶石×14」をプレゼント！*
`聖晶石 X 14
`_2023-10-25 19:34:41_
--------
*4782f4f90c2933454c63e17e1a16feab*
`登陆天数: 52天 / 1327天
等级: 125
石头: 58
呼符: 6
体力: 12571.49 / 137
友情点: 0 / 1032540`
*連続ログイン3日目
※ログインが途切れるか、7日到達すると
1日目から再開されます*
`叡智の業火 X 1
10月交換券(2023) X 1
`*FGO カルデア放送局 ライト版 聖杯戦線 ～白天の城、黒夜の城～放送記念 初回ログインボーナス*
*開催期間中、初回ログインで「聖晶石×14」をプレゼント！*
`聖晶石 X 14
`_2023-10-25 19:34:50_
--------
