【登录信息】
*3e138f82f46bd6eeb41b5912a3fb4edd*
`登陆天数: 66天 / 1373天
等级: 126
石头: 2616
呼符: 62
体力: 2614.8166666666666 / 137
友情点: 0 / 1041585`
*連続ログイン3日目
※ログインが途切れるか、7日到達すると
1日目から再開されます*
`叡智の業火 X 1
10月交換券(2023) X 1
`*聖杯戦線 ～白天の城、黒夜の城～開幕記念 ログインボーナス*
*開催期間中、1日1回 最大21回ログインボーナスをプレゼント！*
`白銀の果実 X 1
`_2023-10-26 19:34:39_
--------
*01054c2267c91a9ae9c99dd2ac2bdadf*
`登陆天数: 66天 / 1436天
等级: 133
石头: 30
呼符: 37
体力: 14873.69 / 139
友情点: 0 / 127511570`
*連続ログイン3日目
※ログインが途切れるか、7日到達すると
1日目から再開されます*
`叡智の業火 X 1
10月交換券(2023) X 1
`*聖杯戦線 ～白天の城、黒夜の城～開幕記念 ログインボーナス*
*開催期間中、1日1回 最大21回ログインボーナスをプレゼント！*
`白銀の果実 X 1
`_2023-10-26 19:34:47_
--------
*3d6949021dc3c9c6374093e2ca92d22d*
`登陆天数: 160天 / 1381天
等级: 128
石头: 535
呼符: 6
体力: 2621.47 / 137
友情点: 0 / 970465`
*連続ログイン6日目
※ログインが途切れるか、7日到達すると
1日目から再開されます*
`聖晶石 X 2
10月交換券(2023) X 1
`*聖杯戦線 ～白天の城、黒夜の城～開幕記念 ログインボーナス*
*開催期間中、1日1回 最大21回ログインボーナスをプレゼント！*
`白銀の果実 X 1
`_2023-10-26 19:34:55_
--------
*f86567cb94d07022b955f38c237ef97b*
`登陆天数: 69天 / 1048天
等级: 127
石头: 1464
呼符: 21
体力: 2621.12 / 137
友情点: 0 / 767925`
*連続ログイン6日目
※ログインが途切れるか、7日到達すると
1日目から再開されます*
`聖晶石 X 2
10月交換券(2023) X 1
`*聖杯戦線 ～白天の城、黒夜の城～開幕記念 ログインボーナス*
*開催期間中、1日1回 最大21回ログインボーナスをプレゼント！*
`白銀の果実 X 1
`_2023-10-26 19:35:03_
--------
*4782f4f90c2933454c63e17e1a16feab*
`登陆天数: 53天 / 1328天
等级: 125
石头: 58
呼符: 6
体力: 12859.56 / 137
友情点: 0 / 1032540`
*連続ログイン4日目
※ログインが途切れるか、7日到達すると
1日目から再開されます*
`聖晶石 X 1
10月交換券(2023) X 1
`*聖杯戦線 ～白天の城、黒夜の城～開幕記念 ログインボーナス*
*開催期間中、1日1回 最大21回ログインボーナスをプレゼント！*
`白銀の果実 X 1
`_2023-10-26 19:35:12_
--------
