【登录信息】
*3e138f82f46bd6eeb41b5912a3fb4edd*
`登陆天数: 68天 / 1375天
等级: 126
石头: 2616
呼符: 62
体力: 3190.7033333333334 / 137
友情点: 0 / 1041585`
*連続ログイン5日目
※ログインが途切れるか、7日到達すると
1日目から再開されます*
`叡智の業火 X 2
10月交換券(2023) X 1
`*聖杯戦線 ～白天の城、黒夜の城～開幕記念 ログインボーナス*
*開催期間中、1日1回 最大21回ログインボーナスをプレゼント！*
`白銀の果実 X 1
`_2023-10-28 19:34:05_
--------
*01054c2267c91a9ae9c99dd2ac2bdadf*
`登陆天数: 68天 / 1438天
等级: 133
石头: 30
呼符: 37
体力: 15449.576666666666 / 139
友情点: 0 / 127511570`
*連続ログイン5日目
※ログインが途切れるか、7日到達すると
1日目から再開されます*
`叡智の業火 X 2
10月交換券(2023) X 1
`*聖杯戦線 ～白天の城、黒夜の城～開幕記念 ログインボーナス*
*開催期間中、1日1回 最大21回ログインボーナスをプレゼント！*
`白銀の果実 X 1
`_2023-10-28 19:34:14_
--------
*3d6949021dc3c9c6374093e2ca92d22d*
`登陆天数: 162天 / 1383天
等级: 128
石头: 535
呼符: 6
体力: 3197.36 / 137
友情点: 0 / 970465`
*連続ログイン1日目
※ログインが途切れるか、7日到達すると
1日目から再開されます*
`フレンドポイント X 2000
10月交換券(2023) X 1
`*聖杯戦線 ～白天の城、黒夜の城～開幕記念 ログインボーナス*
*開催期間中、1日1回 最大21回ログインボーナスをプレゼント！*
`白銀の果実 X 1
`_2023-10-28 19:34:22_
--------
*f86567cb94d07022b955f38c237ef97b*
`登陆天数: 71天 / 1050天
等级: 127
石头: 1464
呼符: 21
体力: 3197.01 / 137
友情点: 0 / 767925`
*連続ログイン1日目
※ログインが途切れるか、7日到達すると
1日目から再開されます*
`フレンドポイント X 2000
10月交換券(2023) X 1
`*聖杯戦線 ～白天の城、黒夜の城～開幕記念 ログインボーナス*
*開催期間中、1日1回 最大21回ログインボーナスをプレゼント！*
`白銀の果実 X 1
`_2023-10-28 19:34:30_
--------
*4782f4f90c2933454c63e17e1a16feab*
`登陆天数: 55天 / 1330天
等级: 125
石头: 58
呼符: 6
体力: 13435.453333333333 / 137
友情点: 0 / 1032540`
*連続ログイン6日目
※ログインが途切れるか、7日到達すると
1日目から再開されます*
`聖晶石 X 2
10月交換券(2023) X 1
`*聖杯戦線 ～白天の城、黒夜の城～開幕記念 ログインボーナス*
*開催期間中、1日1回 最大21回ログインボーナスをプレゼント！*
`白銀の果実 X 1
`_2023-10-28 19:34:39_
--------
