【登录信息】
*3e138f82f46bd6eeb41b5912a3fb4edd*
`登陆天数: 69天 / 1376天
等级: 126
石头: 2616
呼符: 62
体力: 3478.7633333333333 / 137
友情点: 0 / 1041585`
*連続ログイン6日目
※ログインが途切れるか、7日到達すると
1日目から再開されます*
`聖晶石 X 2
10月交換券(2023) X 1
`*初回ログインボーナス*
*開催期間中、初回ログインボーナスをプレゼント！*
`聖晶石 X 10
`_2023-10-29 19:34:23_
--------
*01054c2267c91a9ae9c99dd2ac2bdadf*
`登陆天数: 69天 / 1439天
等级: 133
石头: 30
呼符: 37
体力: 15737.636666666667 / 139
友情点: 0 / 127511570`
*連続ログイン6日目
※ログインが途切れるか、7日到達すると
1日目から再開されます*
`聖晶石 X 2
10月交換券(2023) X 1
`*初回ログインボーナス*
*開催期間中、初回ログインボーナスをプレゼント！*
`聖晶石 X 10
`_2023-10-29 19:34:31_
--------
*3d6949021dc3c9c6374093e2ca92d22d*
`登陆天数: 163天 / 1384天
等级: 128
石头: 535
呼符: 6
体力: 3485.4166666666665 / 137
友情点: 0 / 970465`
*連続ログイン2日目
※ログインが途切れるか、7日到達すると
1日目から再開されます*
`聖晶石 X 1
10月交換券(2023) X 1
`*初回ログインボーナス*
*開催期間中、初回ログインボーナスをプレゼント！*
`聖晶石 X 10
`_2023-10-29 19:34:39_
--------
*f86567cb94d07022b955f38c237ef97b*
`登陆天数: 72天 / 1051天
等级: 127
石头: 1464
呼符: 21
体力: 3485.0666666666666 / 137
友情点: 0 / 767925`
*連続ログイン2日目
※ログインが途切れるか、7日到達すると
1日目から再開されます*
`聖晶石 X 1
10月交換券(2023) X 1
`*初回ログインボーナス*
*開催期間中、初回ログインボーナスをプレゼント！*
`聖晶石 X 10
`_2023-10-29 19:34:47_
--------
*4782f4f90c2933454c63e17e1a16feab*
`登陆天数: 56天 / 1331天
等级: 125
石头: 58
呼符: 6
体力: 13723.503333333334 / 137
友情点: 0 / 1032540`
*連続ログイン7日間到達おめでとうございます！
明日は1日目からリスタートされます。*
`獣の足跡 X 1
呼符 X 1
10月交換券(2023) X 1
`*初回ログインボーナス*
*開催期間中、初回ログインボーナスをプレゼント！*
`聖晶石 X 10
`_2023-10-29 19:34:55_
--------
