【登录信息】
*3e138f82f46bd6eeb41b5912a3fb4edd*
`登陆天数: 70天 / 1377天
等级: 126
石头: 2693
呼符: 69
体力: 65.82333333333334 / 137
友情点: 0 / 1045615`
*連続ログイン7日間到達おめでとうございます！
明日は1日目からリスタートされます。*
`獣の足跡 X 1
呼符 X 1
10月交換券(2023) X 1
`*聖杯戦線 ～白天の城、黒夜の城～開幕記念 ログインボーナス*
*開催期間中、1日1回 最大21回ログインボーナスをプレゼント！*
`白銀の果実 X 1
`_2023-10-30 19:34:42_
--------
*01054c2267c91a9ae9c99dd2ac2bdadf*
`登陆天数: 70天 / 1440天
等级: 133
石头: 30
呼符: 37
体力: 16025.7 / 139
友情点: 0 / 127511570`
*連続ログイン7日間到達おめでとうございます！
明日は1日目からリスタートされます。*
`獣の足跡 X 1
呼符 X 1
10月交換券(2023) X 1
`*聖杯戦線 ～白天の城、黒夜の城～開幕記念 ログインボーナス*
*開催期間中、1日1回 最大21回ログインボーナスをプレゼント！*
`白銀の果実 X 1
`_2023-10-30 19:34:50_
--------
*3d6949021dc3c9c6374093e2ca92d22d*
`登陆天数: 164天 / 1385天
等级: 128
石头: 535
呼符: 6
体力: 3773.483333333333 / 137
友情点: 0 / 970465`
*連続ログイン3日目
※ログインが途切れるか、7日到達すると
1日目から再開されます*
`叡智の業火 X 1
10月交換券(2023) X 1
`*聖杯戦線 ～白天の城、黒夜の城～開幕記念 ログインボーナス*
*開催期間中、1日1回 最大21回ログインボーナスをプレゼント！*
`白銀の果実 X 1
`_2023-10-30 19:34:59_
--------
*f86567cb94d07022b955f38c237ef97b*
`登陆天数: 73天 / 1052天
等级: 127
石头: 1545
呼符: 24
体力: 3773.133333333333 / 137
友情点: 0 / 771925`
*連続ログイン3日目
※ログインが途切れるか、7日到達すると
1日目から再開されます*
`叡智の業火 X 1
10月交換券(2023) X 1
`*聖杯戦線 ～白天の城、黒夜の城～開幕記念 ログインボーナス*
*開催期間中、1日1回 最大21回ログインボーナスをプレゼント！*
`白銀の果実 X 1
`_2023-10-30 19:35:07_
--------
*4782f4f90c2933454c63e17e1a16feab*
`登陆天数: 57天 / 1332天
等级: 125
石头: 58
呼符: 6
体力: 14011.573333333334 / 137
友情点: 0 / 1032540`
*連続ログイン1日目
※ログインが途切れるか、7日到達すると
1日目から再開されます*
`フレンドポイント X 2000
10月交換券(2023) X 1
`*聖杯戦線 ～白天の城、黒夜の城～開幕記念 ログインボーナス*
*開催期間中、1日1回 最大21回ログインボーナスをプレゼント！*
`白銀の果実 X 1
`_2023-10-30 19:35:16_
--------
