【登录信息】
*3e138f82f46bd6eeb41b5912a3fb4edd*
`登陆天数: 131天 / 1646天
等级: 128
石头: 1998
呼符: 57
体力: 15132.59 / 137
友情点: 0 / 1217665`
*連続ログイン5日目
※ログインが途切れるか、7日到達すると
1日目から再開されます*
`叡智の業火 X 2
9月交換券(2024) X 1
`*奏章Ⅲ 新霊長後継戦 アーキタイプ・インセプション 開幕記念 ログインボーナス*
*開催期間中、1日1回 最大78回 ログインボーナスをプレゼント！*
`白銀の果実 X 1
`_2024-09-28 19:35:26_
--------
*01054c2267c91a9ae9c99dd2ac2bdadf*
`登陆天数: 131天 / 1709天
等级: 133
石头: 447
呼符: 91
体力: 15135.213333333333 / 139
友情点: 0 / 127708005`
*連続ログイン5日目
※ログインが途切れるか、7日到達すると
1日目から再開されます*
`叡智の業火 X 2
9月交換券(2024) X 1
`*奏章Ⅲ 新霊長後継戦 アーキタイプ・インセプション 開幕記念 ログインボーナス*
*開催期間中、1日1回 最大78回 ログインボーナスをプレゼント！*
`白銀の果実 X 1
`_2024-09-28 19:35:34_
--------
*3d6949021dc3c9c6374093e2ca92d22d*
`登陆天数: 131天 / 1654天
等级: 129
石头: 1597
呼符: 56
体力: 15131.666666666666 / 138
友情点: 0 / 1176470`
*連続ログイン5日目
※ログインが途切れるか、7日到達すると
1日目から再開されます*
`叡智の業火 X 2
9月交換券(2024) X 1
`*奏章Ⅲ 新霊長後継戦 アーキタイプ・インセプション 開幕記念 ログインボーナス*
*開催期間中、1日1回 最大78回 ログインボーナスをプレゼント！*
`白銀の果実 X 1
`_2024-09-28 19:35:43_
--------
*f86567cb94d07022b955f38c237ef97b*
`登陆天数: 131天 / 1322天
等级: 129
石头: 943
呼符: 51
体力: 15132.86 / 138
友情点: 0 / 945575`
*連続ログイン5日目
※ログインが途切れるか、7日到達すると
1日目から再開されます*
`叡智の業火 X 2
9月交換券(2024) X 1
`*奏章Ⅲ 新霊長後継戦 アーキタイプ・インセプション 開幕記念 ログインボーナス*
*開催期間中、1日1回 最大78回 ログインボーナスをプレゼント！*
`白銀の果実 X 1
`_2024-09-28 19:35:52_
--------
*4782f4f90c2933454c63e17e1a16feab*
`登陆天数: 131天 / 1601天
等级: 127
石头: 1250
呼符: 69
体力: 15131.106666666667 / 137
友情点: 0 / 1252385`
*連続ログイン5日目
※ログインが途切れるか、7日到達すると
1日目から再開されます*
`叡智の業火 X 2
9月交換券(2024) X 1
`*奏章Ⅲ 新霊長後継戦 アーキタイプ・インセプション 開幕記念 ログインボーナス*
*開催期間中、1日1回 最大78回 ログインボーナスをプレゼント！*
`白銀の果実 X 1
`_2024-09-28 19:36:01_
--------
*1205ae6adcbe9c4926a74330d0c7f526*
`登陆天数: 131天 / 1646天
等级: 130
石头: 1567
呼符: 27
体力: 15132.523333333333 / 138
友情点: 0 / 1044105`
*連続ログイン5日目
※ログインが途切れるか、7日到達すると
1日目から再開されます*
`叡智の業火 X 2
9月交換券(2024) X 1
`*奏章Ⅲ 新霊長後継戦 アーキタイプ・インセプション 開幕記念 ログインボーナス*
*開催期間中、1日1回 最大78回 ログインボーナスをプレゼント！*
`白銀の果実 X 1
`_2024-09-28 19:36:10_
--------
*f5bdb6967d9a17d5d5d22c803ecc3a3c*
`登陆天数: 131天 / 1694天
等级: 131
石头: 1162
呼符: 43
体力: 15133.346666666666 / 138
友情点: 0 / 1389905`
*連続ログイン5日目
※ログインが途切れるか、7日到達すると
1日目から再開されます*
`叡智の業火 X 2
9月交換券(2024) X 1
`*奏章Ⅲ 新霊長後継戦 アーキタイプ・インセプション 開幕記念 ログインボーナス*
*開催期間中、1日1回 最大78回 ログインボーナスをプレゼント！*
`白銀の果実 X 1
`_2024-09-28 19:36:19_
--------
