【登录信息】
*3e138f82f46bd6eeb41b5912a3fb4edd*
`登陆天数: 196天 / 1711天
等级: 128
石头: 2264
呼符: 81
体力: 5834.786666666667 / 137
友情点: 0 / 1243665`
*連続ログイン7日間到達おめでとうございます！
明日は1日目からリスタートされます。*
`獣の足跡 X 1
呼符 X 1
12月交換券(2024) X 1
`_2024-12-02 19:39:35_
--------
*01054c2267c91a9ae9c99dd2ac2bdadf*
`登陆天数: 196天 / 1774天
等级: 133
石头: 713
呼符: 115
体力: 33856.043333333335 / 139
友情点: 0 / 127734005`
*連続ログイン7日間到達おめでとうございます！
明日は1日目からリスタートされます。*
`獣の足跡 X 1
呼符 X 1
12月交換券(2024) X 1
`_2024-12-02 19:39:44_
--------
*3d6949021dc3c9c6374093e2ca92d22d*
`登陆天数: 196天 / 1719天
等级: 129
石头: 1833
呼符: 80
体力: 5832.426666666666 / 138
友情点: 0 / 1202470`
*連続ログイン7日間到達おめでとうございます！
明日は1日目からリスタートされます。*
`獣の足跡 X 1
呼符 X 1
12月交換券(2024) X 1
`_2024-12-02 19:39:52_
--------
*f86567cb94d07022b955f38c237ef97b*
`登陆天数: 196天 / 1387天
等级: 129
石头: 1209
呼符: 75
体力: 5834.87 / 138
友情点: 0 / 971575`
*連続ログイン7日間到達おめでとうございます！
明日は1日目からリスタートされます。*
`獣の足跡 X 1
呼符 X 1
12月交換券(2024) X 1
`_2024-12-02 19:40:00_
--------
*4782f4f90c2933454c63e17e1a16feab*
`登陆天数: 196天 / 1666天
等级: 127
石头: 1516
呼符: 93
体力: 5832.006666666667 / 137
友情点: 0 / 1278385`
*連続ログイン7日間到達おめでとうございます！
明日は1日目からリスタートされます。*
`獣の足跡 X 1
呼符 X 1
12月交換券(2024) X 1
`_2024-12-02 19:40:09_
--------
*1205ae6adcbe9c4926a74330d0c7f526*
`登陆天数: 196天 / 1711天
等级: 130
石头: 1833
呼符: 51
体力: 5834.033333333334 / 138
友情点: 0 / 1070105`
*連続ログイン7日間到達おめでとうございます！
明日は1日目からリスタートされます。*
`獣の足跡 X 1
呼符 X 1
12月交換券(2024) X 1
`_2024-12-02 19:40:17_
--------
*f5bdb6967d9a17d5d5d22c803ecc3a3c*
`登陆天数: 196天 / 1759天
等级: 131
石头: 1428
呼符: 67
体力: 33854.17 / 138
友情点: 0 / 1415905`
*連続ログイン7日間到達おめでとうございます！
明日は1日目からリスタートされます。*
`獣の足跡 X 1
呼符 X 1
12月交換券(2024) X 1
`_2024-12-02 19:40:26_
--------
