【登录信息】
*3e138f82f46bd6eeb41b5912a3fb4edd*
`登陆天数: 198天 / 1713天
等级: 128
石头: 2264
呼符: 81
体力: 6410.823333333334 / 137
友情点: 0 / 1243665`
*連続ログイン2日目
※ログインが途切れるか、7日到達すると
1日目から再開されます*
`聖晶石 X 1
12月交換券(2024) X 1
`_2024-12-04 19:39:46_
--------
*01054c2267c91a9ae9c99dd2ac2bdadf*
`登陆天数: 198天 / 1776天
等级: 133
石头: 713
呼符: 115
体力: 34432.07666666667 / 139
友情点: 0 / 127734005`
*連続ログイン2日目
※ログインが途切れるか、7日到達すると
1日目から再開されます*
`聖晶石 X 1
12月交換券(2024) X 1
`_2024-12-04 19:39:54_
--------
*3d6949021dc3c9c6374093e2ca92d22d*
`登陆天数: 198天 / 1721天
等级: 129
石头: 1833
呼符: 80
体力: 6408.46 / 138
友情点: 0 / 1202470`
*連続ログイン2日目
※ログインが途切れるか、7日到達すると
1日目から再開されます*
`聖晶石 X 1
12月交換券(2024) X 1
`_2024-12-04 19:40:02_
--------
*f86567cb94d07022b955f38c237ef97b*
`登陆天数: 198天 / 1389天
等级: 129
石头: 1209
呼符: 75
体力: 6410.9 / 138
友情点: 0 / 971575`
*連続ログイン2日目
※ログインが途切れるか、7日到達すると
1日目から再開されます*
`聖晶石 X 1
12月交換券(2024) X 1
`_2024-12-04 19:40:10_
--------
*4782f4f90c2933454c63e17e1a16feab*
`登陆天数: 198天 / 1668天
等级: 127
石头: 1516
呼符: 93
体力: 6408.033333333334 / 137
友情点: 0 / 1278385`
*連続ログイン2日目
※ログインが途切れるか、7日到達すると
1日目から再開されます*
`聖晶石 X 1
12月交換券(2024) X 1
`_2024-12-04 19:40:18_
--------
*1205ae6adcbe9c4926a74330d0c7f526*
`登陆天数: 198天 / 1713天
等级: 130
石头: 1833
呼符: 51
体力: 6410.056666666666 / 138
友情点: 0 / 1070105`
*連続ログイン2日目
※ログインが途切れるか、7日到達すると
1日目から再開されます*
`聖晶石 X 1
12月交換券(2024) X 1
`_2024-12-04 19:40:25_
--------
*f5bdb6967d9a17d5d5d22c803ecc3a3c*
`登陆天数: 198天 / 1761天
等级: 131
石头: 1428
呼符: 67
体力: 34430.193333333336 / 138
友情点: 0 / 1415905`
*連続ログイン2日目
※ログインが途切れるか、7日到達すると
1日目から再開されます*
`聖晶石 X 1
12月交換券(2024) X 1
`_2024-12-04 19:40:33_
--------
