【登录信息】
*3e138f82f46bd6eeb41b5912a3fb4edd*
`登陆天数: 134天 / 1649天
等级: 128
石头: 1998
呼符: 57
体力: 15996.683333333332 / 137
友情点: 0 / 1217665`
*連続ログイン1日目
※ログインが途切れるか、7日到達すると
1日目から再開されます*
`フレンドポイント X 2000
10月交換券(2024) X 1
`*使用期限付コンティニューアイテムプレゼント！*
*開催期間中、初回ログインでコンティニューアイテム「霊脈石×3」をプレゼント！*
`霊脈石 X 3
`_2024-10-01 19:35:54_
--------
*01054c2267c91a9ae9c99dd2ac2bdadf*
`登陆天数: 134天 / 1712天
等级: 133
石头: 447
呼符: 91
体力: 15999.306666666667 / 139
友情点: 0 / 127708005`
*連続ログイン1日目
※ログインが途切れるか、7日到達すると
1日目から再開されます*
`フレンドポイント X 2000
10月交換券(2024) X 1
`*使用期限付コンティニューアイテムプレゼント！*
*開催期間中、初回ログインでコンティニューアイテム「霊脈石×3」をプレゼント！*
`霊脈石 X 3
`_2024-10-01 19:36:03_
--------
*3d6949021dc3c9c6374093e2ca92d22d*
`登陆天数: 134天 / 1657天
等级: 129
石头: 1597
呼符: 56
体力: 15995.756666666666 / 138
友情点: 0 / 1176470`
*連続ログイン1日目
※ログインが途切れるか、7日到達すると
1日目から再開されます*
`フレンドポイント X 2000
10月交換券(2024) X 1
`*使用期限付コンティニューアイテムプレゼント！*
*開催期間中、初回ログインでコンティニューアイテム「霊脈石×3」をプレゼント！*
`霊脈石 X 3
`_2024-10-01 19:36:11_
--------
*f86567cb94d07022b955f38c237ef97b*
`登陆天数: 134天 / 1325天
等级: 129
石头: 943
呼符: 51
体力: 15996.953333333333 / 138
友情点: 0 / 945575`
*連続ログイン1日目
※ログインが途切れるか、7日到達すると
1日目から再開されます*
`フレンドポイント X 2000
10月交換券(2024) X 1
`*使用期限付コンティニューアイテムプレゼント！*
*開催期間中、初回ログインでコンティニューアイテム「霊脈石×3」をプレゼント！*
`霊脈石 X 3
`_2024-10-01 19:36:20_
--------
*4782f4f90c2933454c63e17e1a16feab*
`登陆天数: 134天 / 1604天
等级: 127
石头: 1250
呼符: 69
体力: 15995.196666666667 / 137
友情点: 0 / 1252385`
*連続ログイン1日目
※ログインが途切れるか、7日到達すると
1日目から再開されます*
`フレンドポイント X 2000
10月交換券(2024) X 1
`*使用期限付コンティニューアイテムプレゼント！*
*開催期間中、初回ログインでコンティニューアイテム「霊脈石×3」をプレゼント！*
`霊脈石 X 3
`_2024-10-01 19:36:28_
--------
*1205ae6adcbe9c4926a74330d0c7f526*
`登陆天数: 134天 / 1649天
等级: 130
石头: 1567
呼符: 27
体力: 15996.613333333333 / 138
友情点: 0 / 1044105`
*連続ログイン1日目
※ログインが途切れるか、7日到達すると
1日目から再開されます*
`フレンドポイント X 2000
10月交換券(2024) X 1
`*使用期限付コンティニューアイテムプレゼント！*
*開催期間中、初回ログインでコンティニューアイテム「霊脈石×3」をプレゼント！*
`霊脈石 X 3
`_2024-10-01 19:36:37_
--------
*f5bdb6967d9a17d5d5d22c803ecc3a3c*
`登陆天数: 134天 / 1697天
等级: 131
石头: 1162
呼符: 43
体力: 15997.436666666666 / 138
友情点: 0 / 1389905`
*連続ログイン1日目
※ログインが途切れるか、7日到達すると
1日目から再開されます*
`フレンドポイント X 2000
10月交換券(2024) X 1
`*使用期限付コンティニューアイテムプレゼント！*
*開催期間中、初回ログインでコンティニューアイテム「霊脈石×3」をプレゼント！*
`霊脈石 X 3
`_2024-10-01 19:36:46_
--------
