【登录信息】
*3e138f82f46bd6eeb41b5912a3fb4edd*
`登陆天数: 138天 / 1653天
等级: 128
石头: 1998
呼符: 57
体力: 17148.61 / 137
友情点: 0 / 1217665`
*連続ログイン5日目
※ログインが途切れるか、7日到達すると
1日目から再開されます*
`叡智の業火 X 2
10月交換券(2024) X 1
`*3000万DL記念 特別回数ログインボーナス*
*開催期間中、1日1回 最大10回 回数ログインボーナスをプレゼント！*
`叡智の業火 X 30
`_2024-10-05 19:35:33_
--------
*01054c2267c91a9ae9c99dd2ac2bdadf*
`登陆天数: 138天 / 1716天
等级: 133
石头: 447
呼符: 91
体力: 17151.23 / 139
友情点: 0 / 127708005`
*連続ログイン5日目
※ログインが途切れるか、7日到達すると
1日目から再開されます*
`叡智の業火 X 2
10月交換券(2024) X 1
`*3000万DL記念 特別回数ログインボーナス*
*開催期間中、1日1回 最大10回 回数ログインボーナスをプレゼント！*
`叡智の業火 X 30
`_2024-10-05 19:35:41_
--------
*3d6949021dc3c9c6374093e2ca92d22d*
`登陆天数: 138天 / 1661天
等级: 129
石头: 1597
呼符: 56
体力: 17147.68 / 138
友情点: 0 / 1176470`
*連続ログイン5日目
※ログインが途切れるか、7日到達すると
1日目から再開されます*
`叡智の業火 X 2
10月交換券(2024) X 1
`*3000万DL記念 特別回数ログインボーナス*
*開催期間中、1日1回 最大10回 回数ログインボーナスをプレゼント！*
`叡智の業火 X 30
`_2024-10-05 19:35:49_
--------
*f86567cb94d07022b955f38c237ef97b*
`登陆天数: 138天 / 1329天
等级: 129
石头: 943
呼符: 51
体力: 17148.873333333333 / 138
友情点: 0 / 945575`
*連続ログイン5日目
※ログインが途切れるか、7日到達すると
1日目から再開されます*
`叡智の業火 X 2
10月交換券(2024) X 1
`*3000万DL記念 特別回数ログインボーナス*
*開催期間中、1日1回 最大10回 回数ログインボーナスをプレゼント！*
`叡智の業火 X 30
`_2024-10-05 19:35:57_
--------
*4782f4f90c2933454c63e17e1a16feab*
`登陆天数: 138天 / 1608天
等级: 127
石头: 1250
呼符: 69
体力: 17147.12 / 137
友情点: 0 / 1252385`
*連続ログイン5日目
※ログインが途切れるか、7日到達すると
1日目から再開されます*
`叡智の業火 X 2
10月交換券(2024) X 1
`*3000万DL記念 特別回数ログインボーナス*
*開催期間中、1日1回 最大10回 回数ログインボーナスをプレゼント！*
`叡智の業火 X 30
`_2024-10-05 19:36:05_
--------
*1205ae6adcbe9c4926a74330d0c7f526*
`登陆天数: 138天 / 1653天
等级: 130
石头: 1567
呼符: 27
体力: 17148.533333333333 / 138
友情点: 0 / 1044105`
*連続ログイン5日目
※ログインが途切れるか、7日到達すると
1日目から再開されます*
`叡智の業火 X 2
10月交換券(2024) X 1
`*3000万DL記念 特別回数ログインボーナス*
*開催期間中、1日1回 最大10回 回数ログインボーナスをプレゼント！*
`叡智の業火 X 30
`_2024-10-05 19:36:13_
--------
*f5bdb6967d9a17d5d5d22c803ecc3a3c*
`登陆天数: 138天 / 1701天
等级: 131
石头: 1162
呼符: 43
体力: 17149.353333333333 / 138
友情点: 0 / 1389905`
*連続ログイン5日目
※ログインが途切れるか、7日到達すると
1日目から再開されます*
`叡智の業火 X 2
10月交換券(2024) X 1
`*3000万DL記念 特別回数ログインボーナス*
*開催期間中、1日1回 最大10回 回数ログインボーナスをプレゼント！*
`叡智の業火 X 30
`_2024-10-05 19:36:21_
--------
