【登录信息】
*3e138f82f46bd6eeb41b5912a3fb4edd*
`登陆天数: 140天 / 1655天
等级: 128
石头: 1998
呼符: 57
体力: 17724.66 / 137
友情点: 0 / 1217665`
*連続ログイン7日間到達おめでとうございます！
明日は1日目からリスタートされます。*
`獣の足跡 X 1
呼符 X 1
10月交換券(2024) X 1
`*3000万DL記念 特別回数ログインボーナス*
*開催期間中、1日1回 最大10回 回数ログインボーナスをプレゼント！*
`QP X 30000000
`_2024-10-07 19:35:46_
--------
*01054c2267c91a9ae9c99dd2ac2bdadf*
`登陆天数: 140天 / 1718天
等级: 133
石头: 447
呼符: 91
体力: 17727.28 / 139
友情点: 0 / 127708005`
*連続ログイン7日間到達おめでとうございます！
明日は1日目からリスタートされます。*
`獣の足跡 X 1
呼符 X 1
10月交換券(2024) X 1
`*3000万DL記念 特別回数ログインボーナス*
*開催期間中、1日1回 最大10回 回数ログインボーナスをプレゼント！*
`QP X 30000000
`_2024-10-07 19:35:55_
--------
*3d6949021dc3c9c6374093e2ca92d22d*
`登陆天数: 140天 / 1663天
等级: 129
石头: 1597
呼符: 56
体力: 17723.733333333334 / 138
友情点: 0 / 1176470`
*連続ログイン7日間到達おめでとうございます！
明日は1日目からリスタートされます。*
`獣の足跡 X 1
呼符 X 1
10月交換券(2024) X 1
`*3000万DL記念 特別回数ログインボーナス*
*開催期間中、1日1回 最大10回 回数ログインボーナスをプレゼント！*
`QP X 30000000
`_2024-10-07 19:36:03_
--------
*f86567cb94d07022b955f38c237ef97b*
`登陆天数: 140天 / 1331天
等级: 129
石头: 943
呼符: 51
体力: 17724.926666666666 / 138
友情点: 0 / 945575`
*連続ログイン7日間到達おめでとうございます！
明日は1日目からリスタートされます。*
`獣の足跡 X 1
呼符 X 1
10月交換券(2024) X 1
`*3000万DL記念 特別回数ログインボーナス*
*開催期間中、1日1回 最大10回 回数ログインボーナスをプレゼント！*
`QP X 30000000
`_2024-10-07 19:36:12_
--------
*4782f4f90c2933454c63e17e1a16feab*
`登陆天数: 140天 / 1610天
等级: 127
石头: 1250
呼符: 69
体力: 17723.173333333332 / 137
友情点: 0 / 1252385`
*連続ログイン7日間到達おめでとうございます！
明日は1日目からリスタートされます。*
`獣の足跡 X 1
呼符 X 1
10月交換券(2024) X 1
`*3000万DL記念 特別回数ログインボーナス*
*開催期間中、1日1回 最大10回 回数ログインボーナスをプレゼント！*
`QP X 30000000
`_2024-10-07 19:36:21_
--------
*1205ae6adcbe9c4926a74330d0c7f526*
`登陆天数: 140天 / 1655天
等级: 130
石头: 1567
呼符: 27
体力: 17724.59 / 138
友情点: 0 / 1044105`
*連続ログイン7日間到達おめでとうございます！
明日は1日目からリスタートされます。*
`獣の足跡 X 1
呼符 X 1
10月交換券(2024) X 1
`*3000万DL記念 特別回数ログインボーナス*
*開催期間中、1日1回 最大10回 回数ログインボーナスをプレゼント！*
`QP X 30000000
`_2024-10-07 19:36:29_
--------
*f5bdb6967d9a17d5d5d22c803ecc3a3c*
`登陆天数: 140天 / 1703天
等级: 131
石头: 1162
呼符: 43
体力: 17725.41 / 138
友情点: 0 / 1389905`
*連続ログイン7日間到達おめでとうございます！
明日は1日目からリスタートされます。*
`獣の足跡 X 1
呼符 X 1
10月交換券(2024) X 1
`*3000万DL記念 特別回数ログインボーナス*
*開催期間中、1日1回 最大10回 回数ログインボーナスをプレゼント！*
`QP X 30000000
`_2024-10-07 19:36:38_
--------
