【登录信息】
*3e138f82f46bd6eeb41b5912a3fb4edd*
`登陆天数: 141天 / 1656天
等级: 128
石头: 1998
呼符: 57
体力: 18012.486666666668 / 137
友情点: 0 / 1217665`
*連続ログイン1日目
※ログインが途切れるか、7日到達すると
1日目から再開されます*
`フレンドポイント X 2000
10月交換券(2024) X 1
`*3000万DL記念 特別回数ログインボーナス*
*開催期間中、1日1回 最大10回 回数ログインボーナスをプレゼント！*
`英霊結晶・星のフォウくん X 30
英霊結晶・太陽のフォウくん X 30
`_2024-10-08 19:34:55_
--------
*01054c2267c91a9ae9c99dd2ac2bdadf*
`登陆天数: 141天 / 1719天
等级: 133
石头: 447
呼符: 91
体力: 18015.106666666667 / 139
友情点: 0 / 127708005`
*連続ログイン1日目
※ログインが途切れるか、7日到達すると
1日目から再開されます*
`フレンドポイント X 2000
10月交換券(2024) X 1
`*3000万DL記念 特別回数ログインボーナス*
*開催期間中、1日1回 最大10回 回数ログインボーナスをプレゼント！*
`英霊結晶・星のフォウくん X 30
英霊結晶・太陽のフォウくん X 30
`_2024-10-08 19:35:03_
--------
*3d6949021dc3c9c6374093e2ca92d22d*
`登陆天数: 141天 / 1664天
等级: 129
石头: 1597
呼符: 56
体力: 18011.556666666667 / 138
友情点: 0 / 1176470`
*連続ログイン1日目
※ログインが途切れるか、7日到達すると
1日目から再開されます*
`フレンドポイント X 2000
10月交換券(2024) X 1
`*3000万DL記念 特別回数ログインボーナス*
*開催期間中、1日1回 最大10回 回数ログインボーナスをプレゼント！*
`英霊結晶・星のフォウくん X 30
英霊結晶・太陽のフォウくん X 30
`_2024-10-08 19:35:11_
--------
*f86567cb94d07022b955f38c237ef97b*
`登陆天数: 141天 / 1332天
等级: 129
石头: 943
呼符: 51
体力: 18012.753333333334 / 138
友情点: 0 / 945575`
*連続ログイン1日目
※ログインが途切れるか、7日到達すると
1日目から再開されます*
`フレンドポイント X 2000
10月交換券(2024) X 1
`*3000万DL記念 特別回数ログインボーナス*
*開催期間中、1日1回 最大10回 回数ログインボーナスをプレゼント！*
`英霊結晶・星のフォウくん X 30
英霊結晶・太陽のフォウくん X 30
`_2024-10-08 19:35:20_
--------
*4782f4f90c2933454c63e17e1a16feab*
`登陆天数: 141天 / 1611天
等级: 127
石头: 1250
呼符: 69
体力: 18010.996666666666 / 137
友情点: 0 / 1252385`
*連続ログイン1日目
※ログインが途切れるか、7日到達すると
1日目から再開されます*
`フレンドポイント X 2000
10月交換券(2024) X 1
`*3000万DL記念 特別回数ログインボーナス*
*開催期間中、1日1回 最大10回 回数ログインボーナスをプレゼント！*
`英霊結晶・星のフォウくん X 30
英霊結晶・太陽のフォウくん X 30
`_2024-10-08 19:35:28_
--------
*1205ae6adcbe9c4926a74330d0c7f526*
`登陆天数: 141天 / 1656天
等级: 130
石头: 1567
呼符: 27
体力: 18012.41 / 138
友情点: 0 / 1044105`
*連続ログイン1日目
※ログインが途切れるか、7日到達すると
1日目から再開されます*
`フレンドポイント X 2000
10月交換券(2024) X 1
`*3000万DL記念 特別回数ログインボーナス*
*開催期間中、1日1回 最大10回 回数ログインボーナスをプレゼント！*
`英霊結晶・星のフォウくん X 30
英霊結晶・太陽のフォウくん X 30
`_2024-10-08 19:35:36_
--------
*f5bdb6967d9a17d5d5d22c803ecc3a3c*
`登陆天数: 141天 / 1704天
等级: 131
石头: 1162
呼符: 43
体力: 18013.23 / 138
友情点: 0 / 1389905`
*連続ログイン1日目
※ログインが途切れるか、7日到達すると
1日目から再開されます*
`フレンドポイント X 2000
10月交換券(2024) X 1
`*3000万DL記念 特別回数ログインボーナス*
*開催期間中、1日1回 最大10回 回数ログインボーナスをプレゼント！*
`英霊結晶・星のフォウくん X 30
英霊結晶・太陽のフォウくん X 30
`_2024-10-08 19:35:44_
--------
