【登录信息】
*3e138f82f46bd6eeb41b5912a3fb4edd*
`登陆天数: 156天 / 1671天
等级: 128
石头: 1998
呼符: 57
体力: 22332.71 / 137
友情点: 0 / 1217665`
*連続ログイン2日目
※ログインが途切れるか、7日到達すると
1日目から再開されます*
`聖晶石 X 1
10月交換券(2024) X 1
`*妖精双六虫籠遊戯 まだ見ぬ完璧なあなたへ 開幕記念 ログインボーナス*
*開催期間中、1日1回 最大78回 ログインボーナスをプレゼント！*
`黄金の果実 X 1
`_2024-10-23 19:36:02_
--------
*01054c2267c91a9ae9c99dd2ac2bdadf*
`登陆天数: 156天 / 1734天
等级: 133
石头: 447
呼符: 91
体力: 22335.33 / 139
友情点: 0 / 127708005`
*連続ログイン2日目
※ログインが途切れるか、7日到達すると
1日目から再開されます*
`聖晶石 X 1
10月交換券(2024) X 1
`*妖精双六虫籠遊戯 まだ見ぬ完璧なあなたへ 開幕記念 ログインボーナス*
*開催期間中、1日1回 最大78回 ログインボーナスをプレゼント！*
`黄金の果実 X 1
`_2024-10-23 19:36:10_
--------
*3d6949021dc3c9c6374093e2ca92d22d*
`登陆天数: 156天 / 1679天
等级: 129
石头: 1597
呼符: 56
体力: 22331.783333333333 / 138
友情点: 0 / 1176470`
*連続ログイン2日目
※ログインが途切れるか、7日到達すると
1日目から再開されます*
`聖晶石 X 1
10月交換券(2024) X 1
`*妖精双六虫籠遊戯 まだ見ぬ完璧なあなたへ 開幕記念 ログインボーナス*
*開催期間中、1日1回 最大78回 ログインボーナスをプレゼント！*
`黄金の果実 X 1
`_2024-10-23 19:36:19_
--------
*f86567cb94d07022b955f38c237ef97b*
`登陆天数: 156天 / 1347天
等级: 129
石头: 943
呼符: 51
体力: 22332.976666666666 / 138
友情点: 0 / 945575`
*連続ログイン2日目
※ログインが途切れるか、7日到達すると
1日目から再開されます*
`聖晶石 X 1
10月交換券(2024) X 1
`*妖精双六虫籠遊戯 まだ見ぬ完璧なあなたへ 開幕記念 ログインボーナス*
*開催期間中、1日1回 最大78回 ログインボーナスをプレゼント！*
`黄金の果実 X 1
`_2024-10-23 19:36:27_
--------
*4782f4f90c2933454c63e17e1a16feab*
`登陆天数: 156天 / 1626天
等级: 127
石头: 1250
呼符: 69
体力: 22331.22333333333 / 137
友情点: 0 / 1252385`
*連続ログイン2日目
※ログインが途切れるか、7日到達すると
1日目から再開されます*
`聖晶石 X 1
10月交換券(2024) X 1
`*妖精双六虫籠遊戯 まだ見ぬ完璧なあなたへ 開幕記念 ログインボーナス*
*開催期間中、1日1回 最大78回 ログインボーナスをプレゼント！*
`黄金の果実 X 1
`_2024-10-23 19:36:36_
--------
*1205ae6adcbe9c4926a74330d0c7f526*
`登陆天数: 156天 / 1671天
等级: 130
石头: 1567
呼符: 27
体力: 22332.64 / 138
友情点: 0 / 1044105`
*連続ログイン2日目
※ログインが途切れるか、7日到達すると
1日目から再開されます*
`聖晶石 X 1
10月交換券(2024) X 1
`*妖精双六虫籠遊戯 まだ見ぬ完璧なあなたへ 開幕記念 ログインボーナス*
*開催期間中、1日1回 最大78回 ログインボーナスをプレゼント！*
`黄金の果実 X 1
`_2024-10-23 19:36:45_
--------
*f5bdb6967d9a17d5d5d22c803ecc3a3c*
`登陆天数: 156天 / 1719天
等级: 131
石头: 1162
呼符: 43
体力: 22333.46 / 138
友情点: 0 / 1389905`
*連続ログイン2日目
※ログインが途切れるか、7日到達すると
1日目から再開されます*
`聖晶石 X 1
10月交換券(2024) X 1
`*妖精双六虫籠遊戯 まだ見ぬ完璧なあなたへ 開幕記念 ログインボーナス*
*開催期間中、1日1回 最大78回 ログインボーナスをプレゼント！*
`黄金の果実 X 1
`_2024-10-23 19:36:53_
--------
