【登录信息】
*3e138f82f46bd6eeb41b5912a3fb4edd*
`登陆天数: 29天 / 1544天
等级: 128
石头: 2308
呼符: 47
体力: 16583.25 / 137
友情点: 0 / 1071665`
*連続ログイン1日目
※ログインが途切れるか、7日到達すると
1日目から再開されます*
`フレンドポイント X 2000
6月交換券(2024) X 1
`*螺旋証明世界 リリムハーロット ～喝采なき薔薇～ アンケート復刻版
開幕記念 ログインボーナス*
*開催期間中、1日1回 最大21回 ログインボーナスをプレゼント！*
`白銀の果実 X 1
`_2024-06-18 19:36:32_
--------
*01054c2267c91a9ae9c99dd2ac2bdadf*
`登陆天数: 29天 / 1607天
等级: 133
石头: 735
呼符: 76
体力: 7833.69 / 139
友情点: 0 / 127573945`
*連続ログイン1日目
※ログインが途切れるか、7日到達すると
1日目から再開されます*
`フレンドポイント X 2000
6月交換券(2024) X 1
`*螺旋証明世界 リリムハーロット ～喝采なき薔薇～ アンケート復刻版
開幕記念 ログインボーナス*
*開催期間中、1日1回 最大21回 ログインボーナスをプレゼント！*
`白銀の果実 X 1
`_2024-06-18 19:36:40_
--------
*3d6949021dc3c9c6374093e2ca92d22d*
`登陆天数: 29天 / 1552天
等级: 129
石头: 1035
呼符: 41
体力: 7832.78 / 138
友情点: 0 / 1018470`
*連続ログイン1日目
※ログインが途切れるか、7日到達すると
1日目から再開されます*
`フレンドポイント X 2000
6月交換券(2024) X 1
`*螺旋証明世界 リリムハーロット ～喝采なき薔薇～ アンケート復刻版
開幕記念 ログインボーナス*
*開催期間中、1日1回 最大21回 ログインボーナスをプレゼント！*
`白銀の果実 X 1
`_2024-06-18 19:36:49_
--------
*f86567cb94d07022b955f38c237ef97b*
`登陆天数: 29天 / 1220天
等级: 129
石头: 426
呼符: 36
体力: 16583.133333333335 / 138
友情点: 0 / 787545`
*連続ログイン1日目
※ログインが途切れるか、7日到達すると
1日目から再開されます*
`フレンドポイント X 2000
6月交換券(2024) X 1
`*螺旋証明世界 リリムハーロット ～喝采なき薔薇～ アンケート復刻版
開幕記念 ログインボーナス*
*開催期間中、1日1回 最大21回 ログインボーナスをプレゼント！*
`白銀の果実 X 1
`_2024-06-18 19:36:57_
--------
*4782f4f90c2933454c63e17e1a16feab*
`登陆天数: 29天 / 1499天
等级: 127
石头: 773
呼符: 54
体力: 7832.743333333333 / 137
友情点: 0 / 1094385`
*連続ログイン1日目
※ログインが途切れるか、7日到達すると
1日目から再開されます*
`フレンドポイント X 2000
6月交換券(2024) X 1
`*螺旋証明世界 リリムハーロット ～喝采なき薔薇～ アンケート復刻版
開幕記念 ログインボーナス*
*開催期間中、1日1回 最大21回 ログインボーナスをプレゼント！*
`白銀の果実 X 1
`_2024-06-18 19:37:06_
--------
*1205ae6adcbe9c4926a74330d0c7f526*
`登陆天数: 29天 / 1544天
等级: 130
石头: 2256
呼符: 12
体力: 7833.913333333333 / 138
友情点: 0 / 950015`
*連続ログイン1日目
※ログインが途切れるか、7日到達すると
1日目から再開されます*
`フレンドポイント X 2000
6月交換券(2024) X 1
`*螺旋証明世界 リリムハーロット ～喝采なき薔薇～ アンケート復刻版
開幕記念 ログインボーナス*
*開催期間中、1日1回 最大21回 ログインボーナスをプレゼント！*
`白銀の果実 X 1
`_2024-06-18 19:37:15_
--------
*f5bdb6967d9a17d5d5d22c803ecc3a3c*
`登陆天数: 29天 / 1592天
等级: 131
石头: 620
呼符: 28
体力: 7832.613333333334 / 138
友情点: 0 / 1231830`
*連続ログイン1日目
※ログインが途切れるか、7日到達すると
1日目から再開されます*
`フレンドポイント X 2000
6月交換券(2024) X 1
`*螺旋証明世界 リリムハーロット ～喝采なき薔薇～ アンケート復刻版
開幕記念 ログインボーナス*
*開催期間中、1日1回 最大21回 ログインボーナスをプレゼント！*
`白銀の果実 X 1
`_2024-06-18 19:37:23_
--------
