【登录信息】
*3e138f82f46bd6eeb41b5912a3fb4edd*
`登陆天数: 30天 / 1545天
等级: 128
石头: 2308
呼符: 47
体力: 16870.88 / 137
友情点: 0 / 1071665`
*連続ログイン2日目
※ログインが途切れるか、7日到達すると
1日目から再開されます*
`聖晶石 X 1
6月交換券(2024) X 1
`*「踊るドラゴン・キャッスル！ ～深海の姫君とふたつの宝玉～」
開幕直前特別ログインボーナス*
*開催期間中、1日1回 最大7回 ログインボーナスをプレゼント！*
`聖晶石 X 1
`_2024-06-19 19:34:41_
--------
*01054c2267c91a9ae9c99dd2ac2bdadf*
`登陆天数: 30天 / 1608天
等级: 133
石头: 735
呼符: 76
体力: 8121.32 / 139
友情点: 0 / 127573945`
*連続ログイン2日目
※ログインが途切れるか、7日到達すると
1日目から再開されます*
`聖晶石 X 1
6月交換券(2024) X 1
`*「踊るドラゴン・キャッスル！ ～深海の姫君とふたつの宝玉～」
開幕直前特別ログインボーナス*
*開催期間中、1日1回 最大7回 ログインボーナスをプレゼント！*
`聖晶石 X 1
`_2024-06-19 19:34:50_
--------
*3d6949021dc3c9c6374093e2ca92d22d*
`登陆天数: 30天 / 1553天
等级: 129
石头: 1035
呼符: 41
体力: 8120.413333333333 / 138
友情点: 0 / 1018470`
*連続ログイン2日目
※ログインが途切れるか、7日到達すると
1日目から再開されます*
`聖晶石 X 1
6月交換券(2024) X 1
`*「踊るドラゴン・キャッスル！ ～深海の姫君とふたつの宝玉～」
開幕直前特別ログインボーナス*
*開催期間中、1日1回 最大7回 ログインボーナスをプレゼント！*
`聖晶石 X 1
`_2024-06-19 19:34:59_
--------
*f86567cb94d07022b955f38c237ef97b*
`登陆天数: 30天 / 1221天
等级: 129
石头: 426
呼符: 36
体力: 16870.766666666666 / 138
友情点: 0 / 787545`
*連続ログイン2日目
※ログインが途切れるか、7日到達すると
1日目から再開されます*
`聖晶石 X 1
6月交換券(2024) X 1
`*「踊るドラゴン・キャッスル！ ～深海の姫君とふたつの宝玉～」
開幕直前特別ログインボーナス*
*開催期間中、1日1回 最大7回 ログインボーナスをプレゼント！*
`聖晶石 X 1
`_2024-06-19 19:35:07_
--------
*4782f4f90c2933454c63e17e1a16feab*
`登陆天数: 30天 / 1500天
等级: 127
石头: 773
呼符: 54
体力: 8120.376666666667 / 137
友情点: 0 / 1094385`
*連続ログイン2日目
※ログインが途切れるか、7日到達すると
1日目から再開されます*
`聖晶石 X 1
6月交換券(2024) X 1
`*「踊るドラゴン・キャッスル！ ～深海の姫君とふたつの宝玉～」
開幕直前特別ログインボーナス*
*開催期間中、1日1回 最大7回 ログインボーナスをプレゼント！*
`聖晶石 X 1
`_2024-06-19 19:35:16_
--------
*1205ae6adcbe9c4926a74330d0c7f526*
`登陆天数: 30天 / 1545天
等级: 130
石头: 2256
呼符: 12
体力: 8121.546666666667 / 138
友情点: 0 / 950015`
*連続ログイン2日目
※ログインが途切れるか、7日到達すると
1日目から再開されます*
`聖晶石 X 1
6月交換券(2024) X 1
`*「踊るドラゴン・キャッスル！ ～深海の姫君とふたつの宝玉～」
開幕直前特別ログインボーナス*
*開催期間中、1日1回 最大7回 ログインボーナスをプレゼント！*
`聖晶石 X 1
`_2024-06-19 19:35:24_
--------
*f5bdb6967d9a17d5d5d22c803ecc3a3c*
`登陆天数: 30天 / 1593天
等级: 131
石头: 620
呼符: 28
体力: 8120.243333333333 / 138
友情点: 0 / 1231830`
*連続ログイン2日目
※ログインが途切れるか、7日到達すると
1日目から再開されます*
`聖晶石 X 1
6月交換券(2024) X 1
`*「踊るドラゴン・キャッスル！ ～深海の姫君とふたつの宝玉～」
開幕直前特別ログインボーナス*
*開催期間中、1日1回 最大7回 ログインボーナスをプレゼント！*
`聖晶石 X 1
`_2024-06-19 19:35:32_
--------
