【登录信息】
*3e138f82f46bd6eeb41b5912a3fb4edd*
`登陆天数: 33天 / 1548天
等级: 128
石头: 2308
呼符: 47
体力: 17734.92 / 137
友情点: 0 / 1071665`
*連続ログイン5日目
※ログインが途切れるか、7日到達すると
1日目から再開されます*
`叡智の業火 X 2
6月交換券(2024) X 1
`*幕間の物語キャンペーン 第20弾 特別ログインボーナス*
*開催期間中、1日1回 最大5回 特別ログインボーナスをプレゼント！*
`叡智の業火 X 3
`_2024-06-22 19:34:53_
--------
*01054c2267c91a9ae9c99dd2ac2bdadf*
`登陆天数: 33天 / 1611天
等级: 133
石头: 735
呼符: 76
体力: 8985.36 / 139
友情点: 0 / 127573945`
*連続ログイン5日目
※ログインが途切れるか、7日到達すると
1日目から再開されます*
`叡智の業火 X 2
6月交換券(2024) X 1
`*幕間の物語キャンペーン 第20弾 特別ログインボーナス*
*開催期間中、1日1回 最大5回 特別ログインボーナスをプレゼント！*
`叡智の業火 X 3
`_2024-06-22 19:35:02_
--------
*3d6949021dc3c9c6374093e2ca92d22d*
`登陆天数: 33天 / 1556天
等级: 129
石头: 1035
呼符: 41
体力: 8984.453333333333 / 138
友情点: 0 / 1018470`
*連続ログイン5日目
※ログインが途切れるか、7日到達すると
1日目から再開されます*
`叡智の業火 X 2
6月交換券(2024) X 1
`*幕間の物語キャンペーン 第20弾 特別ログインボーナス*
*開催期間中、1日1回 最大5回 特別ログインボーナスをプレゼント！*
`叡智の業火 X 3
`_2024-06-22 19:35:11_
--------
*f86567cb94d07022b955f38c237ef97b*
`登陆天数: 33天 / 1224天
等级: 129
石头: 426
呼符: 36
体力: 17734.81 / 138
友情点: 0 / 787545`
*連続ログイン5日目
※ログインが途切れるか、7日到達すると
1日目から再開されます*
`叡智の業火 X 2
6月交換券(2024) X 1
`*幕間の物語キャンペーン 第20弾 特別ログインボーナス*
*開催期間中、1日1回 最大5回 特別ログインボーナスをプレゼント！*
`叡智の業火 X 3
`_2024-06-22 19:35:20_
--------
*4782f4f90c2933454c63e17e1a16feab*
`登陆天数: 33天 / 1503天
等级: 127
石头: 773
呼符: 54
体力: 8984.416666666666 / 137
友情点: 0 / 1094385`
*連続ログイン5日目
※ログインが途切れるか、7日到達すると
1日目から再開されます*
`叡智の業火 X 2
6月交換券(2024) X 1
`*幕間の物語キャンペーン 第20弾 特別ログインボーナス*
*開催期間中、1日1回 最大5回 特別ログインボーナスをプレゼント！*
`叡智の業火 X 3
`_2024-06-22 19:35:28_
--------
*1205ae6adcbe9c4926a74330d0c7f526*
`登陆天数: 33天 / 1548天
等级: 130
石头: 2256
呼符: 12
体力: 8985.59 / 138
友情点: 0 / 950015`
*連続ログイン5日目
※ログインが途切れるか、7日到達すると
1日目から再開されます*
`叡智の業火 X 2
6月交換券(2024) X 1
`*幕間の物語キャンペーン 第20弾 特別ログインボーナス*
*開催期間中、1日1回 最大5回 特別ログインボーナスをプレゼント！*
`叡智の業火 X 3
`_2024-06-22 19:35:37_
--------
*f5bdb6967d9a17d5d5d22c803ecc3a3c*
`登陆天数: 33天 / 1596天
等级: 131
石头: 620
呼符: 28
体力: 8984.29 / 138
友情点: 0 / 1231830`
*連続ログイン5日目
※ログインが途切れるか、7日到達すると
1日目から再開されます*
`叡智の業火 X 2
6月交換券(2024) X 1
`*幕間の物語キャンペーン 第20弾 特別ログインボーナス*
*開催期間中、1日1回 最大5回 特別ログインボーナスをプレゼント！*
`叡智の業火 X 3
`_2024-06-22 19:35:46_
--------
