【登录信息】
*3e138f82f46bd6eeb41b5912a3fb4edd*
`登陆天数: 34天 / 1549天
等级: 128
石头: 2308
呼符: 47
体力: 18022.77666666667 / 137
友情点: 0 / 1071665`
*連続ログイン6日目
※ログインが途切れるか、7日到達すると
1日目から再開されます*
`聖晶石 X 2
6月交換券(2024) X 1
`*幕間の物語キャンペーン 第20弾 特別ログインボーナス*
*開催期間中、1日1回 最大5回 特別ログインボーナスをプレゼント！*
`叡智の業火 X 3
`_2024-06-23 19:34:10_
--------
*01054c2267c91a9ae9c99dd2ac2bdadf*
`登陆天数: 34天 / 1612天
等级: 133
石头: 735
呼符: 76
体力: 9273.213333333333 / 139
友情点: 0 / 127573945`
*連続ログイン6日目
※ログインが途切れるか、7日到達すると
1日目から再開されます*
`聖晶石 X 2
6月交換券(2024) X 1
`*幕間の物語キャンペーン 第20弾 特別ログインボーナス*
*開催期間中、1日1回 最大5回 特別ログインボーナスをプレゼント！*
`叡智の業火 X 3
`_2024-06-23 19:34:18_
--------
*3d6949021dc3c9c6374093e2ca92d22d*
`登陆天数: 34天 / 1557天
等级: 129
石头: 1035
呼符: 41
体力: 9272.303333333333 / 138
友情点: 0 / 1018470`
*連続ログイン6日目
※ログインが途切れるか、7日到達すると
1日目から再開されます*
`聖晶石 X 2
6月交換券(2024) X 1
`*幕間の物語キャンペーン 第20弾 特別ログインボーナス*
*開催期間中、1日1回 最大5回 特別ログインボーナスをプレゼント！*
`叡智の業火 X 3
`_2024-06-23 19:34:26_
--------
*f86567cb94d07022b955f38c237ef97b*
`登陆天数: 34天 / 1225天
等级: 129
石头: 426
呼符: 36
体力: 18022.656666666666 / 138
友情点: 0 / 787545`
*連続ログイン6日目
※ログインが途切れるか、7日到達すると
1日目から再開されます*
`聖晶石 X 2
6月交換券(2024) X 1
`*幕間の物語キャンペーン 第20弾 特別ログインボーナス*
*開催期間中、1日1回 最大5回 特別ログインボーナスをプレゼント！*
`叡智の業火 X 3
`_2024-06-23 19:34:34_
--------
*4782f4f90c2933454c63e17e1a16feab*
`登陆天数: 34天 / 1504天
等级: 127
石头: 773
呼符: 54
体力: 9272.263333333334 / 137
友情点: 0 / 1094385`
*連続ログイン6日目
※ログインが途切れるか、7日到達すると
1日目から再開されます*
`聖晶石 X 2
6月交換券(2024) X 1
`*幕間の物語キャンペーン 第20弾 特別ログインボーナス*
*開催期間中、1日1回 最大5回 特別ログインボーナスをプレゼント！*
`叡智の業火 X 3
`_2024-06-23 19:34:42_
--------
*1205ae6adcbe9c4926a74330d0c7f526*
`登陆天数: 34天 / 1549天
等级: 130
石头: 2256
呼符: 12
体力: 9273.433333333332 / 138
友情点: 0 / 950015`
*連続ログイン6日目
※ログインが途切れるか、7日到達すると
1日目から再開されます*
`聖晶石 X 2
6月交換券(2024) X 1
`*幕間の物語キャンペーン 第20弾 特別ログインボーナス*
*開催期間中、1日1回 最大5回 特別ログインボーナスをプレゼント！*
`叡智の業火 X 3
`_2024-06-23 19:34:50_
--------
*f5bdb6967d9a17d5d5d22c803ecc3a3c*
`登陆天数: 34天 / 1597天
等级: 131
石头: 620
呼符: 28
体力: 9272.13 / 138
友情点: 0 / 1231830`
*連続ログイン6日目
※ログインが途切れるか、7日到達すると
1日目から再開されます*
`聖晶石 X 2
6月交換券(2024) X 1
`*幕間の物語キャンペーン 第20弾 特別ログインボーナス*
*開催期間中、1日1回 最大5回 特別ログインボーナスをプレゼント！*
`叡智の業火 X 3
`_2024-06-23 19:34:59_
--------
