【登录信息】
*3e138f82f46bd6eeb41b5912a3fb4edd*
`登陆天数: 39天 / 1554天
等级: 128
石头: 2308
呼符: 47
体力: 19463.06 / 137
友情点: 0 / 1071665`
*連続ログイン4日目
※ログインが途切れるか、7日到達すると
1日目から再開されます*
`聖晶石 X 1
6月交換券(2024) X 1
`*FGO カルデア放送局 ライト版 FGO Fes. 2024＆ゲーム最新情報 放送記念 初回ログインボーナス*
*開催期間中、初回ログインで「聖晶石×14」をプレゼント！*
`聖晶石 X 14
`_2024-06-28 19:35:35_
--------
*01054c2267c91a9ae9c99dd2ac2bdadf*
`登陆天数: 39天 / 1617天
等级: 133
石头: 735
呼符: 76
体力: 10713.496666666666 / 139
友情点: 0 / 127573945`
*連続ログイン4日目
※ログインが途切れるか、7日到達すると
1日目から再開されます*
`聖晶石 X 1
6月交換券(2024) X 1
`*FGO カルデア放送局 ライト版 FGO Fes. 2024＆ゲーム最新情報 放送記念 初回ログインボーナス*
*開催期間中、初回ログインで「聖晶石×14」をプレゼント！*
`聖晶石 X 14
`_2024-06-28 19:35:43_
--------
*3d6949021dc3c9c6374093e2ca92d22d*
`登陆天数: 39天 / 1562天
等级: 129
石头: 1035
呼符: 41
体力: 10712.586666666666 / 138
友情点: 0 / 1018470`
*連続ログイン4日目
※ログインが途切れるか、7日到達すると
1日目から再開されます*
`聖晶石 X 1
6月交換券(2024) X 1
`*FGO カルデア放送局 ライト版 FGO Fes. 2024＆ゲーム最新情報 放送記念 初回ログインボーナス*
*開催期間中、初回ログインで「聖晶石×14」をプレゼント！*
`聖晶石 X 14
`_2024-06-28 19:35:51_
--------
*f86567cb94d07022b955f38c237ef97b*
`登陆天数: 39天 / 1230天
等级: 129
石头: 426
呼符: 36
体力: 19462.94 / 138
友情点: 0 / 787545`
*連続ログイン4日目
※ログインが途切れるか、7日到達すると
1日目から再開されます*
`聖晶石 X 1
6月交換券(2024) X 1
`*FGO カルデア放送局 ライト版 FGO Fes. 2024＆ゲーム最新情報 放送記念 初回ログインボーナス*
*開催期間中、初回ログインで「聖晶石×14」をプレゼント！*
`聖晶石 X 14
`_2024-06-28 19:35:59_
--------
*4782f4f90c2933454c63e17e1a16feab*
`登陆天数: 39天 / 1509天
等级: 127
石头: 773
呼符: 54
体力: 10712.546666666667 / 137
友情点: 0 / 1094385`
*連続ログイン4日目
※ログインが途切れるか、7日到達すると
1日目から再開されます*
`聖晶石 X 1
6月交換券(2024) X 1
`*FGO カルデア放送局 ライト版 FGO Fes. 2024＆ゲーム最新情報 放送記念 初回ログインボーナス*
*開催期間中、初回ログインで「聖晶石×14」をプレゼント！*
`聖晶石 X 14
`_2024-06-28 19:36:07_
--------
*1205ae6adcbe9c4926a74330d0c7f526*
`登陆天数: 39天 / 1554天
等级: 130
石头: 2256
呼符: 12
体力: 10713.713333333333 / 138
友情点: 0 / 950015`
*連続ログイン4日目
※ログインが途切れるか、7日到達すると
1日目から再開されます*
`聖晶石 X 1
6月交換券(2024) X 1
`*FGO カルデア放送局 ライト版 FGO Fes. 2024＆ゲーム最新情報 放送記念 初回ログインボーナス*
*開催期間中、初回ログインで「聖晶石×14」をプレゼント！*
`聖晶石 X 14
`_2024-06-28 19:36:15_
--------
*f5bdb6967d9a17d5d5d22c803ecc3a3c*
`登陆天数: 39天 / 1602天
等级: 131
石头: 620
呼符: 28
体力: 10712.41 / 138
友情点: 0 / 1231830`
*連続ログイン4日目
※ログインが途切れるか、7日到達すると
1日目から再開されます*
`聖晶石 X 1
6月交換券(2024) X 1
`*FGO カルデア放送局 ライト版 FGO Fes. 2024＆ゲーム最新情報 放送記念 初回ログインボーナス*
*開催期間中、初回ログインで「聖晶石×14」をプレゼント！*
`聖晶石 X 14
`_2024-06-28 19:36:23_
--------
