【登录信息】
*3e138f82f46bd6eeb41b5912a3fb4edd*
`登陆天数: 10天 / 1317天
等级: 126
石头: 2441
呼符: 48
体力: 2548.8433333333332 / 137
友情点: 0 / 1025505`
*連続ログイン3日目
※ログインが途切れるか、7日到達すると
1日目から再開されます*
`叡智の業火 X 1
9月交換券(2023) X 1
`*サーヴァント・サマー・フェスティバル2023！開幕記念 ログインボーナス*
*開催期間中、1日1回 最大21回ログインボーナスをプレゼント！*
`白銀の果実 X 1
`_2023-08-31 19:34:44_
--------
*01054c2267c91a9ae9c99dd2ac2bdadf*
`登陆天数: 10天 / 1380天
等级: 133
石头: 10
呼符: 35
体力: 8148.453333333333 / 139
友情点: 0 / 127507570`
*連続ログイン3日目
※ログインが途切れるか、7日到達すると
1日目から再開されます*
`叡智の業火 X 1
9月交換券(2023) X 1
`*サーヴァント・サマー・フェスティバル2023！開幕記念 ログインボーナス*
*開催期間中、1日1回 最大21回ログインボーナスをプレゼント！*
`白銀の果実 X 1
`_2023-08-31 19:34:52_
--------
*3d6949021dc3c9c6374093e2ca92d22d*
`登陆天数: 104天 / 1325天
等级: 127
石头: 2797
呼符: 1
体力: 2547.06 / 137
友情点: 0 / 1039445`
*連続ログイン6日目
※ログインが途切れるか、7日到達すると
1日目から再開されます*
`聖晶石 X 2
9月交換券(2023) X 1
`*サーヴァント・サマー・フェスティバル2023！開幕記念 ログインボーナス*
*開催期間中、1日1回 最大21回ログインボーナスをプレゼント！*
`白銀の果実 X 1
`_2023-08-31 19:35:01_
--------
