【登录信息】
*3e138f82f46bd6eeb41b5912a3fb4edd*
`登陆天数: 12天 / 1319天
等级: 126
石头: 2441
呼符: 48
体力: 3124.8366666666666 / 137
友情点: 0 / 1025505`
*連続ログイン5日目
※ログインが途切れるか、7日到達すると
1日目から再開されます*
`叡智の業火 X 2
9月交換券(2023) X 1
`*ハンティングクエスト 第13弾
特別ログインボーナス*
*開催期間中、1日1回 最大7回ログインボーナスをプレゼント！*
`黄金の果実 X 1
`_2023-09-02 19:34:42_
--------
*01054c2267c91a9ae9c99dd2ac2bdadf*
`登陆天数: 12天 / 1382天
等级: 133
石头: 10
呼符: 35
体力: 8724.446666666667 / 139
友情点: 0 / 127507570`
*連続ログイン5日目
※ログインが途切れるか、7日到達すると
1日目から再開されます*
`叡智の業火 X 2
9月交換券(2023) X 1
`*ハンティングクエスト 第13弾
特別ログインボーナス*
*開催期間中、1日1回 最大7回ログインボーナスをプレゼント！*
`黄金の果実 X 1
`_2023-09-02 19:34:50_
--------
*3d6949021dc3c9c6374093e2ca92d22d*
`登陆天数: 106天 / 1327天
等级: 127
石头: 2797
呼符: 1
体力: 3123.0533333333333 / 137
友情点: 0 / 1039445`
*連続ログイン1日目
※ログインが途切れるか、7日到達すると
1日目から再開されます*
`フレンドポイント X 2000
9月交換券(2023) X 1
`*ハンティングクエスト 第13弾
特別ログインボーナス*
*開催期間中、1日1回 最大7回ログインボーナスをプレゼント！*
`黄金の果実 X 1
`_2023-09-02 19:34:59_
--------
