【登录信息】
*3e138f82f46bd6eeb41b5912a3fb4edd*
`登陆天数: 13天 / 1320天
等级: 126
石头: 2441
呼符: 48
体力: 3412.7533333333336 / 137
友情点: 0 / 1025505`
*連続ログイン6日目
※ログインが途切れるか、7日到達すると
1日目から再開されます*
`聖晶石 X 2
9月交換券(2023) X 1
`*ハンティングクエスト 第13弾
特別ログインボーナス*
*開催期間中、1日1回 最大7回ログインボーナスをプレゼント！*
`黄金の果実 X 1
`_2023-09-03 19:34:17_
--------
*01054c2267c91a9ae9c99dd2ac2bdadf*
`登陆天数: 13天 / 1383天
等级: 133
石头: 10
呼符: 35
体力: 9012.363333333333 / 139
友情点: 0 / 127507570`
*連続ログイン6日目
※ログインが途切れるか、7日到達すると
1日目から再開されます*
`聖晶石 X 2
9月交換券(2023) X 1
`*ハンティングクエスト 第13弾
特別ログインボーナス*
*開催期間中、1日1回 最大7回ログインボーナスをプレゼント！*
`黄金の果実 X 1
`_2023-09-03 19:34:25_
--------
*3d6949021dc3c9c6374093e2ca92d22d*
`登陆天数: 107天 / 1328天
等级: 127
石头: 2797
呼符: 1
体力: 3410.97 / 137
友情点: 0 / 1039445`
*連続ログイン2日目
※ログインが途切れるか、7日到達すると
1日目から再開されます*
`聖晶石 X 1
9月交換券(2023) X 1
`*ハンティングクエスト 第13弾
特別ログインボーナス*
*開催期間中、1日1回 最大7回ログインボーナスをプレゼント！*
`黄金の果実 X 1
`_2023-09-03 19:34:34_
--------
