【登录信息】
*3e138f82f46bd6eeb41b5912a3fb4edd*
`登陆天数: 14天 / 1321天
等级: 126
石头: 2441
呼符: 48
体力: 3700.77 / 137
友情点: 0 / 1025505`
*連続ログイン7日間到達おめでとうございます！
明日は1日目からリスタートされます。*
`獣の足跡 X 1
呼符 X 1
9月交換券(2023) X 1
`*ハンティングクエスト 第13弾
特別ログインボーナス*
*開催期間中、1日1回 最大7回ログインボーナスをプレゼント！*
`黄金の果実 X 1
`_2023-09-04 19:34:22_
--------
*01054c2267c91a9ae9c99dd2ac2bdadf*
`登陆天数: 14天 / 1384天
等级: 133
石头: 10
呼符: 35
体力: 9300.383333333333 / 139
友情点: 0 / 127507570`
*連続ログイン7日間到達おめでとうございます！
明日は1日目からリスタートされます。*
`獣の足跡 X 1
呼符 X 1
9月交換券(2023) X 1
`*ハンティングクエスト 第13弾
特別ログインボーナス*
*開催期間中、1日1回 最大7回ログインボーナスをプレゼント！*
`黄金の果実 X 1
`_2023-09-04 19:34:31_
--------
*3d6949021dc3c9c6374093e2ca92d22d*
`登陆天数: 108天 / 1329天
等级: 127
石头: 2797
呼符: 1
体力: 3698.99 / 137
友情点: 0 / 1039445`
*連続ログイン3日目
※ログインが途切れるか、7日到達すると
1日目から再開されます*
`叡智の業火 X 1
9月交換券(2023) X 1
`*ハンティングクエスト 第13弾
特別ログインボーナス*
*開催期間中、1日1回 最大7回ログインボーナスをプレゼント！*
`黄金の果実 X 1
`_2023-09-04 19:34:40_
--------
