【登录信息】
*3e138f82f46bd6eeb41b5912a3fb4edd*
`登陆天数: 15天 / 1322天
等级: 126
石头: 2452
呼符: 55
体力: 183.85 / 137
友情点: 0 / 1027505`
*連続ログイン1日目
※ログインが途切れるか、7日到達すると
1日目から再開されます*
`フレンドポイント X 2000
9月交換券(2023) X 1
`*ハンティングクエスト 第13弾
特別ログインボーナス*
*開催期間中、1日1回 最大7回ログインボーナスをプレゼント！*
`黄金の果実 X 1
`_2023-09-05 19:34:24_
--------
*01054c2267c91a9ae9c99dd2ac2bdadf*
`登陆天数: 15天 / 1385天
等级: 133
石头: 30
呼符: 37
体力: 185.64 / 139
友情点: 0 / 127511570`
*連続ログイン1日目
※ログインが途切れるか、7日到達すると
1日目から再開されます*
`フレンドポイント X 2000
9月交換券(2023) X 1
`*ハンティングクエスト 第13弾
特別ログインボーナス*
*開催期間中、1日1回 最大7回ログインボーナスをプレゼント！*
`黄金の果実 X 1
`_2023-09-05 19:34:32_
--------
*3d6949021dc3c9c6374093e2ca92d22d*
`登陆天数: 109天 / 1330天
等级: 127
石头: 2804
呼符: 8
体力: 183.15333333333334 / 137
友情点: 0 / 1043445`
*連続ログイン4日目
※ログインが途切れるか、7日到達すると
1日目から再開されます*
`聖晶石 X 1
9月交換券(2023) X 1
`*ハンティングクエスト 第13弾
特別ログインボーナス*
*開催期間中、1日1回 最大7回ログインボーナスをプレゼント！*
`黄金の果実 X 1
`_2023-09-05 19:34:41_
--------
