【登录信息】
*3e138f82f46bd6eeb41b5912a3fb4edd*
`登陆天数: 18天 / 1325天
等级: 126
石头: 2452
呼符: 55
体力: 1047.8600000000001 / 137
友情点: 0 / 1027505`
*連続ログイン4日目
※ログインが途切れるか、7日到達すると
1日目から再開されます*
`聖晶石 X 1
9月交換券(2023) X 1
`_2023-09-08 19:34:27_
--------
*01054c2267c91a9ae9c99dd2ac2bdadf*
`登陆天数: 18天 / 1388天
等级: 133
石头: 30
呼符: 37
体力: 1049.65 / 139
友情点: 0 / 127511570`
*連続ログイン4日目
※ログインが途切れるか、7日到達すると
1日目から再開されます*
`聖晶石 X 1
9月交換券(2023) X 1
`_2023-09-08 19:34:35_
--------
*3d6949021dc3c9c6374093e2ca92d22d*
`登陆天数: 112天 / 1333天
等级: 127
石头: 2807
呼符: 8
体力: 76.51666666666667 / 137
友情点: 0 / 1043475`
*連続ログイン7日間到達おめでとうございます！
明日は1日目からリスタートされます。*
`獣の足跡 X 1
呼符 X 1
9月交換券(2023) X 1
`_2023-09-08 19:34:44_
--------
