【登录信息】
*3e138f82f46bd6eeb41b5912a3fb4edd*
`登陆天数: 19天 / 1326天
等级: 126
石头: 2452
呼符: 55
体力: 1335.8766666666668 / 137
友情点: 0 / 1027505`
*連続ログイン5日目
※ログインが途切れるか、7日到達すると
1日目から再開されます*
`叡智の業火 X 2
9月交換券(2023) X 1
`_2023-09-09 19:34:32_
--------
*01054c2267c91a9ae9c99dd2ac2bdadf*
`登陆天数: 19天 / 1389天
等级: 133
石头: 30
呼符: 37
体力: 1337.6666666666667 / 139
友情点: 0 / 127511570`
*連続ログイン5日目
※ログインが途切れるか、7日到達すると
1日目から再開されます*
`叡智の業火 X 2
9月交換券(2023) X 1
`_2023-09-09 19:34:40_
--------
*3d6949021dc3c9c6374093e2ca92d22d*
`登陆天数: 113天 / 1334天
等级: 127
石头: 1710
呼符: 1
体力: 99.66666666666666 / 137
友情点: 0 / 1002255`
*連続ログイン1日目
※ログインが途切れるか、7日到達すると
1日目から再開されます*
`フレンドポイント X 2000
9月交換券(2023) X 1
`_2023-09-09 19:34:48_
--------
