【登录信息】
*3e138f82f46bd6eeb41b5912a3fb4edd*
`登陆天数: 20天 / 1327天
等级: 126
石头: 2452
呼符: 55
体力: 1623.86 / 137
友情点: 0 / 1027505`
*連続ログイン6日目
※ログインが途切れるか、7日到達すると
1日目から再開されます*
`聖晶石 X 2
9月交換券(2023) X 1
`_2023-09-10 19:34:27_
--------
*01054c2267c91a9ae9c99dd2ac2bdadf*
`登陆天数: 20天 / 1390天
等级: 133
石头: 30
呼符: 37
体力: 1625.6533333333334 / 139
友情点: 0 / 127511570`
*連続ログイン6日目
※ログインが途切れるか、7日到達すると
1日目から再開されます*
`聖晶石 X 2
9月交換券(2023) X 1
`_2023-09-10 19:34:36_
--------
*3d6949021dc3c9c6374093e2ca92d22d*
`登陆天数: 114天 / 1335天
等级: 127
石头: 1710
呼符: 1
体力: 196.67000000000002 / 137
友情点: 0 / 1002285`
*連続ログイン2日目
※ログインが途切れるか、7日到達すると
1日目から再開されます*
`聖晶石 X 1
9月交換券(2023) X 1
`_2023-09-10 19:34:44_
--------
