【登录信息】
*3e138f82f46bd6eeb41b5912a3fb4edd*
`登陆天数: 21天 / 1328天
等级: 126
石头: 2452
呼符: 55
体力: 2091.4833333333336 / 137
友情点: 0 / 1027505`
_2023-09-12 10:32:34_
--------
*01054c2267c91a9ae9c99dd2ac2bdadf*
`登陆天数: 21天 / 1391天
等级: 133
石头: 30
呼符: 37
体力: 2093.2733333333335 / 139
友情点: 0 / 127511570`
_2023-09-12 10:32:43_
--------
*3d6949021dc3c9c6374093e2ca92d22d*
`登陆天数: 115天 / 1336天
等级: 128
石头: 390
呼符: 1
体力: 98.27666666666667 / 137
友情点: 0 / 958375`
_2023-09-12 10:32:51_
--------
*f86567cb94d07022b955f38c237ef97b*
`登陆天数: 24天 / 1003天
等级: 127
石头: 1315
呼符: 10
体力: 80.08 / 137
友情点: 0 / 755775`
_2023-09-12 10:32:59_
--------
*4782f4f90c2933454c63e17e1a16feab*
`登陆天数: 8天 / 1283天
等级: 125
石头: 58
呼符: 6
体力: 79.14333333333333 / 137
友情点: 0 / 1032540`
_2023-09-12 10:33:07_
--------
