【登录信息】
*3e138f82f46bd6eeb41b5912a3fb4edd*
`登陆天数: 22天 / 1329天
等级: 126
石头: 2452
呼符: 55
体力: 2199.88 / 137
友情点: 0 / 1027505`
*連続ログイン1日目
※ログインが途切れるか、7日到達すると
1日目から再開されます*
`フレンドポイント X 2000
9月交換券(2023) X 1
`_2023-09-12 19:34:33_
--------
*01054c2267c91a9ae9c99dd2ac2bdadf*
`登陆天数: 22天 / 1392天
等级: 133
石头: 30
呼符: 37
体力: 2201.673333333333 / 139
友情点: 0 / 127511570`
*連続ログイン1日目
※ログインが途切れるか、7日到達すると
1日目から再開されます*
`フレンドポイント X 2000
9月交換券(2023) X 1
`_2023-09-12 19:34:42_
--------
*3d6949021dc3c9c6374093e2ca92d22d*
`登陆天数: 116天 / 1337天
等级: 128
石头: 390
呼符: 1
体力: 206.67666666666668 / 137
友情点: 0 / 958375`
*連続ログイン4日目
※ログインが途切れるか、7日到達すると
1日目から再開されます*
`聖晶石 X 1
9月交換券(2023) X 1
`_2023-09-12 19:34:50_
--------
*f86567cb94d07022b955f38c237ef97b*
`登陆天数: 25天 / 1004天
等级: 127
石头: 1315
呼符: 10
体力: 188.48333333333335 / 137
友情点: 0 / 755775`
*連続ログイン4日目
※ログインが途切れるか、7日到達すると
1日目から再開されます*
`聖晶石 X 1
9月交換券(2023) X 1
`_2023-09-12 19:34:59_
--------
*4782f4f90c2933454c63e17e1a16feab*
`登陆天数: 9天 / 1284天
等级: 125
石头: 58
呼符: 6
体力: 187.54666666666668 / 137
友情点: 0 / 1032540`
*連続ログイン2日目
※ログインが途切れるか、7日到達すると
1日目から再開されます*
`聖晶石 X 1
9月交換券(2023) X 1
`_2023-09-12 19:35:07_
--------
