【登录信息】
*3e138f82f46bd6eeb41b5912a3fb4edd*
`登陆天数: 34天 / 1341天
等级: 126
石头: 2452
呼符: 55
体力: 5655.863333333334 / 137
友情点: 0 / 1027505`
*連続ログイン6日目
※ログインが途切れるか、7日到達すると
1日目から再開されます*
`聖晶石 X 2
9月交換券(2023) X 1
`*日替りログインボーナス*
*開催期間中、1日1回 2週間日替りでログインボーナスをプレゼント！*
`巡霊の葉 X 30
`_2023-09-24 19:34:28_
--------
*01054c2267c91a9ae9c99dd2ac2bdadf*
`登陆天数: 34天 / 1404天
等级: 133
石头: 30
呼符: 37
体力: 5657.656666666667 / 139
友情点: 0 / 127511570`
*連続ログイン6日目
※ログインが途切れるか、7日到達すると
1日目から再開されます*
`聖晶石 X 2
9月交換券(2023) X 1
`*日替りログインボーナス*
*開催期間中、1日1回 2週間日替りでログインボーナスをプレゼント！*
`巡霊の葉 X 30
`_2023-09-24 19:34:37_
--------
*3d6949021dc3c9c6374093e2ca92d22d*
`登陆天数: 128天 / 1349天
等级: 128
石头: 390
呼符: 1
体力: 3662.6566666666668 / 137
友情点: 0 / 958375`
*連続ログイン2日目
※ログインが途切れるか、7日到達すると
1日目から再開されます*
`聖晶石 X 1
9月交換券(2023) X 1
`*日替りログインボーナス*
*開催期間中、1日1回 2週間日替りでログインボーナスをプレゼント！*
`巡霊の葉 X 30
`_2023-09-24 19:34:45_
--------
*f86567cb94d07022b955f38c237ef97b*
`登陆天数: 37天 / 1016天
等级: 127
石头: 1354
呼符: 11
体力: 3644.463333333333 / 137
友情点: 0 / 757775`
*連続ログイン2日目
※ログインが途切れるか、7日到達すると
1日目から再開されます*
`聖晶石 X 1
9月交換券(2023) X 1
`*日替りログインボーナス*
*開催期間中、1日1回 2週間日替りでログインボーナスをプレゼント！*
`巡霊の葉 X 30
`_2023-09-24 19:34:53_
--------
*4782f4f90c2933454c63e17e1a16feab*
`登陆天数: 21天 / 1296天
等级: 125
石头: 58
呼符: 6
体力: 3643.5266666666666 / 137
友情点: 0 / 1032540`
*連続ログイン7日間到達おめでとうございます！
明日は1日目からリスタートされます。*
`獣の足跡 X 1
呼符 X 1
9月交換券(2023) X 1
`*日替りログインボーナス*
*開催期間中、1日1回 2週間日替りでログインボーナスをプレゼント！*
`巡霊の葉 X 30
`_2023-09-24 19:35:01_
--------
