【登录信息】
*3e138f82f46bd6eeb41b5912a3fb4edd*
`登陆天数: 36天 / 1343天
等级: 126
石头: 2452
呼符: 55
体力: 6231.9366666666665 / 137
友情点: 0 / 1027505`
*連続ログイン1日目
※ログインが途切れるか、7日到達すると
1日目から再開されます*
`フレンドポイント X 2000
9月交換券(2023) X 1
`*日替りログインボーナス*
*開催期間中、1日1回 2週間日替りでログインボーナスをプレゼント！*
`聖晶石 X 3
巡霊の葉 X 50
`_2023-09-26 19:34:51_
--------
*01054c2267c91a9ae9c99dd2ac2bdadf*
`登陆天数: 36天 / 1406天
等级: 133
石头: 30
呼符: 37
体力: 6233.7266666666665 / 139
友情点: 0 / 127511570`
*連続ログイン1日目
※ログインが途切れるか、7日到達すると
1日目から再開されます*
`フレンドポイント X 2000
9月交換券(2023) X 1
`*日替りログインボーナス*
*開催期間中、1日1回 2週間日替りでログインボーナスをプレゼント！*
`聖晶石 X 3
巡霊の葉 X 50
`_2023-09-26 19:34:59_
--------
*3d6949021dc3c9c6374093e2ca92d22d*
`登陆天数: 130天 / 1351天
等级: 128
石头: 390
呼符: 1
体力: 4238.73 / 137
友情点: 0 / 958375`
*連続ログイン4日目
※ログインが途切れるか、7日到達すると
1日目から再開されます*
`聖晶石 X 1
9月交換券(2023) X 1
`*日替りログインボーナス*
*開催期間中、1日1回 2週間日替りでログインボーナスをプレゼント！*
`聖晶石 X 3
巡霊の葉 X 50
`_2023-09-26 19:35:06_
--------
*f86567cb94d07022b955f38c237ef97b*
`登陆天数: 39天 / 1018天
等级: 127
石头: 1354
呼符: 11
体力: 4220.533333333333 / 137
友情点: 0 / 757775`
*連続ログイン4日目
※ログインが途切れるか、7日到達すると
1日目から再開されます*
`聖晶石 X 1
9月交換券(2023) X 1
`*日替りログインボーナス*
*開催期間中、1日1回 2週間日替りでログインボーナスをプレゼント！*
`聖晶石 X 3
巡霊の葉 X 50
`_2023-09-26 19:35:14_
--------
*4782f4f90c2933454c63e17e1a16feab*
`登陆天数: 23天 / 1298天
等级: 125
石头: 58
呼符: 6
体力: 4219.596666666666 / 137
友情点: 0 / 1032540`
*連続ログイン2日目
※ログインが途切れるか、7日到達すると
1日目から再開されます*
`聖晶石 X 1
9月交換券(2023) X 1
`*日替りログインボーナス*
*開催期間中、1日1回 2週間日替りでログインボーナスをプレゼント！*
`聖晶石 X 3
巡霊の葉 X 50
`_2023-09-26 19:35:23_
--------
