【登录信息】
*3e138f82f46bd6eeb41b5912a3fb4edd*
`登陆天数: 38天 / 1345天
等级: 126
石头: 2452
呼符: 55
体力: 6807.88 / 137
友情点: 0 / 1027505`
*連続ログイン3日目
※ログインが途切れるか、7日到達すると
1日目から再開されます*
`叡智の業火 X 1
9月交換券(2023) X 1
`*「Fate/Samurai Remnant」発売記念 特別ログインボーナス*
*開催期間中、初回ログインで「限定概念礼装」をプレゼント！*
`Samurai Remnant X 1
`_2023-09-28 19:34:33_
--------
*01054c2267c91a9ae9c99dd2ac2bdadf*
`登陆天数: 38天 / 1408天
等级: 133
石头: 30
呼符: 37
体力: 6809.67 / 139
友情点: 0 / 127511570`
*連続ログイン3日目
※ログインが途切れるか、7日到達すると
1日目から再開されます*
`叡智の業火 X 1
9月交換券(2023) X 1
`*「Fate/Samurai Remnant」発売記念 特別ログインボーナス*
*開催期間中、初回ログインで「限定概念礼装」をプレゼント！*
`Samurai Remnant X 1
`_2023-09-28 19:34:41_
--------
*3d6949021dc3c9c6374093e2ca92d22d*
`登陆天数: 132天 / 1353天
等级: 128
石头: 390
呼符: 1
体力: 4814.676666666666 / 137
友情点: 0 / 958375`
*連続ログイン6日目
※ログインが途切れるか、7日到達すると
1日目から再開されます*
`聖晶石 X 2
9月交換券(2023) X 1
`*「Fate/Samurai Remnant」発売記念 特別ログインボーナス*
*開催期間中、初回ログインで「限定概念礼装」をプレゼント！*
`Samurai Remnant X 1
`_2023-09-28 19:34:50_
--------
*f86567cb94d07022b955f38c237ef97b*
`登陆天数: 41天 / 1020天
等级: 127
石头: 1354
呼符: 11
体力: 4796.48 / 137
友情点: 0 / 757775`
*連続ログイン6日目
※ログインが途切れるか、7日到達すると
1日目から再開されます*
`聖晶石 X 2
9月交換券(2023) X 1
`*「Fate/Samurai Remnant」発売記念 特別ログインボーナス*
*開催期間中、初回ログインで「限定概念礼装」をプレゼント！*
`Samurai Remnant X 1
`_2023-09-28 19:34:58_
--------
*4782f4f90c2933454c63e17e1a16feab*
`登陆天数: 25天 / 1300天
等级: 125
石头: 58
呼符: 6
体力: 4795.543333333333 / 137
友情点: 0 / 1032540`
*連続ログイン4日目
※ログインが途切れるか、7日到達すると
1日目から再開されます*
`聖晶石 X 1
9月交換券(2023) X 1
`*「Fate/Samurai Remnant」発売記念 特別ログインボーナス*
*開催期間中、初回ログインで「限定概念礼装」をプレゼント！*
`Samurai Remnant X 1
`_2023-09-28 19:35:07_
--------
