【登录信息】
*3e138f82f46bd6eeb41b5912a3fb4edd*
`登陆天数: 1天 / 1465天
等级: 127
石头: 2056
呼符: 23
体力: 7098.633333333333 / 137
友情点: 0 / 1045300`
*連続ログイン1日目
※ログインが途切れるか、7日到達すると
1日目から再開されます*
`フレンドポイント X 2000
3月交換券(2024) X 1
`*「奏章Ⅱ」開幕直前ログインボーナス*
*開催期間中、1日1回 最大7回 ログインボーナスをプレゼント！*
`QP X 3000000
黄金の果実 X 2
`_2024-03-06 19:35:23_
--------
*01054c2267c91a9ae9c99dd2ac2bdadf*
`登陆天数: 1天 / 1528天
等级: 133
石头: 319
呼符: 52
体力: 19662.57 / 139
友情点: 0 / 127543570`
*連続ログイン1日目
※ログインが途切れるか、7日到達すると
1日目から再開されます*
`フレンドポイント X 2000
3月交換券(2024) X 1
`*「奏章Ⅱ」開幕直前ログインボーナス*
*開催期間中、1日1回 最大7回 ログインボーナスをプレゼント！*
`QP X 3000000
黄金の果実 X 2
`_2024-03-06 19:35:31_
--------
*3d6949021dc3c9c6374093e2ca92d22d*
`登陆天数: 1天 / 1473天
等级: 128
石头: 793
呼符: 41
体力: 7096.333333333333 / 137
友情点: 0 / 996525`
*連続ログイン1日目
※ログインが途切れるか、7日到達すると
1日目から再開されます*
`フレンドポイント X 2000
3月交換券(2024) X 1
`*「奏章Ⅱ」開幕直前ログインボーナス*
*開催期間中、1日1回 最大7回 ログインボーナスをプレゼント！*
`QP X 3000000
黄金の果実 X 2
`_2024-03-06 19:35:39_
--------
*f86567cb94d07022b955f38c237ef97b*
`登陆天数: 1天 / 1141天
等级: 128
石头: 190
呼符: 17
体力: 6770.906666666667 / 137
友情点: 0 / 762315`
*連続ログイン1日目
※ログインが途切れるか、7日到達すると
1日目から再開されます*
`フレンドポイント X 2000
3月交換券(2024) X 1
`*「奏章Ⅱ」開幕直前ログインボーナス*
*開催期間中、1日1回 最大7回 ログインボーナスをプレゼント！*
`QP X 3000000
黄金の果実 X 2
`_2024-03-06 19:35:47_
--------
*4782f4f90c2933454c63e17e1a16feab*
`登陆天数: 1天 / 1420天
等级: 126
石头: 549
呼符: 34
体力: 8723.363333333333 / 137
友情点: 0 / 1070065`
*連続ログイン1日目
※ログインが途切れるか、7日到達すると
1日目から再開されます*
`フレンドポイント X 2000
3月交換券(2024) X 1
`*「奏章Ⅱ」開幕直前ログインボーナス*
*開催期間中、1日1回 最大7回 ログインボーナスをプレゼント！*
`QP X 3000000
黄金の果実 X 2
`_2024-03-06 19:35:55_
--------
