【登录信息】
*3e138f82f46bd6eeb41b5912a3fb4edd*
`登陆天数: 3天 / 1467天
等级: 127
石头: 2056
呼符: 23
体力: 7674.456666666667 / 137
友情点: 0 / 1045300`
*連続ログイン3日目
※ログインが途切れるか、7日到達すると
1日目から再開されます*
`叡智の業火 X 1
3月交換券(2024) X 1
`*「奏章Ⅱ」開幕直前ログインボーナス*
*開催期間中、1日1回 最大7回 ログインボーナスをプレゼント！*
`英霊結晶・太陽のフォウくん X 2
黄金の果実 X 1
`_2024-03-08 19:34:29_
--------
*01054c2267c91a9ae9c99dd2ac2bdadf*
`登陆天数: 3天 / 1530天
等级: 133
石头: 319
呼符: 52
体力: 20238.39 / 139
友情点: 0 / 127543570`
*連続ログイン3日目
※ログインが途切れるか、7日到達すると
1日目から再開されます*
`叡智の業火 X 1
3月交換券(2024) X 1
`*「奏章Ⅱ」開幕直前ログインボーナス*
*開催期間中、1日1回 最大7回 ログインボーナスをプレゼント！*
`英霊結晶・太陽のフォウくん X 2
黄金の果実 X 1
`_2024-03-08 19:34:37_
--------
*3d6949021dc3c9c6374093e2ca92d22d*
`登陆天数: 3天 / 1475天
等级: 128
石头: 793
呼符: 41
体力: 7672.153333333334 / 137
友情点: 0 / 996525`
*連続ログイン3日目
※ログインが途切れるか、7日到達すると
1日目から再開されます*
`叡智の業火 X 1
3月交換券(2024) X 1
`*「奏章Ⅱ」開幕直前ログインボーナス*
*開催期間中、1日1回 最大7回 ログインボーナスをプレゼント！*
`英霊結晶・太陽のフォウくん X 2
黄金の果実 X 1
`_2024-03-08 19:34:45_
--------
*f86567cb94d07022b955f38c237ef97b*
`登陆天数: 3天 / 1143天
等级: 128
石头: 190
呼符: 17
体力: 7346.73 / 137
友情点: 0 / 762315`
*連続ログイン3日目
※ログインが途切れるか、7日到達すると
1日目から再開されます*
`叡智の業火 X 1
3月交換券(2024) X 1
`*「奏章Ⅱ」開幕直前ログインボーナス*
*開催期間中、1日1回 最大7回 ログインボーナスをプレゼント！*
`英霊結晶・太陽のフォウくん X 2
黄金の果実 X 1
`_2024-03-08 19:34:54_
--------
*4782f4f90c2933454c63e17e1a16feab*
`登陆天数: 3天 / 1422天
等级: 126
石头: 549
呼符: 34
体力: 9299.186666666666 / 137
友情点: 0 / 1070065`
*連続ログイン3日目
※ログインが途切れるか、7日到達すると
1日目から再開されます*
`叡智の業火 X 1
3月交換券(2024) X 1
`*「奏章Ⅱ」開幕直前ログインボーナス*
*開催期間中、1日1回 最大7回 ログインボーナスをプレゼント！*
`英霊結晶・太陽のフォウくん X 2
黄金の果実 X 1
`_2024-03-08 19:35:02_
--------
