【登录信息】
*3e138f82f46bd6eeb41b5912a3fb4edd*
`登陆天数: 4天 / 1468天
等级: 127
石头: 2056
呼符: 23
体力: 7962.466666666666 / 137
友情点: 0 / 1045300`
*連続ログイン4日目
※ログインが途切れるか、7日到達すると
1日目から再開されます*
`聖晶石 X 1
3月交換券(2024) X 1
`*「奏章Ⅱ」開幕直前ログインボーナス*
*開催期間中、1日1回 最大7回 ログインボーナスをプレゼント！*
`マナプリズム X 50
黄金の果実 X 1
`_2024-03-09 19:34:32_
--------
*01054c2267c91a9ae9c99dd2ac2bdadf*
`登陆天数: 4天 / 1531天
等级: 133
石头: 319
呼符: 52
体力: 20526.403333333332 / 139
友情点: 0 / 127543570`
*連続ログイン4日目
※ログインが途切れるか、7日到達すると
1日目から再開されます*
`聖晶石 X 1
3月交換券(2024) X 1
`*「奏章Ⅱ」開幕直前ログインボーナス*
*開催期間中、1日1回 最大7回 ログインボーナスをプレゼント！*
`マナプリズム X 50
黄金の果実 X 1
`_2024-03-09 19:34:40_
--------
*3d6949021dc3c9c6374093e2ca92d22d*
`登陆天数: 4天 / 1476天
等级: 128
石头: 793
呼符: 41
体力: 7960.166666666667 / 137
友情点: 0 / 996525`
*連続ログイン4日目
※ログインが途切れるか、7日到達すると
1日目から再開されます*
`聖晶石 X 1
3月交換券(2024) X 1
`*「奏章Ⅱ」開幕直前ログインボーナス*
*開催期間中、1日1回 最大7回 ログインボーナスをプレゼント！*
`マナプリズム X 50
黄金の果実 X 1
`_2024-03-09 19:34:49_
--------
*f86567cb94d07022b955f38c237ef97b*
`登陆天数: 4天 / 1144天
等级: 128
石头: 190
呼符: 17
体力: 7634.743333333333 / 137
友情点: 0 / 762315`
*連続ログイン4日目
※ログインが途切れるか、7日到達すると
1日目から再開されます*
`聖晶石 X 1
3月交換券(2024) X 1
`*「奏章Ⅱ」開幕直前ログインボーナス*
*開催期間中、1日1回 最大7回 ログインボーナスをプレゼント！*
`マナプリズム X 50
黄金の果実 X 1
`_2024-03-09 19:34:58_
--------
*4782f4f90c2933454c63e17e1a16feab*
`登陆天数: 4天 / 1423天
等级: 126
石头: 549
呼符: 34
体力: 9587.2 / 137
友情点: 0 / 1070065`
*連続ログイン4日目
※ログインが途切れるか、7日到達すると
1日目から再開されます*
`聖晶石 X 1
3月交換券(2024) X 1
`*「奏章Ⅱ」開幕直前ログインボーナス*
*開催期間中、1日1回 最大7回 ログインボーナスをプレゼント！*
`マナプリズム X 50
黄金の果実 X 1
`_2024-03-09 19:35:06_
--------
