【登录信息】
*3e138f82f46bd6eeb41b5912a3fb4edd*
`登陆天数: 5天 / 1469天
等级: 127
石头: 2056
呼符: 23
体力: 8250.4 / 137
友情点: 0 / 1045300`
*連続ログイン5日目
※ログインが途切れるか、7日到達すると
1日目から再開されます*
`叡智の業火 X 2
3月交換券(2024) X 1
`*「奏章Ⅱ」開幕直前ログインボーナス*
*開催期間中、1日1回 最大7回 ログインボーナスをプレゼント！*
`英霊結晶・星のフォウくん X 3
黄金の果実 X 1
`_2024-03-10 19:34:12_
--------
*01054c2267c91a9ae9c99dd2ac2bdadf*
`登陆天数: 5天 / 1532天
等级: 133
石头: 319
呼符: 52
体力: 20814.336666666666 / 139
友情点: 0 / 127543570`
*連続ログイン5日目
※ログインが途切れるか、7日到達すると
1日目から再開されます*
`叡智の業火 X 2
3月交換券(2024) X 1
`*「奏章Ⅱ」開幕直前ログインボーナス*
*開催期間中、1日1回 最大7回 ログインボーナスをプレゼント！*
`英霊結晶・星のフォウくん X 3
黄金の果実 X 1
`_2024-03-10 19:34:21_
--------
*3d6949021dc3c9c6374093e2ca92d22d*
`登陆天数: 5天 / 1477天
等级: 128
石头: 793
呼符: 41
体力: 8248.1 / 137
友情点: 0 / 996525`
*連続ログイン5日目
※ログインが途切れるか、7日到達すると
1日目から再開されます*
`叡智の業火 X 2
3月交換券(2024) X 1
`*「奏章Ⅱ」開幕直前ログインボーナス*
*開催期間中、1日1回 最大7回 ログインボーナスをプレゼント！*
`英霊結晶・星のフォウくん X 3
黄金の果実 X 1
`_2024-03-10 19:34:29_
--------
*f86567cb94d07022b955f38c237ef97b*
`登陆天数: 5天 / 1145天
等级: 128
石头: 190
呼符: 17
体力: 7922.676666666666 / 137
友情点: 0 / 762315`
*連続ログイン5日目
※ログインが途切れるか、7日到達すると
1日目から再開されます*
`叡智の業火 X 2
3月交換券(2024) X 1
`*「奏章Ⅱ」開幕直前ログインボーナス*
*開催期間中、1日1回 最大7回 ログインボーナスをプレゼント！*
`英霊結晶・星のフォウくん X 3
黄金の果実 X 1
`_2024-03-10 19:34:38_
--------
*4782f4f90c2933454c63e17e1a16feab*
`登陆天数: 5天 / 1424天
等级: 126
石头: 549
呼符: 34
体力: 9875.133333333333 / 137
友情点: 0 / 1070065`
*連続ログイン5日目
※ログインが途切れるか、7日到達すると
1日目から再開されます*
`叡智の業火 X 2
3月交換券(2024) X 1
`*「奏章Ⅱ」開幕直前ログインボーナス*
*開催期間中、1日1回 最大7回 ログインボーナスをプレゼント！*
`英霊結晶・星のフォウくん X 3
黄金の果実 X 1
`_2024-03-10 19:34:46_
--------
