【登录信息】
*3e138f82f46bd6eeb41b5912a3fb4edd*
`登陆天数: 6天 / 1470天
等级: 127
石头: 2056
呼符: 23
体力: 8538.32 / 137
友情点: 0 / 1045300`
*連続ログイン6日目
※ログインが途切れるか、7日到達すると
1日目から再開されます*
`聖晶石 X 2
3月交換券(2024) X 1
`*「奏章Ⅱ」開幕直前ログインボーナス*
*開催期間中、1日1回 最大7回 ログインボーナスをプレゼント！*
`英霊結晶・太陽のフォウくん X 3
黄金の果実 X 1
`_2024-03-11 19:33:48_
--------
*01054c2267c91a9ae9c99dd2ac2bdadf*
`登陆天数: 6天 / 1533天
等级: 133
石头: 319
呼符: 52
体力: 21102.253333333334 / 139
友情点: 0 / 127543570`
*連続ログイン6日目
※ログインが途切れるか、7日到達すると
1日目から再開されます*
`聖晶石 X 2
3月交換券(2024) X 1
`*「奏章Ⅱ」開幕直前ログインボーナス*
*開催期間中、1日1回 最大7回 ログインボーナスをプレゼント！*
`英霊結晶・太陽のフォウくん X 3
黄金の果実 X 1
`_2024-03-11 19:33:56_
--------
*3d6949021dc3c9c6374093e2ca92d22d*
`登陆天数: 6天 / 1478天
等级: 128
石头: 793
呼符: 41
体力: 8536.016666666666 / 137
友情点: 0 / 996525`
*連続ログイン6日目
※ログインが途切れるか、7日到達すると
1日目から再開されます*
`聖晶石 X 2
3月交換券(2024) X 1
`*「奏章Ⅱ」開幕直前ログインボーナス*
*開催期間中、1日1回 最大7回 ログインボーナスをプレゼント！*
`英霊結晶・太陽のフォウくん X 3
黄金の果実 X 1
`_2024-03-11 19:34:04_
--------
*f86567cb94d07022b955f38c237ef97b*
`登陆天数: 6天 / 1146天
等级: 128
石头: 190
呼符: 17
体力: 8210.59 / 137
友情点: 0 / 762315`
*連続ログイン6日目
※ログインが途切れるか、7日到達すると
1日目から再開されます*
`聖晶石 X 2
3月交換券(2024) X 1
`*「奏章Ⅱ」開幕直前ログインボーナス*
*開催期間中、1日1回 最大7回 ログインボーナスをプレゼント！*
`英霊結晶・太陽のフォウくん X 3
黄金の果実 X 1
`_2024-03-11 19:34:12_
--------
*4782f4f90c2933454c63e17e1a16feab*
`登陆天数: 6天 / 1425天
等级: 126
石头: 549
呼符: 34
体力: 10163.043333333333 / 137
友情点: 0 / 1070065`
*連続ログイン6日目
※ログインが途切れるか、7日到達すると
1日目から再開されます*
`聖晶石 X 2
3月交換券(2024) X 1
`*「奏章Ⅱ」開幕直前ログインボーナス*
*開催期間中、1日1回 最大7回 ログインボーナスをプレゼント！*
`英霊結晶・太陽のフォウくん X 3
黄金の果実 X 1
`_2024-03-11 19:34:20_
--------
