【登录信息】
*3e138f82f46bd6eeb41b5912a3fb4edd*
`登陆天数: 7天 / 1471天
等级: 127
石头: 2056
呼符: 23
体力: 8826.44 / 137
友情点: 0 / 1045300`
*連続ログイン7日間到達おめでとうございます！
明日は1日目からリスタートされます。*
`獣の足跡 X 1
呼符 X 1
3月交換券(2024) X 1
`*「奏章Ⅱ」開幕直前ログインボーナス*
*開催期間中、1日1回 最大7回 ログインボーナスをプレゼント！*
`マナプリズム X 100
黄金の果実 X 3
`_2024-03-12 19:34:25_
--------
*01054c2267c91a9ae9c99dd2ac2bdadf*
`登陆天数: 7天 / 1534天
等级: 133
石头: 319
呼符: 52
体力: 21390.373333333333 / 139
友情点: 0 / 127543570`
*連続ログイン7日間到達おめでとうございます！
明日は1日目からリスタートされます。*
`獣の足跡 X 1
呼符 X 1
3月交換券(2024) X 1
`*「奏章Ⅱ」開幕直前ログインボーナス*
*開催期間中、1日1回 最大7回 ログインボーナスをプレゼント！*
`マナプリズム X 100
黄金の果実 X 3
`_2024-03-12 19:34:32_
--------
*3d6949021dc3c9c6374093e2ca92d22d*
`登陆天数: 7天 / 1479天
等级: 128
石头: 793
呼符: 41
体力: 8824.136666666667 / 137
友情点: 0 / 996525`
*連続ログイン7日間到達おめでとうございます！
明日は1日目からリスタートされます。*
`獣の足跡 X 1
呼符 X 1
3月交換券(2024) X 1
`*「奏章Ⅱ」開幕直前ログインボーナス*
*開催期間中、1日1回 最大7回 ログインボーナスをプレゼント！*
`マナプリズム X 100
黄金の果実 X 3
`_2024-03-12 19:34:40_
--------
*f86567cb94d07022b955f38c237ef97b*
`登陆天数: 7天 / 1147天
等级: 128
石头: 190
呼符: 17
体力: 8498.71 / 137
友情点: 0 / 762315`
*連続ログイン7日間到達おめでとうございます！
明日は1日目からリスタートされます。*
`獣の足跡 X 1
呼符 X 1
3月交換券(2024) X 1
`*「奏章Ⅱ」開幕直前ログインボーナス*
*開催期間中、1日1回 最大7回 ログインボーナスをプレゼント！*
`マナプリズム X 100
黄金の果実 X 3
`_2024-03-12 19:34:48_
--------
*4782f4f90c2933454c63e17e1a16feab*
`登陆天数: 7天 / 1426天
等级: 126
石头: 549
呼符: 34
体力: 10451.166666666666 / 137
友情点: 0 / 1070065`
*連続ログイン7日間到達おめでとうございます！
明日は1日目からリスタートされます。*
`獣の足跡 X 1
呼符 X 1
3月交換券(2024) X 1
`*「奏章Ⅱ」開幕直前ログインボーナス*
*開催期間中、1日1回 最大7回 ログインボーナスをプレゼント！*
`マナプリズム X 100
黄金の果実 X 3
`_2024-03-12 19:34:56_
--------
