【登录信息】
*3e138f82f46bd6eeb41b5912a3fb4edd*
`登陆天数: 8天 / 1472天
等级: 127
石头: 2056
呼符: 23
体力: 9114.61 / 137
友情点: 0 / 1045300`
*連続ログイン1日目
※ログインが途切れるか、7日到達すると
1日目から再開されます*
`フレンドポイント X 2000
3月交換券(2024) X 1
`*CBC2024 シャルルマーニュのモンジョワ・騎士道！開幕記念 ログインボーナス*
*開催期間中、1日1回 最大21回 ログインボーナスをプレゼント！*
`黄金の果実 X 1
`_2024-03-13 19:35:15_
--------
*01054c2267c91a9ae9c99dd2ac2bdadf*
`登陆天数: 8天 / 1535天
等级: 133
石头: 319
呼符: 52
体力: 21678.546666666665 / 139
友情点: 0 / 127543570`
*連続ログイン1日目
※ログインが途切れるか、7日到達すると
1日目から再開されます*
`フレンドポイント X 2000
3月交換券(2024) X 1
`*CBC2024 シャルルマーニュのモンジョワ・騎士道！開幕記念 ログインボーナス*
*開催期間中、1日1回 最大21回 ログインボーナスをプレゼント！*
`黄金の果実 X 1
`_2024-03-13 19:35:24_
--------
*3d6949021dc3c9c6374093e2ca92d22d*
`登陆天数: 8天 / 1480天
等级: 128
石头: 793
呼符: 41
体力: 9112.31 / 137
友情点: 0 / 996525`
*連続ログイン1日目
※ログインが途切れるか、7日到達すると
1日目から再開されます*
`フレンドポイント X 2000
3月交換券(2024) X 1
`*CBC2024 シャルルマーニュのモンジョワ・騎士道！開幕記念 ログインボーナス*
*開催期間中、1日1回 最大21回 ログインボーナスをプレゼント！*
`黄金の果実 X 1
`_2024-03-13 19:35:32_
--------
*f86567cb94d07022b955f38c237ef97b*
`登陆天数: 8天 / 1148天
等级: 128
石头: 190
呼符: 17
体力: 8786.886666666667 / 137
友情点: 0 / 762315`
*連続ログイン1日目
※ログインが途切れるか、7日到達すると
1日目から再開されます*
`フレンドポイント X 2000
3月交換券(2024) X 1
`*CBC2024 シャルルマーニュのモンジョワ・騎士道！開幕記念 ログインボーナス*
*開催期間中、1日1回 最大21回 ログインボーナスをプレゼント！*
`黄金の果実 X 1
`_2024-03-13 19:35:41_
--------
*4782f4f90c2933454c63e17e1a16feab*
`登陆天数: 8天 / 1427天
等级: 126
石头: 549
呼符: 34
体力: 10739.343333333334 / 137
友情点: 0 / 1070065`
*連続ログイン1日目
※ログインが途切れるか、7日到達すると
1日目から再開されます*
`フレンドポイント X 2000
3月交換券(2024) X 1
`*CBC2024 シャルルマーニュのモンジョワ・騎士道！開幕記念 ログインボーナス*
*開催期間中、1日1回 最大21回 ログインボーナスをプレゼント！*
`黄金の果実 X 1
`_2024-03-13 19:35:49_
--------
