【登录信息】
*3e138f82f46bd6eeb41b5912a3fb4edd*
`登陆天数: 9天 / 1473天
等级: 127
石头: 2056
呼符: 23
体力: 9402.35 / 137
友情点: 0 / 1045300`
*連続ログイン2日目
※ログインが途切れるか、7日到達すると
1日目から再開されます*
`聖晶石 X 1
3月交換券(2024) X 1
`*CBC2024 シャルルマーニュのモンジョワ・騎士道！開幕記念 ログインボーナス*
*開催期間中、1日1回 最大21回 ログインボーナスをプレゼント！*
`白銀の果実 X 1
`_2024-03-14 19:33:57_
--------
*01054c2267c91a9ae9c99dd2ac2bdadf*
`登陆天数: 9天 / 1536天
等级: 133
石头: 319
呼符: 52
体力: 21966.283333333333 / 139
友情点: 0 / 127543570`
*連続ログイン2日目
※ログインが途切れるか、7日到達すると
1日目から再開されます*
`聖晶石 X 1
3月交換券(2024) X 1
`*CBC2024 シャルルマーニュのモンジョワ・騎士道！開幕記念 ログインボーナス*
*開催期間中、1日1回 最大21回 ログインボーナスをプレゼント！*
`白銀の果実 X 1
`_2024-03-14 19:34:05_
--------
*3d6949021dc3c9c6374093e2ca92d22d*
`登陆天数: 9天 / 1481天
等级: 128
石头: 793
呼符: 41
体力: 9400.046666666667 / 137
友情点: 0 / 996525`
*連続ログイン2日目
※ログインが途切れるか、7日到達すると
1日目から再開されます*
`聖晶石 X 1
3月交換券(2024) X 1
`*CBC2024 シャルルマーニュのモンジョワ・騎士道！開幕記念 ログインボーナス*
*開催期間中、1日1回 最大21回 ログインボーナスをプレゼント！*
`白銀の果実 X 1
`_2024-03-14 19:34:13_
--------
*f86567cb94d07022b955f38c237ef97b*
`登陆天数: 9天 / 1149天
等级: 128
石头: 190
呼符: 17
体力: 9074.62 / 137
友情点: 0 / 762315`
*連続ログイン2日目
※ログインが途切れるか、7日到達すると
1日目から再開されます*
`聖晶石 X 1
3月交換券(2024) X 1
`*CBC2024 シャルルマーニュのモンジョワ・騎士道！開幕記念 ログインボーナス*
*開催期間中、1日1回 最大21回 ログインボーナスをプレゼント！*
`白銀の果実 X 1
`_2024-03-14 19:34:21_
--------
*4782f4f90c2933454c63e17e1a16feab*
`登陆天数: 9天 / 1428天
等级: 126
石头: 549
呼符: 34
体力: 11027.076666666666 / 137
友情点: 0 / 1070065`
*連続ログイン2日目
※ログインが途切れるか、7日到達すると
1日目から再開されます*
`聖晶石 X 1
3月交換券(2024) X 1
`*CBC2024 シャルルマーニュのモンジョワ・騎士道！開幕記念 ログインボーナス*
*開催期間中、1日1回 最大21回 ログインボーナスをプレゼント！*
`白銀の果実 X 1
`_2024-03-14 19:34:29_
--------
