【登录信息】
*3e138f82f46bd6eeb41b5912a3fb4edd*
`登陆天数: 12天 / 1476天
等级: 127
石头: 2056
呼符: 23
体力: 10266.413333333334 / 137
友情点: 0 / 1045300`
*連続ログイン5日目
※ログインが途切れるか、7日到達すると
1日目から再開されます*
`叡智の業火 X 2
3月交換券(2024) X 1
`*「奏章Ⅱ」開幕直前特別回数ログインボーナス*
*開催期間中、1日1回 最大5回 回数ログインボーナスをプレゼント！*
`聖晶石 X 1
黄金の果実 X 3
`_2024-03-17 19:34:16_
--------
*01054c2267c91a9ae9c99dd2ac2bdadf*
`登陆天数: 12天 / 1539天
等级: 133
石头: 319
呼符: 52
体力: 22830.346666666668 / 139
友情点: 0 / 127543570`
*連続ログイン5日目
※ログインが途切れるか、7日到達すると
1日目から再開されます*
`叡智の業火 X 2
3月交換券(2024) X 1
`*「奏章Ⅱ」開幕直前特別回数ログインボーナス*
*開催期間中、1日1回 最大5回 回数ログインボーナスをプレゼント！*
`聖晶石 X 1
黄金の果実 X 3
`_2024-03-17 19:34:24_
--------
*3d6949021dc3c9c6374093e2ca92d22d*
`登陆天数: 12天 / 1484天
等级: 128
石头: 793
呼符: 41
体力: 10264.11 / 137
友情点: 0 / 996525`
*連続ログイン5日目
※ログインが途切れるか、7日到達すると
1日目から再開されます*
`叡智の業火 X 2
3月交換券(2024) X 1
`*「奏章Ⅱ」開幕直前特別回数ログインボーナス*
*開催期間中、1日1回 最大5回 回数ログインボーナスをプレゼント！*
`聖晶石 X 1
黄金の果実 X 3
`_2024-03-17 19:34:32_
--------
*f86567cb94d07022b955f38c237ef97b*
`登陆天数: 12天 / 1152天
等级: 128
石头: 190
呼符: 17
体力: 9938.68 / 137
友情点: 0 / 762315`
*連続ログイン5日目
※ログインが途切れるか、7日到達すると
1日目から再開されます*
`叡智の業火 X 2
3月交換券(2024) X 1
`*「奏章Ⅱ」開幕直前特別回数ログインボーナス*
*開催期間中、1日1回 最大5回 回数ログインボーナスをプレゼント！*
`聖晶石 X 1
黄金の果実 X 3
`_2024-03-17 19:34:40_
--------
*4782f4f90c2933454c63e17e1a16feab*
`登陆天数: 12天 / 1431天
等级: 126
石头: 549
呼符: 34
体力: 11891.136666666667 / 137
友情点: 0 / 1070065`
*連続ログイン5日目
※ログインが途切れるか、7日到達すると
1日目から再開されます*
`叡智の業火 X 2
3月交換券(2024) X 1
`*「奏章Ⅱ」開幕直前特別回数ログインボーナス*
*開催期間中、1日1回 最大5回 回数ログインボーナスをプレゼント！*
`聖晶石 X 1
黄金の果実 X 3
`_2024-03-17 19:34:48_
--------
