【登录信息】
*3e138f82f46bd6eeb41b5912a3fb4edd*
`登陆天数: 14天 / 1478天
等级: 127
石头: 2056
呼符: 23
体力: 10842.41 / 137
友情点: 0 / 1045300`
*連続ログイン7日間到達おめでとうございます！
明日は1日目からリスタートされます。*
`獣の足跡 X 1
呼符 X 1
3月交換券(2024) X 1
`*「奏章Ⅱ」開幕直前特別回数ログインボーナス*
*開催期間中、1日1回 最大5回 回数ログインボーナスをプレゼント！*
`聖晶石 X 3
`_2024-03-19 19:34:15_
--------
*01054c2267c91a9ae9c99dd2ac2bdadf*
`登陆天数: 14天 / 1541天
等级: 133
石头: 319
呼符: 52
体力: 23406.343333333334 / 139
友情点: 0 / 127543570`
*連続ログイン7日間到達おめでとうございます！
明日は1日目からリスタートされます。*
`獣の足跡 X 1
呼符 X 1
3月交換券(2024) X 1
`*「奏章Ⅱ」開幕直前特別回数ログインボーナス*
*開催期間中、1日1回 最大5回 回数ログインボーナスをプレゼント！*
`聖晶石 X 3
`_2024-03-19 19:34:23_
--------
*3d6949021dc3c9c6374093e2ca92d22d*
`登陆天数: 14天 / 1486天
等级: 128
石头: 793
呼符: 41
体力: 10840.11 / 137
友情点: 0 / 996525`
*連続ログイン7日間到達おめでとうございます！
明日は1日目からリスタートされます。*
`獣の足跡 X 1
呼符 X 1
3月交換券(2024) X 1
`*「奏章Ⅱ」開幕直前特別回数ログインボーナス*
*開催期間中、1日1回 最大5回 回数ログインボーナスをプレゼント！*
`聖晶石 X 3
`_2024-03-19 19:34:32_
--------
*f86567cb94d07022b955f38c237ef97b*
`登陆天数: 14天 / 1154天
等级: 128
石头: 190
呼符: 17
体力: 10514.683333333332 / 137
友情点: 0 / 762315`
*連続ログイン7日間到達おめでとうございます！
明日は1日目からリスタートされます。*
`獣の足跡 X 1
呼符 X 1
3月交換券(2024) X 1
`*「奏章Ⅱ」開幕直前特別回数ログインボーナス*
*開催期間中、1日1回 最大5回 回数ログインボーナスをプレゼント！*
`聖晶石 X 3
`_2024-03-19 19:34:40_
--------
*4782f4f90c2933454c63e17e1a16feab*
`登陆天数: 14天 / 1433天
等级: 126
石头: 549
呼符: 34
体力: 12467.14 / 137
友情点: 0 / 1070065`
*連続ログイン7日間到達おめでとうございます！
明日は1日目からリスタートされます。*
`獣の足跡 X 1
呼符 X 1
3月交換券(2024) X 1
`*「奏章Ⅱ」開幕直前特別回数ログインボーナス*
*開催期間中、1日1回 最大5回 回数ログインボーナスをプレゼント！*
`聖晶石 X 3
`_2024-03-19 19:34:48_
--------
