【登录信息】
*3e138f82f46bd6eeb41b5912a3fb4edd*
`登陆天数: 15天 / 1479天
等级: 127
石头: 2056
呼符: 23
体力: 11130.616666666667 / 137
友情点: 0 / 1045300`
*連続ログイン1日目
※ログインが途切れるか、7日到達すると
1日目から再開されます*
`フレンドポイント X 2000
3月交換券(2024) X 1
`*FGO カルデア放送局 Vol.21 奏章Ⅱ 開幕直前SP
放送記念 初回ログインボーナス*
*開催期間中、初回ログインで「聖晶石×14」をプレゼント！*
`聖晶石 X 14
`_2024-03-20 19:35:17_
--------
*01054c2267c91a9ae9c99dd2ac2bdadf*
`登陆天数: 15天 / 1542天
等级: 133
石头: 319
呼符: 52
体力: 23694.553333333333 / 139
友情点: 0 / 127543570`
*連続ログイン1日目
※ログインが途切れるか、7日到達すると
1日目から再開されます*
`フレンドポイント X 2000
3月交換券(2024) X 1
`*FGO カルデア放送局 Vol.21 奏章Ⅱ 開幕直前SP
放送記念 初回ログインボーナス*
*開催期間中、初回ログインで「聖晶石×14」をプレゼント！*
`聖晶石 X 14
`_2024-03-20 19:35:25_
--------
*3d6949021dc3c9c6374093e2ca92d22d*
`登陆天数: 15天 / 1487天
等级: 128
石头: 793
呼符: 41
体力: 11128.32 / 137
友情点: 0 / 996525`
*連続ログイン1日目
※ログインが途切れるか、7日到達すると
1日目から再開されます*
`フレンドポイント X 2000
3月交換券(2024) X 1
`*FGO カルデア放送局 Vol.21 奏章Ⅱ 開幕直前SP
放送記念 初回ログインボーナス*
*開催期間中、初回ログインで「聖晶石×14」をプレゼント！*
`聖晶石 X 14
`_2024-03-20 19:35:34_
--------
*f86567cb94d07022b955f38c237ef97b*
`登陆天数: 15天 / 1155天
等级: 128
石头: 190
呼符: 17
体力: 10802.893333333333 / 137
友情点: 0 / 762315`
*連続ログイン1日目
※ログインが途切れるか、7日到達すると
1日目から再開されます*
`フレンドポイント X 2000
3月交換券(2024) X 1
`*FGO カルデア放送局 Vol.21 奏章Ⅱ 開幕直前SP
放送記念 初回ログインボーナス*
*開催期間中、初回ログインで「聖晶石×14」をプレゼント！*
`聖晶石 X 14
`_2024-03-20 19:35:43_
--------
*4782f4f90c2933454c63e17e1a16feab*
`登陆天数: 15天 / 1434天
等级: 126
石头: 549
呼符: 34
体力: 12755.35 / 137
友情点: 0 / 1070065`
*連続ログイン1日目
※ログインが途切れるか、7日到達すると
1日目から再開されます*
`フレンドポイント X 2000
3月交換券(2024) X 1
`*FGO カルデア放送局 Vol.21 奏章Ⅱ 開幕直前SP
放送記念 初回ログインボーナス*
*開催期間中、初回ログインで「聖晶石×14」をプレゼント！*
`聖晶石 X 14
`_2024-03-20 19:35:51_
--------
