【登录信息】
*3e138f82f46bd6eeb41b5912a3fb4edd*
`登陆天数: 16天 / 1480天
等级: 127
石头: 2127
呼符: 25
体力: 129.17333333333335 / 137
友情点: 0 / 1051330`
*連続ログイン2日目
※ログインが途切れるか、7日到達すると
1日目から再開されます*
`聖晶石 X 1
3月交換券(2024) X 1
`*CBC2024 シャルルマーニュのモンジョワ・騎士道！開幕記念 ログインボーナス*
*開催期間中、1日1回 最大21回 ログインボーナスをプレゼント！*
`白銀の果実 X 1
`_2024-03-21 19:35:05_
--------
*01054c2267c91a9ae9c99dd2ac2bdadf*
`登陆天数: 16天 / 1543天
等级: 133
石头: 319
呼符: 52
体力: 23982.506666666668 / 139
友情点: 0 / 127543570`
*連続ログイン2日目
※ログインが途切れるか、7日到達すると
1日目から再開されます*
`聖晶石 X 1
3月交換券(2024) X 1
`*CBC2024 シャルルマーニュのモンジョワ・騎士道！開幕記念 ログインボーナス*
*開催期間中、1日1回 最大21回 ログインボーナスをプレゼント！*
`白銀の果実 X 1
`_2024-03-21 19:35:13_
--------
*3d6949021dc3c9c6374093e2ca92d22d*
`登陆天数: 16天 / 1488天
等级: 128
石头: 895
呼符: 44
体力: 134.12333333333333 / 137
友情点: 0 / 1004565`
*連続ログイン2日目
※ログインが途切れるか、7日到達すると
1日目から再開されます*
`聖晶石 X 1
3月交換券(2024) X 1
`*CBC2024 シャルルマーニュのモンジョワ・騎士道！開幕記念 ログインボーナス*
*開催期間中、1日1回 最大21回 ログインボーナスをプレゼント！*
`白銀の果実 X 1
`_2024-03-21 19:35:21_
--------
*f86567cb94d07022b955f38c237ef97b*
`登陆天数: 16天 / 1156天
等级: 128
石头: 290
呼符: 19
体力: 137.75666666666666 / 137
友情点: 0 / 770345`
*連続ログイン2日目
※ログインが途切れるか、7日到達すると
1日目から再開されます*
`聖晶石 X 1
3月交換券(2024) X 1
`*CBC2024 シャルルマーニュのモンジョワ・騎士道！開幕記念 ログインボーナス*
*開催期間中、1日1回 最大21回 ログインボーナスをプレゼント！*
`白銀の果実 X 1
`_2024-03-21 19:35:29_
--------
*4782f4f90c2933454c63e17e1a16feab*
`登陆天数: 16天 / 1435天
等级: 126
石头: 626
呼符: 37
体力: 131.11333333333334 / 137
友情点: 0 / 1078110`
*連続ログイン2日目
※ログインが途切れるか、7日到達すると
1日目から再開されます*
`聖晶石 X 1
3月交換券(2024) X 1
`*CBC2024 シャルルマーニュのモンジョワ・騎士道！開幕記念 ログインボーナス*
*開催期間中、1日1回 最大21回 ログインボーナスをプレゼント！*
`白銀の果実 X 1
`_2024-03-21 19:35:37_
--------
