【登录信息】
*3e138f82f46bd6eeb41b5912a3fb4edd*
`登陆天数: 17天 / 1481天
等级: 127
石头: 2128
呼符: 25
体力: 129.44 / 137
友情点: 0 / 1051360`
*連続ログイン3日目
※ログインが途切れるか、7日到達すると
1日目から再開されます*
`叡智の業火 X 1
3月交換券(2024) X 1
`*CBC2024 シャルルマーニュのモンジョワ・騎士道！開幕記念 ログインボーナス*
*開催期間中、1日1回 最大21回 ログインボーナスをプレゼント！*
`白銀の果実 X 1
`_2024-03-22 19:35:11_
--------
*01054c2267c91a9ae9c99dd2ac2bdadf*
`登陆天数: 17天 / 1544天
等级: 133
石头: 584
呼符: 64
体力: 24270.53 / 139
友情点: 0 / 127559570`
*連続ログイン3日目
※ログインが途切れるか、7日到達すると
1日目から再開されます*
`叡智の業火 X 1
3月交換券(2024) X 1
`*CBC2024 シャルルマーニュのモンジョワ・騎士道！開幕記念 ログインボーナス*
*開催期間中、1日1回 最大21回 ログインボーナスをプレゼント！*
`白銀の果実 X 1
`_2024-03-22 19:35:19_
--------
*3d6949021dc3c9c6374093e2ca92d22d*
`登陆天数: 17天 / 1489天
等级: 128
石头: 895
呼符: 44
体力: 130.84666666666666 / 137
友情点: 0 / 1004595`
*連続ログイン3日目
※ログインが途切れるか、7日到達すると
1日目から再開されます*
`叡智の業火 X 1
3月交換券(2024) X 1
`*CBC2024 シャルルマーニュのモンジョワ・騎士道！開幕記念 ログインボーナス*
*開催期間中、1日1回 最大21回 ログインボーナスをプレゼント！*
`白銀の果実 X 1
`_2024-03-22 19:35:28_
--------
*f86567cb94d07022b955f38c237ef97b*
`登陆天数: 17天 / 1157天
等级: 128
石头: 291
呼符: 19
体力: 130.72 / 137
友情点: 0 / 770375`
*連続ログイン3日目
※ログインが途切れるか、7日到達すると
1日目から再開されます*
`叡智の業火 X 1
3月交換券(2024) X 1
`*CBC2024 シャルルマーニュのモンジョワ・騎士道！開幕記念 ログインボーナス*
*開催期間中、1日1回 最大21回 ログインボーナスをプレゼント！*
`白銀の果実 X 1
`_2024-03-22 19:35:36_
--------
*4782f4f90c2933454c63e17e1a16feab*
`登陆天数: 17天 / 1436天
等级: 126
石头: 626
呼符: 37
体力: 129.06333333333333 / 137
友情点: 0 / 1078140`
*連続ログイン3日目
※ログインが途切れるか、7日到達すると
1日目から再開されます*
`叡智の業火 X 1
3月交換券(2024) X 1
`*CBC2024 シャルルマーニュのモンジョワ・騎士道！開幕記念 ログインボーナス*
*開催期間中、1日1回 最大21回 ログインボーナスをプレゼント！*
`白銀の果実 X 1
`_2024-03-22 19:35:44_
--------
