【登录信息】
*3e138f82f46bd6eeb41b5912a3fb4edd*
`登陆天数: 19天 / 1483天
等级: 127
石头: 2131
呼符: 25
体力: 117.28666666666666 / 137
友情点: 0 / 1051450`
*連続ログイン5日目
※ログインが途切れるか、7日到達すると
1日目から再開されます*
`叡智の業火 X 2
3月交換券(2024) X 1
`*「AnimeJapan 2024」出展記念 初回ログインボーナス*
*開催期間中、初回ログインで「聖晶石×10」をプレゼント！*
`聖晶石 X 10
`_2024-03-24 19:34:04_
--------
*01054c2267c91a9ae9c99dd2ac2bdadf*
`登陆天数: 19天 / 1546天
等级: 133
石头: 584
呼符: 64
体力: 122.31 / 139
友情点: 0 / 127559570`
*連続ログイン5日目
※ログインが途切れるか、7日到達すると
1日目から再開されます*
`叡智の業火 X 2
3月交換券(2024) X 1
`*「AnimeJapan 2024」出展記念 初回ログインボーナス*
*開催期間中、初回ログインで「聖晶石×10」をプレゼント！*
`聖晶石 X 10
`_2024-03-24 19:34:12_
--------
*3d6949021dc3c9c6374093e2ca92d22d*
`登陆天数: 19天 / 1491天
等级: 128
石头: 875
呼符: 24
体力: 119.91666666666667 / 137
友情点: 0 / 1004685`
*連続ログイン5日目
※ログインが途切れるか、7日到達すると
1日目から再開されます*
`叡智の業火 X 2
3月交換券(2024) X 1
`*「AnimeJapan 2024」出展記念 初回ログインボーナス*
*開催期間中、初回ログインで「聖晶石×10」をプレゼント！*
`聖晶石 X 10
`_2024-03-24 19:34:20_
--------
*f86567cb94d07022b955f38c237ef97b*
`登陆天数: 19天 / 1159天
等级: 128
石头: 291
呼符: 19
体力: 118.64666666666668 / 137
友情点: 0 / 770445`
*連続ログイン5日目
※ログインが途切れるか、7日到達すると
1日目から再開されます*
`叡智の業火 X 2
3月交換券(2024) X 1
`*「AnimeJapan 2024」出展記念 初回ログインボーナス*
*開催期間中、初回ログインで「聖晶石×10」をプレゼント！*
`聖晶石 X 10
`_2024-03-24 19:34:29_
--------
*4782f4f90c2933454c63e17e1a16feab*
`登陆天数: 19天 / 1438天
等级: 126
石头: 626
呼符: 37
体力: 116.07333333333334 / 137
友情点: 0 / 1078200`
*連続ログイン5日目
※ログインが途切れるか、7日到達すると
1日目から再開されます*
`叡智の業火 X 2
3月交換券(2024) X 1
`*「AnimeJapan 2024」出展記念 初回ログインボーナス*
*開催期間中、初回ログインで「聖晶石×10」をプレゼント！*
`聖晶石 X 10
`_2024-03-24 19:34:37_
--------
