【登录信息】
*3e138f82f46bd6eeb41b5912a3fb4edd*
`登陆天数: 20天 / 1484天
等级: 127
石头: 2131
呼符: 25
体力: 191.09 / 137
友情点: 0 / 1051525`
*連続ログイン6日目
※ログインが途切れるか、7日到達すると
1日目から再開されます*
`聖晶石 X 2
3月交換券(2024) X 1
`*CBC2024 シャルルマーニュのモンジョワ・騎士道！開幕記念 ログインボーナス*
*開催期間中、1日1回 最大21回 ログインボーナスをプレゼント！*
`白銀の果実 X 1
`_2024-03-25 19:33:57_
--------
*01054c2267c91a9ae9c99dd2ac2bdadf*
`登陆天数: 20天 / 1547天
等级: 133
石头: 595
呼符: 64
体力: 178.90333333333334 / 139
友情点: 0 / 127559610`
*連続ログイン6日目
※ログインが途切れるか、7日到達すると
1日目から再開されます*
`聖晶石 X 2
3月交換券(2024) X 1
`*CBC2024 シャルルマーニュのモンジョワ・騎士道！開幕記念 ログインボーナス*
*開催期間中、1日1回 最大21回 ログインボーナスをプレゼント！*
`白銀の果実 X 1
`_2024-03-25 19:34:05_
--------
*3d6949021dc3c9c6374093e2ca92d22d*
`登陆天数: 20天 / 1492天
等级: 128
石头: 875
呼符: 24
体力: 194.48 / 137
友情点: 0 / 1004715`
*連続ログイン6日目
※ログインが途切れるか、7日到達すると
1日目から再開されます*
`聖晶石 X 2
3月交換券(2024) X 1
`*CBC2024 シャルルマーニュのモンジョワ・騎士道！開幕記念 ログインボーナス*
*開催期間中、1日1回 最大21回 ログインボーナスをプレゼント！*
`白銀の果実 X 1
`_2024-03-25 19:34:14_
--------
*f86567cb94d07022b955f38c237ef97b*
`登陆天数: 20天 / 1160天
等级: 128
石头: 294
呼符: 19
体力: 192.88 / 137
友情点: 0 / 770475`
*連続ログイン6日目
※ログインが途切れるか、7日到達すると
1日目から再開されます*
`聖晶石 X 2
3月交換券(2024) X 1
`*CBC2024 シャルルマーニュのモンジョワ・騎士道！開幕記念 ログインボーナス*
*開催期間中、1日1回 最大21回 ログインボーナスをプレゼント！*
`白銀の果実 X 1
`_2024-03-25 19:34:22_
--------
*4782f4f90c2933454c63e17e1a16feab*
`登陆天数: 20天 / 1439天
等级: 126
石头: 626
呼符: 37
体力: 189.49666666666667 / 137
友情点: 0 / 1078270`
*連続ログイン6日目
※ログインが途切れるか、7日到達すると
1日目から再開されます*
`聖晶石 X 2
3月交換券(2024) X 1
`*CBC2024 シャルルマーニュのモンジョワ・騎士道！開幕記念 ログインボーナス*
*開催期間中、1日1回 最大21回 ログインボーナスをプレゼント！*
`白銀の果実 X 1
`_2024-03-25 19:34:31_
--------
