【登录信息】
*3e138f82f46bd6eeb41b5912a3fb4edd*
`登陆天数: 21天 / 1485天
等级: 127
石头: 2131
呼符: 25
体力: 60.69666666666667 / 137
友情点: 0 / 1051660`
*連続ログイン7日間到達おめでとうございます！
明日は1日目からリスタートされます。*
`獣の足跡 X 1
呼符 X 1
3月交換券(2024) X 1
`*CBC2024 シャルルマーニュのモンジョワ・騎士道！開幕記念 ログインボーナス*
*開催期間中、1日1回 最大21回 ログインボーナスをプレゼント！*
`白銀の果実 X 1
`_2024-03-26 19:36:18_
--------
*01054c2267c91a9ae9c99dd2ac2bdadf*
`登陆天数: 21天 / 1548天
等级: 133
石头: 595
呼符: 64
体力: 189.23666666666668 / 139
友情点: 0 / 127559640`
*連続ログイン7日間到達おめでとうございます！
明日は1日目からリスタートされます。*
`獣の足跡 X 1
呼符 X 1
3月交換券(2024) X 1
`*CBC2024 シャルルマーニュのモンジョワ・騎士道！開幕記念 ログインボーナス*
*開催期間中、1日1回 最大21回 ログインボーナスをプレゼント！*
`白銀の果実 X 1
`_2024-03-26 19:36:27_
--------
*3d6949021dc3c9c6374093e2ca92d22d*
`登陆天数: 21天 / 1493天
等级: 128
石头: 875
呼符: 24
体力: 60.58666666666667 / 137
友情点: 0 / 1004775`
*連続ログイン7日間到達おめでとうございます！
明日は1日目からリスタートされます。*
`獣の足跡 X 1
呼符 X 1
3月交換券(2024) X 1
`*CBC2024 シャルルマーニュのモンジョワ・騎士道！開幕記念 ログインボーナス*
*開催期間中、1日1回 最大21回 ログインボーナスをプレゼント！*
`白銀の果実 X 1
`_2024-03-26 19:36:35_
--------
*f86567cb94d07022b955f38c237ef97b*
`登陆天数: 21天 / 1161天
等级: 128
石头: 294
呼符: 19
体力: 60.83 / 137
友情点: 0 / 770535`
*連続ログイン7日間到達おめでとうございます！
明日は1日目からリスタートされます。*
`獣の足跡 X 1
呼符 X 1
3月交換券(2024) X 1
`*CBC2024 シャルルマーニュのモンジョワ・騎士道！開幕記念 ログインボーナス*
*開催期間中、1日1回 最大21回 ログインボーナスをプレゼント！*
`白銀の果実 X 1
`_2024-03-26 19:36:44_
--------
*4782f4f90c2933454c63e17e1a16feab*
`登陆天数: 21天 / 1440天
等级: 126
石头: 626
呼符: 37
体力: 60.69 / 137
友情点: 0 / 1078345`
*連続ログイン7日間到達おめでとうございます！
明日は1日目からリスタートされます。*
`獣の足跡 X 1
呼符 X 1
3月交換券(2024) X 1
`*CBC2024 シャルルマーニュのモンジョワ・騎士道！開幕記念 ログインボーナス*
*開催期間中、1日1回 最大21回 ログインボーナスをプレゼント！*
`白銀の果実 X 1
`_2024-03-26 19:36:52_
--------
