【登录信息】
*3e138f82f46bd6eeb41b5912a3fb4edd*
`登陆天数: 22天 / 1486天
等级: 127
石头: 2131
呼符: 25
体力: 211.99333333333334 / 137
友情点: 0 / 1051690`
*連続ログイン1日目
※ログインが途切れるか、7日到達すると
1日目から再開されます*
`フレンドポイント X 2000
3月交換券(2024) X 1
`_2024-03-27 19:35:24_
--------
*01054c2267c91a9ae9c99dd2ac2bdadf*
`登陆天数: 22天 / 1549天
等级: 133
石头: 595
呼符: 64
体力: 57.32333333333334 / 139
友情点: 0 / 127559700`
*連続ログイン1日目
※ログインが途切れるか、7日到達すると
1日目から再開されます*
`フレンドポイント X 2000
3月交換券(2024) X 1
`_2024-03-27 19:35:33_
--------
*3d6949021dc3c9c6374093e2ca92d22d*
`登陆天数: 22天 / 1494天
等级: 128
石头: 875
呼符: 24
体力: 211.81333333333333 / 137
友情点: 0 / 1004805`
*連続ログイン1日目
※ログインが途切れるか、7日到達すると
1日目から再開されます*
`フレンドポイント X 2000
3月交換券(2024) X 1
`_2024-03-27 19:35:41_
--------
*f86567cb94d07022b955f38c237ef97b*
`登陆天数: 22天 / 1162天
等级: 128
石头: 294
呼符: 19
体力: 55.06666666666666 / 137
友情点: 0 / 770595`
*連続ログイン1日目
※ログインが途切れるか、7日到達すると
1日目から再開されます*
`フレンドポイント X 2000
3月交換券(2024) X 1
`_2024-03-27 19:35:50_
--------
*4782f4f90c2933454c63e17e1a16feab*
`登陆天数: 22天 / 1441天
等级: 126
石头: 629
呼符: 37
体力: 56.769999999999996 / 137
友情点: 0 / 1078435`
*連続ログイン1日目
※ログインが途切れるか、7日到達すると
1日目から再開されます*
`フレンドポイント X 2000
3月交換券(2024) X 1
`_2024-03-27 19:35:59_
--------
