【登录信息】
*3e138f82f46bd6eeb41b5912a3fb4edd*
`登陆天数: 23天 / 1487天
等级: 127
石头: 2144
呼符: 26
体力: 182.75666666666666 / 137
友情点: 0 / 1053750`
*連続ログイン2日目
※ログインが途切れるか、7日到達すると
1日目から再開されます*
`聖晶石 X 1
3月交換券(2024) X 1
`_2024-03-28 19:34:54_
--------
*01054c2267c91a9ae9c99dd2ac2bdadf*
`登陆天数: 23天 / 1550天
等级: 133
石头: 597
呼符: 65
体力: 50.346666666666664 / 139
友情点: 0 / 127561780`
*連続ログイン2日目
※ログインが途切れるか、7日到達すると
1日目から再開されます*
`聖晶石 X 1
3月交換券(2024) X 1
`_2024-03-28 19:35:02_
--------
*3d6949021dc3c9c6374093e2ca92d22d*
`登陆天数: 23天 / 1495天
等级: 128
石头: 875
呼符: 24
体力: 187.24333333333334 / 137
友情点: 0 / 1004860`
*連続ログイン2日目
※ログインが途切れるか、7日到達すると
1日目から再開されます*
`聖晶石 X 1
3月交換券(2024) X 1
`_2024-03-28 19:35:11_
--------
*f86567cb94d07022b955f38c237ef97b*
`登陆天数: 23天 / 1163天
等级: 128
石头: 308
呼符: 20
体力: 58.52666666666667 / 137
友情点: 0 / 772625`
*連続ログイン2日目
※ログインが途切れるか、7日到達すると
1日目から再開されます*
`聖晶石 X 1
3月交換券(2024) X 1
`_2024-03-28 19:35:19_
--------
*4782f4f90c2933454c63e17e1a16feab*
`登陆天数: 23天 / 1442天
等级: 126
石头: 629
呼符: 37
体力: 183.11 / 137
友情点: 0 / 1078540`
*連続ログイン2日目
※ログインが途切れるか、7日到達すると
1日目から再開されます*
`聖晶石 X 1
3月交換券(2024) X 1
`_2024-03-28 19:35:27_
--------
