【登录信息】
*3e138f82f46bd6eeb41b5912a3fb4edd*
`登陆天数: 24天 / 1488天
等级: 127
石头: 2144
呼符: 26
体力: 71.68 / 137
友情点: 0 / 1053810`
*連続ログイン3日目
※ログインが途切れるか、7日到達すると
1日目から再開されます*
`叡智の業火 X 1
3月交換券(2024) X 1
`*Fate/Grand Order 春の新米マスター応援キャンペーン2024！
特別ログインボーナス*
*開催期間中、1日1回 最大7回 回数ログインボーナスをプレゼント！*
`聖晶石 X 1
`_2024-03-29 19:33:47_
--------
*01054c2267c91a9ae9c99dd2ac2bdadf*
`登陆天数: 24天 / 1551天
等级: 133
石头: 597
呼符: 65
体力: 157.38666666666666 / 139
友情点: 0 / 127561810`
*連続ログイン3日目
※ログインが途切れるか、7日到達すると
1日目から再開されます*
`叡智の業火 X 1
3月交換券(2024) X 1
`*Fate/Grand Order 春の新米マスター応援キャンペーン2024！
開催記念 初回ログインボーナス*
*開催期間中、初回ログインで「呼符×1」をプレゼント！*
`呼符 X 1
`_2024-03-29 19:33:55_
--------
*3d6949021dc3c9c6374093e2ca92d22d*
`登陆天数: 24天 / 1496天
等级: 128
石头: 885
呼符: 24
体力: 50.14333333333333 / 137
友情点: 0 / 1004990`
*連続ログイン3日目
※ログインが途切れるか、7日到達すると
1日目から再開されます*
`叡智の業火 X 1
3月交換券(2024) X 1
`*Fate/Grand Order 春の新米マスター応援キャンペーン2024！
特別ログインボーナス*
*開催期間中、1日1回 最大7回 回数ログインボーナスをプレゼント！*
`聖晶石 X 1
`_2024-03-29 19:34:04_
--------
*f86567cb94d07022b955f38c237ef97b*
`登陆天数: 24天 / 1164天
等级: 128
石头: 320
呼符: 20
体力: 73.1 / 137
友情点: 0 / 772695`
*連続ログイン3日目
※ログインが途切れるか、7日到達すると
1日目から再開されます*
`叡智の業火 X 1
3月交換券(2024) X 1
`*Fate/Grand Order 春の新米マスター応援キャンペーン2024！
特別ログインボーナス*
*開催期間中、1日1回 最大7回 回数ログインボーナスをプレゼント！*
`聖晶石 X 1
`_2024-03-29 19:34:13_
--------
*4782f4f90c2933454c63e17e1a16feab*
`登陆天数: 24天 / 1443天
等级: 126
石头: 629
呼符: 37
体力: 65.56 / 137
友情点: 0 / 1078725`
*連続ログイン3日目
※ログインが途切れるか、7日到達すると
1日目から再開されます*
`叡智の業火 X 1
3月交換券(2024) X 1
`*Fate/Grand Order 春の新米マスター応援キャンペーン2024！
特別ログインボーナス*
*開催期間中、1日1回 最大7回 回数ログインボーナスをプレゼント！*
`聖晶石 X 1
`_2024-03-29 19:34:21_
--------
