【登录信息】
*3e138f82f46bd6eeb41b5912a3fb4edd*
`登陆天数: 25天 / 1489天
等级: 127
石头: 2144
呼符: 26
体力: 143.94666666666666 / 137
友情点: 0 / 1053870`
*連続ログイン4日目
※ログインが途切れるか、7日到達すると
1日目から再開されます*
`聖晶石 X 1
3月交換券(2024) X 1
`*Fate/Grand Order 春の新米マスター応援キャンペーン2024！
特別ログインボーナス*
*開催期間中、1日1回 最大7回 回数ログインボーナスをプレゼント！*
`聖晶石 X 1
`_2024-03-30 19:35:18_
--------
*01054c2267c91a9ae9c99dd2ac2bdadf*
`登陆天数: 25天 / 1552天
等级: 133
石头: 597
呼符: 65
体力: 64.44666666666667 / 139
友情点: 0 / 127561910`
*連続ログイン4日目
※ログインが途切れるか、7日到達すると
1日目から再開されます*
`聖晶石 X 1
3月交換券(2024) X 1
`*Fate/Grand Order 春の新米マスター応援キャンペーン2024！
特別ログインボーナス*
*開催期間中、1日1回 最大7回 回数ログインボーナスをプレゼント！*
`聖晶石 X 1
`_2024-03-30 19:35:26_
--------
*3d6949021dc3c9c6374093e2ca92d22d*
`登陆天数: 25天 / 1497天
等级: 128
石头: 885
呼符: 24
体力: 63.773333333333326 / 137
友情点: 0 / 1005090`
*連続ログイン4日目
※ログインが途切れるか、7日到達すると
1日目から再開されます*
`聖晶石 X 1
3月交換券(2024) X 1
`*Fate/Grand Order 春の新米マスター応援キャンペーン2024！
特別ログインボーナス*
*開催期間中、1日1回 最大7回 回数ログインボーナスをプレゼント！*
`聖晶石 X 1
`_2024-03-30 19:35:34_
--------
*f86567cb94d07022b955f38c237ef97b*
`登陆天数: 25天 / 1165天
等级: 128
石头: 320
呼符: 20
体力: 64.19333333333333 / 137
友情点: 0 / 772795`
*連続ログイン4日目
※ログインが途切れるか、7日到達すると
1日目から再開されます*
`聖晶石 X 1
3月交換券(2024) X 1
`*Fate/Grand Order 春の新米マスター応援キャンペーン2024！
特別ログインボーナス*
*開催期間中、1日1回 最大7回 回数ログインボーナスをプレゼント！*
`聖晶石 X 1
`_2024-03-30 19:35:42_
--------
*4782f4f90c2933454c63e17e1a16feab*
`登陆天数: 25天 / 1444天
等级: 126
石头: 629
呼符: 37
体力: 64.53 / 137
友情点: 0 / 1078855`
*連続ログイン4日目
※ログインが途切れるか、7日到達すると
1日目から再開されます*
`聖晶石 X 1
3月交換券(2024) X 1
`*Fate/Grand Order 春の新米マスター応援キャンペーン2024！
特別ログインボーナス*
*開催期間中、1日1回 最大7回 回数ログインボーナスをプレゼント！*
`聖晶石 X 1
`_2024-03-30 19:35:50_
--------
